ProcessL2s: /Users/daurin/Projects_Supplemental/HyperPACE/Field_Data/Processed/KORUS/L2/1614208_L2.hdf
   Flag data from TT2: (80000115.,) to (81131996.,)(HHMMSSMSS)
   Flag data from TT2: (81146157.,) to (81258913.,)(HHMMSSMSS)
   Flag data from TT2: (81711544.,) to (81756071.,)(HHMMSSMSS)
   Flag data from TT2: (81912934.,) to (85235880.,)(HHMMSSMSS)
   Flag data from TT2: (85242010.,) to (85646012.,)(HHMMSSMSS)
   Flag data from TT2: (85650098.,) to (85710285.,)(HHMMSSMSS)
   Flag data from TT2: (85714255.,) to (85716300.,)(HHMMSSMSS)
   Flag data from TT2: (85720388.,) to (85724357.,)(HHMMSSMSS)
   Flag data from TT2: (85728444.,) to (85740460.,)(HHMMSSMSS)
   Flag data from TT2: (85744548.,) to (85754647.,)(HHMMSSMSS)
   Flag data from TT2: (85758614.,) to (85820846.,)(HHMMSSMSS)
   Flag data from TT2: (85824935.,) to (85824935.,)(HHMMSSMSS)
   Flag data from TT2: (85830948.,) to (85841046.,)(HHMMSSMSS)
   Flag data from TT2: (85845013.,) to (85851147.,)(HHMMSSMSS)
   Flag data from TT2: (85857160.,) to (85905217.,)(HHMMSSMSS)
   Flag data from TT2: (85909305.,) to (85919402.,)(HHMMSSMSS)
Percentage of SATNAV data out of Solar Azimuth bounds: 89%
Filtering file for bad Absolute Rotator Angle
   Flag data from TT2: (81804112.,) to (81947134.,)(HHMMSSMSS)
Percentage of SATNAV data out of Absolute Rotator bounds: 3%
Filtering file for Rotator Delay
   Flag data from TT2: (81152158.,) to (81250870.,)(HHMMSSMSS)
   Flag data from TT2: (81308992.,) to (81407574.,)(HHMMSSMSS)
   Flag data from TT2: (81423786.,) to (81522355.,)(HHMMSSMSS)
   Flag data from TT2: (81647286.,) to (81745981.,)(HHMMSSMSS)
   Flag data from TT2: (81804112.,) to (81902720.,)(HHMMSSMSS)
   Flag data from TT2: (81949174.,) to (82047736.,)(HHMMSSMSS)
Percentage of SATNAV data out of Rotator Delay bounds: 10%
Eliminate combined filtered data from datasets.__________________________________
Eliminate data between: [(80000115.,), (81131996.,)] (HHMMSSMSS)
   Remove GPS Data
   Length of dataset prior to removal 1784 long
Eliminate data between: [(81146157.,), (81258913.,)] (HHMMSSMSS)
   Length of dataset prior to removal 1441 long
Eliminate data between: [(81711544.,), (81756071.,)] (HHMMSSMSS)
   Length of dataset prior to removal 1405 long
Eliminate data between: [(81912934.,), (85235880.,)] (HHMMSSMSS)
   Length of dataset prior to removal 1383 long
Eliminate data between: [(85242010.,), (85646012.,)] (HHMMSSMSS)
   Length of dataset prior to removal 390 long
Eliminate data between: [(85650098.,), (85710285.,)] (HHMMSSMSS)
   Length of dataset prior to removal 269 long
Eliminate data between: [(85714255.,), (85716300.,)] (HHMMSSMSS)
   Length of dataset prior to removal 259 long
Eliminate data between: [(85720388.,), (85724357.,)] (HHMMSSMSS)
   Length of dataset prior to removal 258 long
Eliminate data between: [(85728444.,), (85740460.,)] (HHMMSSMSS)
   Length of dataset prior to removal 256 long
Eliminate data between: [(85744548.,), (85754647.,)] (HHMMSSMSS)
   Length of dataset prior to removal 250 long
Eliminate data between: [(85758614.,), (85820846.,)] (HHMMSSMSS)
   Length of dataset prior to removal 245 long
Eliminate data between: [(85824935.,), (85824935.,)] (HHMMSSMSS)
   Length of dataset prior to removal 234 long
Eliminate data between: [(85830948.,), (85841046.,)] (HHMMSSMSS)
   Length of dataset prior to removal 234 long
Eliminate data between: [(85845013.,), (85851147.,)] (HHMMSSMSS)
   Length of dataset prior to removal 229 long
Eliminate data between: [(85857160.,), (85905217.,)] (HHMMSSMSS)
   Length of dataset prior to removal 226 long
Eliminate data between: [(85909305.,), (85919402.,)] (HHMMSSMSS)
   Length of dataset prior to removal 222 long
Eliminate data between: [(81804112.,), (81947134.,)] (HHMMSSMSS)
   Length of dataset prior to removal 217 long
Eliminate data between: [(81152158.,), (81250870.,)] (HHMMSSMSS)
   Length of dataset prior to removal 183 long
Eliminate data between: [(81308992.,), (81407574.,)] (HHMMSSMSS)
   Length of dataset prior to removal 183 long
Eliminate data between: [(81423786.,), (81522355.,)] (HHMMSSMSS)
   Length of dataset prior to removal 154 long
Eliminate data between: [(81647286.,), (81745981.,)] (HHMMSSMSS)
   Length of dataset prior to removal 125 long
Eliminate data between: [(81804112.,), (81902720.,)] (HHMMSSMSS)
   Length of dataset prior to removal 113 long
Eliminate data between: [(81949174.,), (82047736.,)] (HHMMSSMSS)
   Length of dataset prior to removal 113 long
Data end   113 long, a loss of 94%
Eliminate data between: [(80000115.,), (81131996.,)] (HHMMSSMSS)
   Remove HSE488B.cal Data
   Length of dataset prior to removal 365 long
Eliminate data between: [(81146157.,), (81258913.,)] (HHMMSSMSS)
   Remove HSE488B.cal Data
   Length of dataset prior to removal 365 long
Eliminate data between: [(81711544.,), (81756071.,)] (HHMMSSMSS)
   Remove HSE488B.cal Data
   Length of dataset prior to removal 306 long
Eliminate data between: [(81912934.,), (85235880.,)] (HHMMSSMSS)
   Remove HSE488B.cal Data
   Length of dataset prior to removal 266 long
Eliminate data between: [(85242010.,), (85646012.,)] (HHMMSSMSS)
   Remove HSE488B.cal Data
   Length of dataset prior to removal 266 long
Eliminate data between: [(85650098.,), (85710285.,)] (HHMMSSMSS)
   Remove HSE488B.cal Data
   Length of dataset prior to removal 266 long
Eliminate data between: [(85714255.,), (85716300.,)] (HHMMSSMSS)
   Remove HSE488B.cal Data
   Length of dataset prior to removal 266 long
Eliminate data between: [(85720388.,), (85724357.,)] (HHMMSSMSS)
   Remove HSE488B.cal Data
   Length of dataset prior to removal 266 long
Eliminate data between: [(85728444.,), (85740460.,)] (HHMMSSMSS)
   Remove HSE488B.cal Data
   Length of dataset prior to removal 266 long
Eliminate data between: [(85744548.,), (85754647.,)] (HHMMSSMSS)
   Remove HSE488B.cal Data
   Length of dataset prior to removal 266 long
Eliminate data between: [(85758614.,), (85820846.,)] (HHMMSSMSS)
   Remove HSE488B.cal Data
   Length of dataset prior to removal 266 long
Eliminate data between: [(85824935.,), (85824935.,)] (HHMMSSMSS)
   Remove HSE488B.cal Data
   Length of dataset prior to removal 266 long
Eliminate data between: [(85830948.,), (85841046.,)] (HHMMSSMSS)
   Remove HSE488B.cal Data
   Length of dataset prior to removal 266 long
Eliminate data between: [(85845013.,), (85851147.,)] (HHMMSSMSS)
   Remove HSE488B.cal Data
   Length of dataset prior to removal 266 long
Eliminate data between: [(85857160.,), (85905217.,)] (HHMMSSMSS)
   Remove HSE488B.cal Data
   Length of dataset prior to removal 266 long
Eliminate data between: [(85909305.,), (85919402.,)] (HHMMSSMSS)
   Remove HSE488B.cal Data
   Length of dataset prior to removal 266 long
Eliminate data between: [(81804112.,), (81947134.,)] (HHMMSSMSS)
   Remove HSE488B.cal Data
   Length of dataset prior to removal 266 long
Eliminate data between: [(81152158.,), (81250870.,)] (HHMMSSMSS)
   Remove HSE488B.cal Data
   Length of dataset prior to removal 205 long
Eliminate data between: [(81308992.,), (81407574.,)] (HHMMSSMSS)
   Remove HSE488B.cal Data
   Length of dataset prior to removal 205 long
Eliminate data between: [(81423786.,), (81522355.,)] (HHMMSSMSS)
   Remove HSE488B.cal Data
   Length of dataset prior to removal 148 long
Eliminate data between: [(81647286.,), (81745981.,)] (HHMMSSMSS)
   Remove HSE488B.cal Data
   Length of dataset prior to removal 89 long
Eliminate data between: [(81804112.,), (81902720.,)] (HHMMSSMSS)
   Remove HSE488B.cal Data
   Length of dataset prior to removal 69 long
Eliminate data between: [(81949174.,), (82047736.,)] (HHMMSSMSS)
   Remove HSE488B.cal Data
   Length of dataset prior to removal 69 long
Data end   69 long, a loss of 81%
Eliminate data between: [(80000115.,), (81131996.,)] (HHMMSSMSS)
   Remove HSL385B.cal Data
   Length of dataset prior to removal 493 long
Eliminate data between: [(81146157.,), (81258913.,)] (HHMMSSMSS)
   Remove HSL385B.cal Data
   Length of dataset prior to removal 493 long
Eliminate data between: [(81711544.,), (81756071.,)] (HHMMSSMSS)
   Remove HSL385B.cal Data
   Length of dataset prior to removal 415 long
Eliminate data between: [(81912934.,), (85235880.,)] (HHMMSSMSS)
   Remove HSL385B.cal Data
   Length of dataset prior to removal 364 long
Eliminate data between: [(85242010.,), (85646012.,)] (HHMMSSMSS)
   Remove HSL385B.cal Data
   Length of dataset prior to removal 364 long
Eliminate data between: [(85650098.,), (85710285.,)] (HHMMSSMSS)
   Remove HSL385B.cal Data
   Length of dataset prior to removal 364 long
Eliminate data between: [(85714255.,), (85716300.,)] (HHMMSSMSS)
   Remove HSL385B.cal Data
   Length of dataset prior to removal 364 long
Eliminate data between: [(85720388.,), (85724357.,)] (HHMMSSMSS)
   Remove HSL385B.cal Data
   Length of dataset prior to removal 364 long
Eliminate data between: [(85728444.,), (85740460.,)] (HHMMSSMSS)
   Remove HSL385B.cal Data
   Length of dataset prior to removal 364 long
Eliminate data between: [(85744548.,), (85754647.,)] (HHMMSSMSS)
   Remove HSL385B.cal Data
   Length of dataset prior to removal 364 long
Eliminate data between: [(85758614.,), (85820846.,)] (HHMMSSMSS)
   Remove HSL385B.cal Data
   Length of dataset prior to removal 364 long
Eliminate data between: [(85824935.,), (85824935.,)] (HHMMSSMSS)
   Remove HSL385B.cal Data
   Length of dataset prior to removal 364 long
Eliminate data between: [(85830948.,), (85841046.,)] (HHMMSSMSS)
   Remove HSL385B.cal Data
   Length of dataset prior to removal 364 long
Eliminate data between: [(85845013.,), (85851147.,)] (HHMMSSMSS)
   Remove HSL385B.cal Data
   Length of dataset prior to removal 364 long
Eliminate data between: [(85857160.,), (85905217.,)] (HHMMSSMSS)
   Remove HSL385B.cal Data
   Length of dataset prior to removal 364 long
Eliminate data between: [(85909305.,), (85919402.,)] (HHMMSSMSS)
   Remove HSL385B.cal Data
   Length of dataset prior to removal 364 long
Eliminate data between: [(81804112.,), (81947134.,)] (HHMMSSMSS)
   Remove HSL385B.cal Data
   Length of dataset prior to removal 364 long
Eliminate data between: [(81152158.,), (81250870.,)] (HHMMSSMSS)
   Remove HSL385B.cal Data
   Length of dataset prior to removal 286 long
Eliminate data between: [(81308992.,), (81407574.,)] (HHMMSSMSS)
   Remove HSL385B.cal Data
   Length of dataset prior to removal 286 long
Eliminate data between: [(81423786.,), (81522355.,)] (HHMMSSMSS)
   Remove HSL385B.cal Data
   Length of dataset prior to removal 207 long
Eliminate data between: [(81647286.,), (81745981.,)] (HHMMSSMSS)
   Remove HSL385B.cal Data
   Length of dataset prior to removal 123 long
Eliminate data between: [(81804112.,), (81902720.,)] (HHMMSSMSS)
   Remove HSL385B.cal Data
   Length of dataset prior to removal 93 long
Eliminate data between: [(81949174.,), (82047736.,)] (HHMMSSMSS)
   Remove HSL385B.cal Data
   Length of dataset prior to removal 93 long
Data end   93 long, a loss of 81%
Eliminate data between: [(80000115.,), (81131996.,)] (HHMMSSMSS)
   Remove HSL386B.cal Data
   Length of dataset prior to removal 117 long
Eliminate data between: [(81146157.,), (81258913.,)] (HHMMSSMSS)
   Remove HSL386B.cal Data
   Length of dataset prior to removal 117 long
Eliminate data between: [(81711544.,), (81756071.,)] (HHMMSSMSS)
   Remove HSL386B.cal Data
   Length of dataset prior to removal 99 long
Eliminate data between: [(81912934.,), (85235880.,)] (HHMMSSMSS)
   Remove HSL386B.cal Data
   Length of dataset prior to removal 89 long
Eliminate data between: [(85242010.,), (85646012.,)] (HHMMSSMSS)
   Remove HSL386B.cal Data
   Length of dataset prior to removal 89 long
Eliminate data between: [(85650098.,), (85710285.,)] (HHMMSSMSS)
   Remove HSL386B.cal Data
   Length of dataset prior to removal 89 long
Eliminate data between: [(85714255.,), (85716300.,)] (HHMMSSMSS)
   Remove HSL386B.cal Data
   Length of dataset prior to removal 89 long
Eliminate data between: [(85720388.,), (85724357.,)] (HHMMSSMSS)
   Remove HSL386B.cal Data
   Length of dataset prior to removal 89 long
Eliminate data between: [(85728444.,), (85740460.,)] (HHMMSSMSS)
   Remove HSL386B.cal Data
   Length of dataset prior to removal 89 long
Eliminate data between: [(85744548.,), (85754647.,)] (HHMMSSMSS)
   Remove HSL386B.cal Data
   Length of dataset prior to removal 89 long
Eliminate data between: [(85758614.,), (85820846.,)] (HHMMSSMSS)
   Remove HSL386B.cal Data
   Length of dataset prior to removal 89 long
Eliminate data between: [(85824935.,), (85824935.,)] (HHMMSSMSS)
   Remove HSL386B.cal Data
   Length of dataset prior to removal 89 long
Eliminate data between: [(85830948.,), (85841046.,)] (HHMMSSMSS)
   Remove HSL386B.cal Data
   Length of dataset prior to removal 89 long
Eliminate data between: [(85845013.,), (85851147.,)] (HHMMSSMSS)
   Remove HSL386B.cal Data
   Length of dataset prior to removal 89 long
Eliminate data between: [(85857160.,), (85905217.,)] (HHMMSSMSS)
   Remove HSL386B.cal Data
   Length of dataset prior to removal 89 long
Eliminate data between: [(85909305.,), (85919402.,)] (HHMMSSMSS)
   Remove HSL386B.cal Data
   Length of dataset prior to removal 89 long
Eliminate data between: [(81804112.,), (81947134.,)] (HHMMSSMSS)
   Remove HSL386B.cal Data
   Length of dataset prior to removal 89 long
Eliminate data between: [(81152158.,), (81250870.,)] (HHMMSSMSS)
   Remove HSL386B.cal Data
   Length of dataset prior to removal 70 long
Eliminate data between: [(81308992.,), (81407574.,)] (HHMMSSMSS)
   Remove HSL386B.cal Data
   Length of dataset prior to removal 70 long
Eliminate data between: [(81423786.,), (81522355.,)] (HHMMSSMSS)
   Remove HSL386B.cal Data
   Length of dataset prior to removal 51 long
Eliminate data between: [(81647286.,), (81745981.,)] (HHMMSSMSS)
   Remove HSL386B.cal Data
   Length of dataset prior to removal 29 long
Eliminate data between: [(81804112.,), (81902720.,)] (HHMMSSMSS)
   Remove HSL386B.cal Data
   Length of dataset prior to removal 21 long
Eliminate data between: [(81949174.,), (82047736.,)] (HHMMSSMSS)
   Remove HSL386B.cal Data
   Length of dataset prior to removal 21 long
Data end   21 long, a loss of 82%
Eliminate data between: [(80000115.,), (81131996.,)] (HHMMSSMSS)
   Remove SATNAV0001A.tdf Data
   Length of dataset prior to removal 1783 long
Eliminate data between: [(81146157.,), (81258913.,)] (HHMMSSMSS)
   Remove SATNAV0001A.tdf Data
   Length of dataset prior to removal 1439 long
Eliminate data between: [(81711544.,), (81756071.,)] (HHMMSSMSS)
   Remove SATNAV0001A.tdf Data
   Length of dataset prior to removal 1402 long
Eliminate data between: [(81912934.,), (85235880.,)] (HHMMSSMSS)
   Remove SATNAV0001A.tdf Data
   Length of dataset prior to removal 1379 long
Eliminate data between: [(85242010.,), (85646012.,)] (HHMMSSMSS)
   Remove SATNAV0001A.tdf Data
   Length of dataset prior to removal 385 long
Eliminate data between: [(85650098.,), (85710285.,)] (HHMMSSMSS)
   Remove SATNAV0001A.tdf Data
   Length of dataset prior to removal 263 long
Eliminate data between: [(85714255.,), (85716300.,)] (HHMMSSMSS)
   Remove SATNAV0001A.tdf Data
   Length of dataset prior to removal 252 long
Eliminate data between: [(85720388.,), (85724357.,)] (HHMMSSMSS)
   Remove SATNAV0001A.tdf Data
   Length of dataset prior to removal 250 long
Eliminate data between: [(85728444.,), (85740460.,)] (HHMMSSMSS)
   Remove SATNAV0001A.tdf Data
   Length of dataset prior to removal 247 long
Eliminate data between: [(85744548.,), (85754647.,)] (HHMMSSMSS)
   Remove SATNAV0001A.tdf Data
   Length of dataset prior to removal 240 long
Eliminate data between: [(85758614.,), (85820846.,)] (HHMMSSMSS)
   Remove SATNAV0001A.tdf Data
   Length of dataset prior to removal 234 long
Eliminate data between: [(85824935.,), (85824935.,)] (HHMMSSMSS)
   Remove SATNAV0001A.tdf Data
   Length of dataset prior to removal 222 long
Eliminate data between: [(85830948.,), (85841046.,)] (HHMMSSMSS)
   Remove SATNAV0001A.tdf Data
   Length of dataset prior to removal 221 long
Eliminate data between: [(85845013.,), (85851147.,)] (HHMMSSMSS)
   Remove SATNAV0001A.tdf Data
   Length of dataset prior to removal 215 long
Eliminate data between: [(85857160.,), (85905217.,)] (HHMMSSMSS)
   Remove SATNAV0001A.tdf Data
   Length of dataset prior to removal 211 long
Eliminate data between: [(85909305.,), (85919402.,)] (HHMMSSMSS)
   Remove SATNAV0001A.tdf Data
   Length of dataset prior to removal 206 long
Eliminate data between: [(81804112.,), (81947134.,)] (HHMMSSMSS)
   Remove SATNAV0001A.tdf Data
   Length of dataset prior to removal 200 long
Eliminate data between: [(81152158.,), (81250870.,)] (HHMMSSMSS)
   Remove SATNAV0001A.tdf Data
   Length of dataset prior to removal 166 long
Eliminate data between: [(81308992.,), (81407574.,)] (HHMMSSMSS)
   Remove SATNAV0001A.tdf Data
   Length of dataset prior to removal 166 long
Eliminate data between: [(81423786.,), (81522355.,)] (HHMMSSMSS)
   Remove SATNAV0001A.tdf Data
   Length of dataset prior to removal 136 long
Eliminate data between: [(81647286.,), (81745981.,)] (HHMMSSMSS)
   Remove SATNAV0001A.tdf Data
   Length of dataset prior to removal 106 long
Eliminate data between: [(81804112.,), (81902720.,)] (HHMMSSMSS)
   Remove SATNAV0001A.tdf Data
   Length of dataset prior to removal 94 long
Eliminate data between: [(81949174.,), (82047736.,)] (HHMMSSMSS)
   Remove SATNAV0001A.tdf Data
   Length of dataset prior to removal 94 long
Data end   94 long, a loss of 95%
Eliminate data between: [(80000115.,), (81131996.,)] (HHMMSSMSS)
   Remove SATPYR.tdf Data
   Length of dataset prior to removal 32 long
Eliminate data between: [(81146157.,), (81258913.,)] (HHMMSSMSS)
   Remove SATPYR.tdf Data
   Length of dataset prior to removal 32 long
Eliminate data between: [(81711544.,), (81756071.,)] (HHMMSSMSS)
   Remove SATPYR.tdf Data
   Length of dataset prior to removal 27 long
Eliminate data between: [(81912934.,), (85235880.,)] (HHMMSSMSS)
   Remove SATPYR.tdf Data
   Length of dataset prior to removal 24 long
Eliminate data between: [(85242010.,), (85646012.,)] (HHMMSSMSS)
   Remove SATPYR.tdf Data
   Length of dataset prior to removal 24 long
Eliminate data between: [(85650098.,), (85710285.,)] (HHMMSSMSS)
   Remove SATPYR.tdf Data
   Length of dataset prior to removal 24 long
Eliminate data between: [(85714255.,), (85716300.,)] (HHMMSSMSS)
   Remove SATPYR.tdf Data
   Length of dataset prior to removal 24 long
Eliminate data between: [(85720388.,), (85724357.,)] (HHMMSSMSS)
   Remove SATPYR.tdf Data
   Length of dataset prior to removal 24 long
Eliminate data between: [(85728444.,), (85740460.,)] (HHMMSSMSS)
   Remove SATPYR.tdf Data
   Length of dataset prior to removal 24 long
Eliminate data between: [(85744548.,), (85754647.,)] (HHMMSSMSS)
   Remove SATPYR.tdf Data
   Length of dataset prior to removal 24 long
Eliminate data between: [(85758614.,), (85820846.,)] (HHMMSSMSS)
   Remove SATPYR.tdf Data
   Length of dataset prior to removal 24 long
Eliminate data between: [(85824935.,), (85824935.,)] (HHMMSSMSS)
   Remove SATPYR.tdf Data
   Length of dataset prior to removal 24 long
Eliminate data between: [(85830948.,), (85841046.,)] (HHMMSSMSS)
   Remove SATPYR.tdf Data
   Length of dataset prior to removal 24 long
Eliminate data between: [(85845013.,), (85851147.,)] (HHMMSSMSS)
   Remove SATPYR.tdf Data
   Length of dataset prior to removal 24 long
Eliminate data between: [(85857160.,), (85905217.,)] (HHMMSSMSS)
   Remove SATPYR.tdf Data
   Length of dataset prior to removal 24 long
Eliminate data between: [(85909305.,), (85919402.,)] (HHMMSSMSS)
   Remove SATPYR.tdf Data
   Length of dataset prior to removal 24 long
Eliminate data between: [(81804112.,), (81947134.,)] (HHMMSSMSS)
   Remove SATPYR.tdf Data
   Length of dataset prior to removal 24 long
Eliminate data between: [(81152158.,), (81250870.,)] (HHMMSSMSS)
   Remove SATPYR.tdf Data
   Length of dataset prior to removal 19 long
Eliminate data between: [(81308992.,), (81407574.,)] (HHMMSSMSS)
   Remove SATPYR.tdf Data
   Length of dataset prior to removal 19 long
Eliminate data between: [(81423786.,), (81522355.,)] (HHMMSSMSS)
   Remove SATPYR.tdf Data
   Length of dataset prior to removal 14 long
Eliminate data between: [(81647286.,), (81745981.,)] (HHMMSSMSS)
   Remove SATPYR.tdf Data
   Length of dataset prior to removal 9 long
Eliminate data between: [(81804112.,), (81902720.,)] (HHMMSSMSS)
   Remove SATPYR.tdf Data
   Length of dataset prior to removal 7 long
Eliminate data between: [(81949174.,), (82047736.,)] (HHMMSSMSS)
   Remove SATPYR.tdf Data
   Length of dataset prior to removal 7 long
Data end   7 long, a loss of 78%
LT has fewest records - interpolating to LT
Interpolate Data ES
Interpolate Data LI
Interpolate Data LT
Interpolate GPS Data
Interpolate SATNAV Data
L2s file produced: /Users/daurin/Projects_Supplemental/HyperPACE/Field_Data/Processed/KORUS/L2s/1614208_L2s.hdf
