ProcessL2s: /Users/daurin/Projects_Supplemental/HyperPACE/Field_Data/Processed/KORUS/L2/1614206_L2.hdf
   Flag data from TT2: (60519827.,) to (61914892.,)(HHMMSSMSS)
   Flag data from TT2: (62029667.,) to (62029667.,)(HHMMSSMSS)
   Flag data from TT2: (62037755.,) to (62037755.,)(HHMMSSMSS)
   Flag data from TT2: (63728688.,) to (63841246.,)(HHMMSSMSS)
   Flag data from TT2: (63845326.,) to (63847366.,)(HHMMSSMSS)
   Flag data from TT2: (63851326.,) to (63855406.,)(HHMMSSMSS)
   Flag data from TT2: (63859486.,) to (63859486.,)(HHMMSSMSS)
   Flag data from TT2: (63903446.,) to (63909566.,)(HHMMSSMSS)
   Flag data from TT2: (63913526.,) to (63915566.,)(HHMMSSMSS)
   Flag data from TT2: (63919647.,) to (64136759.,)(HHMMSSMSS)
   Flag data from TT2: (64140845.,) to (64150943.,)(HHMMSSMSS)
   Flag data from TT2: (64154906.,) to (64235278.,)(HHMMSSMSS)
   Flag data from TT2: (64241285.,) to (64325749.,)(HHMMSSMSS)
   Flag data from TT2: (64329715.,) to (64331757.,)(HHMMSSMSS)
   Flag data from TT2: (64335841.,) to (64356030.,)(HHMMSSMSS)
   Flag data from TT2: (64402038.,) to (64418135.,)(HHMMSSMSS)
   Flag data from TT2: (64422219.,) to (64502596.,)(HHMMSSMSS)
   Flag data from TT2: (64506562.,) to (64526744.,)(HHMMSSMSS)
   Flag data from TT2: (64532752.,) to (64552936.,)(HHMMSSMSS)
   Flag data from TT2: (64559064.,) to (64651462.,)(HHMMSSMSS)
   Flag data from TT2: (64655548.,) to (64721738.,)(HHMMSSMSS)
   Flag data from TT2: (64725822.,) to (64747933.,)(HHMMSSMSS)
   Flag data from TT2: (64752021.,) to (64812205.,)(HHMMSSMSS)
   Flag data from TT2: (64816170.,) to (64824222.,)(HHMMSSMSS)
   Flag data from TT2: (64828309.,) to (64842369.,)(HHMMSSMSS)
   Flag data from TT2: (64848496.,) to (64858590.,)(HHMMSSMSS)
   Flag data from TT2: (64904598.,) to (64916738.,)(HHMMSSMSS)
   Flag data from TT2: (64920704.,) to (64936927.,)(HHMMSSMSS)
   Flag data from TT2: (64940891.,) to (64955067.,)(HHMMSSMSS)
   Flag data from TT2: (64959032.,) to (65027272.,)(HHMMSSMSS)
   Flag data from TT2: (65031357.,) to (65115704.,)(HHMMSSMSS)
   Flag data from TT2: (65121831.,) to (65139970.,)(HHMMSSMSS)
   Flag data from TT2: (65145977.,) to (65148019.,)(HHMMSSMSS)
   Flag data from TT2: (65151983.,) to (65154025.,)(HHMMSSMSS)
   Flag data from TT2: (65158113.,) to (65214217.,)(HHMMSSMSS)
   Flag data from TT2: (65218303.,) to (65228403.,)(HHMMSSMSS)
   Flag data from TT2: (65232369.,) to (65236455.,)(HHMMSSMSS)
   Flag data from TT2: (65242464.,) to (65256645.,)(HHMMSSMSS)
   Flag data from TT2: (65300610.,) to (65306736.,)(HHMMSSMSS)
   Flag data from TT2: (65310700.,) to (65314785.,)(HHMMSSMSS)
   Flag data from TT2: (65318751.,) to (65322835.,)(HHMMSSMSS)
   Flag data from TT2: (65326799.,) to (65334970.,)(HHMMSSMSS)
   Flag data from TT2: (65338938.,) to (65405144.,)(HHMMSSMSS)
   Flag data from TT2: (65409232.,) to (65409232.,)(HHMMSSMSS)
   Flag data from TT2: (65413201.,) to (65413201.,)(HHMMSSMSS)
   Flag data from TT2: (65417289.,) to (65425344.,)(HHMMSSMSS)
   Flag data from TT2: (65429431.,) to (65433398.,)(HHMMSSMSS)
   Flag data from TT2: (65437485.,) to (65447583.,)(HHMMSSMSS)
   Flag data from TT2: (65451550.,) to (65459604.,)(HHMMSSMSS)
   Flag data from TT2: (65503689.,) to (65519791.,)(HHMMSSMSS)
   Flag data from TT2: (65525921.,) to (65529888.,)(HHMMSSMSS)
   Flag data from TT2: (65533974.,) to (65608213.,)(HHMMSSMSS)
   Flag data from TT2: (65612297.,) to (65614339.,)(HHMMSSMSS)
   Flag data from TT2: (65618304.,) to (65618304.,)(HHMMSSMSS)
   Flag data from TT2: (65622390.,) to (65638497.,)(HHMMSSMSS)
   Flag data from TT2: (65642463.,) to (65714794.,)(HHMMSSMSS)
   Flag data from TT2: (65718880.,) to (65722845.,)(HHMMSSMSS)
   Flag data from TT2: (65726931.,) to (65728973.,)(HHMMSSMSS)
   Flag data from TT2: (65734979.,) to (65734979.,)(HHMMSSMSS)
   Flag data from TT2: (65738943.,) to (65740986.,)(HHMMSSMSS)
   Flag data from TT2: (65745071.,) to (65753119.,)(HHMMSSMSS)
   Flag data from TT2: (65803210.,) to (65813305.,)(HHMMSSMSS)
   Flag data from TT2: (65817273.,) to (65837465.,)(HHMMSSMSS)
   Flag data from TT2: (65841551.,) to (65845519.,)(HHMMSSMSS)
   Flag data from TT2: (65849605.,) to (65849605.,)(HHMMSSMSS)
   Flag data from TT2: (65853692.,) to (65907751.,)(HHMMSSMSS)
   Flag data from TT2: (65915799.,) to (65915799.,)(HHMMSSMSS)
   Flag data from TT2: (65919886.,) to (65923852.,)(HHMMSSMSS)
Percentage of SATNAV data out of Solar Azimuth bounds: 56%
Filtering file for bad Absolute Rotator Angle
   Flag data from TT2: (60407132.,) to (60550069.,)(HHMMSSMSS)
   Flag data from TT2: (61927012.,) to (62045916.,)(HHMMSSMSS)
Percentage of SATNAV data out of Absolute Rotator bounds: 5%
Filtering file for Rotator Delay
   Flag data from TT2: (60254305.,) to (60352960.,)(HHMMSSMSS)
   Flag data from TT2: (60407132.,) to (60505650.,)(HHMMSSMSS)
   Flag data from TT2: (60552109.,) to (60650550.,)(HHMMSSMSS)
   Flag data from TT2: (61927012.,) to (62025665.,)(HHMMSSMSS)
   Flag data from TT2: (62047835.,) to (62146503.,)(HHMMSSMSS)
   Flag data from TT2: (62200698.,) to (62259280.,)(HHMMSSMSS)
   Flag data from TT2: (62313458.,) to (62412061.,)(HHMMSSMSS)
   Flag data from TT2: (62426235.,) to (62524815.,)(HHMMSSMSS)
   Flag data from TT2: (62847007.,) to (62945731.,)(HHMMSSMSS)
   Flag data from TT2: (62959773.,) to (63058387.,)(HHMMSSMSS)
   Flag data from TT2: (63338107.,) to (63436806.,)(HHMMSSMSS)
   Flag data from TT2: (63638167.,) to (63736791.,)(HHMMSSMSS)
   Flag data from TT2: (63821086.,) to (63919647.,)(HHMMSSMSS)
Percentage of SATNAV data out of Rotator Delay bounds: 22%
Eliminate combined filtered data from datasets.__________________________________
Eliminate data between: [(60519827.,), (61914892.,)] (HHMMSSMSS)
   Remove GPS Data
   Length of dataset prior to removal 1786 long
Eliminate data between: [(62029667.,), (62029667.,)] (HHMMSSMSS)
   Length of dataset prior to removal 1372 long
Eliminate data between: [(62037755.,), (62037755.,)] (HHMMSSMSS)
   Length of dataset prior to removal 1372 long
Eliminate data between: [(63728688.,), (63841246.,)] (HHMMSSMSS)
   Length of dataset prior to removal 1372 long
Eliminate data between: [(63845326.,), (63847366.,)] (HHMMSSMSS)
   Length of dataset prior to removal 1336 long
Eliminate data between: [(63851326.,), (63855406.,)] (HHMMSSMSS)
   Length of dataset prior to removal 1335 long
Eliminate data between: [(63859486.,), (63859486.,)] (HHMMSSMSS)
   Length of dataset prior to removal 1333 long
Eliminate data between: [(63903446.,), (63909566.,)] (HHMMSSMSS)
   Length of dataset prior to removal 1333 long
Eliminate data between: [(63913526.,), (63915566.,)] (HHMMSSMSS)
   Length of dataset prior to removal 1330 long
Eliminate data between: [(63919647.,), (64136759.,)] (HHMMSSMSS)
   Length of dataset prior to removal 1329 long
Eliminate data between: [(64140845.,), (64150943.,)] (HHMMSSMSS)
   Length of dataset prior to removal 1261 long
Eliminate data between: [(64154906.,), (64235278.,)] (HHMMSSMSS)
   Length of dataset prior to removal 1256 long
Eliminate data between: [(64241285.,), (64325749.,)] (HHMMSSMSS)
   Length of dataset prior to removal 1236 long
Eliminate data between: [(64329715.,), (64331757.,)] (HHMMSSMSS)
   Length of dataset prior to removal 1214 long
Eliminate data between: [(64335841.,), (64356030.,)] (HHMMSSMSS)
   Length of dataset prior to removal 1213 long
Eliminate data between: [(64402038.,), (64418135.,)] (HHMMSSMSS)
   Length of dataset prior to removal 1202 long
Eliminate data between: [(64422219.,), (64502596.,)] (HHMMSSMSS)
   Length of dataset prior to removal 1194 long
Eliminate data between: [(64506562.,), (64526744.,)] (HHMMSSMSS)
   Length of dataset prior to removal 1174 long
Eliminate data between: [(64532752.,), (64552936.,)] (HHMMSSMSS)
   Length of dataset prior to removal 1164 long
Eliminate data between: [(64559064.,), (64651462.,)] (HHMMSSMSS)
   Length of dataset prior to removal 1154 long
Eliminate data between: [(64655548.,), (64721738.,)] (HHMMSSMSS)
   Length of dataset prior to removal 1128 long
Eliminate data between: [(64725822.,), (64747933.,)] (HHMMSSMSS)
   Length of dataset prior to removal 1114 long
Eliminate data between: [(64752021.,), (64812205.,)] (HHMMSSMSS)
   Length of dataset prior to removal 1103 long
Eliminate data between: [(64816170.,), (64824222.,)] (HHMMSSMSS)
   Length of dataset prior to removal 1093 long
Eliminate data between: [(64828309.,), (64842369.,)] (HHMMSSMSS)
   Length of dataset prior to removal 1089 long
Eliminate data between: [(64848496.,), (64858590.,)] (HHMMSSMSS)
   Length of dataset prior to removal 1082 long
Eliminate data between: [(64904598.,), (64916738.,)] (HHMMSSMSS)
   Length of dataset prior to removal 1077 long
Eliminate data between: [(64920704.,), (64936927.,)] (HHMMSSMSS)
   Length of dataset prior to removal 1071 long
Eliminate data between: [(64940891.,), (64955067.,)] (HHMMSSMSS)
   Length of dataset prior to removal 1063 long
Eliminate data between: [(64959032.,), (65027272.,)] (HHMMSSMSS)
   Length of dataset prior to removal 1056 long
Eliminate data between: [(65031357.,), (65115704.,)] (HHMMSSMSS)
   Length of dataset prior to removal 1042 long
Eliminate data between: [(65121831.,), (65139970.,)] (HHMMSSMSS)
   Length of dataset prior to removal 1020 long
Eliminate data between: [(65145977.,), (65148019.,)] (HHMMSSMSS)
   Length of dataset prior to removal 1011 long
Eliminate data between: [(65151983.,), (65154025.,)] (HHMMSSMSS)
   Length of dataset prior to removal 1010 long
Eliminate data between: [(65158113.,), (65214217.,)] (HHMMSSMSS)
   Length of dataset prior to removal 1009 long
Eliminate data between: [(65218303.,), (65228403.,)] (HHMMSSMSS)
   Length of dataset prior to removal 1001 long
Eliminate data between: [(65232369.,), (65236455.,)] (HHMMSSMSS)
   Length of dataset prior to removal 996 long
Eliminate data between: [(65242464.,), (65256645.,)] (HHMMSSMSS)
   Length of dataset prior to removal 994 long
Eliminate data between: [(65300610.,), (65306736.,)] (HHMMSSMSS)
   Length of dataset prior to removal 987 long
Eliminate data between: [(65310700.,), (65314785.,)] (HHMMSSMSS)
   Length of dataset prior to removal 984 long
Eliminate data between: [(65318751.,), (65322835.,)] (HHMMSSMSS)
   Length of dataset prior to removal 982 long
Eliminate data between: [(65326799.,), (65334970.,)] (HHMMSSMSS)
   Length of dataset prior to removal 980 long
Eliminate data between: [(65338938.,), (65405144.,)] (HHMMSSMSS)
   Length of dataset prior to removal 976 long
Eliminate data between: [(65409232.,), (65409232.,)] (HHMMSSMSS)
   Length of dataset prior to removal 963 long
Eliminate data between: [(65413201.,), (65413201.,)] (HHMMSSMSS)
   Length of dataset prior to removal 963 long
Eliminate data between: [(65417289.,), (65425344.,)] (HHMMSSMSS)
   Length of dataset prior to removal 963 long
Eliminate data between: [(65429431.,), (65433398.,)] (HHMMSSMSS)
   Length of dataset prior to removal 959 long
Eliminate data between: [(65437485.,), (65447583.,)] (HHMMSSMSS)
   Length of dataset prior to removal 957 long
Eliminate data between: [(65451550.,), (65459604.,)] (HHMMSSMSS)
   Length of dataset prior to removal 952 long
Eliminate data between: [(65503689.,), (65519791.,)] (HHMMSSMSS)
   Length of dataset prior to removal 948 long
Eliminate data between: [(65525921.,), (65529888.,)] (HHMMSSMSS)
   Length of dataset prior to removal 940 long
Eliminate data between: [(65533974.,), (65608213.,)] (HHMMSSMSS)
   Length of dataset prior to removal 938 long
Eliminate data between: [(65612297.,), (65614339.,)] (HHMMSSMSS)
   Length of dataset prior to removal 921 long
Eliminate data between: [(65618304.,), (65618304.,)] (HHMMSSMSS)
   Length of dataset prior to removal 920 long
Eliminate data between: [(65622390.,), (65638497.,)] (HHMMSSMSS)
   Length of dataset prior to removal 920 long
Eliminate data between: [(65642463.,), (65714794.,)] (HHMMSSMSS)
   Length of dataset prior to removal 912 long
Eliminate data between: [(65718880.,), (65722845.,)] (HHMMSSMSS)
   Length of dataset prior to removal 896 long
Eliminate data between: [(65726931.,), (65728973.,)] (HHMMSSMSS)
   Length of dataset prior to removal 894 long
Eliminate data between: [(65734979.,), (65734979.,)] (HHMMSSMSS)
   Length of dataset prior to removal 893 long
Eliminate data between: [(65738943.,), (65740986.,)] (HHMMSSMSS)
   Length of dataset prior to removal 893 long
Eliminate data between: [(65745071.,), (65753119.,)] (HHMMSSMSS)
   Length of dataset prior to removal 892 long
Eliminate data between: [(65803210.,), (65813305.,)] (HHMMSSMSS)
   Length of dataset prior to removal 888 long
Eliminate data between: [(65817273.,), (65837465.,)] (HHMMSSMSS)
   Length of dataset prior to removal 883 long
Eliminate data between: [(65841551.,), (65845519.,)] (HHMMSSMSS)
   Length of dataset prior to removal 873 long
Eliminate data between: [(65849605.,), (65849605.,)] (HHMMSSMSS)
   Length of dataset prior to removal 871 long
Eliminate data between: [(65853692.,), (65907751.,)] (HHMMSSMSS)
   Length of dataset prior to removal 871 long
Eliminate data between: [(65915799.,), (65915799.,)] (HHMMSSMSS)
   Length of dataset prior to removal 864 long
Eliminate data between: [(65919886.,), (65923852.,)] (HHMMSSMSS)
   Length of dataset prior to removal 864 long
Eliminate data between: [(60407132.,), (60550069.,)] (HHMMSSMSS)
   Length of dataset prior to removal 862 long
Eliminate data between: [(61927012.,), (62045916.,)] (HHMMSSMSS)
   Length of dataset prior to removal 826 long
Eliminate data between: [(60254305.,), (60352960.,)] (HHMMSSMSS)
   Length of dataset prior to removal 787 long
Eliminate data between: [(60407132.,), (60505650.,)] (HHMMSSMSS)
   Length of dataset prior to removal 758 long
Eliminate data between: [(60552109.,), (60650550.,)] (HHMMSSMSS)
   Length of dataset prior to removal 758 long
Eliminate data between: [(61927012.,), (62025665.,)] (HHMMSSMSS)
   Length of dataset prior to removal 758 long
Eliminate data between: [(62047835.,), (62146503.,)] (HHMMSSMSS)
   Length of dataset prior to removal 758 long
Eliminate data between: [(62200698.,), (62259280.,)] (HHMMSSMSS)
   Length of dataset prior to removal 729 long
Eliminate data between: [(62313458.,), (62412061.,)] (HHMMSSMSS)
   Length of dataset prior to removal 700 long
Eliminate data between: [(62426235.,), (62524815.,)] (HHMMSSMSS)
   Length of dataset prior to removal 671 long
Eliminate data between: [(62847007.,), (62945731.,)] (HHMMSSMSS)
   Length of dataset prior to removal 642 long
Eliminate data between: [(62959773.,), (63058387.,)] (HHMMSSMSS)
   Length of dataset prior to removal 613 long
Eliminate data between: [(63338107.,), (63436806.,)] (HHMMSSMSS)
   Length of dataset prior to removal 584 long
Eliminate data between: [(63638167.,), (63736791.,)] (HHMMSSMSS)
   Length of dataset prior to removal 555 long
Eliminate data between: [(63821086.,), (63919647.,)] (HHMMSSMSS)
   Length of dataset prior to removal 530 long
Data end   518 long, a loss of 71%
Eliminate data between: [(60519827.,), (61914892.,)] (HHMMSSMSS)
   Remove HSE488B.cal Data
   Length of dataset prior to removal 1425 long
Eliminate data between: [(62029667.,), (62029667.,)] (HHMMSSMSS)
   Remove HSE488B.cal Data
   Length of dataset prior to removal 1425 long
Eliminate data between: [(62037755.,), (62037755.,)] (HHMMSSMSS)
   Remove HSE488B.cal Data
   Length of dataset prior to removal 1425 long
Eliminate data between: [(63728688.,), (63841246.,)] (HHMMSSMSS)
   Remove HSE488B.cal Data
   Length of dataset prior to removal 1425 long
Eliminate data between: [(63845326.,), (63847366.,)] (HHMMSSMSS)
   Remove HSE488B.cal Data
   Length of dataset prior to removal 1417 long
Eliminate data between: [(63851326.,), (63855406.,)] (HHMMSSMSS)
   Remove HSE488B.cal Data
   Length of dataset prior to removal 1417 long
Eliminate data between: [(63859486.,), (63859486.,)] (HHMMSSMSS)
   Remove HSE488B.cal Data
   Length of dataset prior to removal 1417 long
Eliminate data between: [(63903446.,), (63909566.,)] (HHMMSSMSS)
   Remove HSE488B.cal Data
   Length of dataset prior to removal 1417 long
Eliminate data between: [(63913526.,), (63915566.,)] (HHMMSSMSS)
   Remove HSE488B.cal Data
   Length of dataset prior to removal 1417 long
Eliminate data between: [(63919647.,), (64136759.,)] (HHMMSSMSS)
   Remove HSE488B.cal Data
   Length of dataset prior to removal 1417 long
Eliminate data between: [(64140845.,), (64150943.,)] (HHMMSSMSS)
   Remove HSE488B.cal Data
   Length of dataset prior to removal 1417 long
Eliminate data between: [(64154906.,), (64235278.,)] (HHMMSSMSS)
   Remove HSE488B.cal Data
   Length of dataset prior to removal 1417 long
Eliminate data between: [(64241285.,), (64325749.,)] (HHMMSSMSS)
   Remove HSE488B.cal Data
   Length of dataset prior to removal 1417 long
Eliminate data between: [(64329715.,), (64331757.,)] (HHMMSSMSS)
   Remove HSE488B.cal Data
   Length of dataset prior to removal 1417 long
Eliminate data between: [(64335841.,), (64356030.,)] (HHMMSSMSS)
   Remove HSE488B.cal Data
   Length of dataset prior to removal 1417 long
Eliminate data between: [(64402038.,), (64418135.,)] (HHMMSSMSS)
   Remove HSE488B.cal Data
   Length of dataset prior to removal 1417 long
Eliminate data between: [(64422219.,), (64502596.,)] (HHMMSSMSS)
   Remove HSE488B.cal Data
   Length of dataset prior to removal 1417 long
Eliminate data between: [(64506562.,), (64526744.,)] (HHMMSSMSS)
   Remove HSE488B.cal Data
   Length of dataset prior to removal 1417 long
Eliminate data between: [(64532752.,), (64552936.,)] (HHMMSSMSS)
   Remove HSE488B.cal Data
   Length of dataset prior to removal 1417 long
Eliminate data between: [(64559064.,), (64651462.,)] (HHMMSSMSS)
   Remove HSE488B.cal Data
   Length of dataset prior to removal 1417 long
Eliminate data between: [(64655548.,), (64721738.,)] (HHMMSSMSS)
   Remove HSE488B.cal Data
   Length of dataset prior to removal 1417 long
Eliminate data between: [(64725822.,), (64747933.,)] (HHMMSSMSS)
   Remove HSE488B.cal Data
   Length of dataset prior to removal 1417 long
Eliminate data between: [(64752021.,), (64812205.,)] (HHMMSSMSS)
   Remove HSE488B.cal Data
   Length of dataset prior to removal 1417 long
Eliminate data between: [(64816170.,), (64824222.,)] (HHMMSSMSS)
   Remove HSE488B.cal Data
   Length of dataset prior to removal 1417 long
Eliminate data between: [(64828309.,), (64842369.,)] (HHMMSSMSS)
   Remove HSE488B.cal Data
   Length of dataset prior to removal 1417 long
Eliminate data between: [(64848496.,), (64858590.,)] (HHMMSSMSS)
   Remove HSE488B.cal Data
   Length of dataset prior to removal 1417 long
Eliminate data between: [(64904598.,), (64916738.,)] (HHMMSSMSS)
   Remove HSE488B.cal Data
   Length of dataset prior to removal 1417 long
Eliminate data between: [(64920704.,), (64936927.,)] (HHMMSSMSS)
   Remove HSE488B.cal Data
   Length of dataset prior to removal 1417 long
Eliminate data between: [(64940891.,), (64955067.,)] (HHMMSSMSS)
   Remove HSE488B.cal Data
   Length of dataset prior to removal 1417 long
Eliminate data between: [(64959032.,), (65027272.,)] (HHMMSSMSS)
   Remove HSE488B.cal Data
   Length of dataset prior to removal 1417 long
Eliminate data between: [(65031357.,), (65115704.,)] (HHMMSSMSS)
   Remove HSE488B.cal Data
   Length of dataset prior to removal 1417 long
Eliminate data between: [(65121831.,), (65139970.,)] (HHMMSSMSS)
   Remove HSE488B.cal Data
   Length of dataset prior to removal 1417 long
Eliminate data between: [(65145977.,), (65148019.,)] (HHMMSSMSS)
   Remove HSE488B.cal Data
   Length of dataset prior to removal 1417 long
Eliminate data between: [(65151983.,), (65154025.,)] (HHMMSSMSS)
   Remove HSE488B.cal Data
   Length of dataset prior to removal 1417 long
Eliminate data between: [(65158113.,), (65214217.,)] (HHMMSSMSS)
   Remove HSE488B.cal Data
   Length of dataset prior to removal 1417 long
Eliminate data between: [(65218303.,), (65228403.,)] (HHMMSSMSS)
   Remove HSE488B.cal Data
   Length of dataset prior to removal 1417 long
Eliminate data between: [(65232369.,), (65236455.,)] (HHMMSSMSS)
   Remove HSE488B.cal Data
   Length of dataset prior to removal 1417 long
Eliminate data between: [(65242464.,), (65256645.,)] (HHMMSSMSS)
   Remove HSE488B.cal Data
   Length of dataset prior to removal 1417 long
Eliminate data between: [(65300610.,), (65306736.,)] (HHMMSSMSS)
   Remove HSE488B.cal Data
   Length of dataset prior to removal 1417 long
Eliminate data between: [(65310700.,), (65314785.,)] (HHMMSSMSS)
   Remove HSE488B.cal Data
   Length of dataset prior to removal 1417 long
Eliminate data between: [(65318751.,), (65322835.,)] (HHMMSSMSS)
   Remove HSE488B.cal Data
   Length of dataset prior to removal 1417 long
Eliminate data between: [(65326799.,), (65334970.,)] (HHMMSSMSS)
   Remove HSE488B.cal Data
   Length of dataset prior to removal 1417 long
Eliminate data between: [(65338938.,), (65405144.,)] (HHMMSSMSS)
   Remove HSE488B.cal Data
   Length of dataset prior to removal 1417 long
Eliminate data between: [(65409232.,), (65409232.,)] (HHMMSSMSS)
   Remove HSE488B.cal Data
   Length of dataset prior to removal 1417 long
Eliminate data between: [(65413201.,), (65413201.,)] (HHMMSSMSS)
   Remove HSE488B.cal Data
   Length of dataset prior to removal 1417 long
Eliminate data between: [(65417289.,), (65425344.,)] (HHMMSSMSS)
   Remove HSE488B.cal Data
   Length of dataset prior to removal 1417 long
Eliminate data between: [(65429431.,), (65433398.,)] (HHMMSSMSS)
   Remove HSE488B.cal Data
   Length of dataset prior to removal 1417 long
Eliminate data between: [(65437485.,), (65447583.,)] (HHMMSSMSS)
   Remove HSE488B.cal Data
   Length of dataset prior to removal 1417 long
Eliminate data between: [(65451550.,), (65459604.,)] (HHMMSSMSS)
   Remove HSE488B.cal Data
   Length of dataset prior to removal 1417 long
Eliminate data between: [(65503689.,), (65519791.,)] (HHMMSSMSS)
   Remove HSE488B.cal Data
   Length of dataset prior to removal 1417 long
Eliminate data between: [(65525921.,), (65529888.,)] (HHMMSSMSS)
   Remove HSE488B.cal Data
   Length of dataset prior to removal 1417 long
Eliminate data between: [(65533974.,), (65608213.,)] (HHMMSSMSS)
   Remove HSE488B.cal Data
   Length of dataset prior to removal 1417 long
Eliminate data between: [(65612297.,), (65614339.,)] (HHMMSSMSS)
   Remove HSE488B.cal Data
   Length of dataset prior to removal 1417 long
Eliminate data between: [(65618304.,), (65618304.,)] (HHMMSSMSS)
   Remove HSE488B.cal Data
   Length of dataset prior to removal 1417 long
Eliminate data between: [(65622390.,), (65638497.,)] (HHMMSSMSS)
   Remove HSE488B.cal Data
   Length of dataset prior to removal 1417 long
Eliminate data between: [(65642463.,), (65714794.,)] (HHMMSSMSS)
   Remove HSE488B.cal Data
   Length of dataset prior to removal 1417 long
Eliminate data between: [(65718880.,), (65722845.,)] (HHMMSSMSS)
   Remove HSE488B.cal Data
   Length of dataset prior to removal 1417 long
Eliminate data between: [(65726931.,), (65728973.,)] (HHMMSSMSS)
   Remove HSE488B.cal Data
   Length of dataset prior to removal 1417 long
Eliminate data between: [(65734979.,), (65734979.,)] (HHMMSSMSS)
   Remove HSE488B.cal Data
   Length of dataset prior to removal 1417 long
Eliminate data between: [(65738943.,), (65740986.,)] (HHMMSSMSS)
   Remove HSE488B.cal Data
   Length of dataset prior to removal 1417 long
Eliminate data between: [(65745071.,), (65753119.,)] (HHMMSSMSS)
   Remove HSE488B.cal Data
   Length of dataset prior to removal 1417 long
Eliminate data between: [(65803210.,), (65813305.,)] (HHMMSSMSS)
   Remove HSE488B.cal Data
   Length of dataset prior to removal 1417 long
Eliminate data between: [(65817273.,), (65837465.,)] (HHMMSSMSS)
   Remove HSE488B.cal Data
   Length of dataset prior to removal 1417 long
Eliminate data between: [(65841551.,), (65845519.,)] (HHMMSSMSS)
   Remove HSE488B.cal Data
   Length of dataset prior to removal 1417 long
Eliminate data between: [(65849605.,), (65849605.,)] (HHMMSSMSS)
   Remove HSE488B.cal Data
   Length of dataset prior to removal 1417 long
Eliminate data between: [(65853692.,), (65907751.,)] (HHMMSSMSS)
   Remove HSE488B.cal Data
   Length of dataset prior to removal 1417 long
Eliminate data between: [(65915799.,), (65915799.,)] (HHMMSSMSS)
   Remove HSE488B.cal Data
   Length of dataset prior to removal 1417 long
Eliminate data between: [(65919886.,), (65923852.,)] (HHMMSSMSS)
   Remove HSE488B.cal Data
   Length of dataset prior to removal 1417 long
Eliminate data between: [(60407132.,), (60550069.,)] (HHMMSSMSS)
   Remove HSE488B.cal Data
   Length of dataset prior to removal 1417 long
Eliminate data between: [(61927012.,), (62045916.,)] (HHMMSSMSS)
   Remove HSE488B.cal Data
   Length of dataset prior to removal 1356 long
Eliminate data between: [(60254305.,), (60352960.,)] (HHMMSSMSS)
   Remove HSE488B.cal Data
   Length of dataset prior to removal 1282 long
Eliminate data between: [(60407132.,), (60505650.,)] (HHMMSSMSS)
   Remove HSE488B.cal Data
   Length of dataset prior to removal 1215 long
Eliminate data between: [(60552109.,), (60650550.,)] (HHMMSSMSS)
   Remove HSE488B.cal Data
   Length of dataset prior to removal 1215 long
Eliminate data between: [(61927012.,), (62025665.,)] (HHMMSSMSS)
   Remove HSE488B.cal Data
   Length of dataset prior to removal 1215 long
Eliminate data between: [(62047835.,), (62146503.,)] (HHMMSSMSS)
   Remove HSE488B.cal Data
   Length of dataset prior to removal 1215 long
Eliminate data between: [(62200698.,), (62259280.,)] (HHMMSSMSS)
   Remove HSE488B.cal Data
   Length of dataset prior to removal 1145 long
Eliminate data between: [(62313458.,), (62412061.,)] (HHMMSSMSS)
   Remove HSE488B.cal Data
   Length of dataset prior to removal 1085 long
Eliminate data between: [(62426235.,), (62524815.,)] (HHMMSSMSS)
   Remove HSE488B.cal Data
   Length of dataset prior to removal 1019 long
Eliminate data between: [(62847007.,), (62945731.,)] (HHMMSSMSS)
   Remove HSE488B.cal Data
   Length of dataset prior to removal 960 long
Eliminate data between: [(62959773.,), (63058387.,)] (HHMMSSMSS)
   Remove HSE488B.cal Data
   Length of dataset prior to removal 896 long
Eliminate data between: [(63338107.,), (63436806.,)] (HHMMSSMSS)
   Remove HSE488B.cal Data
   Length of dataset prior to removal 824 long
Eliminate data between: [(63638167.,), (63736791.,)] (HHMMSSMSS)
   Remove HSE488B.cal Data
   Length of dataset prior to removal 753 long
Eliminate data between: [(63821086.,), (63919647.,)] (HHMMSSMSS)
   Remove HSE488B.cal Data
   Length of dataset prior to removal 701 long
Data end   701 long, a loss of 51%
Eliminate data between: [(60519827.,), (61914892.,)] (HHMMSSMSS)
   Remove HSL385B.cal Data
   Length of dataset prior to removal 1646 long
Eliminate data between: [(62029667.,), (62029667.,)] (HHMMSSMSS)
   Remove HSL385B.cal Data
   Length of dataset prior to removal 1646 long
Eliminate data between: [(62037755.,), (62037755.,)] (HHMMSSMSS)
   Remove HSL385B.cal Data
   Length of dataset prior to removal 1646 long
Eliminate data between: [(63728688.,), (63841246.,)] (HHMMSSMSS)
   Remove HSL385B.cal Data
   Length of dataset prior to removal 1646 long
Eliminate data between: [(63845326.,), (63847366.,)] (HHMMSSMSS)
   Remove HSL385B.cal Data
   Length of dataset prior to removal 1634 long
Eliminate data between: [(63851326.,), (63855406.,)] (HHMMSSMSS)
   Remove HSL385B.cal Data
   Length of dataset prior to removal 1634 long
Eliminate data between: [(63859486.,), (63859486.,)] (HHMMSSMSS)
   Remove HSL385B.cal Data
   Length of dataset prior to removal 1634 long
Eliminate data between: [(63903446.,), (63909566.,)] (HHMMSSMSS)
   Remove HSL385B.cal Data
   Length of dataset prior to removal 1634 long
Eliminate data between: [(63913526.,), (63915566.,)] (HHMMSSMSS)
   Remove HSL385B.cal Data
   Length of dataset prior to removal 1634 long
Eliminate data between: [(63919647.,), (64136759.,)] (HHMMSSMSS)
   Remove HSL385B.cal Data
   Length of dataset prior to removal 1634 long
Eliminate data between: [(64140845.,), (64150943.,)] (HHMMSSMSS)
   Remove HSL385B.cal Data
   Length of dataset prior to removal 1634 long
Eliminate data between: [(64154906.,), (64235278.,)] (HHMMSSMSS)
   Remove HSL385B.cal Data
   Length of dataset prior to removal 1634 long
Eliminate data between: [(64241285.,), (64325749.,)] (HHMMSSMSS)
   Remove HSL385B.cal Data
   Length of dataset prior to removal 1634 long
Eliminate data between: [(64329715.,), (64331757.,)] (HHMMSSMSS)
   Remove HSL385B.cal Data
   Length of dataset prior to removal 1634 long
Eliminate data between: [(64335841.,), (64356030.,)] (HHMMSSMSS)
   Remove HSL385B.cal Data
   Length of dataset prior to removal 1634 long
Eliminate data between: [(64402038.,), (64418135.,)] (HHMMSSMSS)
   Remove HSL385B.cal Data
   Length of dataset prior to removal 1634 long
Eliminate data between: [(64422219.,), (64502596.,)] (HHMMSSMSS)
   Remove HSL385B.cal Data
   Length of dataset prior to removal 1634 long
Eliminate data between: [(64506562.,), (64526744.,)] (HHMMSSMSS)
   Remove HSL385B.cal Data
   Length of dataset prior to removal 1634 long
Eliminate data between: [(64532752.,), (64552936.,)] (HHMMSSMSS)
   Remove HSL385B.cal Data
   Length of dataset prior to removal 1634 long
Eliminate data between: [(64559064.,), (64651462.,)] (HHMMSSMSS)
   Remove HSL385B.cal Data
   Length of dataset prior to removal 1634 long
Eliminate data between: [(64655548.,), (64721738.,)] (HHMMSSMSS)
   Remove HSL385B.cal Data
   Length of dataset prior to removal 1634 long
Eliminate data between: [(64725822.,), (64747933.,)] (HHMMSSMSS)
   Remove HSL385B.cal Data
   Length of dataset prior to removal 1634 long
Eliminate data between: [(64752021.,), (64812205.,)] (HHMMSSMSS)
   Remove HSL385B.cal Data
   Length of dataset prior to removal 1634 long
Eliminate data between: [(64816170.,), (64824222.,)] (HHMMSSMSS)
   Remove HSL385B.cal Data
   Length of dataset prior to removal 1634 long
Eliminate data between: [(64828309.,), (64842369.,)] (HHMMSSMSS)
   Remove HSL385B.cal Data
   Length of dataset prior to removal 1634 long
Eliminate data between: [(64848496.,), (64858590.,)] (HHMMSSMSS)
   Remove HSL385B.cal Data
   Length of dataset prior to removal 1634 long
Eliminate data between: [(64904598.,), (64916738.,)] (HHMMSSMSS)
   Remove HSL385B.cal Data
   Length of dataset prior to removal 1634 long
Eliminate data between: [(64920704.,), (64936927.,)] (HHMMSSMSS)
   Remove HSL385B.cal Data
   Length of dataset prior to removal 1634 long
Eliminate data between: [(64940891.,), (64955067.,)] (HHMMSSMSS)
   Remove HSL385B.cal Data
   Length of dataset prior to removal 1634 long
Eliminate data between: [(64959032.,), (65027272.,)] (HHMMSSMSS)
   Remove HSL385B.cal Data
   Length of dataset prior to removal 1634 long
Eliminate data between: [(65031357.,), (65115704.,)] (HHMMSSMSS)
   Remove HSL385B.cal Data
   Length of dataset prior to removal 1634 long
Eliminate data between: [(65121831.,), (65139970.,)] (HHMMSSMSS)
   Remove HSL385B.cal Data
   Length of dataset prior to removal 1634 long
Eliminate data between: [(65145977.,), (65148019.,)] (HHMMSSMSS)
   Remove HSL385B.cal Data
   Length of dataset prior to removal 1634 long
Eliminate data between: [(65151983.,), (65154025.,)] (HHMMSSMSS)
   Remove HSL385B.cal Data
   Length of dataset prior to removal 1634 long
Eliminate data between: [(65158113.,), (65214217.,)] (HHMMSSMSS)
   Remove HSL385B.cal Data
   Length of dataset prior to removal 1634 long
Eliminate data between: [(65218303.,), (65228403.,)] (HHMMSSMSS)
   Remove HSL385B.cal Data
   Length of dataset prior to removal 1634 long
Eliminate data between: [(65232369.,), (65236455.,)] (HHMMSSMSS)
   Remove HSL385B.cal Data
   Length of dataset prior to removal 1634 long
Eliminate data between: [(65242464.,), (65256645.,)] (HHMMSSMSS)
   Remove HSL385B.cal Data
   Length of dataset prior to removal 1634 long
Eliminate data between: [(65300610.,), (65306736.,)] (HHMMSSMSS)
   Remove HSL385B.cal Data
   Length of dataset prior to removal 1634 long
Eliminate data between: [(65310700.,), (65314785.,)] (HHMMSSMSS)
   Remove HSL385B.cal Data
   Length of dataset prior to removal 1634 long
Eliminate data between: [(65318751.,), (65322835.,)] (HHMMSSMSS)
   Remove HSL385B.cal Data
   Length of dataset prior to removal 1634 long
Eliminate data between: [(65326799.,), (65334970.,)] (HHMMSSMSS)
   Remove HSL385B.cal Data
   Length of dataset prior to removal 1634 long
Eliminate data between: [(65338938.,), (65405144.,)] (HHMMSSMSS)
   Remove HSL385B.cal Data
   Length of dataset prior to removal 1634 long
Eliminate data between: [(65409232.,), (65409232.,)] (HHMMSSMSS)
   Remove HSL385B.cal Data
   Length of dataset prior to removal 1634 long
Eliminate data between: [(65413201.,), (65413201.,)] (HHMMSSMSS)
   Remove HSL385B.cal Data
   Length of dataset prior to removal 1634 long
Eliminate data between: [(65417289.,), (65425344.,)] (HHMMSSMSS)
   Remove HSL385B.cal Data
   Length of dataset prior to removal 1634 long
Eliminate data between: [(65429431.,), (65433398.,)] (HHMMSSMSS)
   Remove HSL385B.cal Data
   Length of dataset prior to removal 1634 long
Eliminate data between: [(65437485.,), (65447583.,)] (HHMMSSMSS)
   Remove HSL385B.cal Data
   Length of dataset prior to removal 1634 long
Eliminate data between: [(65451550.,), (65459604.,)] (HHMMSSMSS)
   Remove HSL385B.cal Data
   Length of dataset prior to removal 1634 long
Eliminate data between: [(65503689.,), (65519791.,)] (HHMMSSMSS)
   Remove HSL385B.cal Data
   Length of dataset prior to removal 1634 long
Eliminate data between: [(65525921.,), (65529888.,)] (HHMMSSMSS)
   Remove HSL385B.cal Data
   Length of dataset prior to removal 1634 long
Eliminate data between: [(65533974.,), (65608213.,)] (HHMMSSMSS)
   Remove HSL385B.cal Data
   Length of dataset prior to removal 1634 long
Eliminate data between: [(65612297.,), (65614339.,)] (HHMMSSMSS)
   Remove HSL385B.cal Data
   Length of dataset prior to removal 1634 long
Eliminate data between: [(65618304.,), (65618304.,)] (HHMMSSMSS)
   Remove HSL385B.cal Data
   Length of dataset prior to removal 1634 long
Eliminate data between: [(65622390.,), (65638497.,)] (HHMMSSMSS)
   Remove HSL385B.cal Data
   Length of dataset prior to removal 1634 long
Eliminate data between: [(65642463.,), (65714794.,)] (HHMMSSMSS)
   Remove HSL385B.cal Data
   Length of dataset prior to removal 1634 long
Eliminate data between: [(65718880.,), (65722845.,)] (HHMMSSMSS)
   Remove HSL385B.cal Data
   Length of dataset prior to removal 1634 long
Eliminate data between: [(65726931.,), (65728973.,)] (HHMMSSMSS)
   Remove HSL385B.cal Data
   Length of dataset prior to removal 1634 long
Eliminate data between: [(65734979.,), (65734979.,)] (HHMMSSMSS)
   Remove HSL385B.cal Data
   Length of dataset prior to removal 1634 long
Eliminate data between: [(65738943.,), (65740986.,)] (HHMMSSMSS)
   Remove HSL385B.cal Data
   Length of dataset prior to removal 1634 long
Eliminate data between: [(65745071.,), (65753119.,)] (HHMMSSMSS)
   Remove HSL385B.cal Data
   Length of dataset prior to removal 1634 long
Eliminate data between: [(65803210.,), (65813305.,)] (HHMMSSMSS)
   Remove HSL385B.cal Data
   Length of dataset prior to removal 1634 long
Eliminate data between: [(65817273.,), (65837465.,)] (HHMMSSMSS)
   Remove HSL385B.cal Data
   Length of dataset prior to removal 1634 long
Eliminate data between: [(65841551.,), (65845519.,)] (HHMMSSMSS)
   Remove HSL385B.cal Data
   Length of dataset prior to removal 1634 long
Eliminate data between: [(65849605.,), (65849605.,)] (HHMMSSMSS)
   Remove HSL385B.cal Data
   Length of dataset prior to removal 1634 long
Eliminate data between: [(65853692.,), (65907751.,)] (HHMMSSMSS)
   Remove HSL385B.cal Data
   Length of dataset prior to removal 1634 long
Eliminate data between: [(65915799.,), (65915799.,)] (HHMMSSMSS)
   Remove HSL385B.cal Data
   Length of dataset prior to removal 1634 long
Eliminate data between: [(65919886.,), (65923852.,)] (HHMMSSMSS)
   Remove HSL385B.cal Data
   Length of dataset prior to removal 1634 long
Eliminate data between: [(60407132.,), (60550069.,)] (HHMMSSMSS)
   Remove HSL385B.cal Data
   Length of dataset prior to removal 1634 long
Eliminate data between: [(61927012.,), (62045916.,)] (HHMMSSMSS)
   Remove HSL385B.cal Data
   Length of dataset prior to removal 1557 long
Eliminate data between: [(60254305.,), (60352960.,)] (HHMMSSMSS)
   Remove HSL385B.cal Data
   Length of dataset prior to removal 1474 long
Eliminate data between: [(60407132.,), (60505650.,)] (HHMMSSMSS)
   Remove HSL385B.cal Data
   Length of dataset prior to removal 1402 long
Eliminate data between: [(60552109.,), (60650550.,)] (HHMMSSMSS)
   Remove HSL385B.cal Data
   Length of dataset prior to removal 1402 long
Eliminate data between: [(61927012.,), (62025665.,)] (HHMMSSMSS)
   Remove HSL385B.cal Data
   Length of dataset prior to removal 1402 long
Eliminate data between: [(62047835.,), (62146503.,)] (HHMMSSMSS)
   Remove HSL385B.cal Data
   Length of dataset prior to removal 1402 long
Eliminate data between: [(62200698.,), (62259280.,)] (HHMMSSMSS)
   Remove HSL385B.cal Data
   Length of dataset prior to removal 1330 long
Eliminate data between: [(62313458.,), (62412061.,)] (HHMMSSMSS)
   Remove HSL385B.cal Data
   Length of dataset prior to removal 1246 long
Eliminate data between: [(62426235.,), (62524815.,)] (HHMMSSMSS)
   Remove HSL385B.cal Data
   Length of dataset prior to removal 1165 long
Eliminate data between: [(62847007.,), (62945731.,)] (HHMMSSMSS)
   Remove HSL385B.cal Data
   Length of dataset prior to removal 1085 long
Eliminate data between: [(62959773.,), (63058387.,)] (HHMMSSMSS)
   Remove HSL385B.cal Data
   Length of dataset prior to removal 1003 long
Eliminate data between: [(63338107.,), (63436806.,)] (HHMMSSMSS)
   Remove HSL385B.cal Data
   Length of dataset prior to removal 925 long
Eliminate data between: [(63638167.,), (63736791.,)] (HHMMSSMSS)
   Remove HSL385B.cal Data
   Length of dataset prior to removal 854 long
Eliminate data between: [(63821086.,), (63919647.,)] (HHMMSSMSS)
   Remove HSL385B.cal Data
   Length of dataset prior to removal 786 long
Data end   786 long, a loss of 52%
Eliminate data between: [(60519827.,), (61914892.,)] (HHMMSSMSS)
   Remove HSL386B.cal Data
   Length of dataset prior to removal 534 long
Eliminate data between: [(62029667.,), (62029667.,)] (HHMMSSMSS)
   Remove HSL386B.cal Data
   Length of dataset prior to removal 534 long
Eliminate data between: [(62037755.,), (62037755.,)] (HHMMSSMSS)
   Remove HSL386B.cal Data
   Length of dataset prior to removal 534 long
Eliminate data between: [(63728688.,), (63841246.,)] (HHMMSSMSS)
   Remove HSL386B.cal Data
   Length of dataset prior to removal 534 long
Eliminate data between: [(63845326.,), (63847366.,)] (HHMMSSMSS)
   Remove HSL386B.cal Data
   Length of dataset prior to removal 531 long
Eliminate data between: [(63851326.,), (63855406.,)] (HHMMSSMSS)
   Remove HSL386B.cal Data
   Length of dataset prior to removal 531 long
Eliminate data between: [(63859486.,), (63859486.,)] (HHMMSSMSS)
   Remove HSL386B.cal Data
   Length of dataset prior to removal 531 long
Eliminate data between: [(63903446.,), (63909566.,)] (HHMMSSMSS)
   Remove HSL386B.cal Data
   Length of dataset prior to removal 531 long
Eliminate data between: [(63913526.,), (63915566.,)] (HHMMSSMSS)
   Remove HSL386B.cal Data
   Length of dataset prior to removal 531 long
Eliminate data between: [(63919647.,), (64136759.,)] (HHMMSSMSS)
   Remove HSL386B.cal Data
   Length of dataset prior to removal 531 long
Eliminate data between: [(64140845.,), (64150943.,)] (HHMMSSMSS)
   Remove HSL386B.cal Data
   Length of dataset prior to removal 531 long
Eliminate data between: [(64154906.,), (64235278.,)] (HHMMSSMSS)
   Remove HSL386B.cal Data
   Length of dataset prior to removal 531 long
Eliminate data between: [(64241285.,), (64325749.,)] (HHMMSSMSS)
   Remove HSL386B.cal Data
   Length of dataset prior to removal 531 long
Eliminate data between: [(64329715.,), (64331757.,)] (HHMMSSMSS)
   Remove HSL386B.cal Data
   Length of dataset prior to removal 531 long
Eliminate data between: [(64335841.,), (64356030.,)] (HHMMSSMSS)
   Remove HSL386B.cal Data
   Length of dataset prior to removal 531 long
Eliminate data between: [(64402038.,), (64418135.,)] (HHMMSSMSS)
   Remove HSL386B.cal Data
   Length of dataset prior to removal 531 long
Eliminate data between: [(64422219.,), (64502596.,)] (HHMMSSMSS)
   Remove HSL386B.cal Data
   Length of dataset prior to removal 531 long
Eliminate data between: [(64506562.,), (64526744.,)] (HHMMSSMSS)
   Remove HSL386B.cal Data
   Length of dataset prior to removal 531 long
Eliminate data between: [(64532752.,), (64552936.,)] (HHMMSSMSS)
   Remove HSL386B.cal Data
   Length of dataset prior to removal 531 long
Eliminate data between: [(64559064.,), (64651462.,)] (HHMMSSMSS)
   Remove HSL386B.cal Data
   Length of dataset prior to removal 531 long
Eliminate data between: [(64655548.,), (64721738.,)] (HHMMSSMSS)
   Remove HSL386B.cal Data
   Length of dataset prior to removal 531 long
Eliminate data between: [(64725822.,), (64747933.,)] (HHMMSSMSS)
   Remove HSL386B.cal Data
   Length of dataset prior to removal 531 long
Eliminate data between: [(64752021.,), (64812205.,)] (HHMMSSMSS)
   Remove HSL386B.cal Data
   Length of dataset prior to removal 531 long
Eliminate data between: [(64816170.,), (64824222.,)] (HHMMSSMSS)
   Remove HSL386B.cal Data
   Length of dataset prior to removal 531 long
Eliminate data between: [(64828309.,), (64842369.,)] (HHMMSSMSS)
   Remove HSL386B.cal Data
   Length of dataset prior to removal 531 long
Eliminate data between: [(64848496.,), (64858590.,)] (HHMMSSMSS)
   Remove HSL386B.cal Data
   Length of dataset prior to removal 531 long
Eliminate data between: [(64904598.,), (64916738.,)] (HHMMSSMSS)
   Remove HSL386B.cal Data
   Length of dataset prior to removal 531 long
Eliminate data between: [(64920704.,), (64936927.,)] (HHMMSSMSS)
   Remove HSL386B.cal Data
   Length of dataset prior to removal 531 long
Eliminate data between: [(64940891.,), (64955067.,)] (HHMMSSMSS)
   Remove HSL386B.cal Data
   Length of dataset prior to removal 531 long
Eliminate data between: [(64959032.,), (65027272.,)] (HHMMSSMSS)
   Remove HSL386B.cal Data
   Length of dataset prior to removal 531 long
Eliminate data between: [(65031357.,), (65115704.,)] (HHMMSSMSS)
   Remove HSL386B.cal Data
   Length of dataset prior to removal 531 long
Eliminate data between: [(65121831.,), (65139970.,)] (HHMMSSMSS)
   Remove HSL386B.cal Data
   Length of dataset prior to removal 531 long
Eliminate data between: [(65145977.,), (65148019.,)] (HHMMSSMSS)
   Remove HSL386B.cal Data
   Length of dataset prior to removal 531 long
Eliminate data between: [(65151983.,), (65154025.,)] (HHMMSSMSS)
   Remove HSL386B.cal Data
   Length of dataset prior to removal 531 long
Eliminate data between: [(65158113.,), (65214217.,)] (HHMMSSMSS)
   Remove HSL386B.cal Data
   Length of dataset prior to removal 531 long
Eliminate data between: [(65218303.,), (65228403.,)] (HHMMSSMSS)
   Remove HSL386B.cal Data
   Length of dataset prior to removal 531 long
Eliminate data between: [(65232369.,), (65236455.,)] (HHMMSSMSS)
   Remove HSL386B.cal Data
   Length of dataset prior to removal 531 long
Eliminate data between: [(65242464.,), (65256645.,)] (HHMMSSMSS)
   Remove HSL386B.cal Data
   Length of dataset prior to removal 531 long
Eliminate data between: [(65300610.,), (65306736.,)] (HHMMSSMSS)
   Remove HSL386B.cal Data
   Length of dataset prior to removal 531 long
Eliminate data between: [(65310700.,), (65314785.,)] (HHMMSSMSS)
   Remove HSL386B.cal Data
   Length of dataset prior to removal 531 long
Eliminate data between: [(65318751.,), (65322835.,)] (HHMMSSMSS)
   Remove HSL386B.cal Data
   Length of dataset prior to removal 531 long
Eliminate data between: [(65326799.,), (65334970.,)] (HHMMSSMSS)
   Remove HSL386B.cal Data
   Length of dataset prior to removal 531 long
Eliminate data between: [(65338938.,), (65405144.,)] (HHMMSSMSS)
   Remove HSL386B.cal Data
   Length of dataset prior to removal 531 long
Eliminate data between: [(65409232.,), (65409232.,)] (HHMMSSMSS)
   Remove HSL386B.cal Data
   Length of dataset prior to removal 531 long
Eliminate data between: [(65413201.,), (65413201.,)] (HHMMSSMSS)
   Remove HSL386B.cal Data
   Length of dataset prior to removal 531 long
Eliminate data between: [(65417289.,), (65425344.,)] (HHMMSSMSS)
   Remove HSL386B.cal Data
   Length of dataset prior to removal 531 long
Eliminate data between: [(65429431.,), (65433398.,)] (HHMMSSMSS)
   Remove HSL386B.cal Data
   Length of dataset prior to removal 531 long
Eliminate data between: [(65437485.,), (65447583.,)] (HHMMSSMSS)
   Remove HSL386B.cal Data
   Length of dataset prior to removal 531 long
Eliminate data between: [(65451550.,), (65459604.,)] (HHMMSSMSS)
   Remove HSL386B.cal Data
   Length of dataset prior to removal 531 long
Eliminate data between: [(65503689.,), (65519791.,)] (HHMMSSMSS)
   Remove HSL386B.cal Data
   Length of dataset prior to removal 531 long
Eliminate data between: [(65525921.,), (65529888.,)] (HHMMSSMSS)
   Remove HSL386B.cal Data
   Length of dataset prior to removal 531 long
Eliminate data between: [(65533974.,), (65608213.,)] (HHMMSSMSS)
   Remove HSL386B.cal Data
   Length of dataset prior to removal 531 long
Eliminate data between: [(65612297.,), (65614339.,)] (HHMMSSMSS)
   Remove HSL386B.cal Data
   Length of dataset prior to removal 531 long
Eliminate data between: [(65618304.,), (65618304.,)] (HHMMSSMSS)
   Remove HSL386B.cal Data
   Length of dataset prior to removal 531 long
Eliminate data between: [(65622390.,), (65638497.,)] (HHMMSSMSS)
   Remove HSL386B.cal Data
   Length of dataset prior to removal 531 long
Eliminate data between: [(65642463.,), (65714794.,)] (HHMMSSMSS)
   Remove HSL386B.cal Data
   Length of dataset prior to removal 531 long
Eliminate data between: [(65718880.,), (65722845.,)] (HHMMSSMSS)
   Remove HSL386B.cal Data
   Length of dataset prior to removal 531 long
Eliminate data between: [(65726931.,), (65728973.,)] (HHMMSSMSS)
   Remove HSL386B.cal Data
   Length of dataset prior to removal 531 long
Eliminate data between: [(65734979.,), (65734979.,)] (HHMMSSMSS)
   Remove HSL386B.cal Data
   Length of dataset prior to removal 531 long
Eliminate data between: [(65738943.,), (65740986.,)] (HHMMSSMSS)
   Remove HSL386B.cal Data
   Length of dataset prior to removal 531 long
Eliminate data between: [(65745071.,), (65753119.,)] (HHMMSSMSS)
   Remove HSL386B.cal Data
   Length of dataset prior to removal 531 long
Eliminate data between: [(65803210.,), (65813305.,)] (HHMMSSMSS)
   Remove HSL386B.cal Data
   Length of dataset prior to removal 531 long
Eliminate data between: [(65817273.,), (65837465.,)] (HHMMSSMSS)
   Remove HSL386B.cal Data
   Length of dataset prior to removal 531 long
Eliminate data between: [(65841551.,), (65845519.,)] (HHMMSSMSS)
   Remove HSL386B.cal Data
   Length of dataset prior to removal 531 long
Eliminate data between: [(65849605.,), (65849605.,)] (HHMMSSMSS)
   Remove HSL386B.cal Data
   Length of dataset prior to removal 531 long
Eliminate data between: [(65853692.,), (65907751.,)] (HHMMSSMSS)
   Remove HSL386B.cal Data
   Length of dataset prior to removal 531 long
Eliminate data between: [(65915799.,), (65915799.,)] (HHMMSSMSS)
   Remove HSL386B.cal Data
   Length of dataset prior to removal 531 long
Eliminate data between: [(65919886.,), (65923852.,)] (HHMMSSMSS)
   Remove HSL386B.cal Data
   Length of dataset prior to removal 531 long
Eliminate data between: [(60407132.,), (60550069.,)] (HHMMSSMSS)
   Remove HSL386B.cal Data
   Length of dataset prior to removal 531 long
Eliminate data between: [(61927012.,), (62045916.,)] (HHMMSSMSS)
   Remove HSL386B.cal Data
   Length of dataset prior to removal 495 long
Eliminate data between: [(60254305.,), (60352960.,)] (HHMMSSMSS)
   Remove HSL386B.cal Data
   Length of dataset prior to removal 455 long
Eliminate data between: [(60407132.,), (60505650.,)] (HHMMSSMSS)
   Remove HSL386B.cal Data
   Length of dataset prior to removal 420 long
Eliminate data between: [(60552109.,), (60650550.,)] (HHMMSSMSS)
   Remove HSL386B.cal Data
   Length of dataset prior to removal 420 long
Eliminate data between: [(61927012.,), (62025665.,)] (HHMMSSMSS)
   Remove HSL386B.cal Data
   Length of dataset prior to removal 420 long
Eliminate data between: [(62047835.,), (62146503.,)] (HHMMSSMSS)
   Remove HSL386B.cal Data
   Length of dataset prior to removal 420 long
Eliminate data between: [(62200698.,), (62259280.,)] (HHMMSSMSS)
   Remove HSL386B.cal Data
   Length of dataset prior to removal 384 long
Eliminate data between: [(62313458.,), (62412061.,)] (HHMMSSMSS)
   Remove HSL386B.cal Data
   Length of dataset prior to removal 366 long
Eliminate data between: [(62426235.,), (62524815.,)] (HHMMSSMSS)
   Remove HSL386B.cal Data
   Length of dataset prior to removal 348 long
Eliminate data between: [(62847007.,), (62945731.,)] (HHMMSSMSS)
   Remove HSL386B.cal Data
   Length of dataset prior to removal 327 long
Eliminate data between: [(62959773.,), (63058387.,)] (HHMMSSMSS)
   Remove HSL386B.cal Data
   Length of dataset prior to removal 309 long
Eliminate data between: [(63338107.,), (63436806.,)] (HHMMSSMSS)
   Remove HSL386B.cal Data
   Length of dataset prior to removal 285 long
Eliminate data between: [(63638167.,), (63736791.,)] (HHMMSSMSS)
   Remove HSL386B.cal Data
   Length of dataset prior to removal 265 long
Eliminate data between: [(63821086.,), (63919647.,)] (HHMMSSMSS)
   Remove HSL386B.cal Data
   Length of dataset prior to removal 246 long
Data end   246 long, a loss of 54%
Eliminate data between: [(60519827.,), (61914892.,)] (HHMMSSMSS)
   Remove SATNAV0001A.tdf Data
   Length of dataset prior to removal 1783 long
Eliminate data between: [(62029667.,), (62029667.,)] (HHMMSSMSS)
   Remove SATNAV0001A.tdf Data
   Length of dataset prior to removal 1368 long
Eliminate data between: [(62037755.,), (62037755.,)] (HHMMSSMSS)
   Remove SATNAV0001A.tdf Data
   Length of dataset prior to removal 1367 long
Eliminate data between: [(63728688.,), (63841246.,)] (HHMMSSMSS)
   Remove SATNAV0001A.tdf Data
   Length of dataset prior to removal 1366 long
Eliminate data between: [(63845326.,), (63847366.,)] (HHMMSSMSS)
   Remove SATNAV0001A.tdf Data
   Length of dataset prior to removal 1329 long
Eliminate data between: [(63851326.,), (63855406.,)] (HHMMSSMSS)
   Remove SATNAV0001A.tdf Data
   Length of dataset prior to removal 1327 long
Eliminate data between: [(63859486.,), (63859486.,)] (HHMMSSMSS)
   Remove SATNAV0001A.tdf Data
   Length of dataset prior to removal 1324 long
Eliminate data between: [(63903446.,), (63909566.,)] (HHMMSSMSS)
   Remove SATNAV0001A.tdf Data
   Length of dataset prior to removal 1323 long
Eliminate data between: [(63913526.,), (63915566.,)] (HHMMSSMSS)
   Remove SATNAV0001A.tdf Data
   Length of dataset prior to removal 1319 long
Eliminate data between: [(63919647.,), (64136759.,)] (HHMMSSMSS)
   Remove SATNAV0001A.tdf Data
   Length of dataset prior to removal 1317 long
Eliminate data between: [(64140845.,), (64150943.,)] (HHMMSSMSS)
   Remove SATNAV0001A.tdf Data
   Length of dataset prior to removal 1248 long
Eliminate data between: [(64154906.,), (64235278.,)] (HHMMSSMSS)
   Remove SATNAV0001A.tdf Data
   Length of dataset prior to removal 1242 long
Eliminate data between: [(64241285.,), (64325749.,)] (HHMMSSMSS)
   Remove SATNAV0001A.tdf Data
   Length of dataset prior to removal 1221 long
Eliminate data between: [(64329715.,), (64331757.,)] (HHMMSSMSS)
   Remove SATNAV0001A.tdf Data
   Length of dataset prior to removal 1198 long
Eliminate data between: [(64335841.,), (64356030.,)] (HHMMSSMSS)
   Remove SATNAV0001A.tdf Data
   Length of dataset prior to removal 1196 long
Eliminate data between: [(64402038.,), (64418135.,)] (HHMMSSMSS)
   Remove SATNAV0001A.tdf Data
   Length of dataset prior to removal 1185 long
Eliminate data between: [(64422219.,), (64502596.,)] (HHMMSSMSS)
   Remove SATNAV0001A.tdf Data
   Length of dataset prior to removal 1176 long
Eliminate data between: [(64506562.,), (64526744.,)] (HHMMSSMSS)
   Remove SATNAV0001A.tdf Data
   Length of dataset prior to removal 1155 long
Eliminate data between: [(64532752.,), (64552936.,)] (HHMMSSMSS)
   Remove SATNAV0001A.tdf Data
   Length of dataset prior to removal 1144 long
Eliminate data between: [(64559064.,), (64651462.,)] (HHMMSSMSS)
   Remove SATNAV0001A.tdf Data
   Length of dataset prior to removal 1133 long
Eliminate data between: [(64655548.,), (64721738.,)] (HHMMSSMSS)
   Remove SATNAV0001A.tdf Data
   Length of dataset prior to removal 1106 long
Eliminate data between: [(64725822.,), (64747933.,)] (HHMMSSMSS)
   Remove SATNAV0001A.tdf Data
   Length of dataset prior to removal 1092 long
Eliminate data between: [(64752021.,), (64812205.,)] (HHMMSSMSS)
   Remove SATNAV0001A.tdf Data
   Length of dataset prior to removal 1080 long
Eliminate data between: [(64816170.,), (64824222.,)] (HHMMSSMSS)
   Remove SATNAV0001A.tdf Data
   Length of dataset prior to removal 1069 long
Eliminate data between: [(64828309.,), (64842369.,)] (HHMMSSMSS)
   Remove SATNAV0001A.tdf Data
   Length of dataset prior to removal 1064 long
Eliminate data between: [(64848496.,), (64858590.,)] (HHMMSSMSS)
   Remove SATNAV0001A.tdf Data
   Length of dataset prior to removal 1056 long
Eliminate data between: [(64904598.,), (64916738.,)] (HHMMSSMSS)
   Remove SATNAV0001A.tdf Data
   Length of dataset prior to removal 1050 long
Eliminate data between: [(64920704.,), (64936927.,)] (HHMMSSMSS)
   Remove SATNAV0001A.tdf Data
   Length of dataset prior to removal 1043 long
Eliminate data between: [(64940891.,), (64955067.,)] (HHMMSSMSS)
   Remove SATNAV0001A.tdf Data
   Length of dataset prior to removal 1034 long
Eliminate data between: [(64959032.,), (65027272.,)] (HHMMSSMSS)
   Remove SATNAV0001A.tdf Data
   Length of dataset prior to removal 1026 long
Eliminate data between: [(65031357.,), (65115704.,)] (HHMMSSMSS)
   Remove SATNAV0001A.tdf Data
   Length of dataset prior to removal 1011 long
Eliminate data between: [(65121831.,), (65139970.,)] (HHMMSSMSS)
   Remove SATNAV0001A.tdf Data
   Length of dataset prior to removal 988 long
Eliminate data between: [(65145977.,), (65148019.,)] (HHMMSSMSS)
   Remove SATNAV0001A.tdf Data
   Length of dataset prior to removal 978 long
Eliminate data between: [(65151983.,), (65154025.,)] (HHMMSSMSS)
   Remove SATNAV0001A.tdf Data
   Length of dataset prior to removal 976 long
Eliminate data between: [(65158113.,), (65214217.,)] (HHMMSSMSS)
   Remove SATNAV0001A.tdf Data
   Length of dataset prior to removal 974 long
Eliminate data between: [(65218303.,), (65228403.,)] (HHMMSSMSS)
   Remove SATNAV0001A.tdf Data
   Length of dataset prior to removal 965 long
Eliminate data between: [(65232369.,), (65236455.,)] (HHMMSSMSS)
   Remove SATNAV0001A.tdf Data
   Length of dataset prior to removal 959 long
Eliminate data between: [(65242464.,), (65256645.,)] (HHMMSSMSS)
   Remove SATNAV0001A.tdf Data
   Length of dataset prior to removal 956 long
Eliminate data between: [(65300610.,), (65306736.,)] (HHMMSSMSS)
   Remove SATNAV0001A.tdf Data
   Length of dataset prior to removal 948 long
Eliminate data between: [(65310700.,), (65314785.,)] (HHMMSSMSS)
   Remove SATNAV0001A.tdf Data
   Length of dataset prior to removal 944 long
Eliminate data between: [(65318751.,), (65322835.,)] (HHMMSSMSS)
   Remove SATNAV0001A.tdf Data
   Length of dataset prior to removal 941 long
Eliminate data between: [(65326799.,), (65334970.,)] (HHMMSSMSS)
   Remove SATNAV0001A.tdf Data
   Length of dataset prior to removal 938 long
Eliminate data between: [(65338938.,), (65405144.,)] (HHMMSSMSS)
   Remove SATNAV0001A.tdf Data
   Length of dataset prior to removal 933 long
Eliminate data between: [(65409232.,), (65409232.,)] (HHMMSSMSS)
   Remove SATNAV0001A.tdf Data
   Length of dataset prior to removal 919 long
Eliminate data between: [(65413201.,), (65413201.,)] (HHMMSSMSS)
   Remove SATNAV0001A.tdf Data
   Length of dataset prior to removal 918 long
Eliminate data between: [(65417289.,), (65425344.,)] (HHMMSSMSS)
   Remove SATNAV0001A.tdf Data
   Length of dataset prior to removal 917 long
Eliminate data between: [(65429431.,), (65433398.,)] (HHMMSSMSS)
   Remove SATNAV0001A.tdf Data
   Length of dataset prior to removal 912 long
Eliminate data between: [(65437485.,), (65447583.,)] (HHMMSSMSS)
   Remove SATNAV0001A.tdf Data
   Length of dataset prior to removal 909 long
Eliminate data between: [(65451550.,), (65459604.,)] (HHMMSSMSS)
   Remove SATNAV0001A.tdf Data
   Length of dataset prior to removal 903 long
Eliminate data between: [(65503689.,), (65519791.,)] (HHMMSSMSS)
   Remove SATNAV0001A.tdf Data
   Length of dataset prior to removal 898 long
Eliminate data between: [(65525921.,), (65529888.,)] (HHMMSSMSS)
   Remove SATNAV0001A.tdf Data
   Length of dataset prior to removal 889 long
Eliminate data between: [(65533974.,), (65608213.,)] (HHMMSSMSS)
   Remove SATNAV0001A.tdf Data
   Length of dataset prior to removal 886 long
Eliminate data between: [(65612297.,), (65614339.,)] (HHMMSSMSS)
   Remove SATNAV0001A.tdf Data
   Length of dataset prior to removal 868 long
Eliminate data between: [(65618304.,), (65618304.,)] (HHMMSSMSS)
   Remove SATNAV0001A.tdf Data
   Length of dataset prior to removal 866 long
Eliminate data between: [(65622390.,), (65638497.,)] (HHMMSSMSS)
   Remove SATNAV0001A.tdf Data
   Length of dataset prior to removal 865 long
Eliminate data between: [(65642463.,), (65714794.,)] (HHMMSSMSS)
   Remove SATNAV0001A.tdf Data
   Length of dataset prior to removal 856 long
Eliminate data between: [(65718880.,), (65722845.,)] (HHMMSSMSS)
   Remove SATNAV0001A.tdf Data
   Length of dataset prior to removal 839 long
Eliminate data between: [(65726931.,), (65728973.,)] (HHMMSSMSS)
   Remove SATNAV0001A.tdf Data
   Length of dataset prior to removal 836 long
Eliminate data between: [(65734979.,), (65734979.,)] (HHMMSSMSS)
   Remove SATNAV0001A.tdf Data
   Length of dataset prior to removal 834 long
Eliminate data between: [(65738943.,), (65740986.,)] (HHMMSSMSS)
   Remove SATNAV0001A.tdf Data
   Length of dataset prior to removal 833 long
Eliminate data between: [(65745071.,), (65753119.,)] (HHMMSSMSS)
   Remove SATNAV0001A.tdf Data
   Length of dataset prior to removal 831 long
Eliminate data between: [(65803210.,), (65813305.,)] (HHMMSSMSS)
   Remove SATNAV0001A.tdf Data
   Length of dataset prior to removal 826 long
Eliminate data between: [(65817273.,), (65837465.,)] (HHMMSSMSS)
   Remove SATNAV0001A.tdf Data
   Length of dataset prior to removal 820 long
Eliminate data between: [(65841551.,), (65845519.,)] (HHMMSSMSS)
   Remove SATNAV0001A.tdf Data
   Length of dataset prior to removal 809 long
Eliminate data between: [(65849605.,), (65849605.,)] (HHMMSSMSS)
   Remove SATNAV0001A.tdf Data
   Length of dataset prior to removal 806 long
Eliminate data between: [(65853692.,), (65907751.,)] (HHMMSSMSS)
   Remove SATNAV0001A.tdf Data
   Length of dataset prior to removal 805 long
Eliminate data between: [(65915799.,), (65915799.,)] (HHMMSSMSS)
   Remove SATNAV0001A.tdf Data
   Length of dataset prior to removal 797 long
Eliminate data between: [(65919886.,), (65923852.,)] (HHMMSSMSS)
   Remove SATNAV0001A.tdf Data
   Length of dataset prior to removal 796 long
Eliminate data between: [(60407132.,), (60550069.,)] (HHMMSSMSS)
   Remove SATNAV0001A.tdf Data
   Length of dataset prior to removal 793 long
Eliminate data between: [(61927012.,), (62045916.,)] (HHMMSSMSS)
   Remove SATNAV0001A.tdf Data
   Length of dataset prior to removal 757 long
Eliminate data between: [(60254305.,), (60352960.,)] (HHMMSSMSS)
   Remove SATNAV0001A.tdf Data
   Length of dataset prior to removal 719 long
Eliminate data between: [(60407132.,), (60505650.,)] (HHMMSSMSS)
   Remove SATNAV0001A.tdf Data
   Length of dataset prior to removal 689 long
Eliminate data between: [(60552109.,), (60650550.,)] (HHMMSSMSS)
   Remove SATNAV0001A.tdf Data
   Length of dataset prior to removal 689 long
Eliminate data between: [(61927012.,), (62025665.,)] (HHMMSSMSS)
   Remove SATNAV0001A.tdf Data
   Length of dataset prior to removal 689 long
Eliminate data between: [(62047835.,), (62146503.,)] (HHMMSSMSS)
   Remove SATNAV0001A.tdf Data
   Length of dataset prior to removal 689 long
Eliminate data between: [(62200698.,), (62259280.,)] (HHMMSSMSS)
   Remove SATNAV0001A.tdf Data
   Length of dataset prior to removal 659 long
Eliminate data between: [(62313458.,), (62412061.,)] (HHMMSSMSS)
   Remove SATNAV0001A.tdf Data
   Length of dataset prior to removal 629 long
Eliminate data between: [(62426235.,), (62524815.,)] (HHMMSSMSS)
   Remove SATNAV0001A.tdf Data
   Length of dataset prior to removal 599 long
Eliminate data between: [(62847007.,), (62945731.,)] (HHMMSSMSS)
   Remove SATNAV0001A.tdf Data
   Length of dataset prior to removal 569 long
Eliminate data between: [(62959773.,), (63058387.,)] (HHMMSSMSS)
   Remove SATNAV0001A.tdf Data
   Length of dataset prior to removal 539 long
Eliminate data between: [(63338107.,), (63436806.,)] (HHMMSSMSS)
   Remove SATNAV0001A.tdf Data
   Length of dataset prior to removal 509 long
Eliminate data between: [(63638167.,), (63736791.,)] (HHMMSSMSS)
   Remove SATNAV0001A.tdf Data
   Length of dataset prior to removal 479 long
Eliminate data between: [(63821086.,), (63919647.,)] (HHMMSSMSS)
   Remove SATNAV0001A.tdf Data
   Length of dataset prior to removal 454 long
Data end   448 long, a loss of 75%
Eliminate data between: [(60519827.,), (61914892.,)] (HHMMSSMSS)
   Remove SATPYR.tdf Data
   Length of dataset prior to removal 113 long
Eliminate data between: [(62029667.,), (62029667.,)] (HHMMSSMSS)
   Remove SATPYR.tdf Data
   Length of dataset prior to removal 113 long
Eliminate data between: [(62037755.,), (62037755.,)] (HHMMSSMSS)
   Remove SATPYR.tdf Data
   Length of dataset prior to removal 113 long
Eliminate data between: [(63728688.,), (63841246.,)] (HHMMSSMSS)
   Remove SATPYR.tdf Data
   Length of dataset prior to removal 113 long
Eliminate data between: [(63845326.,), (63847366.,)] (HHMMSSMSS)
   Remove SATPYR.tdf Data
   Length of dataset prior to removal 112 long
Eliminate data between: [(63851326.,), (63855406.,)] (HHMMSSMSS)
   Remove SATPYR.tdf Data
   Length of dataset prior to removal 112 long
Eliminate data between: [(63859486.,), (63859486.,)] (HHMMSSMSS)
   Remove SATPYR.tdf Data
   Length of dataset prior to removal 112 long
Eliminate data between: [(63903446.,), (63909566.,)] (HHMMSSMSS)
   Remove SATPYR.tdf Data
   Length of dataset prior to removal 112 long
Eliminate data between: [(63913526.,), (63915566.,)] (HHMMSSMSS)
   Remove SATPYR.tdf Data
   Length of dataset prior to removal 112 long
Eliminate data between: [(63919647.,), (64136759.,)] (HHMMSSMSS)
   Remove SATPYR.tdf Data
   Length of dataset prior to removal 112 long
Eliminate data between: [(64140845.,), (64150943.,)] (HHMMSSMSS)
   Remove SATPYR.tdf Data
   Length of dataset prior to removal 112 long
Eliminate data between: [(64154906.,), (64235278.,)] (HHMMSSMSS)
   Remove SATPYR.tdf Data
   Length of dataset prior to removal 112 long
Eliminate data between: [(64241285.,), (64325749.,)] (HHMMSSMSS)
   Remove SATPYR.tdf Data
   Length of dataset prior to removal 112 long
Eliminate data between: [(64329715.,), (64331757.,)] (HHMMSSMSS)
   Remove SATPYR.tdf Data
   Length of dataset prior to removal 112 long
Eliminate data between: [(64335841.,), (64356030.,)] (HHMMSSMSS)
   Remove SATPYR.tdf Data
   Length of dataset prior to removal 112 long
Eliminate data between: [(64402038.,), (64418135.,)] (HHMMSSMSS)
   Remove SATPYR.tdf Data
   Length of dataset prior to removal 112 long
Eliminate data between: [(64422219.,), (64502596.,)] (HHMMSSMSS)
   Remove SATPYR.tdf Data
   Length of dataset prior to removal 112 long
Eliminate data between: [(64506562.,), (64526744.,)] (HHMMSSMSS)
   Remove SATPYR.tdf Data
   Length of dataset prior to removal 112 long
Eliminate data between: [(64532752.,), (64552936.,)] (HHMMSSMSS)
   Remove SATPYR.tdf Data
   Length of dataset prior to removal 112 long
Eliminate data between: [(64559064.,), (64651462.,)] (HHMMSSMSS)
   Remove SATPYR.tdf Data
   Length of dataset prior to removal 112 long
Eliminate data between: [(64655548.,), (64721738.,)] (HHMMSSMSS)
   Remove SATPYR.tdf Data
   Length of dataset prior to removal 112 long
Eliminate data between: [(64725822.,), (64747933.,)] (HHMMSSMSS)
   Remove SATPYR.tdf Data
   Length of dataset prior to removal 112 long
Eliminate data between: [(64752021.,), (64812205.,)] (HHMMSSMSS)
   Remove SATPYR.tdf Data
   Length of dataset prior to removal 112 long
Eliminate data between: [(64816170.,), (64824222.,)] (HHMMSSMSS)
   Remove SATPYR.tdf Data
   Length of dataset prior to removal 112 long
Eliminate data between: [(64828309.,), (64842369.,)] (HHMMSSMSS)
   Remove SATPYR.tdf Data
   Length of dataset prior to removal 112 long
Eliminate data between: [(64848496.,), (64858590.,)] (HHMMSSMSS)
   Remove SATPYR.tdf Data
   Length of dataset prior to removal 112 long
Eliminate data between: [(64904598.,), (64916738.,)] (HHMMSSMSS)
   Remove SATPYR.tdf Data
   Length of dataset prior to removal 112 long
Eliminate data between: [(64920704.,), (64936927.,)] (HHMMSSMSS)
   Remove SATPYR.tdf Data
   Length of dataset prior to removal 112 long
Eliminate data between: [(64940891.,), (64955067.,)] (HHMMSSMSS)
   Remove SATPYR.tdf Data
   Length of dataset prior to removal 112 long
Eliminate data between: [(64959032.,), (65027272.,)] (HHMMSSMSS)
   Remove SATPYR.tdf Data
   Length of dataset prior to removal 112 long
Eliminate data between: [(65031357.,), (65115704.,)] (HHMMSSMSS)
   Remove SATPYR.tdf Data
   Length of dataset prior to removal 112 long
Eliminate data between: [(65121831.,), (65139970.,)] (HHMMSSMSS)
   Remove SATPYR.tdf Data
   Length of dataset prior to removal 112 long
Eliminate data between: [(65145977.,), (65148019.,)] (HHMMSSMSS)
   Remove SATPYR.tdf Data
   Length of dataset prior to removal 112 long
Eliminate data between: [(65151983.,), (65154025.,)] (HHMMSSMSS)
   Remove SATPYR.tdf Data
   Length of dataset prior to removal 112 long
Eliminate data between: [(65158113.,), (65214217.,)] (HHMMSSMSS)
   Remove SATPYR.tdf Data
   Length of dataset prior to removal 112 long
Eliminate data between: [(65218303.,), (65228403.,)] (HHMMSSMSS)
   Remove SATPYR.tdf Data
   Length of dataset prior to removal 112 long
Eliminate data between: [(65232369.,), (65236455.,)] (HHMMSSMSS)
   Remove SATPYR.tdf Data
   Length of dataset prior to removal 112 long
Eliminate data between: [(65242464.,), (65256645.,)] (HHMMSSMSS)
   Remove SATPYR.tdf Data
   Length of dataset prior to removal 112 long
Eliminate data between: [(65300610.,), (65306736.,)] (HHMMSSMSS)
   Remove SATPYR.tdf Data
   Length of dataset prior to removal 112 long
Eliminate data between: [(65310700.,), (65314785.,)] (HHMMSSMSS)
   Remove SATPYR.tdf Data
   Length of dataset prior to removal 112 long
Eliminate data between: [(65318751.,), (65322835.,)] (HHMMSSMSS)
   Remove SATPYR.tdf Data
   Length of dataset prior to removal 112 long
Eliminate data between: [(65326799.,), (65334970.,)] (HHMMSSMSS)
   Remove SATPYR.tdf Data
   Length of dataset prior to removal 112 long
Eliminate data between: [(65338938.,), (65405144.,)] (HHMMSSMSS)
   Remove SATPYR.tdf Data
   Length of dataset prior to removal 112 long
Eliminate data between: [(65409232.,), (65409232.,)] (HHMMSSMSS)
   Remove SATPYR.tdf Data
   Length of dataset prior to removal 112 long
Eliminate data between: [(65413201.,), (65413201.,)] (HHMMSSMSS)
   Remove SATPYR.tdf Data
   Length of dataset prior to removal 112 long
Eliminate data between: [(65417289.,), (65425344.,)] (HHMMSSMSS)
   Remove SATPYR.tdf Data
   Length of dataset prior to removal 112 long
Eliminate data between: [(65429431.,), (65433398.,)] (HHMMSSMSS)
   Remove SATPYR.tdf Data
   Length of dataset prior to removal 112 long
Eliminate data between: [(65437485.,), (65447583.,)] (HHMMSSMSS)
   Remove SATPYR.tdf Data
   Length of dataset prior to removal 112 long
Eliminate data between: [(65451550.,), (65459604.,)] (HHMMSSMSS)
   Remove SATPYR.tdf Data
   Length of dataset prior to removal 112 long
Eliminate data between: [(65503689.,), (65519791.,)] (HHMMSSMSS)
   Remove SATPYR.tdf Data
   Length of dataset prior to removal 112 long
Eliminate data between: [(65525921.,), (65529888.,)] (HHMMSSMSS)
   Remove SATPYR.tdf Data
   Length of dataset prior to removal 112 long
Eliminate data between: [(65533974.,), (65608213.,)] (HHMMSSMSS)
   Remove SATPYR.tdf Data
   Length of dataset prior to removal 112 long
Eliminate data between: [(65612297.,), (65614339.,)] (HHMMSSMSS)
   Remove SATPYR.tdf Data
   Length of dataset prior to removal 112 long
Eliminate data between: [(65618304.,), (65618304.,)] (HHMMSSMSS)
   Remove SATPYR.tdf Data
   Length of dataset prior to removal 112 long
Eliminate data between: [(65622390.,), (65638497.,)] (HHMMSSMSS)
   Remove SATPYR.tdf Data
   Length of dataset prior to removal 112 long
Eliminate data between: [(65642463.,), (65714794.,)] (HHMMSSMSS)
   Remove SATPYR.tdf Data
   Length of dataset prior to removal 112 long
Eliminate data between: [(65718880.,), (65722845.,)] (HHMMSSMSS)
   Remove SATPYR.tdf Data
   Length of dataset prior to removal 112 long
Eliminate data between: [(65726931.,), (65728973.,)] (HHMMSSMSS)
   Remove SATPYR.tdf Data
   Length of dataset prior to removal 112 long
Eliminate data between: [(65734979.,), (65734979.,)] (HHMMSSMSS)
   Remove SATPYR.tdf Data
   Length of dataset prior to removal 112 long
Eliminate data between: [(65738943.,), (65740986.,)] (HHMMSSMSS)
   Remove SATPYR.tdf Data
   Length of dataset prior to removal 112 long
Eliminate data between: [(65745071.,), (65753119.,)] (HHMMSSMSS)
   Remove SATPYR.tdf Data
   Length of dataset prior to removal 112 long
Eliminate data between: [(65803210.,), (65813305.,)] (HHMMSSMSS)
   Remove SATPYR.tdf Data
   Length of dataset prior to removal 112 long
Eliminate data between: [(65817273.,), (65837465.,)] (HHMMSSMSS)
   Remove SATPYR.tdf Data
   Length of dataset prior to removal 112 long
Eliminate data between: [(65841551.,), (65845519.,)] (HHMMSSMSS)
   Remove SATPYR.tdf Data
   Length of dataset prior to removal 112 long
Eliminate data between: [(65849605.,), (65849605.,)] (HHMMSSMSS)
   Remove SATPYR.tdf Data
   Length of dataset prior to removal 112 long
Eliminate data between: [(65853692.,), (65907751.,)] (HHMMSSMSS)
   Remove SATPYR.tdf Data
   Length of dataset prior to removal 112 long
Eliminate data between: [(65915799.,), (65915799.,)] (HHMMSSMSS)
   Remove SATPYR.tdf Data
   Length of dataset prior to removal 112 long
Eliminate data between: [(65919886.,), (65923852.,)] (HHMMSSMSS)
   Remove SATPYR.tdf Data
   Length of dataset prior to removal 112 long
Eliminate data between: [(60407132.,), (60550069.,)] (HHMMSSMSS)
   Remove SATPYR.tdf Data
   Length of dataset prior to removal 112 long
Eliminate data between: [(61927012.,), (62045916.,)] (HHMMSSMSS)
   Remove SATPYR.tdf Data
   Length of dataset prior to removal 107 long
Eliminate data between: [(60254305.,), (60352960.,)] (HHMMSSMSS)
   Remove SATPYR.tdf Data
   Length of dataset prior to removal 101 long
Eliminate data between: [(60407132.,), (60505650.,)] (HHMMSSMSS)
   Remove SATPYR.tdf Data
   Length of dataset prior to removal 96 long
Eliminate data between: [(60552109.,), (60650550.,)] (HHMMSSMSS)
   Remove SATPYR.tdf Data
   Length of dataset prior to removal 96 long
Eliminate data between: [(61927012.,), (62025665.,)] (HHMMSSMSS)
   Remove SATPYR.tdf Data
   Length of dataset prior to removal 96 long
Eliminate data between: [(62047835.,), (62146503.,)] (HHMMSSMSS)
   Remove SATPYR.tdf Data
   Length of dataset prior to removal 96 long
Eliminate data between: [(62200698.,), (62259280.,)] (HHMMSSMSS)
   Remove SATPYR.tdf Data
   Length of dataset prior to removal 91 long
Eliminate data between: [(62313458.,), (62412061.,)] (HHMMSSMSS)
   Remove SATPYR.tdf Data
   Length of dataset prior to removal 86 long
Eliminate data between: [(62426235.,), (62524815.,)] (HHMMSSMSS)
   Remove SATPYR.tdf Data
   Length of dataset prior to removal 81 long
Eliminate data between: [(62847007.,), (62945731.,)] (HHMMSSMSS)
   Remove SATPYR.tdf Data
   Length of dataset prior to removal 76 long
Eliminate data between: [(62959773.,), (63058387.,)] (HHMMSSMSS)
   Remove SATPYR.tdf Data
   Length of dataset prior to removal 71 long
Eliminate data between: [(63338107.,), (63436806.,)] (HHMMSSMSS)
   Remove SATPYR.tdf Data
   Length of dataset prior to removal 66 long
Eliminate data between: [(63638167.,), (63736791.,)] (HHMMSSMSS)
   Remove SATPYR.tdf Data
   Length of dataset prior to removal 61 long
Eliminate data between: [(63821086.,), (63919647.,)] (HHMMSSMSS)
   Remove SATPYR.tdf Data
   Length of dataset prior to removal 57 long
Data end   57 long, a loss of 50%
LT has fewest records - interpolating to LT
Interpolate Data ES
Interpolate Data LI
Interpolate Data LT
Interpolate GPS Data
Interpolate SATNAV Data
L2s file produced: /Users/daurin/Projects_Supplemental/HyperPACE/Field_Data/Processed/KORUS/L2s/1614206_L2s.hdf
