ProcessL2s: /Users/daurin/Projects_Supplemental/HyperPACE/Field_Data/Processed/KORUS/L2/1614222_L2.hdf
   Flag data from TT2: (2.20000061e+08,) to (2.2061353e+08,)(HHMMSSMSS)
   Flag data from TT2: (2.20656065e+08,) to (2.20658105e+08,)(HHMMSSMSS)
   Flag data from TT2: (2.20718293e+08,) to (2.20812933e+08,)(HHMMSSMSS)
   Flag data from TT2: (2.21219047e+08,) to (2.21219047e+08,)(HHMMSSMSS)
   Flag data from TT2: (2.21223013e+08,) to (2.21223013e+08,)(HHMMSSMSS)
   Flag data from TT2: (2.21227097e+08,) to (2.21446229e+08,)(HHMMSSMSS)
   Flag data from TT2: (2.21450313e+08,) to (2.21450313e+08,)(HHMMSSMSS)
Percentage of SATNAV data out of Solar Azimuth bounds: 88%
Filtering file for bad Absolute Rotator Angle
   Flag data from TT2: (2.20000061e+08,) to (2.20301867e+08,)(HHMMSSMSS)
   Flag data from TT2: (2.20551297e+08,) to (2.20710226e+08,)(HHMMSSMSS)
   Flag data from TT2: (2.21719504e+08,) to (2.21832285e+08,)(HHMMSSMSS)
Percentage of SATNAV data out of Absolute Rotator bounds: 9%
Filtering file for Rotator Delay
   Flag data from TT2: (2.20104805e+08,) to (2.20203408e+08,)(HHMMSSMSS)
   Flag data from TT2: (2.20303907e+08,) to (2.20402469e+08,)(HHMMSSMSS)
   Flag data from TT2: (2.20551297e+08,) to (2.20650057e+08,)(HHMMSSMSS)
   Flag data from TT2: (2.20712266e+08,) to (2.20810891e+08,)(HHMMSSMSS)
   Flag data from TT2: (2.20853255e+08,) to (2.20951696e+08,)(HHMMSSMSS)
   Flag data from TT2: (2.21719504e+08,) to (2.21818124e+08,)(HHMMSSMSS)
   Flag data from TT2: (2.21834325e+08,) to (2.2193295e+08,)(HHMMSSMSS)
   Flag data from TT2: (2.21947003e+08,) to (2.22045712e+08,)(HHMMSSMSS)
   Flag data from TT2: (2.22059757e+08,) to (2.22158372e+08,)(HHMMSSMSS)
   Flag data from TT2: (2.22214585e+08,) to (2.22313197e+08,)(HHMMSSMSS)
   Flag data from TT2: (2.22329286e+08,) to (2.22427884e+08,)(HHMMSSMSS)
   Flag data from TT2: (2.22444097e+08,) to (2.22542688e+08,)(HHMMSSMSS)
   Flag data from TT2: (2.22627096e+08,) to (2.22725538e+08,)(HHMMSSMSS)
Percentage of SATNAV data out of Rotator Delay bounds: 22%
Eliminate combined filtered data from datasets.__________________________________
Eliminate data between: [(2.20000061e+08,), (2.2061353e+08,)] (HHMMSSMSS)
   Remove GPS Data
   Length of dataset prior to removal 1784 long
Eliminate data between: [(2.20656065e+08,), (2.20658105e+08,)] (HHMMSSMSS)
   Length of dataset prior to removal 1599 long
Eliminate data between: [(2.20718293e+08,), (2.20812933e+08,)] (HHMMSSMSS)
   Length of dataset prior to removal 1598 long
Eliminate data between: [(2.21219047e+08,), (2.21219047e+08,)] (HHMMSSMSS)
   Length of dataset prior to removal 1571 long
Eliminate data between: [(2.21223013e+08,), (2.21223013e+08,)] (HHMMSSMSS)
   Length of dataset prior to removal 1571 long
Eliminate data between: [(2.21227097e+08,), (2.21446229e+08,)] (HHMMSSMSS)
   Length of dataset prior to removal 1571 long
Eliminate data between: [(2.21450313e+08,), (2.21450313e+08,)] (HHMMSSMSS)
   Length of dataset prior to removal 1502 long
Eliminate data between: [(2.20000061e+08,), (2.20301867e+08,)] (HHMMSSMSS)
   Length of dataset prior to removal 1502 long
Eliminate data between: [(2.20551297e+08,), (2.20710226e+08,)] (HHMMSSMSS)
   Length of dataset prior to removal 1502 long
Eliminate data between: [(2.21719504e+08,), (2.21832285e+08,)] (HHMMSSMSS)
   Length of dataset prior to removal 1475 long
Eliminate data between: [(2.20104805e+08,), (2.20203408e+08,)] (HHMMSSMSS)
   Length of dataset prior to removal 1439 long
Eliminate data between: [(2.20303907e+08,), (2.20402469e+08,)] (HHMMSSMSS)
   Length of dataset prior to removal 1439 long
Eliminate data between: [(2.20551297e+08,), (2.20650057e+08,)] (HHMMSSMSS)
   Length of dataset prior to removal 1439 long
Eliminate data between: [(2.20712266e+08,), (2.20810891e+08,)] (HHMMSSMSS)
   Length of dataset prior to removal 1439 long
Eliminate data between: [(2.20853255e+08,), (2.20951696e+08,)] (HHMMSSMSS)
   Length of dataset prior to removal 1436 long
Eliminate data between: [(2.21719504e+08,), (2.21818124e+08,)] (HHMMSSMSS)
   Length of dataset prior to removal 1407 long
Eliminate data between: [(2.21834325e+08,), (2.2193295e+08,)] (HHMMSSMSS)
   Length of dataset prior to removal 1407 long
Eliminate data between: [(2.21947003e+08,), (2.22045712e+08,)] (HHMMSSMSS)
   Length of dataset prior to removal 1378 long
Eliminate data between: [(2.22059757e+08,), (2.22158372e+08,)] (HHMMSSMSS)
   Length of dataset prior to removal 1349 long
Eliminate data between: [(2.22214585e+08,), (2.22313197e+08,)] (HHMMSSMSS)
   Length of dataset prior to removal 1319 long
Eliminate data between: [(2.22329286e+08,), (2.22427884e+08,)] (HHMMSSMSS)
   Length of dataset prior to removal 1290 long
Eliminate data between: [(2.22444097e+08,), (2.22542688e+08,)] (HHMMSSMSS)
   Length of dataset prior to removal 1261 long
Eliminate data between: [(2.22627096e+08,), (2.22725538e+08,)] (HHMMSSMSS)
   Length of dataset prior to removal 1232 long
Data end   1203 long, a loss of 33%
Eliminate data between: [(2.20000061e+08,), (2.2061353e+08,)] (HHMMSSMSS)
   Remove HSE488B.cal Data
   Length of dataset prior to removal 707 long
Eliminate data between: [(2.20656065e+08,), (2.20658105e+08,)] (HHMMSSMSS)
   Remove HSE488B.cal Data
   Length of dataset prior to removal 563 long
Eliminate data between: [(2.20718293e+08,), (2.20812933e+08,)] (HHMMSSMSS)
   Remove HSE488B.cal Data
   Length of dataset prior to removal 563 long
Eliminate data between: [(2.21219047e+08,), (2.21219047e+08,)] (HHMMSSMSS)
   Remove HSE488B.cal Data
   Length of dataset prior to removal 510 long
Eliminate data between: [(2.21223013e+08,), (2.21223013e+08,)] (HHMMSSMSS)
   Remove HSE488B.cal Data
   Length of dataset prior to removal 510 long
Eliminate data between: [(2.21227097e+08,), (2.21446229e+08,)] (HHMMSSMSS)
   Remove HSE488B.cal Data
   Length of dataset prior to removal 510 long
Eliminate data between: [(2.21450313e+08,), (2.21450313e+08,)] (HHMMSSMSS)
   Remove HSE488B.cal Data
   Length of dataset prior to removal 510 long
Eliminate data between: [(2.20000061e+08,), (2.20301867e+08,)] (HHMMSSMSS)
   Remove HSE488B.cal Data
   Length of dataset prior to removal 510 long
Eliminate data between: [(2.20551297e+08,), (2.20710226e+08,)] (HHMMSSMSS)
   Remove HSE488B.cal Data
   Length of dataset prior to removal 510 long
Eliminate data between: [(2.21719504e+08,), (2.21832285e+08,)] (HHMMSSMSS)
   Remove HSE488B.cal Data
   Length of dataset prior to removal 469 long
Eliminate data between: [(2.20104805e+08,), (2.20203408e+08,)] (HHMMSSMSS)
   Remove HSE488B.cal Data
   Length of dataset prior to removal 387 long
Eliminate data between: [(2.20303907e+08,), (2.20402469e+08,)] (HHMMSSMSS)
   Remove HSE488B.cal Data
   Length of dataset prior to removal 387 long
Eliminate data between: [(2.20551297e+08,), (2.20650057e+08,)] (HHMMSSMSS)
   Remove HSE488B.cal Data
   Length of dataset prior to removal 387 long
Eliminate data between: [(2.20712266e+08,), (2.20810891e+08,)] (HHMMSSMSS)
   Remove HSE488B.cal Data
   Length of dataset prior to removal 387 long
Eliminate data between: [(2.20853255e+08,), (2.20951696e+08,)] (HHMMSSMSS)
   Remove HSE488B.cal Data
   Length of dataset prior to removal 382 long
Eliminate data between: [(2.21719504e+08,), (2.21818124e+08,)] (HHMMSSMSS)
   Remove HSE488B.cal Data
   Length of dataset prior to removal 382 long
Eliminate data between: [(2.21834325e+08,), (2.2193295e+08,)] (HHMMSSMSS)
   Remove HSE488B.cal Data
   Length of dataset prior to removal 382 long
Eliminate data between: [(2.21947003e+08,), (2.22045712e+08,)] (HHMMSSMSS)
   Remove HSE488B.cal Data
   Length of dataset prior to removal 319 long
Eliminate data between: [(2.22059757e+08,), (2.22158372e+08,)] (HHMMSSMSS)
   Remove HSE488B.cal Data
   Length of dataset prior to removal 254 long
Eliminate data between: [(2.22214585e+08,), (2.22313197e+08,)] (HHMMSSMSS)
   Remove HSE488B.cal Data
   Length of dataset prior to removal 189 long
Eliminate data between: [(2.22329286e+08,), (2.22427884e+08,)] (HHMMSSMSS)
   Remove HSE488B.cal Data
   Length of dataset prior to removal 127 long
Eliminate data between: [(2.22444097e+08,), (2.22542688e+08,)] (HHMMSSMSS)
   Remove HSE488B.cal Data
   Length of dataset prior to removal 66 long
Eliminate data between: [(2.22627096e+08,), (2.22725538e+08,)] (HHMMSSMSS)
   Remove HSE488B.cal Data
   Length of dataset prior to removal 6 long
Data end   6 long, a loss of 99%
Eliminate data between: [(2.20000061e+08,), (2.2061353e+08,)] (HHMMSSMSS)
   Remove HSL385B.cal Data
   Length of dataset prior to removal 906 long
Eliminate data between: [(2.20656065e+08,), (2.20658105e+08,)] (HHMMSSMSS)
   Remove HSL385B.cal Data
   Length of dataset prior to removal 705 long
Eliminate data between: [(2.20718293e+08,), (2.20812933e+08,)] (HHMMSSMSS)
   Remove HSL385B.cal Data
   Length of dataset prior to removal 705 long
Eliminate data between: [(2.21219047e+08,), (2.21219047e+08,)] (HHMMSSMSS)
   Remove HSL385B.cal Data
   Length of dataset prior to removal 627 long
Eliminate data between: [(2.21223013e+08,), (2.21223013e+08,)] (HHMMSSMSS)
   Remove HSL385B.cal Data
   Length of dataset prior to removal 627 long
Eliminate data between: [(2.21227097e+08,), (2.21446229e+08,)] (HHMMSSMSS)
   Remove HSL385B.cal Data
   Length of dataset prior to removal 627 long
Eliminate data between: [(2.21450313e+08,), (2.21450313e+08,)] (HHMMSSMSS)
   Remove HSL385B.cal Data
   Length of dataset prior to removal 627 long
Eliminate data between: [(2.20000061e+08,), (2.20301867e+08,)] (HHMMSSMSS)
   Remove HSL385B.cal Data
   Length of dataset prior to removal 627 long
Eliminate data between: [(2.20551297e+08,), (2.20710226e+08,)] (HHMMSSMSS)
   Remove HSL385B.cal Data
   Length of dataset prior to removal 627 long
Eliminate data between: [(2.21719504e+08,), (2.21832285e+08,)] (HHMMSSMSS)
   Remove HSL385B.cal Data
   Length of dataset prior to removal 571 long
Eliminate data between: [(2.20104805e+08,), (2.20203408e+08,)] (HHMMSSMSS)
   Remove HSL385B.cal Data
   Length of dataset prior to removal 503 long
Eliminate data between: [(2.20303907e+08,), (2.20402469e+08,)] (HHMMSSMSS)
   Remove HSL385B.cal Data
   Length of dataset prior to removal 503 long
Eliminate data between: [(2.20551297e+08,), (2.20650057e+08,)] (HHMMSSMSS)
   Remove HSL385B.cal Data
   Length of dataset prior to removal 503 long
Eliminate data between: [(2.20712266e+08,), (2.20810891e+08,)] (HHMMSSMSS)
   Remove HSL385B.cal Data
   Length of dataset prior to removal 503 long
Eliminate data between: [(2.20853255e+08,), (2.20951696e+08,)] (HHMMSSMSS)
   Remove HSL385B.cal Data
   Length of dataset prior to removal 498 long
Eliminate data between: [(2.21719504e+08,), (2.21818124e+08,)] (HHMMSSMSS)
   Remove HSL385B.cal Data
   Length of dataset prior to removal 498 long
Eliminate data between: [(2.21834325e+08,), (2.2193295e+08,)] (HHMMSSMSS)
   Remove HSL385B.cal Data
   Length of dataset prior to removal 498 long
Eliminate data between: [(2.21947003e+08,), (2.22045712e+08,)] (HHMMSSMSS)
   Remove HSL385B.cal Data
   Length of dataset prior to removal 415 long
Eliminate data between: [(2.22059757e+08,), (2.22158372e+08,)] (HHMMSSMSS)
   Remove HSL385B.cal Data
   Length of dataset prior to removal 334 long
Eliminate data between: [(2.22214585e+08,), (2.22313197e+08,)] (HHMMSSMSS)
   Remove HSL385B.cal Data
   Length of dataset prior to removal 254 long
Eliminate data between: [(2.22329286e+08,), (2.22427884e+08,)] (HHMMSSMSS)
   Remove HSL385B.cal Data
   Length of dataset prior to removal 172 long
Eliminate data between: [(2.22444097e+08,), (2.22542688e+08,)] (HHMMSSMSS)
   Remove HSL385B.cal Data
   Length of dataset prior to removal 93 long
Eliminate data between: [(2.22627096e+08,), (2.22725538e+08,)] (HHMMSSMSS)
   Remove HSL385B.cal Data
   Length of dataset prior to removal 10 long
Data end   10 long, a loss of 99%
Eliminate data between: [(2.20000061e+08,), (2.2061353e+08,)] (HHMMSSMSS)
   Remove HSL386B.cal Data
   Length of dataset prior to removal 207 long
Eliminate data between: [(2.20656065e+08,), (2.20658105e+08,)] (HHMMSSMSS)
   Remove HSL386B.cal Data
   Length of dataset prior to removal 160 long
Eliminate data between: [(2.20718293e+08,), (2.20812933e+08,)] (HHMMSSMSS)
   Remove HSL386B.cal Data
   Length of dataset prior to removal 160 long
Eliminate data between: [(2.21219047e+08,), (2.21219047e+08,)] (HHMMSSMSS)
   Remove HSL386B.cal Data
   Length of dataset prior to removal 144 long
Eliminate data between: [(2.21223013e+08,), (2.21223013e+08,)] (HHMMSSMSS)
   Remove HSL386B.cal Data
   Length of dataset prior to removal 144 long
Eliminate data between: [(2.21227097e+08,), (2.21446229e+08,)] (HHMMSSMSS)
   Remove HSL386B.cal Data
   Length of dataset prior to removal 144 long
Eliminate data between: [(2.21450313e+08,), (2.21450313e+08,)] (HHMMSSMSS)
   Remove HSL386B.cal Data
   Length of dataset prior to removal 144 long
Eliminate data between: [(2.20000061e+08,), (2.20301867e+08,)] (HHMMSSMSS)
   Remove HSL386B.cal Data
   Length of dataset prior to removal 144 long
Eliminate data between: [(2.20551297e+08,), (2.20710226e+08,)] (HHMMSSMSS)
   Remove HSL386B.cal Data
   Length of dataset prior to removal 144 long
Eliminate data between: [(2.21719504e+08,), (2.21832285e+08,)] (HHMMSSMSS)
   Remove HSL386B.cal Data
   Length of dataset prior to removal 134 long
Eliminate data between: [(2.20104805e+08,), (2.20203408e+08,)] (HHMMSSMSS)
   Remove HSL386B.cal Data
   Length of dataset prior to removal 116 long
Eliminate data between: [(2.20303907e+08,), (2.20402469e+08,)] (HHMMSSMSS)
   Remove HSL386B.cal Data
   Length of dataset prior to removal 116 long
Eliminate data between: [(2.20551297e+08,), (2.20650057e+08,)] (HHMMSSMSS)
   Remove HSL386B.cal Data
   Length of dataset prior to removal 116 long
Eliminate data between: [(2.20712266e+08,), (2.20810891e+08,)] (HHMMSSMSS)
   Remove HSL386B.cal Data
   Length of dataset prior to removal 116 long
Eliminate data between: [(2.20853255e+08,), (2.20951696e+08,)] (HHMMSSMSS)
   Remove HSL386B.cal Data
   Length of dataset prior to removal 113 long
Eliminate data between: [(2.21719504e+08,), (2.21818124e+08,)] (HHMMSSMSS)
   Remove HSL386B.cal Data
   Length of dataset prior to removal 113 long
Eliminate data between: [(2.21834325e+08,), (2.2193295e+08,)] (HHMMSSMSS)
   Remove HSL386B.cal Data
   Length of dataset prior to removal 113 long
Eliminate data between: [(2.21947003e+08,), (2.22045712e+08,)] (HHMMSSMSS)
   Remove HSL386B.cal Data
   Length of dataset prior to removal 95 long
Eliminate data between: [(2.22059757e+08,), (2.22158372e+08,)] (HHMMSSMSS)
   Remove HSL386B.cal Data
   Length of dataset prior to removal 77 long
Eliminate data between: [(2.22214585e+08,), (2.22313197e+08,)] (HHMMSSMSS)
   Remove HSL386B.cal Data
   Length of dataset prior to removal 59 long
Eliminate data between: [(2.22329286e+08,), (2.22427884e+08,)] (HHMMSSMSS)
   Remove HSL386B.cal Data
   Length of dataset prior to removal 40 long
Eliminate data between: [(2.22444097e+08,), (2.22542688e+08,)] (HHMMSSMSS)
   Remove HSL386B.cal Data
   Length of dataset prior to removal 21 long
Eliminate data between: [(2.22627096e+08,), (2.22725538e+08,)] (HHMMSSMSS)
   Remove HSL386B.cal Data
   Length of dataset prior to removal 0 long
Data end   0 long, a loss of 100%
Eliminate data between: [(2.20000061e+08,), (2.2061353e+08,)] (HHMMSSMSS)
   Remove SATNAV0001A.tdf Data
   Length of dataset prior to removal 1783 long
Eliminate data between: [(2.20656065e+08,), (2.20658105e+08,)] (HHMMSSMSS)
   Remove SATNAV0001A.tdf Data
   Length of dataset prior to removal 1597 long
Eliminate data between: [(2.20718293e+08,), (2.20812933e+08,)] (HHMMSSMSS)
   Remove SATNAV0001A.tdf Data
   Length of dataset prior to removal 1595 long
Eliminate data between: [(2.21219047e+08,), (2.21219047e+08,)] (HHMMSSMSS)
   Remove SATNAV0001A.tdf Data
   Length of dataset prior to removal 1567 long
Eliminate data between: [(2.21223013e+08,), (2.21223013e+08,)] (HHMMSSMSS)
   Remove SATNAV0001A.tdf Data
   Length of dataset prior to removal 1566 long
Eliminate data between: [(2.21227097e+08,), (2.21446229e+08,)] (HHMMSSMSS)
   Remove SATNAV0001A.tdf Data
   Length of dataset prior to removal 1565 long
Eliminate data between: [(2.21450313e+08,), (2.21450313e+08,)] (HHMMSSMSS)
   Remove SATNAV0001A.tdf Data
   Length of dataset prior to removal 1495 long
Eliminate data between: [(2.20000061e+08,), (2.20301867e+08,)] (HHMMSSMSS)
   Remove SATNAV0001A.tdf Data
   Length of dataset prior to removal 1494 long
Eliminate data between: [(2.20551297e+08,), (2.20710226e+08,)] (HHMMSSMSS)
   Remove SATNAV0001A.tdf Data
   Length of dataset prior to removal 1494 long
Eliminate data between: [(2.21719504e+08,), (2.21832285e+08,)] (HHMMSSMSS)
   Remove SATNAV0001A.tdf Data
   Length of dataset prior to removal 1468 long
Eliminate data between: [(2.20104805e+08,), (2.20203408e+08,)] (HHMMSSMSS)
   Remove SATNAV0001A.tdf Data
   Length of dataset prior to removal 1431 long
Eliminate data between: [(2.20303907e+08,), (2.20402469e+08,)] (HHMMSSMSS)
   Remove SATNAV0001A.tdf Data
   Length of dataset prior to removal 1431 long
Eliminate data between: [(2.20551297e+08,), (2.20650057e+08,)] (HHMMSSMSS)
   Remove SATNAV0001A.tdf Data
   Length of dataset prior to removal 1431 long
Eliminate data between: [(2.20712266e+08,), (2.20810891e+08,)] (HHMMSSMSS)
   Remove SATNAV0001A.tdf Data
   Length of dataset prior to removal 1431 long
Eliminate data between: [(2.20853255e+08,), (2.20951696e+08,)] (HHMMSSMSS)
   Remove SATNAV0001A.tdf Data
   Length of dataset prior to removal 1428 long
Eliminate data between: [(2.21719504e+08,), (2.21818124e+08,)] (HHMMSSMSS)
   Remove SATNAV0001A.tdf Data
   Length of dataset prior to removal 1398 long
Eliminate data between: [(2.21834325e+08,), (2.2193295e+08,)] (HHMMSSMSS)
   Remove SATNAV0001A.tdf Data
   Length of dataset prior to removal 1398 long
Eliminate data between: [(2.21947003e+08,), (2.22045712e+08,)] (HHMMSSMSS)
   Remove SATNAV0001A.tdf Data
   Length of dataset prior to removal 1368 long
Eliminate data between: [(2.22059757e+08,), (2.22158372e+08,)] (HHMMSSMSS)
   Remove SATNAV0001A.tdf Data
   Length of dataset prior to removal 1338 long
Eliminate data between: [(2.22214585e+08,), (2.22313197e+08,)] (HHMMSSMSS)
   Remove SATNAV0001A.tdf Data
   Length of dataset prior to removal 1308 long
Eliminate data between: [(2.22329286e+08,), (2.22427884e+08,)] (HHMMSSMSS)
   Remove SATNAV0001A.tdf Data
   Length of dataset prior to removal 1278 long
Eliminate data between: [(2.22444097e+08,), (2.22542688e+08,)] (HHMMSSMSS)
   Remove SATNAV0001A.tdf Data
   Length of dataset prior to removal 1248 long
Eliminate data between: [(2.22627096e+08,), (2.22725538e+08,)] (HHMMSSMSS)
   Remove SATNAV0001A.tdf Data
   Length of dataset prior to removal 1218 long
Data end   1188 long, a loss of 33%
Eliminate data between: [(2.20000061e+08,), (2.2061353e+08,)] (HHMMSSMSS)
   Remove SATPYR.tdf Data
   Length of dataset prior to removal 57 long
Eliminate data between: [(2.20656065e+08,), (2.20658105e+08,)] (HHMMSSMSS)
   Remove SATPYR.tdf Data
   Length of dataset prior to removal 43 long
Eliminate data between: [(2.20718293e+08,), (2.20812933e+08,)] (HHMMSSMSS)
   Remove SATPYR.tdf Data
   Length of dataset prior to removal 43 long
Eliminate data between: [(2.21219047e+08,), (2.21219047e+08,)] (HHMMSSMSS)
   Remove SATPYR.tdf Data
   Length of dataset prior to removal 38 long
Eliminate data between: [(2.21223013e+08,), (2.21223013e+08,)] (HHMMSSMSS)
   Remove SATPYR.tdf Data
   Length of dataset prior to removal 38 long
Eliminate data between: [(2.21227097e+08,), (2.21446229e+08,)] (HHMMSSMSS)
   Remove SATPYR.tdf Data
   Length of dataset prior to removal 38 long
Eliminate data between: [(2.21450313e+08,), (2.21450313e+08,)] (HHMMSSMSS)
   Remove SATPYR.tdf Data
   Length of dataset prior to removal 38 long
Eliminate data between: [(2.20000061e+08,), (2.20301867e+08,)] (HHMMSSMSS)
   Remove SATPYR.tdf Data
   Length of dataset prior to removal 38 long
Eliminate data between: [(2.20551297e+08,), (2.20710226e+08,)] (HHMMSSMSS)
   Remove SATPYR.tdf Data
   Length of dataset prior to removal 38 long
Eliminate data between: [(2.21719504e+08,), (2.21832285e+08,)] (HHMMSSMSS)
   Remove SATPYR.tdf Data
   Length of dataset prior to removal 35 long
Eliminate data between: [(2.20104805e+08,), (2.20203408e+08,)] (HHMMSSMSS)
   Remove SATPYR.tdf Data
   Length of dataset prior to removal 30 long
Eliminate data between: [(2.20303907e+08,), (2.20402469e+08,)] (HHMMSSMSS)
   Remove SATPYR.tdf Data
   Length of dataset prior to removal 30 long
Eliminate data between: [(2.20551297e+08,), (2.20650057e+08,)] (HHMMSSMSS)
   Remove SATPYR.tdf Data
   Length of dataset prior to removal 30 long
Eliminate data between: [(2.20712266e+08,), (2.20810891e+08,)] (HHMMSSMSS)
   Remove SATPYR.tdf Data
   Length of dataset prior to removal 30 long
Eliminate data between: [(2.20853255e+08,), (2.20951696e+08,)] (HHMMSSMSS)
   Remove SATPYR.tdf Data
   Length of dataset prior to removal 30 long
Eliminate data between: [(2.21719504e+08,), (2.21818124e+08,)] (HHMMSSMSS)
   Remove SATPYR.tdf Data
   Length of dataset prior to removal 30 long
Eliminate data between: [(2.21834325e+08,), (2.2193295e+08,)] (HHMMSSMSS)
   Remove SATPYR.tdf Data
   Length of dataset prior to removal 30 long
Eliminate data between: [(2.21947003e+08,), (2.22045712e+08,)] (HHMMSSMSS)
   Remove SATPYR.tdf Data
   Length of dataset prior to removal 25 long
Eliminate data between: [(2.22059757e+08,), (2.22158372e+08,)] (HHMMSSMSS)
   Remove SATPYR.tdf Data
   Length of dataset prior to removal 20 long
Eliminate data between: [(2.22214585e+08,), (2.22313197e+08,)] (HHMMSSMSS)
   Remove SATPYR.tdf Data
   Length of dataset prior to removal 15 long
Eliminate data between: [(2.22329286e+08,), (2.22427884e+08,)] (HHMMSSMSS)
   Remove SATPYR.tdf Data
   Length of dataset prior to removal 10 long
Eliminate data between: [(2.22444097e+08,), (2.22542688e+08,)] (HHMMSSMSS)
   Remove SATPYR.tdf Data
   Length of dataset prior to removal 5 long
Eliminate data between: [(2.22627096e+08,), (2.22725538e+08,)] (HHMMSSMSS)
   Remove SATPYR.tdf Data
   Length of dataset prior to removal 0 long
Data end   0 long, a loss of 100%
L2 processing failed. Nothing to output.
