ProcessL2s: /Users/daurin/Projects_Supplemental/HyperPACE/Field_Data/Processed/KORUS/L2/1614205_L2.hdf
   Flag data from TT2: (45958331.,) to (50900993.,)(HHMMSSMSS)
   Flag data from TT2: (51428401.,) to (51428401.,)(HHMMSSMSS)
   Flag data from TT2: (51436441.,) to (51436441.,)(HHMMSSMSS)
   Flag data from TT2: (51553247.,) to (51931063.,)(HHMMSSMSS)
   Flag data from TT2: (51939103.,) to (51947265.,)(HHMMSSMSS)
   Flag data from TT2: (51951262.,) to (52128369.,)(HHMMSSMSS)
   Flag data from TT2: (52134424.,) to (52138424.,)(HHMMSSMSS)
   Flag data from TT2: (52200740.,) to (53406917.,)(HHMMSSMSS)
   Flag data from TT2: (53414958.,) to (53531745.,)(HHMMSSMSS)
   Flag data from TT2: (54819798.,) to (55539506.,)(HHMMSSMSS)
   Flag data from TT2: (55654383.,) to (55654383.,)(HHMMSSMSS)
   Flag data from TT2: (55706516.,) to (55706516.,)(HHMMSSMSS)
   Flag data from TT2: (55710512.,) to (55718645.,)(HHMMSSMSS)
   Flag data from TT2: (55722646.,) to (55728708.,)(HHMMSSMSS)
   Flag data from TT2: (55732836.,) to (55750955.,)(HHMMSSMSS)
   Flag data from TT2: (55833416.,) to (55833416.,)(HHMMSSMSS)
   Flag data from TT2: (55837530.,) to (55837530.,)(HHMMSSMSS)
   Flag data from TT2: (55843583.,) to (55843583.,)(HHMMSSMSS)
   Flag data from TT2: (55847571.,) to (55849628.,)(HHMMSSMSS)
   Flag data from TT2: (55853616.,) to (55905788.,)(HHMMSSMSS)
Percentage of SATNAV data out of Solar Azimuth bounds: 61%
Filtering file for bad Absolute Rotator Angle
   Flag data from TT2: (51442561.,) to (51625527.,)(HHMMSSMSS)
   Flag data from TT2: (51943184.,) to (52230981.,)(HHMMSSMSS)
   Flag data from TT2: (53422998.,) to (53539905.,)(HHMMSSMSS)
   Flag data from TT2: (54709142.,) to (54852080.,)(HHMMSSMSS)
   Flag data from TT2: (55553666.,) to (55758996.,)(HHMMSSMSS)
Percentage of SATNAV data out of Absolute Rotator bounds: 16%
Filtering file for Rotator Delay
   Flag data from TT2: (50939304.,) to (51037937.,)(HHMMSSMSS)
   Flag data from TT2: (51056066.,) to (51154723.,)(HHMMSSMSS)
   Flag data from TT2: (51212975.,) to (51311627.,)(HHMMSSMSS)
   Flag data from TT2: (51327710.,) to (51426354.,)(HHMMSSMSS)
   Flag data from TT2: (51442561.,) to (51541118.,)(HHMMSSMSS)
   Flag data from TT2: (51627567.,) to (51726006.,)(HHMMSSMSS)
   Flag data from TT2: (51943184.,) to (52041824.,)(HHMMSSMSS)
   Flag data from TT2: (52233020.,) to (52331462.,)(HHMMSSMSS)
   Flag data from TT2: (53422998.,) to (53521664.,)(HHMMSSMSS)
   Flag data from TT2: (53541825.,) to (53640432.,)(HHMMSSMSS)
   Flag data from TT2: (53811466.,) to (53910076.,)(HHMMSSMSS)
   Flag data from TT2: (53942405.,) to (54041115.,)(HHMMSSMSS)
   Flag data from TT2: (54057218.,) to (54155914.,)(HHMMSSMSS)
   Flag data from TT2: (54212001.,) to (54310723.,)(HHMMSSMSS)
   Flag data from TT2: (54326818.,) to (54425418.,)(HHMMSSMSS)
   Flag data from TT2: (54439600.,) to (54538173.,)(HHMMSSMSS)
   Flag data from TT2: (54554378.,) to (54652932.,)(HHMMSSMSS)
   Flag data from TT2: (54709142.,) to (54807791.,)(HHMMSSMSS)
   Flag data from TT2: (54854120.,) to (54952561.,)(HHMMSSMSS)
   Flag data from TT2: (55553666.,) to (55652323.,)(HHMMSSMSS)
   Flag data from TT2: (55801036.,) to (55859777.,)(HHMMSSMSS)
Percentage of SATNAV data out of Rotator Delay bounds: 37%
Eliminate combined filtered data from datasets.__________________________________
Eliminate data between: [(45958331.,), (50900993.,)] (HHMMSSMSS)
   Remove GPS Data
   Length of dataset prior to removal 1784 long
Eliminate data between: [(51428401.,), (51428401.,)] (HHMMSSMSS)
   Length of dataset prior to removal 1515 long
Eliminate data between: [(51436441.,), (51436441.,)] (HHMMSSMSS)
   Length of dataset prior to removal 1515 long
Eliminate data between: [(51553247.,), (51931063.,)] (HHMMSSMSS)
   Length of dataset prior to removal 1515 long
Eliminate data between: [(51939103.,), (51947265.,)] (HHMMSSMSS)
   Length of dataset prior to removal 1407 long
Eliminate data between: [(51951262.,), (52128369.,)] (HHMMSSMSS)
   Length of dataset prior to removal 1403 long
Eliminate data between: [(52134424.,), (52138424.,)] (HHMMSSMSS)
   Length of dataset prior to removal 1355 long
Eliminate data between: [(52200740.,), (53406917.,)] (HHMMSSMSS)
   Length of dataset prior to removal 1353 long
Eliminate data between: [(53414958.,), (53531745.,)] (HHMMSSMSS)
   Length of dataset prior to removal 993 long
Eliminate data between: [(54819798.,), (55539506.,)] (HHMMSSMSS)
   Length of dataset prior to removal 954 long
Eliminate data between: [(55654383.,), (55654383.,)] (HHMMSSMSS)
   Length of dataset prior to removal 736 long
Eliminate data between: [(55706516.,), (55706516.,)] (HHMMSSMSS)
   Length of dataset prior to removal 736 long
Eliminate data between: [(55710512.,), (55718645.,)] (HHMMSSMSS)
   Length of dataset prior to removal 736 long
Eliminate data between: [(55722646.,), (55728708.,)] (HHMMSSMSS)
   Length of dataset prior to removal 732 long
Eliminate data between: [(55732836.,), (55750955.,)] (HHMMSSMSS)
   Length of dataset prior to removal 729 long
Eliminate data between: [(55833416.,), (55833416.,)] (HHMMSSMSS)
   Length of dataset prior to removal 720 long
Eliminate data between: [(55837530.,), (55837530.,)] (HHMMSSMSS)
   Length of dataset prior to removal 720 long
Eliminate data between: [(55843583.,), (55843583.,)] (HHMMSSMSS)
   Length of dataset prior to removal 720 long
Eliminate data between: [(55847571.,), (55849628.,)] (HHMMSSMSS)
   Length of dataset prior to removal 720 long
Eliminate data between: [(55853616.,), (55905788.,)] (HHMMSSMSS)
   Length of dataset prior to removal 719 long
Eliminate data between: [(51442561.,), (51625527.,)] (HHMMSSMSS)
   Length of dataset prior to removal 713 long
Eliminate data between: [(51943184.,), (52230981.,)] (HHMMSSMSS)
   Length of dataset prior to removal 678 long
Eliminate data between: [(53422998.,), (53539905.,)] (HHMMSSMSS)
   Length of dataset prior to removal 662 long
Eliminate data between: [(54709142.,), (54852080.,)] (HHMMSSMSS)
   Length of dataset prior to removal 658 long
Eliminate data between: [(55553666.,), (55758996.,)] (HHMMSSMSS)
   Length of dataset prior to removal 623 long
Eliminate data between: [(50939304.,), (51037937.,)] (HHMMSSMSS)
   Length of dataset prior to removal 577 long
Eliminate data between: [(51056066.,), (51154723.,)] (HHMMSSMSS)
   Length of dataset prior to removal 548 long
Eliminate data between: [(51212975.,), (51311627.,)] (HHMMSSMSS)
   Length of dataset prior to removal 519 long
Eliminate data between: [(51327710.,), (51426354.,)] (HHMMSSMSS)
   Length of dataset prior to removal 490 long
Eliminate data between: [(51442561.,), (51541118.,)] (HHMMSSMSS)
   Length of dataset prior to removal 461 long
Eliminate data between: [(51627567.,), (51726006.,)] (HHMMSSMSS)
   Length of dataset prior to removal 461 long
Eliminate data between: [(51943184.,), (52041824.,)] (HHMMSSMSS)
   Length of dataset prior to removal 461 long
Eliminate data between: [(52233020.,), (52331462.,)] (HHMMSSMSS)
   Length of dataset prior to removal 461 long
Eliminate data between: [(53422998.,), (53521664.,)] (HHMMSSMSS)
   Length of dataset prior to removal 461 long
Eliminate data between: [(53541825.,), (53640432.,)] (HHMMSSMSS)
   Length of dataset prior to removal 461 long
Eliminate data between: [(53811466.,), (53910076.,)] (HHMMSSMSS)
   Length of dataset prior to removal 432 long
Eliminate data between: [(53942405.,), (54041115.,)] (HHMMSSMSS)
   Length of dataset prior to removal 403 long
Eliminate data between: [(54057218.,), (54155914.,)] (HHMMSSMSS)
   Length of dataset prior to removal 374 long
Eliminate data between: [(54212001.,), (54310723.,)] (HHMMSSMSS)
   Length of dataset prior to removal 345 long
Eliminate data between: [(54326818.,), (54425418.,)] (HHMMSSMSS)
   Length of dataset prior to removal 316 long
Eliminate data between: [(54439600.,), (54538173.,)] (HHMMSSMSS)
   Length of dataset prior to removal 287 long
Eliminate data between: [(54554378.,), (54652932.,)] (HHMMSSMSS)
   Length of dataset prior to removal 258 long
Eliminate data between: [(54709142.,), (54807791.,)] (HHMMSSMSS)
   Length of dataset prior to removal 229 long
Eliminate data between: [(54854120.,), (54952561.,)] (HHMMSSMSS)
   Length of dataset prior to removal 229 long
Eliminate data between: [(55553666.,), (55652323.,)] (HHMMSSMSS)
   Length of dataset prior to removal 229 long
Eliminate data between: [(55801036.,), (55859777.,)] (HHMMSSMSS)
   Length of dataset prior to removal 229 long
Data end   204 long, a loss of 89%
Eliminate data between: [(45958331.,), (50900993.,)] (HHMMSSMSS)
   Remove HSE488B.cal Data
   Length of dataset prior to removal 1530 long
Eliminate data between: [(51428401.,), (51428401.,)] (HHMMSSMSS)
   Remove HSE488B.cal Data
   Length of dataset prior to removal 1530 long
Eliminate data between: [(51436441.,), (51436441.,)] (HHMMSSMSS)
   Remove HSE488B.cal Data
   Length of dataset prior to removal 1530 long
Eliminate data between: [(51553247.,), (51931063.,)] (HHMMSSMSS)
   Remove HSE488B.cal Data
   Length of dataset prior to removal 1530 long
Eliminate data between: [(51939103.,), (51947265.,)] (HHMMSSMSS)
   Remove HSE488B.cal Data
   Length of dataset prior to removal 1530 long
Eliminate data between: [(51951262.,), (52128369.,)] (HHMMSSMSS)
   Remove HSE488B.cal Data
   Length of dataset prior to removal 1529 long
Eliminate data between: [(52134424.,), (52138424.,)] (HHMMSSMSS)
   Remove HSE488B.cal Data
   Length of dataset prior to removal 1408 long
Eliminate data between: [(52200740.,), (53406917.,)] (HHMMSSMSS)
   Remove HSE488B.cal Data
   Length of dataset prior to removal 1404 long
Eliminate data between: [(53414958.,), (53531745.,)] (HHMMSSMSS)
   Remove HSE488B.cal Data
   Length of dataset prior to removal 1404 long
Eliminate data between: [(54819798.,), (55539506.,)] (HHMMSSMSS)
   Remove HSE488B.cal Data
   Length of dataset prior to removal 1337 long
Eliminate data between: [(55654383.,), (55654383.,)] (HHMMSSMSS)
   Remove HSE488B.cal Data
   Length of dataset prior to removal 1337 long
Eliminate data between: [(55706516.,), (55706516.,)] (HHMMSSMSS)
   Remove HSE488B.cal Data
   Length of dataset prior to removal 1337 long
Eliminate data between: [(55710512.,), (55718645.,)] (HHMMSSMSS)
   Remove HSE488B.cal Data
   Length of dataset prior to removal 1337 long
Eliminate data between: [(55722646.,), (55728708.,)] (HHMMSSMSS)
   Remove HSE488B.cal Data
   Length of dataset prior to removal 1327 long
Eliminate data between: [(55732836.,), (55750955.,)] (HHMMSSMSS)
   Remove HSE488B.cal Data
   Length of dataset prior to removal 1318 long
Eliminate data between: [(55833416.,), (55833416.,)] (HHMMSSMSS)
   Remove HSE488B.cal Data
   Length of dataset prior to removal 1303 long
Eliminate data between: [(55837530.,), (55837530.,)] (HHMMSSMSS)
   Remove HSE488B.cal Data
   Length of dataset prior to removal 1303 long
Eliminate data between: [(55843583.,), (55843583.,)] (HHMMSSMSS)
   Remove HSE488B.cal Data
   Length of dataset prior to removal 1303 long
Eliminate data between: [(55847571.,), (55849628.,)] (HHMMSSMSS)
   Remove HSE488B.cal Data
   Length of dataset prior to removal 1303 long
Eliminate data between: [(55853616.,), (55905788.,)] (HHMMSSMSS)
   Remove HSE488B.cal Data
   Length of dataset prior to removal 1299 long
Eliminate data between: [(51442561.,), (51625527.,)] (HHMMSSMSS)
   Remove HSE488B.cal Data
   Length of dataset prior to removal 1292 long
Eliminate data between: [(51943184.,), (52230981.,)] (HHMMSSMSS)
   Remove HSE488B.cal Data
   Length of dataset prior to removal 1227 long
Eliminate data between: [(53422998.,), (53539905.,)] (HHMMSSMSS)
   Remove HSE488B.cal Data
   Length of dataset prior to removal 1204 long
Eliminate data between: [(54709142.,), (54852080.,)] (HHMMSSMSS)
   Remove HSE488B.cal Data
   Length of dataset prior to removal 1204 long
Eliminate data between: [(55553666.,), (55758996.,)] (HHMMSSMSS)
   Remove HSE488B.cal Data
   Length of dataset prior to removal 1133 long
Eliminate data between: [(50939304.,), (51037937.,)] (HHMMSSMSS)
   Remove HSE488B.cal Data
   Length of dataset prior to removal 1027 long
Eliminate data between: [(51056066.,), (51154723.,)] (HHMMSSMSS)
   Remove HSE488B.cal Data
   Length of dataset prior to removal 962 long
Eliminate data between: [(51212975.,), (51311627.,)] (HHMMSSMSS)
   Remove HSE488B.cal Data
   Length of dataset prior to removal 894 long
Eliminate data between: [(51327710.,), (51426354.,)] (HHMMSSMSS)
   Remove HSE488B.cal Data
   Length of dataset prior to removal 832 long
Eliminate data between: [(51442561.,), (51541118.,)] (HHMMSSMSS)
   Remove HSE488B.cal Data
   Length of dataset prior to removal 764 long
Eliminate data between: [(51627567.,), (51726006.,)] (HHMMSSMSS)
   Remove HSE488B.cal Data
   Length of dataset prior to removal 764 long
Eliminate data between: [(51943184.,), (52041824.,)] (HHMMSSMSS)
   Remove HSE488B.cal Data
   Length of dataset prior to removal 764 long
Eliminate data between: [(52233020.,), (52331462.,)] (HHMMSSMSS)
   Remove HSE488B.cal Data
   Length of dataset prior to removal 764 long
Eliminate data between: [(53422998.,), (53521664.,)] (HHMMSSMSS)
   Remove HSE488B.cal Data
   Length of dataset prior to removal 764 long
Eliminate data between: [(53541825.,), (53640432.,)] (HHMMSSMSS)
   Remove HSE488B.cal Data
   Length of dataset prior to removal 764 long
Eliminate data between: [(53811466.,), (53910076.,)] (HHMMSSMSS)
   Remove HSE488B.cal Data
   Length of dataset prior to removal 699 long
Eliminate data between: [(53942405.,), (54041115.,)] (HHMMSSMSS)
   Remove HSE488B.cal Data
   Length of dataset prior to removal 636 long
Eliminate data between: [(54057218.,), (54155914.,)] (HHMMSSMSS)
   Remove HSE488B.cal Data
   Length of dataset prior to removal 572 long
Eliminate data between: [(54212001.,), (54310723.,)] (HHMMSSMSS)
   Remove HSE488B.cal Data
   Length of dataset prior to removal 511 long
Eliminate data between: [(54326818.,), (54425418.,)] (HHMMSSMSS)
   Remove HSE488B.cal Data
   Length of dataset prior to removal 433 long
Eliminate data between: [(54439600.,), (54538173.,)] (HHMMSSMSS)
   Remove HSE488B.cal Data
   Length of dataset prior to removal 366 long
Eliminate data between: [(54554378.,), (54652932.,)] (HHMMSSMSS)
   Remove HSE488B.cal Data
   Length of dataset prior to removal 287 long
Eliminate data between: [(54709142.,), (54807791.,)] (HHMMSSMSS)
   Remove HSE488B.cal Data
   Length of dataset prior to removal 219 long
Eliminate data between: [(54854120.,), (54952561.,)] (HHMMSSMSS)
   Remove HSE488B.cal Data
   Length of dataset prior to removal 219 long
Eliminate data between: [(55553666.,), (55652323.,)] (HHMMSSMSS)
   Remove HSE488B.cal Data
   Length of dataset prior to removal 219 long
Eliminate data between: [(55801036.,), (55859777.,)] (HHMMSSMSS)
   Remove HSE488B.cal Data
   Length of dataset prior to removal 219 long
Data end   162 long, a loss of 89%
Eliminate data between: [(45958331.,), (50900993.,)] (HHMMSSMSS)
   Remove HSL385B.cal Data
   Length of dataset prior to removal 1700 long
Eliminate data between: [(51428401.,), (51428401.,)] (HHMMSSMSS)
   Remove HSL385B.cal Data
   Length of dataset prior to removal 1700 long
Eliminate data between: [(51436441.,), (51436441.,)] (HHMMSSMSS)
   Remove HSL385B.cal Data
   Length of dataset prior to removal 1700 long
Eliminate data between: [(51553247.,), (51931063.,)] (HHMMSSMSS)
   Remove HSL385B.cal Data
   Length of dataset prior to removal 1700 long
Eliminate data between: [(51939103.,), (51947265.,)] (HHMMSSMSS)
   Remove HSL385B.cal Data
   Length of dataset prior to removal 1700 long
Eliminate data between: [(51951262.,), (52128369.,)] (HHMMSSMSS)
   Remove HSL385B.cal Data
   Length of dataset prior to removal 1700 long
Eliminate data between: [(52134424.,), (52138424.,)] (HHMMSSMSS)
   Remove HSL385B.cal Data
   Length of dataset prior to removal 1571 long
Eliminate data between: [(52200740.,), (53406917.,)] (HHMMSSMSS)
   Remove HSL385B.cal Data
   Length of dataset prior to removal 1565 long
Eliminate data between: [(53414958.,), (53531745.,)] (HHMMSSMSS)
   Remove HSL385B.cal Data
   Length of dataset prior to removal 1565 long
Eliminate data between: [(54819798.,), (55539506.,)] (HHMMSSMSS)
   Remove HSL385B.cal Data
   Length of dataset prior to removal 1489 long
Eliminate data between: [(55654383.,), (55654383.,)] (HHMMSSMSS)
   Remove HSL385B.cal Data
   Length of dataset prior to removal 1489 long
Eliminate data between: [(55706516.,), (55706516.,)] (HHMMSSMSS)
   Remove HSL385B.cal Data
   Length of dataset prior to removal 1489 long
Eliminate data between: [(55710512.,), (55718645.,)] (HHMMSSMSS)
   Remove HSL385B.cal Data
   Length of dataset prior to removal 1489 long
Eliminate data between: [(55722646.,), (55728708.,)] (HHMMSSMSS)
   Remove HSL385B.cal Data
   Length of dataset prior to removal 1477 long
Eliminate data between: [(55732836.,), (55750955.,)] (HHMMSSMSS)
   Remove HSL385B.cal Data
   Length of dataset prior to removal 1469 long
Eliminate data between: [(55833416.,), (55833416.,)] (HHMMSSMSS)
   Remove HSL385B.cal Data
   Length of dataset prior to removal 1455 long
Eliminate data between: [(55837530.,), (55837530.,)] (HHMMSSMSS)
   Remove HSL385B.cal Data
   Length of dataset prior to removal 1455 long
Eliminate data between: [(55843583.,), (55843583.,)] (HHMMSSMSS)
   Remove HSL385B.cal Data
   Length of dataset prior to removal 1455 long
Eliminate data between: [(55847571.,), (55849628.,)] (HHMMSSMSS)
   Remove HSL385B.cal Data
   Length of dataset prior to removal 1455 long
Eliminate data between: [(55853616.,), (55905788.,)] (HHMMSSMSS)
   Remove HSL385B.cal Data
   Length of dataset prior to removal 1451 long
Eliminate data between: [(51442561.,), (51625527.,)] (HHMMSSMSS)
   Remove HSL385B.cal Data
   Length of dataset prior to removal 1441 long
Eliminate data between: [(51943184.,), (52230981.,)] (HHMMSSMSS)
   Remove HSL385B.cal Data
   Length of dataset prior to removal 1366 long
Eliminate data between: [(53422998.,), (53539905.,)] (HHMMSSMSS)
   Remove HSL385B.cal Data
   Length of dataset prior to removal 1339 long
Eliminate data between: [(54709142.,), (54852080.,)] (HHMMSSMSS)
   Remove HSL385B.cal Data
   Length of dataset prior to removal 1339 long
Eliminate data between: [(55553666.,), (55758996.,)] (HHMMSSMSS)
   Remove HSL385B.cal Data
   Length of dataset prior to removal 1266 long
Eliminate data between: [(50939304.,), (51037937.,)] (HHMMSSMSS)
   Remove HSL385B.cal Data
   Length of dataset prior to removal 1161 long
Eliminate data between: [(51056066.,), (51154723.,)] (HHMMSSMSS)
   Remove HSL385B.cal Data
   Length of dataset prior to removal 1088 long
Eliminate data between: [(51212975.,), (51311627.,)] (HHMMSSMSS)
   Remove HSL385B.cal Data
   Length of dataset prior to removal 1014 long
Eliminate data between: [(51327710.,), (51426354.,)] (HHMMSSMSS)
   Remove HSL385B.cal Data
   Length of dataset prior to removal 938 long
Eliminate data between: [(51442561.,), (51541118.,)] (HHMMSSMSS)
   Remove HSL385B.cal Data
   Length of dataset prior to removal 863 long
Eliminate data between: [(51627567.,), (51726006.,)] (HHMMSSMSS)
   Remove HSL385B.cal Data
   Length of dataset prior to removal 863 long
Eliminate data between: [(51943184.,), (52041824.,)] (HHMMSSMSS)
   Remove HSL385B.cal Data
   Length of dataset prior to removal 863 long
Eliminate data between: [(52233020.,), (52331462.,)] (HHMMSSMSS)
   Remove HSL385B.cal Data
   Length of dataset prior to removal 863 long
Eliminate data between: [(53422998.,), (53521664.,)] (HHMMSSMSS)
   Remove HSL385B.cal Data
   Length of dataset prior to removal 863 long
Eliminate data between: [(53541825.,), (53640432.,)] (HHMMSSMSS)
   Remove HSL385B.cal Data
   Length of dataset prior to removal 863 long
Eliminate data between: [(53811466.,), (53910076.,)] (HHMMSSMSS)
   Remove HSL385B.cal Data
   Length of dataset prior to removal 780 long
Eliminate data between: [(53942405.,), (54041115.,)] (HHMMSSMSS)
   Remove HSL385B.cal Data
   Length of dataset prior to removal 696 long
Eliminate data between: [(54057218.,), (54155914.,)] (HHMMSSMSS)
   Remove HSL385B.cal Data
   Length of dataset prior to removal 616 long
Eliminate data between: [(54212001.,), (54310723.,)] (HHMMSSMSS)
   Remove HSL385B.cal Data
   Length of dataset prior to removal 536 long
Eliminate data between: [(54326818.,), (54425418.,)] (HHMMSSMSS)
   Remove HSL385B.cal Data
   Length of dataset prior to removal 471 long
Eliminate data between: [(54439600.,), (54538173.,)] (HHMMSSMSS)
   Remove HSL385B.cal Data
   Length of dataset prior to removal 388 long
Eliminate data between: [(54554378.,), (54652932.,)] (HHMMSSMSS)
   Remove HSL385B.cal Data
   Length of dataset prior to removal 324 long
Eliminate data between: [(54709142.,), (54807791.,)] (HHMMSSMSS)
   Remove HSL385B.cal Data
   Length of dataset prior to removal 248 long
Eliminate data between: [(54854120.,), (54952561.,)] (HHMMSSMSS)
   Remove HSL385B.cal Data
   Length of dataset prior to removal 248 long
Eliminate data between: [(55553666.,), (55652323.,)] (HHMMSSMSS)
   Remove HSL385B.cal Data
   Length of dataset prior to removal 248 long
Eliminate data between: [(55801036.,), (55859777.,)] (HHMMSSMSS)
   Remove HSL385B.cal Data
   Length of dataset prior to removal 248 long
Data end   185 long, a loss of 89%
Eliminate data between: [(45958331.,), (50900993.,)] (HHMMSSMSS)
   Remove HSL386B.cal Data
   Length of dataset prior to removal 652 long
Eliminate data between: [(51428401.,), (51428401.,)] (HHMMSSMSS)
   Remove HSL386B.cal Data
   Length of dataset prior to removal 652 long
Eliminate data between: [(51436441.,), (51436441.,)] (HHMMSSMSS)
   Remove HSL386B.cal Data
   Length of dataset prior to removal 652 long
Eliminate data between: [(51553247.,), (51931063.,)] (HHMMSSMSS)
   Remove HSL386B.cal Data
   Length of dataset prior to removal 652 long
Eliminate data between: [(51939103.,), (51947265.,)] (HHMMSSMSS)
   Remove HSL386B.cal Data
   Length of dataset prior to removal 652 long
Eliminate data between: [(51951262.,), (52128369.,)] (HHMMSSMSS)
   Remove HSL386B.cal Data
   Length of dataset prior to removal 652 long
Eliminate data between: [(52134424.,), (52138424.,)] (HHMMSSMSS)
   Remove HSL386B.cal Data
   Length of dataset prior to removal 589 long
Eliminate data between: [(52200740.,), (53406917.,)] (HHMMSSMSS)
   Remove HSL386B.cal Data
   Length of dataset prior to removal 587 long
Eliminate data between: [(53414958.,), (53531745.,)] (HHMMSSMSS)
   Remove HSL386B.cal Data
   Length of dataset prior to removal 587 long
Eliminate data between: [(54819798.,), (55539506.,)] (HHMMSSMSS)
   Remove HSL386B.cal Data
   Length of dataset prior to removal 553 long
Eliminate data between: [(55654383.,), (55654383.,)] (HHMMSSMSS)
   Remove HSL386B.cal Data
   Length of dataset prior to removal 553 long
Eliminate data between: [(55706516.,), (55706516.,)] (HHMMSSMSS)
   Remove HSL386B.cal Data
   Length of dataset prior to removal 553 long
Eliminate data between: [(55710512.,), (55718645.,)] (HHMMSSMSS)
   Remove HSL386B.cal Data
   Length of dataset prior to removal 553 long
Eliminate data between: [(55722646.,), (55728708.,)] (HHMMSSMSS)
   Remove HSL386B.cal Data
   Length of dataset prior to removal 547 long
Eliminate data between: [(55732836.,), (55750955.,)] (HHMMSSMSS)
   Remove HSL386B.cal Data
   Length of dataset prior to removal 543 long
Eliminate data between: [(55833416.,), (55833416.,)] (HHMMSSMSS)
   Remove HSL386B.cal Data
   Length of dataset prior to removal 537 long
Eliminate data between: [(55837530.,), (55837530.,)] (HHMMSSMSS)
   Remove HSL386B.cal Data
   Length of dataset prior to removal 537 long
Eliminate data between: [(55843583.,), (55843583.,)] (HHMMSSMSS)
   Remove HSL386B.cal Data
   Length of dataset prior to removal 536 long
Eliminate data between: [(55847571.,), (55849628.,)] (HHMMSSMSS)
   Remove HSL386B.cal Data
   Length of dataset prior to removal 536 long
Eliminate data between: [(55853616.,), (55905788.,)] (HHMMSSMSS)
   Remove HSL386B.cal Data
   Length of dataset prior to removal 535 long
Eliminate data between: [(51442561.,), (51625527.,)] (HHMMSSMSS)
   Remove HSL386B.cal Data
   Length of dataset prior to removal 533 long
Eliminate data between: [(51943184.,), (52230981.,)] (HHMMSSMSS)
   Remove HSL386B.cal Data
   Length of dataset prior to removal 497 long
Eliminate data between: [(53422998.,), (53539905.,)] (HHMMSSMSS)
   Remove HSL386B.cal Data
   Length of dataset prior to removal 485 long
Eliminate data between: [(54709142.,), (54852080.,)] (HHMMSSMSS)
   Remove HSL386B.cal Data
   Length of dataset prior to removal 485 long
Eliminate data between: [(55553666.,), (55758996.,)] (HHMMSSMSS)
   Remove HSL386B.cal Data
   Length of dataset prior to removal 451 long
Eliminate data between: [(50939304.,), (51037937.,)] (HHMMSSMSS)
   Remove HSL386B.cal Data
   Length of dataset prior to removal 397 long
Eliminate data between: [(51056066.,), (51154723.,)] (HHMMSSMSS)
   Remove HSL386B.cal Data
   Length of dataset prior to removal 363 long
Eliminate data between: [(51212975.,), (51311627.,)] (HHMMSSMSS)
   Remove HSL386B.cal Data
   Length of dataset prior to removal 329 long
Eliminate data between: [(51327710.,), (51426354.,)] (HHMMSSMSS)
   Remove HSL386B.cal Data
   Length of dataset prior to removal 294 long
Eliminate data between: [(51442561.,), (51541118.,)] (HHMMSSMSS)
   Remove HSL386B.cal Data
   Length of dataset prior to removal 260 long
Eliminate data between: [(51627567.,), (51726006.,)] (HHMMSSMSS)
   Remove HSL386B.cal Data
   Length of dataset prior to removal 260 long
Eliminate data between: [(51943184.,), (52041824.,)] (HHMMSSMSS)
   Remove HSL386B.cal Data
   Length of dataset prior to removal 260 long
Eliminate data between: [(52233020.,), (52331462.,)] (HHMMSSMSS)
   Remove HSL386B.cal Data
   Length of dataset prior to removal 260 long
Eliminate data between: [(53422998.,), (53521664.,)] (HHMMSSMSS)
   Remove HSL386B.cal Data
   Length of dataset prior to removal 260 long
Eliminate data between: [(53541825.,), (53640432.,)] (HHMMSSMSS)
   Remove HSL386B.cal Data
   Length of dataset prior to removal 260 long
Eliminate data between: [(53811466.,), (53910076.,)] (HHMMSSMSS)
   Remove HSL386B.cal Data
   Length of dataset prior to removal 239 long
Eliminate data between: [(53942405.,), (54041115.,)] (HHMMSSMSS)
   Remove HSL386B.cal Data
   Length of dataset prior to removal 218 long
Eliminate data between: [(54057218.,), (54155914.,)] (HHMMSSMSS)
   Remove HSL386B.cal Data
   Length of dataset prior to removal 199 long
Eliminate data between: [(54212001.,), (54310723.,)] (HHMMSSMSS)
   Remove HSL386B.cal Data
   Length of dataset prior to removal 181 long
Eliminate data between: [(54326818.,), (54425418.,)] (HHMMSSMSS)
   Remove HSL386B.cal Data
   Length of dataset prior to removal 162 long
Eliminate data between: [(54439600.,), (54538173.,)] (HHMMSSMSS)
   Remove HSL386B.cal Data
   Length of dataset prior to removal 143 long
Eliminate data between: [(54554378.,), (54652932.,)] (HHMMSSMSS)
   Remove HSL386B.cal Data
   Length of dataset prior to removal 124 long
Eliminate data between: [(54709142.,), (54807791.,)] (HHMMSSMSS)
   Remove HSL386B.cal Data
   Length of dataset prior to removal 88 long
Eliminate data between: [(54854120.,), (54952561.,)] (HHMMSSMSS)
   Remove HSL386B.cal Data
   Length of dataset prior to removal 88 long
Eliminate data between: [(55553666.,), (55652323.,)] (HHMMSSMSS)
   Remove HSL386B.cal Data
   Length of dataset prior to removal 88 long
Eliminate data between: [(55801036.,), (55859777.,)] (HHMMSSMSS)
   Remove HSL386B.cal Data
   Length of dataset prior to removal 88 long
Data end   57 long, a loss of 91%
Eliminate data between: [(45958331.,), (50900993.,)] (HHMMSSMSS)
   Remove SATNAV0001A.tdf Data
   Length of dataset prior to removal 1784 long
Eliminate data between: [(51428401.,), (51428401.,)] (HHMMSSMSS)
   Remove SATNAV0001A.tdf Data
   Length of dataset prior to removal 1514 long
Eliminate data between: [(51436441.,), (51436441.,)] (HHMMSSMSS)
   Remove SATNAV0001A.tdf Data
   Length of dataset prior to removal 1513 long
Eliminate data between: [(51553247.,), (51931063.,)] (HHMMSSMSS)
   Remove SATNAV0001A.tdf Data
   Length of dataset prior to removal 1512 long
Eliminate data between: [(51939103.,), (51947265.,)] (HHMMSSMSS)
   Remove SATNAV0001A.tdf Data
   Length of dataset prior to removal 1403 long
Eliminate data between: [(51951262.,), (52128369.,)] (HHMMSSMSS)
   Remove SATNAV0001A.tdf Data
   Length of dataset prior to removal 1398 long
Eliminate data between: [(52134424.,), (52138424.,)] (HHMMSSMSS)
   Remove SATNAV0001A.tdf Data
   Length of dataset prior to removal 1349 long
Eliminate data between: [(52200740.,), (53406917.,)] (HHMMSSMSS)
   Remove SATNAV0001A.tdf Data
   Length of dataset prior to removal 1346 long
Eliminate data between: [(53414958.,), (53531745.,)] (HHMMSSMSS)
   Remove SATNAV0001A.tdf Data
   Length of dataset prior to removal 985 long
Eliminate data between: [(54819798.,), (55539506.,)] (HHMMSSMSS)
   Remove SATNAV0001A.tdf Data
   Length of dataset prior to removal 946 long
Eliminate data between: [(55654383.,), (55654383.,)] (HHMMSSMSS)
   Remove SATNAV0001A.tdf Data
   Length of dataset prior to removal 727 long
Eliminate data between: [(55706516.,), (55706516.,)] (HHMMSSMSS)
   Remove SATNAV0001A.tdf Data
   Length of dataset prior to removal 726 long
Eliminate data between: [(55710512.,), (55718645.,)] (HHMMSSMSS)
   Remove SATNAV0001A.tdf Data
   Length of dataset prior to removal 725 long
Eliminate data between: [(55722646.,), (55728708.,)] (HHMMSSMSS)
   Remove SATNAV0001A.tdf Data
   Length of dataset prior to removal 720 long
Eliminate data between: [(55732836.,), (55750955.,)] (HHMMSSMSS)
   Remove SATNAV0001A.tdf Data
   Length of dataset prior to removal 716 long
Eliminate data between: [(55833416.,), (55833416.,)] (HHMMSSMSS)
   Remove SATNAV0001A.tdf Data
   Length of dataset prior to removal 706 long
Eliminate data between: [(55837530.,), (55837530.,)] (HHMMSSMSS)
   Remove SATNAV0001A.tdf Data
   Length of dataset prior to removal 705 long
Eliminate data between: [(55843583.,), (55843583.,)] (HHMMSSMSS)
   Remove SATNAV0001A.tdf Data
   Length of dataset prior to removal 704 long
Eliminate data between: [(55847571.,), (55849628.,)] (HHMMSSMSS)
   Remove SATNAV0001A.tdf Data
   Length of dataset prior to removal 703 long
Eliminate data between: [(55853616.,), (55905788.,)] (HHMMSSMSS)
   Remove SATNAV0001A.tdf Data
   Length of dataset prior to removal 701 long
Eliminate data between: [(51442561.,), (51625527.,)] (HHMMSSMSS)
   Remove SATNAV0001A.tdf Data
   Length of dataset prior to removal 694 long
Eliminate data between: [(51943184.,), (52230981.,)] (HHMMSSMSS)
   Remove SATNAV0001A.tdf Data
   Length of dataset prior to removal 659 long
Eliminate data between: [(53422998.,), (53539905.,)] (HHMMSSMSS)
   Remove SATNAV0001A.tdf Data
   Length of dataset prior to removal 646 long
Eliminate data between: [(54709142.,), (54852080.,)] (HHMMSSMSS)
   Remove SATNAV0001A.tdf Data
   Length of dataset prior to removal 642 long
Eliminate data between: [(55553666.,), (55758996.,)] (HHMMSSMSS)
   Remove SATNAV0001A.tdf Data
   Length of dataset prior to removal 607 long
Eliminate data between: [(50939304.,), (51037937.,)] (HHMMSSMSS)
   Remove SATNAV0001A.tdf Data
   Length of dataset prior to removal 565 long
Eliminate data between: [(51056066.,), (51154723.,)] (HHMMSSMSS)
   Remove SATNAV0001A.tdf Data
   Length of dataset prior to removal 535 long
Eliminate data between: [(51212975.,), (51311627.,)] (HHMMSSMSS)
   Remove SATNAV0001A.tdf Data
   Length of dataset prior to removal 505 long
Eliminate data between: [(51327710.,), (51426354.,)] (HHMMSSMSS)
   Remove SATNAV0001A.tdf Data
   Length of dataset prior to removal 475 long
Eliminate data between: [(51442561.,), (51541118.,)] (HHMMSSMSS)
   Remove SATNAV0001A.tdf Data
   Length of dataset prior to removal 445 long
Eliminate data between: [(51627567.,), (51726006.,)] (HHMMSSMSS)
   Remove SATNAV0001A.tdf Data
   Length of dataset prior to removal 445 long
Eliminate data between: [(51943184.,), (52041824.,)] (HHMMSSMSS)
   Remove SATNAV0001A.tdf Data
   Length of dataset prior to removal 445 long
Eliminate data between: [(52233020.,), (52331462.,)] (HHMMSSMSS)
   Remove SATNAV0001A.tdf Data
   Length of dataset prior to removal 445 long
Eliminate data between: [(53422998.,), (53521664.,)] (HHMMSSMSS)
   Remove SATNAV0001A.tdf Data
   Length of dataset prior to removal 445 long
Eliminate data between: [(53541825.,), (53640432.,)] (HHMMSSMSS)
   Remove SATNAV0001A.tdf Data
   Length of dataset prior to removal 445 long
Eliminate data between: [(53811466.,), (53910076.,)] (HHMMSSMSS)
   Remove SATNAV0001A.tdf Data
   Length of dataset prior to removal 415 long
Eliminate data between: [(53942405.,), (54041115.,)] (HHMMSSMSS)
   Remove SATNAV0001A.tdf Data
   Length of dataset prior to removal 385 long
Eliminate data between: [(54057218.,), (54155914.,)] (HHMMSSMSS)
   Remove SATNAV0001A.tdf Data
   Length of dataset prior to removal 355 long
Eliminate data between: [(54212001.,), (54310723.,)] (HHMMSSMSS)
   Remove SATNAV0001A.tdf Data
   Length of dataset prior to removal 325 long
Eliminate data between: [(54326818.,), (54425418.,)] (HHMMSSMSS)
   Remove SATNAV0001A.tdf Data
   Length of dataset prior to removal 295 long
Eliminate data between: [(54439600.,), (54538173.,)] (HHMMSSMSS)
   Remove SATNAV0001A.tdf Data
   Length of dataset prior to removal 265 long
Eliminate data between: [(54554378.,), (54652932.,)] (HHMMSSMSS)
   Remove SATNAV0001A.tdf Data
   Length of dataset prior to removal 235 long
Eliminate data between: [(54709142.,), (54807791.,)] (HHMMSSMSS)
   Remove SATNAV0001A.tdf Data
   Length of dataset prior to removal 205 long
Eliminate data between: [(54854120.,), (54952561.,)] (HHMMSSMSS)
   Remove SATNAV0001A.tdf Data
   Length of dataset prior to removal 205 long
Eliminate data between: [(55553666.,), (55652323.,)] (HHMMSSMSS)
   Remove SATNAV0001A.tdf Data
   Length of dataset prior to removal 205 long
Eliminate data between: [(55801036.,), (55859777.,)] (HHMMSSMSS)
   Remove SATNAV0001A.tdf Data
   Length of dataset prior to removal 205 long
Data end   184 long, a loss of 90%
Eliminate data between: [(45958331.,), (50900993.,)] (HHMMSSMSS)
   Remove SATPYR.tdf Data
   Length of dataset prior to removal 99 long
Eliminate data between: [(51428401.,), (51428401.,)] (HHMMSSMSS)
   Remove SATPYR.tdf Data
   Length of dataset prior to removal 99 long
Eliminate data between: [(51436441.,), (51436441.,)] (HHMMSSMSS)
   Remove SATPYR.tdf Data
   Length of dataset prior to removal 99 long
Eliminate data between: [(51553247.,), (51931063.,)] (HHMMSSMSS)
   Remove SATPYR.tdf Data
   Length of dataset prior to removal 99 long
Eliminate data between: [(51939103.,), (51947265.,)] (HHMMSSMSS)
   Remove SATPYR.tdf Data
   Length of dataset prior to removal 99 long
Eliminate data between: [(51951262.,), (52128369.,)] (HHMMSSMSS)
   Remove SATPYR.tdf Data
   Length of dataset prior to removal 99 long
Eliminate data between: [(52134424.,), (52138424.,)] (HHMMSSMSS)
   Remove SATPYR.tdf Data
   Length of dataset prior to removal 90 long
Eliminate data between: [(52200740.,), (53406917.,)] (HHMMSSMSS)
   Remove SATPYR.tdf Data
   Length of dataset prior to removal 90 long
Eliminate data between: [(53414958.,), (53531745.,)] (HHMMSSMSS)
   Remove SATPYR.tdf Data
   Length of dataset prior to removal 90 long
Eliminate data between: [(54819798.,), (55539506.,)] (HHMMSSMSS)
   Remove SATPYR.tdf Data
   Length of dataset prior to removal 85 long
Eliminate data between: [(55654383.,), (55654383.,)] (HHMMSSMSS)
   Remove SATPYR.tdf Data
   Length of dataset prior to removal 85 long
Eliminate data between: [(55706516.,), (55706516.,)] (HHMMSSMSS)
   Remove SATPYR.tdf Data
   Length of dataset prior to removal 85 long
Eliminate data between: [(55710512.,), (55718645.,)] (HHMMSSMSS)
   Remove SATPYR.tdf Data
   Length of dataset prior to removal 85 long
Eliminate data between: [(55722646.,), (55728708.,)] (HHMMSSMSS)
   Remove SATPYR.tdf Data
   Length of dataset prior to removal 84 long
Eliminate data between: [(55732836.,), (55750955.,)] (HHMMSSMSS)
   Remove SATPYR.tdf Data
   Length of dataset prior to removal 83 long
Eliminate data between: [(55833416.,), (55833416.,)] (HHMMSSMSS)
   Remove SATPYR.tdf Data
   Length of dataset prior to removal 82 long
Eliminate data between: [(55837530.,), (55837530.,)] (HHMMSSMSS)
   Remove SATPYR.tdf Data
   Length of dataset prior to removal 82 long
Eliminate data between: [(55843583.,), (55843583.,)] (HHMMSSMSS)
   Remove SATPYR.tdf Data
   Length of dataset prior to removal 82 long
Eliminate data between: [(55847571.,), (55849628.,)] (HHMMSSMSS)
   Remove SATPYR.tdf Data
   Length of dataset prior to removal 82 long
Eliminate data between: [(55853616.,), (55905788.,)] (HHMMSSMSS)
   Remove SATPYR.tdf Data
   Length of dataset prior to removal 82 long
Eliminate data between: [(51442561.,), (51625527.,)] (HHMMSSMSS)
   Remove SATPYR.tdf Data
   Length of dataset prior to removal 82 long
Eliminate data between: [(51943184.,), (52230981.,)] (HHMMSSMSS)
   Remove SATPYR.tdf Data
   Length of dataset prior to removal 77 long
Eliminate data between: [(53422998.,), (53539905.,)] (HHMMSSMSS)
   Remove SATPYR.tdf Data
   Length of dataset prior to removal 75 long
Eliminate data between: [(54709142.,), (54852080.,)] (HHMMSSMSS)
   Remove SATPYR.tdf Data
   Length of dataset prior to removal 75 long
Eliminate data between: [(55553666.,), (55758996.,)] (HHMMSSMSS)
   Remove SATPYR.tdf Data
   Length of dataset prior to removal 70 long
Eliminate data between: [(50939304.,), (51037937.,)] (HHMMSSMSS)
   Remove SATPYR.tdf Data
   Length of dataset prior to removal 63 long
Eliminate data between: [(51056066.,), (51154723.,)] (HHMMSSMSS)
   Remove SATPYR.tdf Data
   Length of dataset prior to removal 58 long
Eliminate data between: [(51212975.,), (51311627.,)] (HHMMSSMSS)
   Remove SATPYR.tdf Data
   Length of dataset prior to removal 53 long
Eliminate data between: [(51327710.,), (51426354.,)] (HHMMSSMSS)
   Remove SATPYR.tdf Data
   Length of dataset prior to removal 48 long
Eliminate data between: [(51442561.,), (51541118.,)] (HHMMSSMSS)
   Remove SATPYR.tdf Data
   Length of dataset prior to removal 43 long
Eliminate data between: [(51627567.,), (51726006.,)] (HHMMSSMSS)
   Remove SATPYR.tdf Data
   Length of dataset prior to removal 43 long
Eliminate data between: [(51943184.,), (52041824.,)] (HHMMSSMSS)
   Remove SATPYR.tdf Data
   Length of dataset prior to removal 43 long
Eliminate data between: [(52233020.,), (52331462.,)] (HHMMSSMSS)
   Remove SATPYR.tdf Data
   Length of dataset prior to removal 43 long
Eliminate data between: [(53422998.,), (53521664.,)] (HHMMSSMSS)
   Remove SATPYR.tdf Data
   Length of dataset prior to removal 43 long
Eliminate data between: [(53541825.,), (53640432.,)] (HHMMSSMSS)
   Remove SATPYR.tdf Data
   Length of dataset prior to removal 43 long
Eliminate data between: [(53811466.,), (53910076.,)] (HHMMSSMSS)
   Remove SATPYR.tdf Data
   Length of dataset prior to removal 38 long
Eliminate data between: [(53942405.,), (54041115.,)] (HHMMSSMSS)
   Remove SATPYR.tdf Data
   Length of dataset prior to removal 33 long
Eliminate data between: [(54057218.,), (54155914.,)] (HHMMSSMSS)
   Remove SATPYR.tdf Data
   Length of dataset prior to removal 28 long
Eliminate data between: [(54212001.,), (54310723.,)] (HHMMSSMSS)
   Remove SATPYR.tdf Data
   Length of dataset prior to removal 23 long
Eliminate data between: [(54326818.,), (54425418.,)] (HHMMSSMSS)
   Remove SATPYR.tdf Data
   Length of dataset prior to removal 23 long
Eliminate data between: [(54439600.,), (54538173.,)] (HHMMSSMSS)
   Remove SATPYR.tdf Data
   Length of dataset prior to removal 23 long
Eliminate data between: [(54554378.,), (54652932.,)] (HHMMSSMSS)
   Remove SATPYR.tdf Data
   Length of dataset prior to removal 18 long
Eliminate data between: [(54709142.,), (54807791.,)] (HHMMSSMSS)
   Remove SATPYR.tdf Data
   Length of dataset prior to removal 13 long
Eliminate data between: [(54854120.,), (54952561.,)] (HHMMSSMSS)
   Remove SATPYR.tdf Data
   Length of dataset prior to removal 13 long
Eliminate data between: [(55553666.,), (55652323.,)] (HHMMSSMSS)
   Remove SATPYR.tdf Data
   Length of dataset prior to removal 13 long
Eliminate data between: [(55801036.,), (55859777.,)] (HHMMSSMSS)
   Remove SATPYR.tdf Data
   Length of dataset prior to removal 13 long
Data end   13 long, a loss of 87%
LT has fewest records - interpolating to LT
Interpolate Data ES
Interpolate Data LI
Interpolate Data LT
Interpolate GPS Data
Interpolate SATNAV Data
L2s file produced: /Users/daurin/Projects_Supplemental/HyperPACE/Field_Data/Processed/KORUS/L2s/1614205_L2s.hdf
