ProcessL2s: C:\Users\dirka\OneDrive\HyperSAS\Field_Data\Processed\KORUS\L2\1614101_L2.hdf
   Flag data from TT2: (10000848.,) to (14529266.,)(HHMMSSMSS)
Percentage of SATNAV data out of Solar Azimuth bounds: 76%
Filtering file for bad Absolute Rotator Angle
   Flag data from TT2: (12503602.,) to (14603465.,)(HHMMSSMSS)
Percentage of SATNAV data out of Absolute Rotator bounds: 35%
Filtering file for Rotator Delay
   Flag data from TT2: (10532577.,) to (10631245.,)(HHMMSSMSS)
   Flag data from TT2: (12503602.,) to (12602246.,)(HHMMSSMSS)
   Flag data from TT2: (14118418.,) to (14217065.,)(HHMMSSMSS)
   Flag data from TT2: (14605505.,) to (14704070.,)(HHMMSSMSS)
Percentage of SATNAV data out of Rotator Delay bounds: 7%
Eliminate combined filtered data from datasets.__________________________________
     Eliminate data between: [(10000848.,), (14529266.,)] (HHMMSSMSS)
Remove GPS Data
Data to remove 1784 long
     Eliminate data between: [(12503602.,), (14603465.,)] (HHMMSSMSS)
Remove GPS Data
Data to remove 432 long
     Eliminate data between: [(10532577.,), (10631245.,)] (HHMMSSMSS)
Remove GPS Data
Data to remove 415 long
     Eliminate data between: [(12503602.,), (12602246.,)] (HHMMSSMSS)
Remove GPS Data
Data to remove 415 long
     Eliminate data between: [(14118418.,), (14217065.,)] (HHMMSSMSS)
Remove GPS Data
Data to remove 415 long
     Eliminate data between: [(14605505.,), (14704070.,)] (HHMMSSMSS)
Remove GPS Data
Data to remove 415 long
Data end   385 long, a loss of 78%
     Eliminate data between: [(10000848.,), (14529266.,)] (HHMMSSMSS)
Remove HSE488B.cal Data
Data to remove 3222 long
     Eliminate data between: [(12503602.,), (14603465.,)] (HHMMSSMSS)
Remove HSE488B.cal Data
Data to remove 0 long
     Eliminate data between: [(10532577.,), (10631245.,)] (HHMMSSMSS)
Remove HSE488B.cal Data
Data to remove 0 long
     Eliminate data between: [(12503602.,), (12602246.,)] (HHMMSSMSS)
Remove HSE488B.cal Data
Data to remove 0 long
     Eliminate data between: [(14118418.,), (14217065.,)] (HHMMSSMSS)
Remove HSE488B.cal Data
Data to remove 0 long
     Eliminate data between: [(14605505.,), (14704070.,)] (HHMMSSMSS)
Remove HSE488B.cal Data
Data to remove 0 long
Data end   0 long, a loss of 100%
     Eliminate data between: [(10000848.,), (14529266.,)] (HHMMSSMSS)
Remove HSL385B.cal Data
Data to remove 3441 long
     Eliminate data between: [(12503602.,), (14603465.,)] (HHMMSSMSS)
Remove HSL385B.cal Data
Data to remove 0 long
     Eliminate data between: [(10532577.,), (10631245.,)] (HHMMSSMSS)
Remove HSL385B.cal Data
Data to remove 0 long
     Eliminate data between: [(12503602.,), (12602246.,)] (HHMMSSMSS)
Remove HSL385B.cal Data
Data to remove 0 long
     Eliminate data between: [(14118418.,), (14217065.,)] (HHMMSSMSS)
Remove HSL385B.cal Data
Data to remove 0 long
     Eliminate data between: [(14605505.,), (14704070.,)] (HHMMSSMSS)
Remove HSL385B.cal Data
Data to remove 0 long
Data end   0 long, a loss of 100%
     Eliminate data between: [(10000848.,), (14529266.,)] (HHMMSSMSS)
Remove HSL386B.cal Data
Data to remove 1743 long
     Eliminate data between: [(12503602.,), (14603465.,)] (HHMMSSMSS)
Remove HSL386B.cal Data
Data to remove 0 long
     Eliminate data between: [(10532577.,), (10631245.,)] (HHMMSSMSS)
Remove HSL386B.cal Data
Data to remove 0 long
     Eliminate data between: [(12503602.,), (12602246.,)] (HHMMSSMSS)
Remove HSL386B.cal Data
Data to remove 0 long
     Eliminate data between: [(14118418.,), (14217065.,)] (HHMMSSMSS)
Remove HSL386B.cal Data
Data to remove 0 long
     Eliminate data between: [(14605505.,), (14704070.,)] (HHMMSSMSS)
Remove HSL386B.cal Data
Data to remove 0 long
Data end   0 long, a loss of 100%
     Eliminate data between: [(10000848.,), (14529266.,)] (HHMMSSMSS)
Remove SATNAV0001A.tdf Data
Data to remove 1781 long
     Eliminate data between: [(12503602.,), (14603465.,)] (HHMMSSMSS)
Remove SATNAV0001A.tdf Data
Data to remove 431 long
     Eliminate data between: [(10532577.,), (10631245.,)] (HHMMSSMSS)
Remove SATNAV0001A.tdf Data
Data to remove 414 long
     Eliminate data between: [(12503602.,), (12602246.,)] (HHMMSSMSS)
Remove SATNAV0001A.tdf Data
Data to remove 414 long
     Eliminate data between: [(14118418.,), (14217065.,)] (HHMMSSMSS)
Remove SATNAV0001A.tdf Data
Data to remove 414 long
     Eliminate data between: [(14605505.,), (14704070.,)] (HHMMSSMSS)
Remove SATNAV0001A.tdf Data
Data to remove 414 long
Data end   384 long, a loss of 78%
     Eliminate data between: [(10000848.,), (14529266.,)] (HHMMSSMSS)
Remove SATPYR.tdf Data
Data to remove 254 long
     Eliminate data between: [(12503602.,), (14603465.,)] (HHMMSSMSS)
Remove SATPYR.tdf Data
Data to remove 0 long
     Eliminate data between: [(10532577.,), (10631245.,)] (HHMMSSMSS)
Remove SATPYR.tdf Data
Data to remove 0 long
     Eliminate data between: [(12503602.,), (12602246.,)] (HHMMSSMSS)
Remove SATPYR.tdf Data
Data to remove 0 long
     Eliminate data between: [(14118418.,), (14217065.,)] (HHMMSSMSS)
Remove SATPYR.tdf Data
Data to remove 0 long
     Eliminate data between: [(14605505.,), (14704070.,)] (HHMMSSMSS)
Remove SATPYR.tdf Data
Data to remove 0 long
Data end   0 long, a loss of 100%
