ProcessL2s: /Users/daurin/Projects_Supplemental/HyperPACE/Field_Data/Processed/KORUS/L2/1614407_L2.hdf
   Flag data from TT2: (65958799.,) to (73924815.,)(HHMMSSMSS)
   Flag data from TT2: (74013343.,) to (74124076.,)(HHMMSSMSS)
Percentage of SATNAV data out of Solar Azimuth bounds: 97%
Filtering file for bad Absolute Rotator Angle
   Flag data from TT2: (74134155.,) to (74315166.,)(HHMMSSMSS)
Percentage of SATNAV data out of Absolute Rotator bounds: 3%
Filtering file for Rotator Delay
   Flag data from TT2: (74013343.,) to (74111937.,)(HHMMSSMSS)
   Flag data from TT2: (74134155.,) to (74232802.,)(HHMMSSMSS)
   Flag data from TT2: (74317085.,) to (74415646.,)(HHMMSSMSS)
Percentage of SATNAV data out of Rotator Delay bounds: 5%
Eliminate combined filtered data from datasets.__________________________________
Eliminate data between: [(65958799.,), (73924815.,)] (HHMMSSMSS)
   Remove GPS Data
   Length of dataset prior to removal 1787 long
Eliminate data between: [(74013343.,), (74124076.,)] (HHMMSSMSS)
   Length of dataset prior to removal 611 long
Eliminate data between: [(74134155.,), (74315166.,)] (HHMMSSMSS)
   Length of dataset prior to removal 575 long
Eliminate data between: [(74013343.,), (74111937.,)] (HHMMSSMSS)
   Length of dataset prior to removal 525 long
Eliminate data between: [(74134155.,), (74232802.,)] (HHMMSSMSS)
   Length of dataset prior to removal 525 long
Eliminate data between: [(74317085.,), (74415646.,)] (HHMMSSMSS)
   Length of dataset prior to removal 525 long
Data end   497 long, a loss of 72%
Eliminate data between: [(65958799.,), (73924815.,)] (HHMMSSMSS)
   Remove HSE488B.cal Data
   Length of dataset prior to removal 141 long
Eliminate data between: [(74013343.,), (74124076.,)] (HHMMSSMSS)
   Remove HSE488B.cal Data
   Length of dataset prior to removal 141 long
Eliminate data between: [(74134155.,), (74315166.,)] (HHMMSSMSS)
   Remove HSE488B.cal Data
   Length of dataset prior to removal 71 long
Eliminate data between: [(74013343.,), (74111937.,)] (HHMMSSMSS)
   Remove HSE488B.cal Data
   Length of dataset prior to removal 0 long
Eliminate data between: [(74134155.,), (74232802.,)] (HHMMSSMSS)
   Remove HSE488B.cal Data
   Length of dataset prior to removal 0 long
Eliminate data between: [(74317085.,), (74415646.,)] (HHMMSSMSS)
   Remove HSE488B.cal Data
   Length of dataset prior to removal 0 long
Data end   0 long, a loss of 100%
Eliminate data between: [(65958799.,), (73924815.,)] (HHMMSSMSS)
   Remove HSL385B.cal Data
   Length of dataset prior to removal 144 long
Eliminate data between: [(74013343.,), (74124076.,)] (HHMMSSMSS)
   Remove HSL385B.cal Data
   Length of dataset prior to removal 144 long
Eliminate data between: [(74134155.,), (74315166.,)] (HHMMSSMSS)
   Remove HSL385B.cal Data
   Length of dataset prior to removal 70 long
Eliminate data between: [(74013343.,), (74111937.,)] (HHMMSSMSS)
   Remove HSL385B.cal Data
   Length of dataset prior to removal 0 long
Eliminate data between: [(74134155.,), (74232802.,)] (HHMMSSMSS)
   Remove HSL385B.cal Data
   Length of dataset prior to removal 0 long
Eliminate data between: [(74317085.,), (74415646.,)] (HHMMSSMSS)
   Remove HSL385B.cal Data
   Length of dataset prior to removal 0 long
Data end   0 long, a loss of 100%
Eliminate data between: [(65958799.,), (73924815.,)] (HHMMSSMSS)
   Remove HSL386B.cal Data
   Length of dataset prior to removal 52 long
Eliminate data between: [(74013343.,), (74124076.,)] (HHMMSSMSS)
   Remove HSL386B.cal Data
   Length of dataset prior to removal 52 long
Eliminate data between: [(74134155.,), (74315166.,)] (HHMMSSMSS)
   Remove HSL386B.cal Data
   Length of dataset prior to removal 36 long
Eliminate data between: [(74013343.,), (74111937.,)] (HHMMSSMSS)
   Remove HSL386B.cal Data
   Length of dataset prior to removal 0 long
Eliminate data between: [(74134155.,), (74232802.,)] (HHMMSSMSS)
   Remove HSL386B.cal Data
   Length of dataset prior to removal 0 long
Eliminate data between: [(74317085.,), (74415646.,)] (HHMMSSMSS)
   Remove HSL386B.cal Data
   Length of dataset prior to removal 0 long
Data end   0 long, a loss of 100%
Eliminate data between: [(65958799.,), (73924815.,)] (HHMMSSMSS)
   Remove SATNAV0001A.tdf Data
   Length of dataset prior to removal 1785 long
Eliminate data between: [(74013343.,), (74124076.,)] (HHMMSSMSS)
   Remove SATNAV0001A.tdf Data
   Length of dataset prior to removal 611 long
Eliminate data between: [(74134155.,), (74315166.,)] (HHMMSSMSS)
   Remove SATNAV0001A.tdf Data
   Length of dataset prior to removal 575 long
Eliminate data between: [(74013343.,), (74111937.,)] (HHMMSSMSS)
   Remove SATNAV0001A.tdf Data
   Length of dataset prior to removal 524 long
Eliminate data between: [(74134155.,), (74232802.,)] (HHMMSSMSS)
   Remove SATNAV0001A.tdf Data
   Length of dataset prior to removal 524 long
Eliminate data between: [(74317085.,), (74415646.,)] (HHMMSSMSS)
   Remove SATNAV0001A.tdf Data
   Length of dataset prior to removal 524 long
Data end   494 long, a loss of 72%
Eliminate data between: [(65958799.,), (73924815.,)] (HHMMSSMSS)
   Remove SATPYR.tdf Data
   Length of dataset prior to removal 10 long
Eliminate data between: [(74013343.,), (74124076.,)] (HHMMSSMSS)
   Remove SATPYR.tdf Data
   Length of dataset prior to removal 10 long
Eliminate data between: [(74134155.,), (74315166.,)] (HHMMSSMSS)
   Remove SATPYR.tdf Data
   Length of dataset prior to removal 5 long
Eliminate data between: [(74013343.,), (74111937.,)] (HHMMSSMSS)
   Remove SATPYR.tdf Data
   Length of dataset prior to removal 0 long
Eliminate data between: [(74134155.,), (74232802.,)] (HHMMSSMSS)
   Remove SATPYR.tdf Data
   Length of dataset prior to removal 0 long
Eliminate data between: [(74317085.,), (74415646.,)] (HHMMSSMSS)
   Remove SATPYR.tdf Data
   Length of dataset prior to removal 0 long
Data end   0 long, a loss of 100%
L2 processing failed. Nothing to output.
