ProcessL2s: /Users/daurin/Projects_Supplemental/HyperPACE/Field_Data/Processed/KORUS/L2/1614106_L2.hdf
   Flag data from TT2: (60000016.,) to (62203264.,)(HHMMSSMSS)
   Flag data from TT2: (62414618.,) to (62414618.,)(HHMMSSMSS)
   Flag data from TT2: (63201294.,) to (64610539.,)(HHMMSSMSS)
Percentage of SATNAV data out of Solar Azimuth bounds: 61%
Filtering file for bad Absolute Rotator Angle
   Flag data from TT2: (64622659.,) to (64735488.,)(HHMMSSMSS)
Percentage of SATNAV data out of Absolute Rotator bounds: 2%
Filtering file for Rotator Delay
   Flag data from TT2: (62309921.,) to (62408489.,)(HHMMSSMSS)
   Flag data from TT2: (62424698.,) to (62523262.,)(HHMMSSMSS)
   Flag data from TT2: (62537430.,) to (62635993.,)(HHMMSSMSS)
   Flag data from TT2: (62817133.,) to (62915720.,)(HHMMSSMSS)
   Flag data from TT2: (62935884.,) to (63034489.,)(HHMMSSMSS)
   Flag data from TT2: (63050586.,) to (63149291.,)(HHMMSSMSS)
   Flag data from TT2: (63233576.,) to (63332136.,)(HHMMSSMSS)
   Flag data from TT2: (64622659.,) to (64721302.,)(HHMMSSMSS)
   Flag data from TT2: (64737408.,) to (64836122.,)(HHMMSSMSS)
   Flag data from TT2: (64850166.,) to (64948888.,)(HHMMSSMSS)
   Flag data from TT2: (65003061.,) to (65101635.,)(HHMMSSMSS)
   Flag data from TT2: (65115827.,) to (65214402.,)(HHMMSSMSS)
   Flag data from TT2: (65228574.,) to (65327154.,)(HHMMSSMSS)
Percentage of SATNAV data out of Rotator Delay bounds: 22%
Eliminate combined filtered data from datasets.__________________________________
Eliminate data between: [(60000016.,), (62203264.,)] (HHMMSSMSS)
   Remove GPS Data
   Length of dataset prior to removal 1787 long
Eliminate data between: [(62414618.,), (62414618.,)] (HHMMSSMSS)
   Length of dataset prior to removal 1131 long
Eliminate data between: [(63201294.,), (64610539.,)] (HHMMSSMSS)
   Length of dataset prior to removal 1131 long
Eliminate data between: [(64622659.,), (64735488.,)] (HHMMSSMSS)
   Length of dataset prior to removal 710 long
Eliminate data between: [(62309921.,), (62408489.,)] (HHMMSSMSS)
   Length of dataset prior to removal 673 long
Eliminate data between: [(62424698.,), (62523262.,)] (HHMMSSMSS)
   Length of dataset prior to removal 643 long
Eliminate data between: [(62537430.,), (62635993.,)] (HHMMSSMSS)
   Length of dataset prior to removal 613 long
Eliminate data between: [(62817133.,), (62915720.,)] (HHMMSSMSS)
   Length of dataset prior to removal 585 long
Eliminate data between: [(62935884.,), (63034489.,)] (HHMMSSMSS)
   Length of dataset prior to removal 556 long
Eliminate data between: [(63050586.,), (63149291.,)] (HHMMSSMSS)
   Length of dataset prior to removal 526 long
Eliminate data between: [(63233576.,), (63332136.,)] (HHMMSSMSS)
   Length of dataset prior to removal 496 long
Eliminate data between: [(64622659.,), (64721302.,)] (HHMMSSMSS)
   Length of dataset prior to removal 496 long
Eliminate data between: [(64737408.,), (64836122.,)] (HHMMSSMSS)
   Length of dataset prior to removal 496 long
Eliminate data between: [(64850166.,), (64948888.,)] (HHMMSSMSS)
   Length of dataset prior to removal 467 long
Eliminate data between: [(65003061.,), (65101635.,)] (HHMMSSMSS)
   Length of dataset prior to removal 439 long
Eliminate data between: [(65115827.,), (65214402.,)] (HHMMSSMSS)
   Length of dataset prior to removal 411 long
Eliminate data between: [(65228574.,), (65327154.,)] (HHMMSSMSS)
   Length of dataset prior to removal 380 long
Data end   350 long, a loss of 80%
Eliminate data between: [(60000016.,), (62203264.,)] (HHMMSSMSS)
   Remove HSE488B.cal Data
   Length of dataset prior to removal 1188 long
Eliminate data between: [(62414618.,), (62414618.,)] (HHMMSSMSS)
   Remove HSE488B.cal Data
   Length of dataset prior to removal 1188 long
Eliminate data between: [(63201294.,), (64610539.,)] (HHMMSSMSS)
   Remove HSE488B.cal Data
   Length of dataset prior to removal 1188 long
Eliminate data between: [(64622659.,), (64735488.,)] (HHMMSSMSS)
   Remove HSE488B.cal Data
   Length of dataset prior to removal 1188 long
Eliminate data between: [(62309921.,), (62408489.,)] (HHMMSSMSS)
   Remove HSE488B.cal Data
   Length of dataset prior to removal 1125 long
Eliminate data between: [(62424698.,), (62523262.,)] (HHMMSSMSS)
   Remove HSE488B.cal Data
   Length of dataset prior to removal 1071 long
Eliminate data between: [(62537430.,), (62635993.,)] (HHMMSSMSS)
   Remove HSE488B.cal Data
   Length of dataset prior to removal 1012 long
Eliminate data between: [(62817133.,), (62915720.,)] (HHMMSSMSS)
   Remove HSE488B.cal Data
   Length of dataset prior to removal 955 long
Eliminate data between: [(62935884.,), (63034489.,)] (HHMMSSMSS)
   Remove HSE488B.cal Data
   Length of dataset prior to removal 897 long
Eliminate data between: [(63050586.,), (63149291.,)] (HHMMSSMSS)
   Remove HSE488B.cal Data
   Length of dataset prior to removal 841 long
Eliminate data between: [(63233576.,), (63332136.,)] (HHMMSSMSS)
   Remove HSE488B.cal Data
   Length of dataset prior to removal 784 long
Eliminate data between: [(64622659.,), (64721302.,)] (HHMMSSMSS)
   Remove HSE488B.cal Data
   Length of dataset prior to removal 784 long
Eliminate data between: [(64737408.,), (64836122.,)] (HHMMSSMSS)
   Remove HSE488B.cal Data
   Length of dataset prior to removal 784 long
Eliminate data between: [(64850166.,), (64948888.,)] (HHMMSSMSS)
   Remove HSE488B.cal Data
   Length of dataset prior to removal 726 long
Eliminate data between: [(65003061.,), (65101635.,)] (HHMMSSMSS)
   Remove HSE488B.cal Data
   Length of dataset prior to removal 669 long
Eliminate data between: [(65115827.,), (65214402.,)] (HHMMSSMSS)
   Remove HSE488B.cal Data
   Length of dataset prior to removal 611 long
Eliminate data between: [(65228574.,), (65327154.,)] (HHMMSSMSS)
   Remove HSE488B.cal Data
   Length of dataset prior to removal 556 long
Data end   499 long, a loss of 58%
Eliminate data between: [(60000016.,), (62203264.,)] (HHMMSSMSS)
   Remove HSL385B.cal Data
   Length of dataset prior to removal 1655 long
Eliminate data between: [(62414618.,), (62414618.,)] (HHMMSSMSS)
   Remove HSL385B.cal Data
   Length of dataset prior to removal 1655 long
Eliminate data between: [(63201294.,), (64610539.,)] (HHMMSSMSS)
   Remove HSL385B.cal Data
   Length of dataset prior to removal 1655 long
Eliminate data between: [(64622659.,), (64735488.,)] (HHMMSSMSS)
   Remove HSL385B.cal Data
   Length of dataset prior to removal 1655 long
Eliminate data between: [(62309921.,), (62408489.,)] (HHMMSSMSS)
   Remove HSL385B.cal Data
   Length of dataset prior to removal 1575 long
Eliminate data between: [(62424698.,), (62523262.,)] (HHMMSSMSS)
   Remove HSL385B.cal Data
   Length of dataset prior to removal 1499 long
Eliminate data between: [(62537430.,), (62635993.,)] (HHMMSSMSS)
   Remove HSL385B.cal Data
   Length of dataset prior to removal 1417 long
Eliminate data between: [(62817133.,), (62915720.,)] (HHMMSSMSS)
   Remove HSL385B.cal Data
   Length of dataset prior to removal 1335 long
Eliminate data between: [(62935884.,), (63034489.,)] (HHMMSSMSS)
   Remove HSL385B.cal Data
   Length of dataset prior to removal 1258 long
Eliminate data between: [(63050586.,), (63149291.,)] (HHMMSSMSS)
   Remove HSL385B.cal Data
   Length of dataset prior to removal 1182 long
Eliminate data between: [(63233576.,), (63332136.,)] (HHMMSSMSS)
   Remove HSL385B.cal Data
   Length of dataset prior to removal 1098 long
Eliminate data between: [(64622659.,), (64721302.,)] (HHMMSSMSS)
   Remove HSL385B.cal Data
   Length of dataset prior to removal 1098 long
Eliminate data between: [(64737408.,), (64836122.,)] (HHMMSSMSS)
   Remove HSL385B.cal Data
   Length of dataset prior to removal 1098 long
Eliminate data between: [(64850166.,), (64948888.,)] (HHMMSSMSS)
   Remove HSL385B.cal Data
   Length of dataset prior to removal 1017 long
Eliminate data between: [(65003061.,), (65101635.,)] (HHMMSSMSS)
   Remove HSL385B.cal Data
   Length of dataset prior to removal 938 long
Eliminate data between: [(65115827.,), (65214402.,)] (HHMMSSMSS)
   Remove HSL385B.cal Data
   Length of dataset prior to removal 855 long
Eliminate data between: [(65228574.,), (65327154.,)] (HHMMSSMSS)
   Remove HSL385B.cal Data
   Length of dataset prior to removal 778 long
Data end   698 long, a loss of 58%
Eliminate data between: [(60000016.,), (62203264.,)] (HHMMSSMSS)
   Remove HSL386B.cal Data
   Length of dataset prior to removal 411 long
Eliminate data between: [(62414618.,), (62414618.,)] (HHMMSSMSS)
   Remove HSL386B.cal Data
   Length of dataset prior to removal 411 long
Eliminate data between: [(63201294.,), (64610539.,)] (HHMMSSMSS)
   Remove HSL386B.cal Data
   Length of dataset prior to removal 411 long
Eliminate data between: [(64622659.,), (64735488.,)] (HHMMSSMSS)
   Remove HSL386B.cal Data
   Length of dataset prior to removal 411 long
Eliminate data between: [(62309921.,), (62408489.,)] (HHMMSSMSS)
   Remove HSL386B.cal Data
   Length of dataset prior to removal 376 long
Eliminate data between: [(62424698.,), (62523262.,)] (HHMMSSMSS)
   Remove HSL386B.cal Data
   Length of dataset prior to removal 358 long
Eliminate data between: [(62537430.,), (62635993.,)] (HHMMSSMSS)
   Remove HSL386B.cal Data
   Length of dataset prior to removal 339 long
Eliminate data between: [(62817133.,), (62915720.,)] (HHMMSSMSS)
   Remove HSL386B.cal Data
   Length of dataset prior to removal 317 long
Eliminate data between: [(62935884.,), (63034489.,)] (HHMMSSMSS)
   Remove HSL386B.cal Data
   Length of dataset prior to removal 299 long
Eliminate data between: [(63050586.,), (63149291.,)] (HHMMSSMSS)
   Remove HSL386B.cal Data
   Length of dataset prior to removal 280 long
Eliminate data between: [(63233576.,), (63332136.,)] (HHMMSSMSS)
   Remove HSL386B.cal Data
   Length of dataset prior to removal 261 long
Eliminate data between: [(64622659.,), (64721302.,)] (HHMMSSMSS)
   Remove HSL386B.cal Data
   Length of dataset prior to removal 261 long
Eliminate data between: [(64737408.,), (64836122.,)] (HHMMSSMSS)
   Remove HSL386B.cal Data
   Length of dataset prior to removal 261 long
Eliminate data between: [(64850166.,), (64948888.,)] (HHMMSSMSS)
   Remove HSL386B.cal Data
   Length of dataset prior to removal 242 long
Eliminate data between: [(65003061.,), (65101635.,)] (HHMMSSMSS)
   Remove HSL386B.cal Data
   Length of dataset prior to removal 222 long
Eliminate data between: [(65115827.,), (65214402.,)] (HHMMSSMSS)
   Remove HSL386B.cal Data
   Length of dataset prior to removal 204 long
Eliminate data between: [(65228574.,), (65327154.,)] (HHMMSSMSS)
   Remove HSL386B.cal Data
   Length of dataset prior to removal 185 long
Data end   164 long, a loss of 60%
Eliminate data between: [(60000016.,), (62203264.,)] (HHMMSSMSS)
   Remove SATNAV0001A.tdf Data
   Length of dataset prior to removal 1783 long
Eliminate data between: [(62414618.,), (62414618.,)] (HHMMSSMSS)
   Remove SATNAV0001A.tdf Data
   Length of dataset prior to removal 1126 long
Eliminate data between: [(63201294.,), (64610539.,)] (HHMMSSMSS)
   Remove SATNAV0001A.tdf Data
   Length of dataset prior to removal 1125 long
Eliminate data between: [(64622659.,), (64735488.,)] (HHMMSSMSS)
   Remove SATNAV0001A.tdf Data
   Length of dataset prior to removal 703 long
Eliminate data between: [(62309921.,), (62408489.,)] (HHMMSSMSS)
   Remove SATNAV0001A.tdf Data
   Length of dataset prior to removal 666 long
Eliminate data between: [(62424698.,), (62523262.,)] (HHMMSSMSS)
   Remove SATNAV0001A.tdf Data
   Length of dataset prior to removal 636 long
Eliminate data between: [(62537430.,), (62635993.,)] (HHMMSSMSS)
   Remove SATNAV0001A.tdf Data
   Length of dataset prior to removal 606 long
Eliminate data between: [(62817133.,), (62915720.,)] (HHMMSSMSS)
   Remove SATNAV0001A.tdf Data
   Length of dataset prior to removal 576 long
Eliminate data between: [(62935884.,), (63034489.,)] (HHMMSSMSS)
   Remove SATNAV0001A.tdf Data
   Length of dataset prior to removal 546 long
Eliminate data between: [(63050586.,), (63149291.,)] (HHMMSSMSS)
   Remove SATNAV0001A.tdf Data
   Length of dataset prior to removal 516 long
Eliminate data between: [(63233576.,), (63332136.,)] (HHMMSSMSS)
   Remove SATNAV0001A.tdf Data
   Length of dataset prior to removal 486 long
Eliminate data between: [(64622659.,), (64721302.,)] (HHMMSSMSS)
   Remove SATNAV0001A.tdf Data
   Length of dataset prior to removal 486 long
Eliminate data between: [(64737408.,), (64836122.,)] (HHMMSSMSS)
   Remove SATNAV0001A.tdf Data
   Length of dataset prior to removal 486 long
Eliminate data between: [(64850166.,), (64948888.,)] (HHMMSSMSS)
   Remove SATNAV0001A.tdf Data
   Length of dataset prior to removal 456 long
Eliminate data between: [(65003061.,), (65101635.,)] (HHMMSSMSS)
   Remove SATNAV0001A.tdf Data
   Length of dataset prior to removal 426 long
Eliminate data between: [(65115827.,), (65214402.,)] (HHMMSSMSS)
   Remove SATNAV0001A.tdf Data
   Length of dataset prior to removal 396 long
Eliminate data between: [(65228574.,), (65327154.,)] (HHMMSSMSS)
   Remove SATNAV0001A.tdf Data
   Length of dataset prior to removal 366 long
Data end   336 long, a loss of 81%
Eliminate data between: [(60000016.,), (62203264.,)] (HHMMSSMSS)
   Remove SATPYR.tdf Data
   Length of dataset prior to removal 105 long
Eliminate data between: [(62414618.,), (62414618.,)] (HHMMSSMSS)
   Remove SATPYR.tdf Data
   Length of dataset prior to removal 105 long
Eliminate data between: [(63201294.,), (64610539.,)] (HHMMSSMSS)
   Remove SATPYR.tdf Data
   Length of dataset prior to removal 105 long
Eliminate data between: [(64622659.,), (64735488.,)] (HHMMSSMSS)
   Remove SATPYR.tdf Data
   Length of dataset prior to removal 105 long
Eliminate data between: [(62309921.,), (62408489.,)] (HHMMSSMSS)
   Remove SATPYR.tdf Data
   Length of dataset prior to removal 100 long
Eliminate data between: [(62424698.,), (62523262.,)] (HHMMSSMSS)
   Remove SATPYR.tdf Data
   Length of dataset prior to removal 95 long
Eliminate data between: [(62537430.,), (62635993.,)] (HHMMSSMSS)
   Remove SATPYR.tdf Data
   Length of dataset prior to removal 90 long
Eliminate data between: [(62817133.,), (62915720.,)] (HHMMSSMSS)
   Remove SATPYR.tdf Data
   Length of dataset prior to removal 85 long
Eliminate data between: [(62935884.,), (63034489.,)] (HHMMSSMSS)
   Remove SATPYR.tdf Data
   Length of dataset prior to removal 80 long
Eliminate data between: [(63050586.,), (63149291.,)] (HHMMSSMSS)
   Remove SATPYR.tdf Data
   Length of dataset prior to removal 75 long
Eliminate data between: [(63233576.,), (63332136.,)] (HHMMSSMSS)
   Remove SATPYR.tdf Data
   Length of dataset prior to removal 70 long
Eliminate data between: [(64622659.,), (64721302.,)] (HHMMSSMSS)
   Remove SATPYR.tdf Data
   Length of dataset prior to removal 70 long
Eliminate data between: [(64737408.,), (64836122.,)] (HHMMSSMSS)
   Remove SATPYR.tdf Data
   Length of dataset prior to removal 70 long
Eliminate data between: [(64850166.,), (64948888.,)] (HHMMSSMSS)
   Remove SATPYR.tdf Data
   Length of dataset prior to removal 65 long
Eliminate data between: [(65003061.,), (65101635.,)] (HHMMSSMSS)
   Remove SATPYR.tdf Data
   Length of dataset prior to removal 60 long
Eliminate data between: [(65115827.,), (65214402.,)] (HHMMSSMSS)
   Remove SATPYR.tdf Data
   Length of dataset prior to removal 55 long
Eliminate data between: [(65228574.,), (65327154.,)] (HHMMSSMSS)
   Remove SATPYR.tdf Data
   Length of dataset prior to removal 50 long
Data end   45 long, a loss of 57%
LT has fewest records - interpolating to LT
Interpolate Data ES
Interpolate Data LI
Interpolate Data LT
Interpolate GPS Data
Interpolate SATNAV Data
L2s file produced: /Users/daurin/Projects_Supplemental/HyperPACE/Field_Data/Processed/KORUS/L2s/1614106_L2s.hdf
