ProcessL2s: /Users/daurin/Projects_Supplemental/HyperPACE/Field_Data/Processed/KORUS/L2/1614223_L2.hdf
   Flag data from TT2: (2.25958199e+08,) to (2.32051004e+08,)(HHMMSSMSS)
   Flag data from TT2: (2.32054989e+08,) to (2.3205909e+08,)(HHMMSSMSS)
   Flag data from TT2: (2.32103081e+08,) to (2.32103081e+08,)(HHMMSSMSS)
   Flag data from TT2: (2.32117279e+08,) to (2.35138481e+08,)(HHMMSSMSS)
   Flag data from TT2: (2.35142592e+08,) to (2.35144657e+08,)(HHMMSSMSS)
Percentage of SATNAV data out of Solar Azimuth bounds: 99%
Filtering file for bad Absolute Rotator Angle
Percentage of SATNAV data out of Absolute Rotator bounds: 0%
Filtering file for Rotator Delay
   Flag data from TT2: (2.3200847e+08,) to (2.3210719e+08,)(HHMMSSMSS)
   Flag data from TT2: (2.32125319e+08,) to (2.32223945e+08,)(HHMMSSMSS)
   Flag data from TT2: (2.32240042e+08,) to (2.32338699e+08,)(HHMMSSMSS)
   Flag data from TT2: (2.32640665e+08,) to (2.32739263e+08,)(HHMMSSMSS)
   Flag data from TT2: (2.32753427e+08,) to (2.32852068e+08,)(HHMMSSMSS)
   Flag data from TT2: (2.32910315e+08,) to (2.33008902e+08,)(HHMMSSMSS)
   Flag data from TT2: (2.3302703e+08,) to (2.33125761e+08,)(HHMMSSMSS)
   Flag data from TT2: (2.3320609e+08,) to (2.33304532e+08,)(HHMMSSMSS)
   Flag data from TT2: (2.33915727e+08,) to (2.34014444e+08,)(HHMMSSMSS)
   Flag data from TT2: (2.34104854e+08,) to (2.34203295e+08,)(HHMMSSMSS)
   Flag data from TT2: (2.3494128e+08,) to (2.35039892e+08,)(HHMMSSMSS)
   Flag data from TT2: (2.35058137e+08,) to (2.35156735e+08,)(HHMMSSMSS)
   Flag data from TT2: (2.35212941e+08,) to (2.35311564e+08,)(HHMMSSMSS)
   Flag data from TT2: (2.3532765e+08,) to (2.35426351e+08,)(HHMMSSMSS)
   Flag data from TT2: (2.35442444e+08,) to (2.35541048e+08,)(HHMMSSMSS)
   Flag data from TT2: (2.35557258e+08,) to (2.35655835e+08,)(HHMMSSMSS)
   Flag data from TT2: (2.3580251e+08,) to (2.35901277e+08,)(HHMMSSMSS)
Percentage of SATNAV data out of Rotator Delay bounds: 30%
Eliminate combined filtered data from datasets.__________________________________
Eliminate data between: [(2.25958199e+08,), (2.32051004e+08,)] (HHMMSSMSS)
   Remove GPS Data
   Length of dataset prior to removal 1788 long
Eliminate data between: [(2.32054989e+08,), (2.3205909e+08,)] (HHMMSSMSS)
   Length of dataset prior to removal 1166 long
Eliminate data between: [(2.32103081e+08,), (2.32103081e+08,)] (HHMMSSMSS)
   Length of dataset prior to removal 1164 long
Eliminate data between: [(2.32117279e+08,), (2.35138481e+08,)] (HHMMSSMSS)
   Length of dataset prior to removal 1164 long
Eliminate data between: [(2.35142592e+08,), (2.35144657e+08,)] (HHMMSSMSS)
   Length of dataset prior to removal 261 long
Eliminate data between: [(2.3200847e+08,), (2.3210719e+08,)] (HHMMSSMSS)
   Length of dataset prior to removal 260 long
Eliminate data between: [(2.32125319e+08,), (2.32223945e+08,)] (HHMMSSMSS)
   Length of dataset prior to removal 254 long
Eliminate data between: [(2.32240042e+08,), (2.32338699e+08,)] (HHMMSSMSS)
   Length of dataset prior to removal 254 long
Eliminate data between: [(2.32640665e+08,), (2.32739263e+08,)] (HHMMSSMSS)
   Length of dataset prior to removal 254 long
Eliminate data between: [(2.32753427e+08,), (2.32852068e+08,)] (HHMMSSMSS)
   Length of dataset prior to removal 254 long
Eliminate data between: [(2.32910315e+08,), (2.33008902e+08,)] (HHMMSSMSS)
   Length of dataset prior to removal 254 long
Eliminate data between: [(2.3302703e+08,), (2.33125761e+08,)] (HHMMSSMSS)
   Length of dataset prior to removal 254 long
Eliminate data between: [(2.3320609e+08,), (2.33304532e+08,)] (HHMMSSMSS)
   Length of dataset prior to removal 254 long
Eliminate data between: [(2.33915727e+08,), (2.34014444e+08,)] (HHMMSSMSS)
   Length of dataset prior to removal 254 long
Eliminate data between: [(2.34104854e+08,), (2.34203295e+08,)] (HHMMSSMSS)
   Length of dataset prior to removal 254 long
Eliminate data between: [(2.3494128e+08,), (2.35039892e+08,)] (HHMMSSMSS)
   Length of dataset prior to removal 254 long
Eliminate data between: [(2.35058137e+08,), (2.35156735e+08,)] (HHMMSSMSS)
   Length of dataset prior to removal 254 long
Eliminate data between: [(2.35212941e+08,), (2.35311564e+08,)] (HHMMSSMSS)
   Length of dataset prior to removal 246 long
Eliminate data between: [(2.3532765e+08,), (2.35426351e+08,)] (HHMMSSMSS)
   Length of dataset prior to removal 217 long
Eliminate data between: [(2.35442444e+08,), (2.35541048e+08,)] (HHMMSSMSS)
   Length of dataset prior to removal 188 long
Eliminate data between: [(2.35557258e+08,), (2.35655835e+08,)] (HHMMSSMSS)
   Length of dataset prior to removal 159 long
Eliminate data between: [(2.3580251e+08,), (2.35901277e+08,)] (HHMMSSMSS)
   Length of dataset prior to removal 130 long
Data end   101 long, a loss of 94%
Eliminate data between: [(2.25958199e+08,), (2.32051004e+08,)] (HHMMSSMSS)
   Remove HSE488B.cal Data
   Length of dataset prior to removal 1336 long
Eliminate data between: [(2.32054989e+08,), (2.3205909e+08,)] (HHMMSSMSS)
   Remove HSE488B.cal Data
   Length of dataset prior to removal 1297 long
Eliminate data between: [(2.32103081e+08,), (2.32103081e+08,)] (HHMMSSMSS)
   Remove HSE488B.cal Data
   Length of dataset prior to removal 1291 long
Eliminate data between: [(2.32117279e+08,), (2.35138481e+08,)] (HHMMSSMSS)
   Remove HSE488B.cal Data
   Length of dataset prior to removal 1291 long
Eliminate data between: [(2.35142592e+08,), (2.35144657e+08,)] (HHMMSSMSS)
   Remove HSE488B.cal Data
   Length of dataset prior to removal 485 long
Eliminate data between: [(2.3200847e+08,), (2.3210719e+08,)] (HHMMSSMSS)
   Remove HSE488B.cal Data
   Length of dataset prior to removal 483 long
Eliminate data between: [(2.32125319e+08,), (2.32223945e+08,)] (HHMMSSMSS)
   Remove HSE488B.cal Data
   Length of dataset prior to removal 469 long
Eliminate data between: [(2.32240042e+08,), (2.32338699e+08,)] (HHMMSSMSS)
   Remove HSE488B.cal Data
   Length of dataset prior to removal 469 long
Eliminate data between: [(2.32640665e+08,), (2.32739263e+08,)] (HHMMSSMSS)
   Remove HSE488B.cal Data
   Length of dataset prior to removal 469 long
Eliminate data between: [(2.32753427e+08,), (2.32852068e+08,)] (HHMMSSMSS)
   Remove HSE488B.cal Data
   Length of dataset prior to removal 469 long
Eliminate data between: [(2.32910315e+08,), (2.33008902e+08,)] (HHMMSSMSS)
   Remove HSE488B.cal Data
   Length of dataset prior to removal 469 long
Eliminate data between: [(2.3302703e+08,), (2.33125761e+08,)] (HHMMSSMSS)
   Remove HSE488B.cal Data
   Length of dataset prior to removal 469 long
Eliminate data between: [(2.3320609e+08,), (2.33304532e+08,)] (HHMMSSMSS)
   Remove HSE488B.cal Data
   Length of dataset prior to removal 469 long
Eliminate data between: [(2.33915727e+08,), (2.34014444e+08,)] (HHMMSSMSS)
   Remove HSE488B.cal Data
   Length of dataset prior to removal 469 long
Eliminate data between: [(2.34104854e+08,), (2.34203295e+08,)] (HHMMSSMSS)
   Remove HSE488B.cal Data
   Length of dataset prior to removal 469 long
Eliminate data between: [(2.3494128e+08,), (2.35039892e+08,)] (HHMMSSMSS)
   Remove HSE488B.cal Data
   Length of dataset prior to removal 469 long
Eliminate data between: [(2.35058137e+08,), (2.35156735e+08,)] (HHMMSSMSS)
   Remove HSE488B.cal Data
   Length of dataset prior to removal 469 long
Eliminate data between: [(2.35212941e+08,), (2.35311564e+08,)] (HHMMSSMSS)
   Remove HSE488B.cal Data
   Length of dataset prior to removal 448 long
Eliminate data between: [(2.3532765e+08,), (2.35426351e+08,)] (HHMMSSMSS)
   Remove HSE488B.cal Data
   Length of dataset prior to removal 383 long
Eliminate data between: [(2.35442444e+08,), (2.35541048e+08,)] (HHMMSSMSS)
   Remove HSE488B.cal Data
   Length of dataset prior to removal 325 long
Eliminate data between: [(2.35557258e+08,), (2.35655835e+08,)] (HHMMSSMSS)
   Remove HSE488B.cal Data
   Length of dataset prior to removal 254 long
Eliminate data between: [(2.3580251e+08,), (2.35901277e+08,)] (HHMMSSMSS)
   Remove HSE488B.cal Data
   Length of dataset prior to removal 184 long
Data end   116 long, a loss of 91%
Eliminate data between: [(2.25958199e+08,), (2.32051004e+08,)] (HHMMSSMSS)
   Remove HSL385B.cal Data
   Length of dataset prior to removal 1515 long
Eliminate data between: [(2.32054989e+08,), (2.3205909e+08,)] (HHMMSSMSS)
   Remove HSL385B.cal Data
   Length of dataset prior to removal 1461 long
Eliminate data between: [(2.32103081e+08,), (2.32103081e+08,)] (HHMMSSMSS)
   Remove HSL385B.cal Data
   Length of dataset prior to removal 1454 long
Eliminate data between: [(2.32117279e+08,), (2.35138481e+08,)] (HHMMSSMSS)
   Remove HSL385B.cal Data
   Length of dataset prior to removal 1454 long
Eliminate data between: [(2.35142592e+08,), (2.35144657e+08,)] (HHMMSSMSS)
   Remove HSL385B.cal Data
   Length of dataset prior to removal 561 long
Eliminate data between: [(2.3200847e+08,), (2.3210719e+08,)] (HHMMSSMSS)
   Remove HSL385B.cal Data
   Length of dataset prior to removal 558 long
Eliminate data between: [(2.32125319e+08,), (2.32223945e+08,)] (HHMMSSMSS)
   Remove HSL385B.cal Data
   Length of dataset prior to removal 542 long
Eliminate data between: [(2.32240042e+08,), (2.32338699e+08,)] (HHMMSSMSS)
   Remove HSL385B.cal Data
   Length of dataset prior to removal 542 long
Eliminate data between: [(2.32640665e+08,), (2.32739263e+08,)] (HHMMSSMSS)
   Remove HSL385B.cal Data
   Length of dataset prior to removal 542 long
Eliminate data between: [(2.32753427e+08,), (2.32852068e+08,)] (HHMMSSMSS)
   Remove HSL385B.cal Data
   Length of dataset prior to removal 542 long
Eliminate data between: [(2.32910315e+08,), (2.33008902e+08,)] (HHMMSSMSS)
   Remove HSL385B.cal Data
   Length of dataset prior to removal 542 long
Eliminate data between: [(2.3302703e+08,), (2.33125761e+08,)] (HHMMSSMSS)
   Remove HSL385B.cal Data
   Length of dataset prior to removal 542 long
Eliminate data between: [(2.3320609e+08,), (2.33304532e+08,)] (HHMMSSMSS)
   Remove HSL385B.cal Data
   Length of dataset prior to removal 542 long
Eliminate data between: [(2.33915727e+08,), (2.34014444e+08,)] (HHMMSSMSS)
   Remove HSL385B.cal Data
   Length of dataset prior to removal 542 long
Eliminate data between: [(2.34104854e+08,), (2.34203295e+08,)] (HHMMSSMSS)
   Remove HSL385B.cal Data
   Length of dataset prior to removal 542 long
Eliminate data between: [(2.3494128e+08,), (2.35039892e+08,)] (HHMMSSMSS)
   Remove HSL385B.cal Data
   Length of dataset prior to removal 542 long
Eliminate data between: [(2.35058137e+08,), (2.35156735e+08,)] (HHMMSSMSS)
   Remove HSL385B.cal Data
   Length of dataset prior to removal 542 long
Eliminate data between: [(2.35212941e+08,), (2.35311564e+08,)] (HHMMSSMSS)
   Remove HSL385B.cal Data
   Length of dataset prior to removal 521 long
Eliminate data between: [(2.3532765e+08,), (2.35426351e+08,)] (HHMMSSMSS)
   Remove HSL385B.cal Data
   Length of dataset prior to removal 440 long
Eliminate data between: [(2.35442444e+08,), (2.35541048e+08,)] (HHMMSSMSS)
   Remove HSL385B.cal Data
   Length of dataset prior to removal 355 long
Eliminate data between: [(2.35557258e+08,), (2.35655835e+08,)] (HHMMSSMSS)
   Remove HSL385B.cal Data
   Length of dataset prior to removal 286 long
Eliminate data between: [(2.3580251e+08,), (2.35901277e+08,)] (HHMMSSMSS)
   Remove HSL385B.cal Data
   Length of dataset prior to removal 206 long
Data end   132 long, a loss of 91%
Eliminate data between: [(2.25958199e+08,), (2.32051004e+08,)] (HHMMSSMSS)
   Remove HSL386B.cal Data
   Length of dataset prior to removal 396 long
Eliminate data between: [(2.32054989e+08,), (2.3205909e+08,)] (HHMMSSMSS)
   Remove HSL386B.cal Data
   Length of dataset prior to removal 381 long
Eliminate data between: [(2.32103081e+08,), (2.32103081e+08,)] (HHMMSSMSS)
   Remove HSL386B.cal Data
   Length of dataset prior to removal 379 long
Eliminate data between: [(2.32117279e+08,), (2.35138481e+08,)] (HHMMSSMSS)
   Remove HSL386B.cal Data
   Length of dataset prior to removal 379 long
Eliminate data between: [(2.35142592e+08,), (2.35144657e+08,)] (HHMMSSMSS)
   Remove HSL386B.cal Data
   Length of dataset prior to removal 151 long
Eliminate data between: [(2.3200847e+08,), (2.3210719e+08,)] (HHMMSSMSS)
   Remove HSL386B.cal Data
   Length of dataset prior to removal 150 long
Eliminate data between: [(2.32125319e+08,), (2.32223945e+08,)] (HHMMSSMSS)
   Remove HSL386B.cal Data
   Length of dataset prior to removal 149 long
Eliminate data between: [(2.32240042e+08,), (2.32338699e+08,)] (HHMMSSMSS)
   Remove HSL386B.cal Data
   Length of dataset prior to removal 149 long
Eliminate data between: [(2.32640665e+08,), (2.32739263e+08,)] (HHMMSSMSS)
   Remove HSL386B.cal Data
   Length of dataset prior to removal 149 long
Eliminate data between: [(2.32753427e+08,), (2.32852068e+08,)] (HHMMSSMSS)
   Remove HSL386B.cal Data
   Length of dataset prior to removal 149 long
Eliminate data between: [(2.32910315e+08,), (2.33008902e+08,)] (HHMMSSMSS)
   Remove HSL386B.cal Data
   Length of dataset prior to removal 149 long
Eliminate data between: [(2.3302703e+08,), (2.33125761e+08,)] (HHMMSSMSS)
   Remove HSL386B.cal Data
   Length of dataset prior to removal 149 long
Eliminate data between: [(2.3320609e+08,), (2.33304532e+08,)] (HHMMSSMSS)
   Remove HSL386B.cal Data
   Length of dataset prior to removal 149 long
Eliminate data between: [(2.33915727e+08,), (2.34014444e+08,)] (HHMMSSMSS)
   Remove HSL386B.cal Data
   Length of dataset prior to removal 149 long
Eliminate data between: [(2.34104854e+08,), (2.34203295e+08,)] (HHMMSSMSS)
   Remove HSL386B.cal Data
   Length of dataset prior to removal 149 long
Eliminate data between: [(2.3494128e+08,), (2.35039892e+08,)] (HHMMSSMSS)
   Remove HSL386B.cal Data
   Length of dataset prior to removal 149 long
Eliminate data between: [(2.35058137e+08,), (2.35156735e+08,)] (HHMMSSMSS)
   Remove HSL386B.cal Data
   Length of dataset prior to removal 149 long
Eliminate data between: [(2.35212941e+08,), (2.35311564e+08,)] (HHMMSSMSS)
   Remove HSL386B.cal Data
   Length of dataset prior to removal 145 long
Eliminate data between: [(2.3532765e+08,), (2.35426351e+08,)] (HHMMSSMSS)
   Remove HSL386B.cal Data
   Length of dataset prior to removal 125 long
Eliminate data between: [(2.35442444e+08,), (2.35541048e+08,)] (HHMMSSMSS)
   Remove HSL386B.cal Data
   Length of dataset prior to removal 104 long
Eliminate data between: [(2.35557258e+08,), (2.35655835e+08,)] (HHMMSSMSS)
   Remove HSL386B.cal Data
   Length of dataset prior to removal 84 long
Eliminate data between: [(2.3580251e+08,), (2.35901277e+08,)] (HHMMSSMSS)
   Remove HSL386B.cal Data
   Length of dataset prior to removal 63 long
Data end   43 long, a loss of 89%
Eliminate data between: [(2.25958199e+08,), (2.32051004e+08,)] (HHMMSSMSS)
   Remove SATNAV0001A.tdf Data
   Length of dataset prior to removal 1784 long
Eliminate data between: [(2.32054989e+08,), (2.3205909e+08,)] (HHMMSSMSS)
   Remove SATNAV0001A.tdf Data
   Length of dataset prior to removal 1162 long
Eliminate data between: [(2.32103081e+08,), (2.32103081e+08,)] (HHMMSSMSS)
   Remove SATNAV0001A.tdf Data
   Length of dataset prior to removal 1159 long
Eliminate data between: [(2.32117279e+08,), (2.35138481e+08,)] (HHMMSSMSS)
   Remove SATNAV0001A.tdf Data
   Length of dataset prior to removal 1158 long
Eliminate data between: [(2.35142592e+08,), (2.35144657e+08,)] (HHMMSSMSS)
   Remove SATNAV0001A.tdf Data
   Length of dataset prior to removal 255 long
Eliminate data between: [(2.3200847e+08,), (2.3210719e+08,)] (HHMMSSMSS)
   Remove SATNAV0001A.tdf Data
   Length of dataset prior to removal 253 long
Eliminate data between: [(2.32125319e+08,), (2.32223945e+08,)] (HHMMSSMSS)
   Remove SATNAV0001A.tdf Data
   Length of dataset prior to removal 249 long
Eliminate data between: [(2.32240042e+08,), (2.32338699e+08,)] (HHMMSSMSS)
   Remove SATNAV0001A.tdf Data
   Length of dataset prior to removal 249 long
Eliminate data between: [(2.32640665e+08,), (2.32739263e+08,)] (HHMMSSMSS)
   Remove SATNAV0001A.tdf Data
   Length of dataset prior to removal 249 long
Eliminate data between: [(2.32753427e+08,), (2.32852068e+08,)] (HHMMSSMSS)
   Remove SATNAV0001A.tdf Data
   Length of dataset prior to removal 249 long
Eliminate data between: [(2.32910315e+08,), (2.33008902e+08,)] (HHMMSSMSS)
   Remove SATNAV0001A.tdf Data
   Length of dataset prior to removal 249 long
Eliminate data between: [(2.3302703e+08,), (2.33125761e+08,)] (HHMMSSMSS)
   Remove SATNAV0001A.tdf Data
   Length of dataset prior to removal 249 long
Eliminate data between: [(2.3320609e+08,), (2.33304532e+08,)] (HHMMSSMSS)
   Remove SATNAV0001A.tdf Data
   Length of dataset prior to removal 249 long
Eliminate data between: [(2.33915727e+08,), (2.34014444e+08,)] (HHMMSSMSS)
   Remove SATNAV0001A.tdf Data
   Length of dataset prior to removal 249 long
Eliminate data between: [(2.34104854e+08,), (2.34203295e+08,)] (HHMMSSMSS)
   Remove SATNAV0001A.tdf Data
   Length of dataset prior to removal 249 long
Eliminate data between: [(2.3494128e+08,), (2.35039892e+08,)] (HHMMSSMSS)
   Remove SATNAV0001A.tdf Data
   Length of dataset prior to removal 249 long
Eliminate data between: [(2.35058137e+08,), (2.35156735e+08,)] (HHMMSSMSS)
   Remove SATNAV0001A.tdf Data
   Length of dataset prior to removal 249 long
Eliminate data between: [(2.35212941e+08,), (2.35311564e+08,)] (HHMMSSMSS)
   Remove SATNAV0001A.tdf Data
   Length of dataset prior to removal 242 long
Eliminate data between: [(2.3532765e+08,), (2.35426351e+08,)] (HHMMSSMSS)
   Remove SATNAV0001A.tdf Data
   Length of dataset prior to removal 212 long
Eliminate data between: [(2.35442444e+08,), (2.35541048e+08,)] (HHMMSSMSS)
   Remove SATNAV0001A.tdf Data
   Length of dataset prior to removal 182 long
Eliminate data between: [(2.35557258e+08,), (2.35655835e+08,)] (HHMMSSMSS)
   Remove SATNAV0001A.tdf Data
   Length of dataset prior to removal 152 long
Eliminate data between: [(2.3580251e+08,), (2.35901277e+08,)] (HHMMSSMSS)
   Remove SATNAV0001A.tdf Data
   Length of dataset prior to removal 122 long
Data end   92 long, a loss of 95%
Eliminate data between: [(2.25958199e+08,), (2.32051004e+08,)] (HHMMSSMSS)
   Remove SATPYR.tdf Data
   Length of dataset prior to removal 101 long
Eliminate data between: [(2.32054989e+08,), (2.3205909e+08,)] (HHMMSSMSS)
   Remove SATPYR.tdf Data
   Length of dataset prior to removal 97 long
Eliminate data between: [(2.32103081e+08,), (2.32103081e+08,)] (HHMMSSMSS)
   Remove SATPYR.tdf Data
   Length of dataset prior to removal 97 long
Eliminate data between: [(2.32117279e+08,), (2.35138481e+08,)] (HHMMSSMSS)
   Remove SATPYR.tdf Data
   Length of dataset prior to removal 97 long
Eliminate data between: [(2.35142592e+08,), (2.35144657e+08,)] (HHMMSSMSS)
   Remove SATPYR.tdf Data
   Length of dataset prior to removal 37 long
Eliminate data between: [(2.3200847e+08,), (2.3210719e+08,)] (HHMMSSMSS)
   Remove SATPYR.tdf Data
   Length of dataset prior to removal 37 long
Eliminate data between: [(2.32125319e+08,), (2.32223945e+08,)] (HHMMSSMSS)
   Remove SATPYR.tdf Data
   Length of dataset prior to removal 36 long
Eliminate data between: [(2.32240042e+08,), (2.32338699e+08,)] (HHMMSSMSS)
   Remove SATPYR.tdf Data
   Length of dataset prior to removal 36 long
Eliminate data between: [(2.32640665e+08,), (2.32739263e+08,)] (HHMMSSMSS)
   Remove SATPYR.tdf Data
   Length of dataset prior to removal 36 long
Eliminate data between: [(2.32753427e+08,), (2.32852068e+08,)] (HHMMSSMSS)
   Remove SATPYR.tdf Data
   Length of dataset prior to removal 36 long
Eliminate data between: [(2.32910315e+08,), (2.33008902e+08,)] (HHMMSSMSS)
   Remove SATPYR.tdf Data
   Length of dataset prior to removal 36 long
Eliminate data between: [(2.3302703e+08,), (2.33125761e+08,)] (HHMMSSMSS)
   Remove SATPYR.tdf Data
   Length of dataset prior to removal 36 long
Eliminate data between: [(2.3320609e+08,), (2.33304532e+08,)] (HHMMSSMSS)
   Remove SATPYR.tdf Data
   Length of dataset prior to removal 36 long
Eliminate data between: [(2.33915727e+08,), (2.34014444e+08,)] (HHMMSSMSS)
   Remove SATPYR.tdf Data
   Length of dataset prior to removal 36 long
Eliminate data between: [(2.34104854e+08,), (2.34203295e+08,)] (HHMMSSMSS)
   Remove SATPYR.tdf Data
   Length of dataset prior to removal 36 long
Eliminate data between: [(2.3494128e+08,), (2.35039892e+08,)] (HHMMSSMSS)
   Remove SATPYR.tdf Data
   Length of dataset prior to removal 36 long
Eliminate data between: [(2.35058137e+08,), (2.35156735e+08,)] (HHMMSSMSS)
   Remove SATPYR.tdf Data
   Length of dataset prior to removal 36 long
Eliminate data between: [(2.35212941e+08,), (2.35311564e+08,)] (HHMMSSMSS)
   Remove SATPYR.tdf Data
   Length of dataset prior to removal 34 long
Eliminate data between: [(2.3532765e+08,), (2.35426351e+08,)] (HHMMSSMSS)
   Remove SATPYR.tdf Data
   Length of dataset prior to removal 29 long
Eliminate data between: [(2.35442444e+08,), (2.35541048e+08,)] (HHMMSSMSS)
   Remove SATPYR.tdf Data
   Length of dataset prior to removal 24 long
Eliminate data between: [(2.35557258e+08,), (2.35655835e+08,)] (HHMMSSMSS)
   Remove SATPYR.tdf Data
   Length of dataset prior to removal 19 long
Eliminate data between: [(2.3580251e+08,), (2.35901277e+08,)] (HHMMSSMSS)
   Remove SATPYR.tdf Data
   Length of dataset prior to removal 14 long
Data end   9 long, a loss of 91%
LT has fewest records - interpolating to LT
Interpolate Data ES
Interpolate Data LI
Interpolate Data LT
Interpolate GPS Data
Interpolate SATNAV Data
L2s file produced: /Users/daurin/Projects_Supplemental/HyperPACE/Field_Data/Processed/KORUS/L2s/1614223_L2s.hdf
