ProcessL2s: /Users/daurin/Projects_Supplemental/HyperPACE/Field_Data/Processed/KORUS/L2/1614403_L2.hdf
   Flag data from TT2: (31421908.,) to (31653287.,)(HHMMSSMSS)
   Flag data from TT2: (32945616.,) to (33618964.,)(HHMMSSMSS)
   Flag data from TT2: (34104217.,) to (35205811.,)(HHMMSSMSS)
Percentage of SATNAV data out of Solar Azimuth bounds: 34%
Filtering file for bad Absolute Rotator Angle
   Flag data from TT2: (31311198.,) to (31454188.,)(HHMMSSMSS)
   Flag data from TT2: (31705287.,) to (31830238.,)(HHMMSSMSS)
   Flag data from TT2: (32834933.,) to (33017897.,)(HHMMSSMSS)
Percentage of SATNAV data out of Absolute Rotator bounds: 8%
Filtering file for Rotator Delay
   Flag data from TT2: (30022897.,) to (30121522.,)(HHMMSSMSS)
   Flag data from TT2: (30544485.,) to (30643131.,)(HHMMSSMSS)
   Flag data from TT2: (30657298.,) to (30755949.,)(HHMMSSMSS)
   Flag data from TT2: (30812041.,) to (30910625.,)(HHMMSSMSS)
   Flag data from TT2: (30926835.,) to (31025489.,)(HHMMSSMSS)
   Flag data from TT2: (31043623.,) to (31142289.,)(HHMMSSMSS)
   Flag data from TT2: (31158370.,) to (31257035.,)(HHMMSSMSS)
   Flag data from TT2: (31311198.,) to (31409881.,)(HHMMSSMSS)
   Flag data from TT2: (31456228.,) to (31554790.,)(HHMMSSMSS)
   Flag data from TT2: (31705287.,) to (31803952.,)(HHMMSSMSS)
   Flag data from TT2: (31832278.,) to (31930916.,)(HHMMSSMSS)
   Flag data from TT2: (31945083.,) to (32043755.,)(HHMMSSMSS)
   Flag data from TT2: (32057812.,) to (32156480.,)(HHMMSSMSS)
   Flag data from TT2: (32609342.,) to (32708014.,)(HHMMSSMSS)
   Flag data from TT2: (32722061.,) to (32820741.,)(HHMMSSMSS)
   Flag data from TT2: (32834933.,) to (32933600.,)(HHMMSSMSS)
   Flag data from TT2: (33019937.,) to (33118499.,)(HHMMSSMSS)
   Flag data from TT2: (33629044.,) to (33727717.,)(HHMMSSMSS)
   Flag data from TT2: (34136499.,) to (34234940.,)(HHMMSSMSS)
   Flag data from TT2: (35215892.,) to (35314536.,)(HHMMSSMSS)
Percentage of SATNAV data out of Rotator Delay bounds: 34%
Eliminate combined filtered data from datasets.__________________________________
Eliminate data between: [(31421908.,), (31653287.,)] (HHMMSSMSS)
   Remove GPS Data
   Length of dataset prior to removal 1788 long
Eliminate data between: [(32945616.,), (33618964.,)] (HHMMSSMSS)
   Length of dataset prior to removal 1713 long
Eliminate data between: [(34104217.,), (35205811.,)] (HHMMSSMSS)
   Length of dataset prior to removal 1517 long
Eliminate data between: [(31311198.,), (31454188.,)] (HHMMSSMSS)
   Length of dataset prior to removal 1190 long
Eliminate data between: [(31705287.,), (31830238.,)] (HHMMSSMSS)
   Length of dataset prior to removal 1155 long
Eliminate data between: [(32834933.,), (33017897.,)] (HHMMSSMSS)
   Length of dataset prior to removal 1113 long
Eliminate data between: [(30022897.,), (30121522.,)] (HHMMSSMSS)
   Length of dataset prior to removal 1078 long
Eliminate data between: [(30544485.,), (30643131.,)] (HHMMSSMSS)
   Length of dataset prior to removal 1049 long
Eliminate data between: [(30657298.,), (30755949.,)] (HHMMSSMSS)
   Length of dataset prior to removal 1019 long
Eliminate data between: [(30812041.,), (30910625.,)] (HHMMSSMSS)
   Length of dataset prior to removal 990 long
Eliminate data between: [(30926835.,), (31025489.,)] (HHMMSSMSS)
   Length of dataset prior to removal 962 long
Eliminate data between: [(31043623.,), (31142289.,)] (HHMMSSMSS)
   Length of dataset prior to removal 933 long
Eliminate data between: [(31158370.,), (31257035.,)] (HHMMSSMSS)
   Length of dataset prior to removal 904 long
Eliminate data between: [(31311198.,), (31409881.,)] (HHMMSSMSS)
   Length of dataset prior to removal 873 long
Eliminate data between: [(31456228.,), (31554790.,)] (HHMMSSMSS)
   Length of dataset prior to removal 873 long
Eliminate data between: [(31705287.,), (31803952.,)] (HHMMSSMSS)
   Length of dataset prior to removal 873 long
Eliminate data between: [(31832278.,), (31930916.,)] (HHMMSSMSS)
   Length of dataset prior to removal 873 long
Eliminate data between: [(31945083.,), (32043755.,)] (HHMMSSMSS)
   Length of dataset prior to removal 844 long
Eliminate data between: [(32057812.,), (32156480.,)] (HHMMSSMSS)
   Length of dataset prior to removal 816 long
Eliminate data between: [(32609342.,), (32708014.,)] (HHMMSSMSS)
   Length of dataset prior to removal 787 long
Eliminate data between: [(32722061.,), (32820741.,)] (HHMMSSMSS)
   Length of dataset prior to removal 757 long
Eliminate data between: [(32834933.,), (32933600.,)] (HHMMSSMSS)
   Length of dataset prior to removal 729 long
Eliminate data between: [(33019937.,), (33118499.,)] (HHMMSSMSS)
   Length of dataset prior to removal 729 long
Eliminate data between: [(33629044.,), (33727717.,)] (HHMMSSMSS)
   Length of dataset prior to removal 729 long
Eliminate data between: [(34136499.,), (34234940.,)] (HHMMSSMSS)
   Length of dataset prior to removal 701 long
Eliminate data between: [(35215892.,), (35314536.,)] (HHMMSSMSS)
   Length of dataset prior to removal 701 long
Data end   672 long, a loss of 62%
Eliminate data between: [(31421908.,), (31653287.,)] (HHMMSSMSS)
   Remove HSE488B.cal Data
   Length of dataset prior to removal 2429 long
Eliminate data between: [(32945616.,), (33618964.,)] (HHMMSSMSS)
   Remove HSE488B.cal Data
   Length of dataset prior to removal 2429 long
Eliminate data between: [(34104217.,), (35205811.,)] (HHMMSSMSS)
   Remove HSE488B.cal Data
   Length of dataset prior to removal 2429 long
Eliminate data between: [(31311198.,), (31454188.,)] (HHMMSSMSS)
   Remove HSE488B.cal Data
   Length of dataset prior to removal 2429 long
Eliminate data between: [(31705287.,), (31830238.,)] (HHMMSSMSS)
   Remove HSE488B.cal Data
   Length of dataset prior to removal 2352 long
Eliminate data between: [(32834933.,), (33017897.,)] (HHMMSSMSS)
   Remove HSE488B.cal Data
   Length of dataset prior to removal 2268 long
Eliminate data between: [(30022897.,), (30121522.,)] (HHMMSSMSS)
   Remove HSE488B.cal Data
   Length of dataset prior to removal 2195 long
Eliminate data between: [(30544485.,), (30643131.,)] (HHMMSSMSS)
   Remove HSE488B.cal Data
   Length of dataset prior to removal 2134 long
Eliminate data between: [(30657298.,), (30755949.,)] (HHMMSSMSS)
   Remove HSE488B.cal Data
   Length of dataset prior to removal 2062 long
Eliminate data between: [(30812041.,), (30910625.,)] (HHMMSSMSS)
   Remove HSE488B.cal Data
   Length of dataset prior to removal 1995 long
Eliminate data between: [(30926835.,), (31025489.,)] (HHMMSSMSS)
   Remove HSE488B.cal Data
   Length of dataset prior to removal 1923 long
Eliminate data between: [(31043623.,), (31142289.,)] (HHMMSSMSS)
   Remove HSE488B.cal Data
   Length of dataset prior to removal 1855 long
Eliminate data between: [(31158370.,), (31257035.,)] (HHMMSSMSS)
   Remove HSE488B.cal Data
   Length of dataset prior to removal 1784 long
Eliminate data between: [(31311198.,), (31409881.,)] (HHMMSSMSS)
   Remove HSE488B.cal Data
   Length of dataset prior to removal 1714 long
Eliminate data between: [(31456228.,), (31554790.,)] (HHMMSSMSS)
   Remove HSE488B.cal Data
   Length of dataset prior to removal 1714 long
Eliminate data between: [(31705287.,), (31803952.,)] (HHMMSSMSS)
   Remove HSE488B.cal Data
   Length of dataset prior to removal 1714 long
Eliminate data between: [(31832278.,), (31930916.,)] (HHMMSSMSS)
   Remove HSE488B.cal Data
   Length of dataset prior to removal 1714 long
Eliminate data between: [(31945083.,), (32043755.,)] (HHMMSSMSS)
   Remove HSE488B.cal Data
   Length of dataset prior to removal 1645 long
Eliminate data between: [(32057812.,), (32156480.,)] (HHMMSSMSS)
   Remove HSE488B.cal Data
   Length of dataset prior to removal 1586 long
Eliminate data between: [(32609342.,), (32708014.,)] (HHMMSSMSS)
   Remove HSE488B.cal Data
   Length of dataset prior to removal 1518 long
Eliminate data between: [(32722061.,), (32820741.,)] (HHMMSSMSS)
   Remove HSE488B.cal Data
   Length of dataset prior to removal 1453 long
Eliminate data between: [(32834933.,), (32933600.,)] (HHMMSSMSS)
   Remove HSE488B.cal Data
   Length of dataset prior to removal 1382 long
Eliminate data between: [(33019937.,), (33118499.,)] (HHMMSSMSS)
   Remove HSE488B.cal Data
   Length of dataset prior to removal 1382 long
Eliminate data between: [(33629044.,), (33727717.,)] (HHMMSSMSS)
   Remove HSE488B.cal Data
   Length of dataset prior to removal 1382 long
Eliminate data between: [(34136499.,), (34234940.,)] (HHMMSSMSS)
   Remove HSE488B.cal Data
   Length of dataset prior to removal 1315 long
Eliminate data between: [(35215892.,), (35314536.,)] (HHMMSSMSS)
   Remove HSE488B.cal Data
   Length of dataset prior to removal 1315 long
Data end   1248 long, a loss of 49%
Eliminate data between: [(31421908.,), (31653287.,)] (HHMMSSMSS)
   Remove HSL385B.cal Data
   Length of dataset prior to removal 2722 long
Eliminate data between: [(32945616.,), (33618964.,)] (HHMMSSMSS)
   Remove HSL385B.cal Data
   Length of dataset prior to removal 2722 long
Eliminate data between: [(34104217.,), (35205811.,)] (HHMMSSMSS)
   Remove HSL385B.cal Data
   Length of dataset prior to removal 2722 long
Eliminate data between: [(31311198.,), (31454188.,)] (HHMMSSMSS)
   Remove HSL385B.cal Data
   Length of dataset prior to removal 2722 long
Eliminate data between: [(31705287.,), (31830238.,)] (HHMMSSMSS)
   Remove HSL385B.cal Data
   Length of dataset prior to removal 2648 long
Eliminate data between: [(32834933.,), (33017897.,)] (HHMMSSMSS)
   Remove HSL385B.cal Data
   Length of dataset prior to removal 2557 long
Eliminate data between: [(30022897.,), (30121522.,)] (HHMMSSMSS)
   Remove HSL385B.cal Data
   Length of dataset prior to removal 2479 long
Eliminate data between: [(30544485.,), (30643131.,)] (HHMMSSMSS)
   Remove HSL385B.cal Data
   Length of dataset prior to removal 2405 long
Eliminate data between: [(30657298.,), (30755949.,)] (HHMMSSMSS)
   Remove HSL385B.cal Data
   Length of dataset prior to removal 2335 long
Eliminate data between: [(30812041.,), (30910625.,)] (HHMMSSMSS)
   Remove HSL385B.cal Data
   Length of dataset prior to removal 2262 long
Eliminate data between: [(30926835.,), (31025489.,)] (HHMMSSMSS)
   Remove HSL385B.cal Data
   Length of dataset prior to removal 2193 long
Eliminate data between: [(31043623.,), (31142289.,)] (HHMMSSMSS)
   Remove HSL385B.cal Data
   Length of dataset prior to removal 2124 long
Eliminate data between: [(31158370.,), (31257035.,)] (HHMMSSMSS)
   Remove HSL385B.cal Data
   Length of dataset prior to removal 2049 long
Eliminate data between: [(31311198.,), (31409881.,)] (HHMMSSMSS)
   Remove HSL385B.cal Data
   Length of dataset prior to removal 1977 long
Eliminate data between: [(31456228.,), (31554790.,)] (HHMMSSMSS)
   Remove HSL385B.cal Data
   Length of dataset prior to removal 1977 long
Eliminate data between: [(31705287.,), (31803952.,)] (HHMMSSMSS)
   Remove HSL385B.cal Data
   Length of dataset prior to removal 1977 long
Eliminate data between: [(31832278.,), (31930916.,)] (HHMMSSMSS)
   Remove HSL385B.cal Data
   Length of dataset prior to removal 1977 long
Eliminate data between: [(31945083.,), (32043755.,)] (HHMMSSMSS)
   Remove HSL385B.cal Data
   Length of dataset prior to removal 1907 long
Eliminate data between: [(32057812.,), (32156480.,)] (HHMMSSMSS)
   Remove HSL385B.cal Data
   Length of dataset prior to removal 1827 long
Eliminate data between: [(32609342.,), (32708014.,)] (HHMMSSMSS)
   Remove HSL385B.cal Data
   Length of dataset prior to removal 1755 long
Eliminate data between: [(32722061.,), (32820741.,)] (HHMMSSMSS)
   Remove HSL385B.cal Data
   Length of dataset prior to removal 1679 long
Eliminate data between: [(32834933.,), (32933600.,)] (HHMMSSMSS)
   Remove HSL385B.cal Data
   Length of dataset prior to removal 1608 long
Eliminate data between: [(33019937.,), (33118499.,)] (HHMMSSMSS)
   Remove HSL385B.cal Data
   Length of dataset prior to removal 1608 long
Eliminate data between: [(33629044.,), (33727717.,)] (HHMMSSMSS)
   Remove HSL385B.cal Data
   Length of dataset prior to removal 1608 long
Eliminate data between: [(34136499.,), (34234940.,)] (HHMMSSMSS)
   Remove HSL385B.cal Data
   Length of dataset prior to removal 1533 long
Eliminate data between: [(35215892.,), (35314536.,)] (HHMMSSMSS)
   Remove HSL385B.cal Data
   Length of dataset prior to removal 1533 long
Data end   1458 long, a loss of 46%
Eliminate data between: [(31421908.,), (31653287.,)] (HHMMSSMSS)
   Remove HSL386B.cal Data
   Length of dataset prior to removal 1394 long
Eliminate data between: [(32945616.,), (33618964.,)] (HHMMSSMSS)
   Remove HSL386B.cal Data
   Length of dataset prior to removal 1394 long
Eliminate data between: [(34104217.,), (35205811.,)] (HHMMSSMSS)
   Remove HSL386B.cal Data
   Length of dataset prior to removal 1394 long
Eliminate data between: [(31311198.,), (31454188.,)] (HHMMSSMSS)
   Remove HSL386B.cal Data
   Length of dataset prior to removal 1394 long
Eliminate data between: [(31705287.,), (31830238.,)] (HHMMSSMSS)
   Remove HSL386B.cal Data
   Length of dataset prior to removal 1336 long
Eliminate data between: [(32834933.,), (33017897.,)] (HHMMSSMSS)
   Remove HSL386B.cal Data
   Length of dataset prior to removal 1265 long
Eliminate data between: [(30022897.,), (30121522.,)] (HHMMSSMSS)
   Remove HSL386B.cal Data
   Length of dataset prior to removal 1207 long
Eliminate data between: [(30544485.,), (30643131.,)] (HHMMSSMSS)
   Remove HSL386B.cal Data
   Length of dataset prior to removal 1169 long
Eliminate data between: [(30657298.,), (30755949.,)] (HHMMSSMSS)
   Remove HSL386B.cal Data
   Length of dataset prior to removal 1133 long
Eliminate data between: [(30812041.,), (30910625.,)] (HHMMSSMSS)
   Remove HSL386B.cal Data
   Length of dataset prior to removal 1098 long
Eliminate data between: [(30926835.,), (31025489.,)] (HHMMSSMSS)
   Remove HSL386B.cal Data
   Length of dataset prior to removal 1063 long
Eliminate data between: [(31043623.,), (31142289.,)] (HHMMSSMSS)
   Remove HSL386B.cal Data
   Length of dataset prior to removal 1029 long
Eliminate data between: [(31158370.,), (31257035.,)] (HHMMSSMSS)
   Remove HSL386B.cal Data
   Length of dataset prior to removal 993 long
Eliminate data between: [(31311198.,), (31409881.,)] (HHMMSSMSS)
   Remove HSL386B.cal Data
   Length of dataset prior to removal 958 long
Eliminate data between: [(31456228.,), (31554790.,)] (HHMMSSMSS)
   Remove HSL386B.cal Data
   Length of dataset prior to removal 958 long
Eliminate data between: [(31705287.,), (31803952.,)] (HHMMSSMSS)
   Remove HSL386B.cal Data
   Length of dataset prior to removal 958 long
Eliminate data between: [(31832278.,), (31930916.,)] (HHMMSSMSS)
   Remove HSL386B.cal Data
   Length of dataset prior to removal 958 long
Eliminate data between: [(31945083.,), (32043755.,)] (HHMMSSMSS)
   Remove HSL386B.cal Data
   Length of dataset prior to removal 924 long
Eliminate data between: [(32057812.,), (32156480.,)] (HHMMSSMSS)
   Remove HSL386B.cal Data
   Length of dataset prior to removal 888 long
Eliminate data between: [(32609342.,), (32708014.,)] (HHMMSSMSS)
   Remove HSL386B.cal Data
   Length of dataset prior to removal 851 long
Eliminate data between: [(32722061.,), (32820741.,)] (HHMMSSMSS)
   Remove HSL386B.cal Data
   Length of dataset prior to removal 818 long
Eliminate data between: [(32834933.,), (32933600.,)] (HHMMSSMSS)
   Remove HSL386B.cal Data
   Length of dataset prior to removal 784 long
Eliminate data between: [(33019937.,), (33118499.,)] (HHMMSSMSS)
   Remove HSL386B.cal Data
   Length of dataset prior to removal 784 long
Eliminate data between: [(33629044.,), (33727717.,)] (HHMMSSMSS)
   Remove HSL386B.cal Data
   Length of dataset prior to removal 784 long
Eliminate data between: [(34136499.,), (34234940.,)] (HHMMSSMSS)
   Remove HSL386B.cal Data
   Length of dataset prior to removal 746 long
Eliminate data between: [(35215892.,), (35314536.,)] (HHMMSSMSS)
   Remove HSL386B.cal Data
   Length of dataset prior to removal 746 long
Data end   709 long, a loss of 49%
Eliminate data between: [(31421908.,), (31653287.,)] (HHMMSSMSS)
   Remove SATNAV0001A.tdf Data
   Length of dataset prior to removal 1782 long
Eliminate data between: [(32945616.,), (33618964.,)] (HHMMSSMSS)
   Remove SATNAV0001A.tdf Data
   Length of dataset prior to removal 1706 long
Eliminate data between: [(34104217.,), (35205811.,)] (HHMMSSMSS)
   Remove SATNAV0001A.tdf Data
   Length of dataset prior to removal 1510 long
Eliminate data between: [(31311198.,), (31454188.,)] (HHMMSSMSS)
   Remove SATNAV0001A.tdf Data
   Length of dataset prior to removal 1181 long
Eliminate data between: [(31705287.,), (31830238.,)] (HHMMSSMSS)
   Remove SATNAV0001A.tdf Data
   Length of dataset prior to removal 1146 long
Eliminate data between: [(32834933.,), (33017897.,)] (HHMMSSMSS)
   Remove SATNAV0001A.tdf Data
   Length of dataset prior to removal 1103 long
Eliminate data between: [(30022897.,), (30121522.,)] (HHMMSSMSS)
   Remove SATNAV0001A.tdf Data
   Length of dataset prior to removal 1068 long
Eliminate data between: [(30544485.,), (30643131.,)] (HHMMSSMSS)
   Remove SATNAV0001A.tdf Data
   Length of dataset prior to removal 1038 long
Eliminate data between: [(30657298.,), (30755949.,)] (HHMMSSMSS)
   Remove SATNAV0001A.tdf Data
   Length of dataset prior to removal 1008 long
Eliminate data between: [(30812041.,), (30910625.,)] (HHMMSSMSS)
   Remove SATNAV0001A.tdf Data
   Length of dataset prior to removal 978 long
Eliminate data between: [(30926835.,), (31025489.,)] (HHMMSSMSS)
   Remove SATNAV0001A.tdf Data
   Length of dataset prior to removal 948 long
Eliminate data between: [(31043623.,), (31142289.,)] (HHMMSSMSS)
   Remove SATNAV0001A.tdf Data
   Length of dataset prior to removal 918 long
Eliminate data between: [(31158370.,), (31257035.,)] (HHMMSSMSS)
   Remove SATNAV0001A.tdf Data
   Length of dataset prior to removal 888 long
Eliminate data between: [(31311198.,), (31409881.,)] (HHMMSSMSS)
   Remove SATNAV0001A.tdf Data
   Length of dataset prior to removal 858 long
Eliminate data between: [(31456228.,), (31554790.,)] (HHMMSSMSS)
   Remove SATNAV0001A.tdf Data
   Length of dataset prior to removal 858 long
Eliminate data between: [(31705287.,), (31803952.,)] (HHMMSSMSS)
   Remove SATNAV0001A.tdf Data
   Length of dataset prior to removal 858 long
Eliminate data between: [(31832278.,), (31930916.,)] (HHMMSSMSS)
   Remove SATNAV0001A.tdf Data
   Length of dataset prior to removal 858 long
Eliminate data between: [(31945083.,), (32043755.,)] (HHMMSSMSS)
   Remove SATNAV0001A.tdf Data
   Length of dataset prior to removal 828 long
Eliminate data between: [(32057812.,), (32156480.,)] (HHMMSSMSS)
   Remove SATNAV0001A.tdf Data
   Length of dataset prior to removal 798 long
Eliminate data between: [(32609342.,), (32708014.,)] (HHMMSSMSS)
   Remove SATNAV0001A.tdf Data
   Length of dataset prior to removal 768 long
Eliminate data between: [(32722061.,), (32820741.,)] (HHMMSSMSS)
   Remove SATNAV0001A.tdf Data
   Length of dataset prior to removal 738 long
Eliminate data between: [(32834933.,), (32933600.,)] (HHMMSSMSS)
   Remove SATNAV0001A.tdf Data
   Length of dataset prior to removal 708 long
Eliminate data between: [(33019937.,), (33118499.,)] (HHMMSSMSS)
   Remove SATNAV0001A.tdf Data
   Length of dataset prior to removal 708 long
Eliminate data between: [(33629044.,), (33727717.,)] (HHMMSSMSS)
   Remove SATNAV0001A.tdf Data
   Length of dataset prior to removal 708 long
Eliminate data between: [(34136499.,), (34234940.,)] (HHMMSSMSS)
   Remove SATNAV0001A.tdf Data
   Length of dataset prior to removal 678 long
Eliminate data between: [(35215892.,), (35314536.,)] (HHMMSSMSS)
   Remove SATNAV0001A.tdf Data
   Length of dataset prior to removal 678 long
Data end   648 long, a loss of 64%
Eliminate data between: [(31421908.,), (31653287.,)] (HHMMSSMSS)
   Remove SATPYR.tdf Data
   Length of dataset prior to removal 191 long
Eliminate data between: [(32945616.,), (33618964.,)] (HHMMSSMSS)
   Remove SATPYR.tdf Data
   Length of dataset prior to removal 191 long
Eliminate data between: [(34104217.,), (35205811.,)] (HHMMSSMSS)
   Remove SATPYR.tdf Data
   Length of dataset prior to removal 191 long
Eliminate data between: [(31311198.,), (31454188.,)] (HHMMSSMSS)
   Remove SATPYR.tdf Data
   Length of dataset prior to removal 191 long
Eliminate data between: [(31705287.,), (31830238.,)] (HHMMSSMSS)
   Remove SATPYR.tdf Data
   Length of dataset prior to removal 186 long
Eliminate data between: [(32834933.,), (33017897.,)] (HHMMSSMSS)
   Remove SATPYR.tdf Data
   Length of dataset prior to removal 180 long
Eliminate data between: [(30022897.,), (30121522.,)] (HHMMSSMSS)
   Remove SATPYR.tdf Data
   Length of dataset prior to removal 175 long
Eliminate data between: [(30544485.,), (30643131.,)] (HHMMSSMSS)
   Remove SATPYR.tdf Data
   Length of dataset prior to removal 170 long
Eliminate data between: [(30657298.,), (30755949.,)] (HHMMSSMSS)
   Remove SATPYR.tdf Data
   Length of dataset prior to removal 165 long
Eliminate data between: [(30812041.,), (30910625.,)] (HHMMSSMSS)
   Remove SATPYR.tdf Data
   Length of dataset prior to removal 160 long
Eliminate data between: [(30926835.,), (31025489.,)] (HHMMSSMSS)
   Remove SATPYR.tdf Data
   Length of dataset prior to removal 155 long
Eliminate data between: [(31043623.,), (31142289.,)] (HHMMSSMSS)
   Remove SATPYR.tdf Data
   Length of dataset prior to removal 150 long
Eliminate data between: [(31158370.,), (31257035.,)] (HHMMSSMSS)
   Remove SATPYR.tdf Data
   Length of dataset prior to removal 145 long
Eliminate data between: [(31311198.,), (31409881.,)] (HHMMSSMSS)
   Remove SATPYR.tdf Data
   Length of dataset prior to removal 140 long
Eliminate data between: [(31456228.,), (31554790.,)] (HHMMSSMSS)
   Remove SATPYR.tdf Data
   Length of dataset prior to removal 140 long
Eliminate data between: [(31705287.,), (31803952.,)] (HHMMSSMSS)
   Remove SATPYR.tdf Data
   Length of dataset prior to removal 140 long
Eliminate data between: [(31832278.,), (31930916.,)] (HHMMSSMSS)
   Remove SATPYR.tdf Data
   Length of dataset prior to removal 140 long
Eliminate data between: [(31945083.,), (32043755.,)] (HHMMSSMSS)
   Remove SATPYR.tdf Data
   Length of dataset prior to removal 135 long
Eliminate data between: [(32057812.,), (32156480.,)] (HHMMSSMSS)
   Remove SATPYR.tdf Data
   Length of dataset prior to removal 130 long
Eliminate data between: [(32609342.,), (32708014.,)] (HHMMSSMSS)
   Remove SATPYR.tdf Data
   Length of dataset prior to removal 125 long
Eliminate data between: [(32722061.,), (32820741.,)] (HHMMSSMSS)
   Remove SATPYR.tdf Data
   Length of dataset prior to removal 120 long
Eliminate data between: [(32834933.,), (32933600.,)] (HHMMSSMSS)
   Remove SATPYR.tdf Data
   Length of dataset prior to removal 115 long
Eliminate data between: [(33019937.,), (33118499.,)] (HHMMSSMSS)
   Remove SATPYR.tdf Data
   Length of dataset prior to removal 115 long
Eliminate data between: [(33629044.,), (33727717.,)] (HHMMSSMSS)
   Remove SATPYR.tdf Data
   Length of dataset prior to removal 115 long
Eliminate data between: [(34136499.,), (34234940.,)] (HHMMSSMSS)
   Remove SATPYR.tdf Data
   Length of dataset prior to removal 110 long
Eliminate data between: [(35215892.,), (35314536.,)] (HHMMSSMSS)
   Remove SATPYR.tdf Data
   Length of dataset prior to removal 110 long
Data end   106 long, a loss of 45%
LT has fewest records - interpolating to LT
Interpolate Data ES
Interpolate Data LI
Interpolate Data LT
Interpolate GPS Data
Interpolate SATNAV Data
L2s file produced: /Users/daurin/Projects_Supplemental/HyperPACE/Field_Data/Processed/KORUS/L2s/1614403_L2s.hdf
