ProcessL2s: /Users/daurin/Projects_Supplemental/HyperPACE/Field_Data/Processed/KORUS/L2/1614423_L2.hdf
   Flag data from TT2: (2.30909821e+08,) to (2.30909821e+08,)(HHMMSSMSS)
   Flag data from TT2: (2.31002212e+08,) to (2.31002212e+08,)(HHMMSSMSS)
Percentage of SATNAV data out of Solar Azimuth bounds: 39%
Filtering file for bad Absolute Rotator Angle
   Flag data from TT2: (2.33635815e+08,) to (2.33752647e+08,)(HHMMSSMSS)
Percentage of SATNAV data out of Absolute Rotator bounds: 2%
Filtering file for Rotator Delay
   Flag data from TT2: (2.33635815e+08,) to (2.33734523e+08,)(HHMMSSMSS)
   Flag data from TT2: (2.33754687e+08,) to (2.33853291e+08,)(HHMMSSMSS)
   Flag data from TT2: (2.33907461e+08,) to (2.34006078e+08,)(HHMMSSMSS)
   Flag data from TT2: (2.34048447e+08,) to (2.34146888e+08,)(HHMMSSMSS)
Percentage of SATNAV data out of Rotator Delay bounds: 7%
Eliminate combined filtered data from datasets.__________________________________
Eliminate data between: [(2.30909821e+08,), (2.30909821e+08,)] (HHMMSSMSS)
   Remove GPS Data
   Length of dataset prior to removal 1786 long
Eliminate data between: [(2.31002212e+08,), (2.31002212e+08,)] (HHMMSSMSS)
   Length of dataset prior to removal 1786 long
Eliminate data between: [(2.33635815e+08,), (2.33752647e+08,)] (HHMMSSMSS)
   Length of dataset prior to removal 1786 long
Eliminate data between: [(2.33635815e+08,), (2.33734523e+08,)] (HHMMSSMSS)
   Length of dataset prior to removal 1748 long
Eliminate data between: [(2.33754687e+08,), (2.33853291e+08,)] (HHMMSSMSS)
   Length of dataset prior to removal 1748 long
Eliminate data between: [(2.33907461e+08,), (2.34006078e+08,)] (HHMMSSMSS)
   Length of dataset prior to removal 1719 long
Eliminate data between: [(2.34048447e+08,), (2.34146888e+08,)] (HHMMSSMSS)
   Length of dataset prior to removal 1689 long
Data end   1660 long, a loss of 7%
Eliminate data between: [(2.30909821e+08,), (2.30909821e+08,)] (HHMMSSMSS)
   Remove HSE488B.cal Data
   Length of dataset prior to removal 192 long
Eliminate data between: [(2.31002212e+08,), (2.31002212e+08,)] (HHMMSSMSS)
   Remove HSE488B.cal Data
   Length of dataset prior to removal 192 long
Eliminate data between: [(2.33635815e+08,), (2.33752647e+08,)] (HHMMSSMSS)
   Remove HSE488B.cal Data
   Length of dataset prior to removal 192 long
Eliminate data between: [(2.33635815e+08,), (2.33734523e+08,)] (HHMMSSMSS)
   Remove HSE488B.cal Data
   Length of dataset prior to removal 124 long
Eliminate data between: [(2.33754687e+08,), (2.33853291e+08,)] (HHMMSSMSS)
   Remove HSE488B.cal Data
   Length of dataset prior to removal 124 long
Eliminate data between: [(2.33907461e+08,), (2.34006078e+08,)] (HHMMSSMSS)
   Remove HSE488B.cal Data
   Length of dataset prior to removal 59 long
Eliminate data between: [(2.34048447e+08,), (2.34146888e+08,)] (HHMMSSMSS)
   Remove HSE488B.cal Data
   Length of dataset prior to removal 0 long
Data end   0 long, a loss of 100%
Eliminate data between: [(2.30909821e+08,), (2.30909821e+08,)] (HHMMSSMSS)
   Remove HSL385B.cal Data
   Length of dataset prior to removal 238 long
Eliminate data between: [(2.31002212e+08,), (2.31002212e+08,)] (HHMMSSMSS)
   Remove HSL385B.cal Data
   Length of dataset prior to removal 238 long
Eliminate data between: [(2.33635815e+08,), (2.33752647e+08,)] (HHMMSSMSS)
   Remove HSL385B.cal Data
   Length of dataset prior to removal 238 long
Eliminate data between: [(2.33635815e+08,), (2.33734523e+08,)] (HHMMSSMSS)
   Remove HSL385B.cal Data
   Length of dataset prior to removal 161 long
Eliminate data between: [(2.33754687e+08,), (2.33853291e+08,)] (HHMMSSMSS)
   Remove HSL385B.cal Data
   Length of dataset prior to removal 161 long
Eliminate data between: [(2.33907461e+08,), (2.34006078e+08,)] (HHMMSSMSS)
   Remove HSL385B.cal Data
   Length of dataset prior to removal 80 long
Eliminate data between: [(2.34048447e+08,), (2.34146888e+08,)] (HHMMSSMSS)
   Remove HSL385B.cal Data
   Length of dataset prior to removal 0 long
Data end   0 long, a loss of 100%
Eliminate data between: [(2.30909821e+08,), (2.30909821e+08,)] (HHMMSSMSS)
   Remove HSL386B.cal Data
   Length of dataset prior to removal 55 long
Eliminate data between: [(2.31002212e+08,), (2.31002212e+08,)] (HHMMSSMSS)
   Remove HSL386B.cal Data
   Length of dataset prior to removal 55 long
Eliminate data between: [(2.33635815e+08,), (2.33752647e+08,)] (HHMMSSMSS)
   Remove HSL386B.cal Data
   Length of dataset prior to removal 55 long
Eliminate data between: [(2.33635815e+08,), (2.33734523e+08,)] (HHMMSSMSS)
   Remove HSL386B.cal Data
   Length of dataset prior to removal 38 long
Eliminate data between: [(2.33754687e+08,), (2.33853291e+08,)] (HHMMSSMSS)
   Remove HSL386B.cal Data
   Length of dataset prior to removal 38 long
Eliminate data between: [(2.33907461e+08,), (2.34006078e+08,)] (HHMMSSMSS)
   Remove HSL386B.cal Data
   Length of dataset prior to removal 19 long
Eliminate data between: [(2.34048447e+08,), (2.34146888e+08,)] (HHMMSSMSS)
   Remove HSL386B.cal Data
   Length of dataset prior to removal 0 long
Data end   0 long, a loss of 100%
Eliminate data between: [(2.30909821e+08,), (2.30909821e+08,)] (HHMMSSMSS)
   Remove SATNAV0001A.tdf Data
   Length of dataset prior to removal 1785 long
Eliminate data between: [(2.31002212e+08,), (2.31002212e+08,)] (HHMMSSMSS)
   Remove SATNAV0001A.tdf Data
   Length of dataset prior to removal 1784 long
Eliminate data between: [(2.33635815e+08,), (2.33752647e+08,)] (HHMMSSMSS)
   Remove SATNAV0001A.tdf Data
   Length of dataset prior to removal 1783 long
Eliminate data between: [(2.33635815e+08,), (2.33734523e+08,)] (HHMMSSMSS)
   Remove SATNAV0001A.tdf Data
   Length of dataset prior to removal 1744 long
Eliminate data between: [(2.33754687e+08,), (2.33853291e+08,)] (HHMMSSMSS)
   Remove SATNAV0001A.tdf Data
   Length of dataset prior to removal 1744 long
Eliminate data between: [(2.33907461e+08,), (2.34006078e+08,)] (HHMMSSMSS)
   Remove SATNAV0001A.tdf Data
   Length of dataset prior to removal 1714 long
Eliminate data between: [(2.34048447e+08,), (2.34146888e+08,)] (HHMMSSMSS)
   Remove SATNAV0001A.tdf Data
   Length of dataset prior to removal 1684 long
Data end   1654 long, a loss of 7%
Eliminate data between: [(2.30909821e+08,), (2.30909821e+08,)] (HHMMSSMSS)
   Remove SATPYR.tdf Data
   Length of dataset prior to removal 15 long
Eliminate data between: [(2.31002212e+08,), (2.31002212e+08,)] (HHMMSSMSS)
   Remove SATPYR.tdf Data
   Length of dataset prior to removal 15 long
Eliminate data between: [(2.33635815e+08,), (2.33752647e+08,)] (HHMMSSMSS)
   Remove SATPYR.tdf Data
   Length of dataset prior to removal 15 long
Eliminate data between: [(2.33635815e+08,), (2.33734523e+08,)] (HHMMSSMSS)
   Remove SATPYR.tdf Data
   Length of dataset prior to removal 10 long
Eliminate data between: [(2.33754687e+08,), (2.33853291e+08,)] (HHMMSSMSS)
   Remove SATPYR.tdf Data
   Length of dataset prior to removal 10 long
Eliminate data between: [(2.33907461e+08,), (2.34006078e+08,)] (HHMMSSMSS)
   Remove SATPYR.tdf Data
   Length of dataset prior to removal 5 long
Eliminate data between: [(2.34048447e+08,), (2.34146888e+08,)] (HHMMSSMSS)
   Remove SATPYR.tdf Data
   Length of dataset prior to removal 0 long
Data end   0 long, a loss of 100%
L2 processing failed. Nothing to output.
