ProcessL2s: /Users/daurin/Projects_Supplemental/HyperPACE/Field_Data/Processed/KORUS/L2/1614300_L2.hdf
Percentage of SATNAV data out of Solar Azimuth bounds: 100%
Filtering file for bad Absolute Rotator Angle
   Flag data from TT2: (104532.,) to (616074.,)(HHMMSSMSS)
   Flag data from TT2: (2113664.,) to (2452010.,)(HHMMSSMSS)
Percentage of SATNAV data out of Absolute Rotator bounds: 15%
Filtering file for Rotator Delay
   Flag data from TT2: (104532.,) to (203201.,)(HHMMSSMSS)
   Flag data from TT2: (618114.,) to (716770.,)(HHMMSSMSS)
   Flag data from TT2: (730818.,) to (829586.,)(HHMMSSMSS)
   Flag data from TT2: (843634.,) to (942291.,)(HHMMSSMSS)
   Flag data from TT2: (1006506.,) to (1105185.,)(HHMMSSMSS)
   Flag data from TT2: (1119356.,) to (1218016.,)(HHMMSSMSS)
   Flag data from TT2: (1242194.,) to (1340854.,)(HHMMSSMSS)
   Flag data from TT2: (1614500.,) to (1713173.,)(HHMMSSMSS)
   Flag data from TT2: (1729282.,) to (1827948.,)(HHMMSSMSS)
   Flag data from TT2: (1846081.,) to (1944744.,)(HHMMSSMSS)
   Flag data from TT2: (2000832.,) to (2059494.,)(HHMMSSMSS)
   Flag data from TT2: (2113664.,) to (2212313.,)(HHMMSSMSS)
   Flag data from TT2: (2236548.,) to (2335248.,)(HHMMSSMSS)
   Flag data from TT2: (2454050.,) to (2552728.,)(HHMMSSMSS)
   Flag data from TT2: (2608815.,) to (2707459.,)(HHMMSSMSS)
   Flag data from TT2: (2721631.,) to (2820278.,)(HHMMSSMSS)
   Flag data from TT2: (2836366.,) to (2935027.,)(HHMMSSMSS)
   Flag data from TT2: (2949190.,) to (3047851.,)(HHMMSSMSS)
   Flag data from TT2: (3101932.,) to (3200578.,)(HHMMSSMSS)
   Flag data from TT2: (3214750.,) to (3313384.,)(HHMMSSMSS)
   Flag data from TT2: (3538935.,) to (3637611.,)(HHMMSSMSS)
   Flag data from TT2: (3738205.,) to (3836833.,)(HHMMSSMSS)
   Flag data from TT2: (3853043.,) to (3951693.,)(HHMMSSMSS)
   Flag data from TT2: (4009461.,) to (4108130.,)(HHMMSSMSS)
   Flag data from TT2: (4122170.,) to (4220842.,)(HHMMSSMSS)
   Flag data from TT2: (4253171.,) to (4351815.,)(HHMMSSMSS)
   Flag data from TT2: (4408035.,) to (4506597.,)(HHMMSSMSS)
   Flag data from TT2: (4520759.,) to (4619406.,)(HHMMSSMSS)
   Flag data from TT2: (4709846.,) to (4808520.,)(HHMMSSMSS)
   Flag data from TT2: (4826766.,) to (4925424.,)(HHMMSSMSS)
   Flag data from TT2: (5301871.,) to (5400535.,)(HHMMSSMSS)
   Flag data from TT2: (5414587.,) to (5513237.,)(HHMMSSMSS)
   Flag data from TT2: (5634092.,) to (5732647.,)(HHMMSSMSS)
Percentage of SATNAV data out of Rotator Delay bounds: 57%
Eliminate combined filtered data from datasets.__________________________________
Eliminate data between: [(104532.,), (616074.,)] (HHMMSSMSS)
   Remove GPS Data
   Length of dataset prior to removal 1784 long
Eliminate data between: [(2113664.,), (2452010.,)] (HHMMSSMSS)
   Length of dataset prior to removal 1630 long
Eliminate data between: [(104532.,), (203201.,)] (HHMMSSMSS)
   Length of dataset prior to removal 1521 long
Eliminate data between: [(618114.,), (716770.,)] (HHMMSSMSS)
   Length of dataset prior to removal 1521 long
Eliminate data between: [(730818.,), (829586.,)] (HHMMSSMSS)
   Length of dataset prior to removal 1492 long
Eliminate data between: [(843634.,), (942291.,)] (HHMMSSMSS)
   Length of dataset prior to removal 1463 long
Eliminate data between: [(1006506.,), (1105185.,)] (HHMMSSMSS)
   Length of dataset prior to removal 1434 long
Eliminate data between: [(1119356.,), (1218016.,)] (HHMMSSMSS)
   Length of dataset prior to removal 1405 long
Eliminate data between: [(1242194.,), (1340854.,)] (HHMMSSMSS)
   Length of dataset prior to removal 1376 long
Eliminate data between: [(1614500.,), (1713173.,)] (HHMMSSMSS)
   Length of dataset prior to removal 1347 long
Eliminate data between: [(1729282.,), (1827948.,)] (HHMMSSMSS)
   Length of dataset prior to removal 1318 long
Eliminate data between: [(1846081.,), (1944744.,)] (HHMMSSMSS)
   Length of dataset prior to removal 1289 long
Eliminate data between: [(2000832.,), (2059494.,)] (HHMMSSMSS)
   Length of dataset prior to removal 1260 long
Eliminate data between: [(2113664.,), (2212313.,)] (HHMMSSMSS)
   Length of dataset prior to removal 1231 long
Eliminate data between: [(2236548.,), (2335248.,)] (HHMMSSMSS)
   Length of dataset prior to removal 1231 long
Eliminate data between: [(2454050.,), (2552728.,)] (HHMMSSMSS)
   Length of dataset prior to removal 1231 long
Eliminate data between: [(2608815.,), (2707459.,)] (HHMMSSMSS)
   Length of dataset prior to removal 1202 long
Eliminate data between: [(2721631.,), (2820278.,)] (HHMMSSMSS)
   Length of dataset prior to removal 1173 long
Eliminate data between: [(2836366.,), (2935027.,)] (HHMMSSMSS)
   Length of dataset prior to removal 1144 long
Eliminate data between: [(2949190.,), (3047851.,)] (HHMMSSMSS)
   Length of dataset prior to removal 1115 long
Eliminate data between: [(3101932.,), (3200578.,)] (HHMMSSMSS)
   Length of dataset prior to removal 1086 long
Eliminate data between: [(3214750.,), (3313384.,)] (HHMMSSMSS)
   Length of dataset prior to removal 1057 long
Eliminate data between: [(3538935.,), (3637611.,)] (HHMMSSMSS)
   Length of dataset prior to removal 1028 long
Eliminate data between: [(3738205.,), (3836833.,)] (HHMMSSMSS)
   Length of dataset prior to removal 999 long
Eliminate data between: [(3853043.,), (3951693.,)] (HHMMSSMSS)
   Length of dataset prior to removal 970 long
Eliminate data between: [(4009461.,), (4108130.,)] (HHMMSSMSS)
   Length of dataset prior to removal 941 long
Eliminate data between: [(4122170.,), (4220842.,)] (HHMMSSMSS)
   Length of dataset prior to removal 912 long
Eliminate data between: [(4253171.,), (4351815.,)] (HHMMSSMSS)
   Length of dataset prior to removal 883 long
Eliminate data between: [(4408035.,), (4506597.,)] (HHMMSSMSS)
   Length of dataset prior to removal 853 long
Eliminate data between: [(4520759.,), (4619406.,)] (HHMMSSMSS)
   Length of dataset prior to removal 824 long
Eliminate data between: [(4709846.,), (4808520.,)] (HHMMSSMSS)
   Length of dataset prior to removal 795 long
Eliminate data between: [(4826766.,), (4925424.,)] (HHMMSSMSS)
   Length of dataset prior to removal 766 long
Eliminate data between: [(5301871.,), (5400535.,)] (HHMMSSMSS)
   Length of dataset prior to removal 737 long
Eliminate data between: [(5414587.,), (5513237.,)] (HHMMSSMSS)
   Length of dataset prior to removal 708 long
Eliminate data between: [(5634092.,), (5732647.,)] (HHMMSSMSS)
   Length of dataset prior to removal 679 long
Data end   650 long, a loss of 64%
Eliminate data between: [(104532.,), (616074.,)] (HHMMSSMSS)
   Remove HSE488B.cal Data
   Length of dataset prior to removal 3529 long
Eliminate data between: [(2113664.,), (2452010.,)] (HHMMSSMSS)
   Remove HSE488B.cal Data
   Length of dataset prior to removal 3198 long
Eliminate data between: [(104532.,), (203201.,)] (HHMMSSMSS)
   Remove HSE488B.cal Data
   Length of dataset prior to removal 2984 long
Eliminate data between: [(618114.,), (716770.,)] (HHMMSSMSS)
   Remove HSE488B.cal Data
   Length of dataset prior to removal 2984 long
Eliminate data between: [(730818.,), (829586.,)] (HHMMSSMSS)
   Remove HSE488B.cal Data
   Length of dataset prior to removal 2919 long
Eliminate data between: [(843634.,), (942291.,)] (HHMMSSMSS)
   Remove HSE488B.cal Data
   Length of dataset prior to removal 2851 long
Eliminate data between: [(1006506.,), (1105185.,)] (HHMMSSMSS)
   Remove HSE488B.cal Data
   Length of dataset prior to removal 2783 long
Eliminate data between: [(1119356.,), (1218016.,)] (HHMMSSMSS)
   Remove HSE488B.cal Data
   Length of dataset prior to removal 2714 long
Eliminate data between: [(1242194.,), (1340854.,)] (HHMMSSMSS)
   Remove HSE488B.cal Data
   Length of dataset prior to removal 2651 long
Eliminate data between: [(1614500.,), (1713173.,)] (HHMMSSMSS)
   Remove HSE488B.cal Data
   Length of dataset prior to removal 2584 long
Eliminate data between: [(1729282.,), (1827948.,)] (HHMMSSMSS)
   Remove HSE488B.cal Data
   Length of dataset prior to removal 2520 long
Eliminate data between: [(1846081.,), (1944744.,)] (HHMMSSMSS)
   Remove HSE488B.cal Data
   Length of dataset prior to removal 2454 long
Eliminate data between: [(2000832.,), (2059494.,)] (HHMMSSMSS)
   Remove HSE488B.cal Data
   Length of dataset prior to removal 2386 long
Eliminate data between: [(2113664.,), (2212313.,)] (HHMMSSMSS)
   Remove HSE488B.cal Data
   Length of dataset prior to removal 2319 long
Eliminate data between: [(2236548.,), (2335248.,)] (HHMMSSMSS)
   Remove HSE488B.cal Data
   Length of dataset prior to removal 2319 long
Eliminate data between: [(2454050.,), (2552728.,)] (HHMMSSMSS)
   Remove HSE488B.cal Data
   Length of dataset prior to removal 2319 long
Eliminate data between: [(2608815.,), (2707459.,)] (HHMMSSMSS)
   Remove HSE488B.cal Data
   Length of dataset prior to removal 2255 long
Eliminate data between: [(2721631.,), (2820278.,)] (HHMMSSMSS)
   Remove HSE488B.cal Data
   Length of dataset prior to removal 2178 long
Eliminate data between: [(2836366.,), (2935027.,)] (HHMMSSMSS)
   Remove HSE488B.cal Data
   Length of dataset prior to removal 2117 long
Eliminate data between: [(2949190.,), (3047851.,)] (HHMMSSMSS)
   Remove HSE488B.cal Data
   Length of dataset prior to removal 2052 long
Eliminate data between: [(3101932.,), (3200578.,)] (HHMMSSMSS)
   Remove HSE488B.cal Data
   Length of dataset prior to removal 1987 long
Eliminate data between: [(3214750.,), (3313384.,)] (HHMMSSMSS)
   Remove HSE488B.cal Data
   Length of dataset prior to removal 1916 long
Eliminate data between: [(3538935.,), (3637611.,)] (HHMMSSMSS)
   Remove HSE488B.cal Data
   Length of dataset prior to removal 1846 long
Eliminate data between: [(3738205.,), (3836833.,)] (HHMMSSMSS)
   Remove HSE488B.cal Data
   Length of dataset prior to removal 1780 long
Eliminate data between: [(3853043.,), (3951693.,)] (HHMMSSMSS)
   Remove HSE488B.cal Data
   Length of dataset prior to removal 1717 long
Eliminate data between: [(4009461.,), (4108130.,)] (HHMMSSMSS)
   Remove HSE488B.cal Data
   Length of dataset prior to removal 1648 long
Eliminate data between: [(4122170.,), (4220842.,)] (HHMMSSMSS)
   Remove HSE488B.cal Data
   Length of dataset prior to removal 1577 long
Eliminate data between: [(4253171.,), (4351815.,)] (HHMMSSMSS)
   Remove HSE488B.cal Data
   Length of dataset prior to removal 1506 long
Eliminate data between: [(4408035.,), (4506597.,)] (HHMMSSMSS)
   Remove HSE488B.cal Data
   Length of dataset prior to removal 1439 long
Eliminate data between: [(4520759.,), (4619406.,)] (HHMMSSMSS)
   Remove HSE488B.cal Data
   Length of dataset prior to removal 1376 long
Eliminate data between: [(4709846.,), (4808520.,)] (HHMMSSMSS)
   Remove HSE488B.cal Data
   Length of dataset prior to removal 1303 long
Eliminate data between: [(4826766.,), (4925424.,)] (HHMMSSMSS)
   Remove HSE488B.cal Data
   Length of dataset prior to removal 1237 long
Eliminate data between: [(5301871.,), (5400535.,)] (HHMMSSMSS)
   Remove HSE488B.cal Data
   Length of dataset prior to removal 1167 long
Eliminate data between: [(5414587.,), (5513237.,)] (HHMMSSMSS)
   Remove HSE488B.cal Data
   Length of dataset prior to removal 1097 long
Eliminate data between: [(5634092.,), (5732647.,)] (HHMMSSMSS)
   Remove HSE488B.cal Data
   Length of dataset prior to removal 1028 long
Data end   959 long, a loss of 73%
Eliminate data between: [(104532.,), (616074.,)] (HHMMSSMSS)
   Remove HSL385B.cal Data
   Length of dataset prior to removal 3913 long
Eliminate data between: [(2113664.,), (2452010.,)] (HHMMSSMSS)
   Remove HSL385B.cal Data
   Length of dataset prior to removal 3517 long
Eliminate data between: [(104532.,), (203201.,)] (HHMMSSMSS)
   Remove HSL385B.cal Data
   Length of dataset prior to removal 3272 long
Eliminate data between: [(618114.,), (716770.,)] (HHMMSSMSS)
   Remove HSL385B.cal Data
   Length of dataset prior to removal 3272 long
Eliminate data between: [(730818.,), (829586.,)] (HHMMSSMSS)
   Remove HSL385B.cal Data
   Length of dataset prior to removal 3194 long
Eliminate data between: [(843634.,), (942291.,)] (HHMMSSMSS)
   Remove HSL385B.cal Data
   Length of dataset prior to removal 3118 long
Eliminate data between: [(1006506.,), (1105185.,)] (HHMMSSMSS)
   Remove HSL385B.cal Data
   Length of dataset prior to removal 3049 long
Eliminate data between: [(1119356.,), (1218016.,)] (HHMMSSMSS)
   Remove HSL385B.cal Data
   Length of dataset prior to removal 2974 long
Eliminate data between: [(1242194.,), (1340854.,)] (HHMMSSMSS)
   Remove HSL385B.cal Data
   Length of dataset prior to removal 2902 long
Eliminate data between: [(1614500.,), (1713173.,)] (HHMMSSMSS)
   Remove HSL385B.cal Data
   Length of dataset prior to removal 2823 long
Eliminate data between: [(1729282.,), (1827948.,)] (HHMMSSMSS)
   Remove HSL385B.cal Data
   Length of dataset prior to removal 2746 long
Eliminate data between: [(1846081.,), (1944744.,)] (HHMMSSMSS)
   Remove HSL385B.cal Data
   Length of dataset prior to removal 2672 long
Eliminate data between: [(2000832.,), (2059494.,)] (HHMMSSMSS)
   Remove HSL385B.cal Data
   Length of dataset prior to removal 2599 long
Eliminate data between: [(2113664.,), (2212313.,)] (HHMMSSMSS)
   Remove HSL385B.cal Data
   Length of dataset prior to removal 2524 long
Eliminate data between: [(2236548.,), (2335248.,)] (HHMMSSMSS)
   Remove HSL385B.cal Data
   Length of dataset prior to removal 2524 long
Eliminate data between: [(2454050.,), (2552728.,)] (HHMMSSMSS)
   Remove HSL385B.cal Data
   Length of dataset prior to removal 2524 long
Eliminate data between: [(2608815.,), (2707459.,)] (HHMMSSMSS)
   Remove HSL385B.cal Data
   Length of dataset prior to removal 2448 long
Eliminate data between: [(2721631.,), (2820278.,)] (HHMMSSMSS)
   Remove HSL385B.cal Data
   Length of dataset prior to removal 2381 long
Eliminate data between: [(2836366.,), (2935027.,)] (HHMMSSMSS)
   Remove HSL385B.cal Data
   Length of dataset prior to removal 2303 long
Eliminate data between: [(2949190.,), (3047851.,)] (HHMMSSMSS)
   Remove HSL385B.cal Data
   Length of dataset prior to removal 2226 long
Eliminate data between: [(3101932.,), (3200578.,)] (HHMMSSMSS)
   Remove HSL385B.cal Data
   Length of dataset prior to removal 2153 long
Eliminate data between: [(3214750.,), (3313384.,)] (HHMMSSMSS)
   Remove HSL385B.cal Data
   Length of dataset prior to removal 2079 long
Eliminate data between: [(3538935.,), (3637611.,)] (HHMMSSMSS)
   Remove HSL385B.cal Data
   Length of dataset prior to removal 2004 long
Eliminate data between: [(3738205.,), (3836833.,)] (HHMMSSMSS)
   Remove HSL385B.cal Data
   Length of dataset prior to removal 1928 long
Eliminate data between: [(3853043.,), (3951693.,)] (HHMMSSMSS)
   Remove HSL385B.cal Data
   Length of dataset prior to removal 1850 long
Eliminate data between: [(4009461.,), (4108130.,)] (HHMMSSMSS)
   Remove HSL385B.cal Data
   Length of dataset prior to removal 1778 long
Eliminate data between: [(4122170.,), (4220842.,)] (HHMMSSMSS)
   Remove HSL385B.cal Data
   Length of dataset prior to removal 1706 long
Eliminate data between: [(4253171.,), (4351815.,)] (HHMMSSMSS)
   Remove HSL385B.cal Data
   Length of dataset prior to removal 1634 long
Eliminate data between: [(4408035.,), (4506597.,)] (HHMMSSMSS)
   Remove HSL385B.cal Data
   Length of dataset prior to removal 1560 long
Eliminate data between: [(4520759.,), (4619406.,)] (HHMMSSMSS)
   Remove HSL385B.cal Data
   Length of dataset prior to removal 1482 long
Eliminate data between: [(4709846.,), (4808520.,)] (HHMMSSMSS)
   Remove HSL385B.cal Data
   Length of dataset prior to removal 1412 long
Eliminate data between: [(4826766.,), (4925424.,)] (HHMMSSMSS)
   Remove HSL385B.cal Data
   Length of dataset prior to removal 1331 long
Eliminate data between: [(5301871.,), (5400535.,)] (HHMMSSMSS)
   Remove HSL385B.cal Data
   Length of dataset prior to removal 1254 long
Eliminate data between: [(5414587.,), (5513237.,)] (HHMMSSMSS)
   Remove HSL385B.cal Data
   Length of dataset prior to removal 1183 long
Eliminate data between: [(5634092.,), (5732647.,)] (HHMMSSMSS)
   Remove HSL385B.cal Data
   Length of dataset prior to removal 1111 long
Data end   1038 long, a loss of 73%
Eliminate data between: [(104532.,), (616074.,)] (HHMMSSMSS)
   Remove HSL386B.cal Data
   Length of dataset prior to removal 1863 long
Eliminate data between: [(2113664.,), (2452010.,)] (HHMMSSMSS)
   Remove HSL386B.cal Data
   Length of dataset prior to removal 1671 long
Eliminate data between: [(104532.,), (203201.,)] (HHMMSSMSS)
   Remove HSL386B.cal Data
   Length of dataset prior to removal 1557 long
Eliminate data between: [(618114.,), (716770.,)] (HHMMSSMSS)
   Remove HSL386B.cal Data
   Length of dataset prior to removal 1557 long
Eliminate data between: [(730818.,), (829586.,)] (HHMMSSMSS)
   Remove HSL386B.cal Data
   Length of dataset prior to removal 1522 long
Eliminate data between: [(843634.,), (942291.,)] (HHMMSSMSS)
   Remove HSL386B.cal Data
   Length of dataset prior to removal 1488 long
Eliminate data between: [(1006506.,), (1105185.,)] (HHMMSSMSS)
   Remove HSL386B.cal Data
   Length of dataset prior to removal 1452 long
Eliminate data between: [(1119356.,), (1218016.,)] (HHMMSSMSS)
   Remove HSL386B.cal Data
   Length of dataset prior to removal 1417 long
Eliminate data between: [(1242194.,), (1340854.,)] (HHMMSSMSS)
   Remove HSL386B.cal Data
   Length of dataset prior to removal 1382 long
Eliminate data between: [(1614500.,), (1713173.,)] (HHMMSSMSS)
   Remove HSL386B.cal Data
   Length of dataset prior to removal 1343 long
Eliminate data between: [(1729282.,), (1827948.,)] (HHMMSSMSS)
   Remove HSL386B.cal Data
   Length of dataset prior to removal 1308 long
Eliminate data between: [(1846081.,), (1944744.,)] (HHMMSSMSS)
   Remove HSL386B.cal Data
   Length of dataset prior to removal 1274 long
Eliminate data between: [(2000832.,), (2059494.,)] (HHMMSSMSS)
   Remove HSL386B.cal Data
   Length of dataset prior to removal 1239 long
Eliminate data between: [(2113664.,), (2212313.,)] (HHMMSSMSS)
   Remove HSL386B.cal Data
   Length of dataset prior to removal 1204 long
Eliminate data between: [(2236548.,), (2335248.,)] (HHMMSSMSS)
   Remove HSL386B.cal Data
   Length of dataset prior to removal 1204 long
Eliminate data between: [(2454050.,), (2552728.,)] (HHMMSSMSS)
   Remove HSL386B.cal Data
   Length of dataset prior to removal 1204 long
Eliminate data between: [(2608815.,), (2707459.,)] (HHMMSSMSS)
   Remove HSL386B.cal Data
   Length of dataset prior to removal 1170 long
Eliminate data between: [(2721631.,), (2820278.,)] (HHMMSSMSS)
   Remove HSL386B.cal Data
   Length of dataset prior to removal 1136 long
Eliminate data between: [(2836366.,), (2935027.,)] (HHMMSSMSS)
   Remove HSL386B.cal Data
   Length of dataset prior to removal 1101 long
Eliminate data between: [(2949190.,), (3047851.,)] (HHMMSSMSS)
   Remove HSL386B.cal Data
   Length of dataset prior to removal 1066 long
Eliminate data between: [(3101932.,), (3200578.,)] (HHMMSSMSS)
   Remove HSL386B.cal Data
   Length of dataset prior to removal 1031 long
Eliminate data between: [(3214750.,), (3313384.,)] (HHMMSSMSS)
   Remove HSL386B.cal Data
   Length of dataset prior to removal 997 long
Eliminate data between: [(3538935.,), (3637611.,)] (HHMMSSMSS)
   Remove HSL386B.cal Data
   Length of dataset prior to removal 960 long
Eliminate data between: [(3738205.,), (3836833.,)] (HHMMSSMSS)
   Remove HSL386B.cal Data
   Length of dataset prior to removal 924 long
Eliminate data between: [(3853043.,), (3951693.,)] (HHMMSSMSS)
   Remove HSL386B.cal Data
   Length of dataset prior to removal 890 long
Eliminate data between: [(4009461.,), (4108130.,)] (HHMMSSMSS)
   Remove HSL386B.cal Data
   Length of dataset prior to removal 855 long
Eliminate data between: [(4122170.,), (4220842.,)] (HHMMSSMSS)
   Remove HSL386B.cal Data
   Length of dataset prior to removal 819 long
Eliminate data between: [(4253171.,), (4351815.,)] (HHMMSSMSS)
   Remove HSL386B.cal Data
   Length of dataset prior to removal 783 long
Eliminate data between: [(4408035.,), (4506597.,)] (HHMMSSMSS)
   Remove HSL386B.cal Data
   Length of dataset prior to removal 748 long
Eliminate data between: [(4520759.,), (4619406.,)] (HHMMSSMSS)
   Remove HSL386B.cal Data
   Length of dataset prior to removal 715 long
Eliminate data between: [(4709846.,), (4808520.,)] (HHMMSSMSS)
   Remove HSL386B.cal Data
   Length of dataset prior to removal 678 long
Eliminate data between: [(4826766.,), (4925424.,)] (HHMMSSMSS)
   Remove HSL386B.cal Data
   Length of dataset prior to removal 641 long
Eliminate data between: [(5301871.,), (5400535.,)] (HHMMSSMSS)
   Remove HSL386B.cal Data
   Length of dataset prior to removal 603 long
Eliminate data between: [(5414587.,), (5513237.,)] (HHMMSSMSS)
   Remove HSL386B.cal Data
   Length of dataset prior to removal 568 long
Eliminate data between: [(5634092.,), (5732647.,)] (HHMMSSMSS)
   Remove HSL386B.cal Data
   Length of dataset prior to removal 533 long
Data end   496 long, a loss of 73%
Eliminate data between: [(104532.,), (616074.,)] (HHMMSSMSS)
   Remove SATNAV0001A.tdf Data
   Length of dataset prior to removal 1781 long
Eliminate data between: [(2113664.,), (2452010.,)] (HHMMSSMSS)
   Remove SATNAV0001A.tdf Data
   Length of dataset prior to removal 1626 long
Eliminate data between: [(104532.,), (203201.,)] (HHMMSSMSS)
   Remove SATNAV0001A.tdf Data
   Length of dataset prior to removal 1517 long
Eliminate data between: [(618114.,), (716770.,)] (HHMMSSMSS)
   Remove SATNAV0001A.tdf Data
   Length of dataset prior to removal 1517 long
Eliminate data between: [(730818.,), (829586.,)] (HHMMSSMSS)
   Remove SATNAV0001A.tdf Data
   Length of dataset prior to removal 1487 long
Eliminate data between: [(843634.,), (942291.,)] (HHMMSSMSS)
   Remove SATNAV0001A.tdf Data
   Length of dataset prior to removal 1457 long
Eliminate data between: [(1006506.,), (1105185.,)] (HHMMSSMSS)
   Remove SATNAV0001A.tdf Data
   Length of dataset prior to removal 1427 long
Eliminate data between: [(1119356.,), (1218016.,)] (HHMMSSMSS)
   Remove SATNAV0001A.tdf Data
   Length of dataset prior to removal 1397 long
Eliminate data between: [(1242194.,), (1340854.,)] (HHMMSSMSS)
   Remove SATNAV0001A.tdf Data
   Length of dataset prior to removal 1367 long
Eliminate data between: [(1614500.,), (1713173.,)] (HHMMSSMSS)
   Remove SATNAV0001A.tdf Data
   Length of dataset prior to removal 1337 long
Eliminate data between: [(1729282.,), (1827948.,)] (HHMMSSMSS)
   Remove SATNAV0001A.tdf Data
   Length of dataset prior to removal 1307 long
Eliminate data between: [(1846081.,), (1944744.,)] (HHMMSSMSS)
   Remove SATNAV0001A.tdf Data
   Length of dataset prior to removal 1277 long
Eliminate data between: [(2000832.,), (2059494.,)] (HHMMSSMSS)
   Remove SATNAV0001A.tdf Data
   Length of dataset prior to removal 1247 long
Eliminate data between: [(2113664.,), (2212313.,)] (HHMMSSMSS)
   Remove SATNAV0001A.tdf Data
   Length of dataset prior to removal 1217 long
Eliminate data between: [(2236548.,), (2335248.,)] (HHMMSSMSS)
   Remove SATNAV0001A.tdf Data
   Length of dataset prior to removal 1217 long
Eliminate data between: [(2454050.,), (2552728.,)] (HHMMSSMSS)
   Remove SATNAV0001A.tdf Data
   Length of dataset prior to removal 1217 long
Eliminate data between: [(2608815.,), (2707459.,)] (HHMMSSMSS)
   Remove SATNAV0001A.tdf Data
   Length of dataset prior to removal 1187 long
Eliminate data between: [(2721631.,), (2820278.,)] (HHMMSSMSS)
   Remove SATNAV0001A.tdf Data
   Length of dataset prior to removal 1157 long
Eliminate data between: [(2836366.,), (2935027.,)] (HHMMSSMSS)
   Remove SATNAV0001A.tdf Data
   Length of dataset prior to removal 1127 long
Eliminate data between: [(2949190.,), (3047851.,)] (HHMMSSMSS)
   Remove SATNAV0001A.tdf Data
   Length of dataset prior to removal 1097 long
Eliminate data between: [(3101932.,), (3200578.,)] (HHMMSSMSS)
   Remove SATNAV0001A.tdf Data
   Length of dataset prior to removal 1067 long
Eliminate data between: [(3214750.,), (3313384.,)] (HHMMSSMSS)
   Remove SATNAV0001A.tdf Data
   Length of dataset prior to removal 1037 long
Eliminate data between: [(3538935.,), (3637611.,)] (HHMMSSMSS)
   Remove SATNAV0001A.tdf Data
   Length of dataset prior to removal 1007 long
Eliminate data between: [(3738205.,), (3836833.,)] (HHMMSSMSS)
   Remove SATNAV0001A.tdf Data
   Length of dataset prior to removal 977 long
Eliminate data between: [(3853043.,), (3951693.,)] (HHMMSSMSS)
   Remove SATNAV0001A.tdf Data
   Length of dataset prior to removal 947 long
Eliminate data between: [(4009461.,), (4108130.,)] (HHMMSSMSS)
   Remove SATNAV0001A.tdf Data
   Length of dataset prior to removal 917 long
Eliminate data between: [(4122170.,), (4220842.,)] (HHMMSSMSS)
   Remove SATNAV0001A.tdf Data
   Length of dataset prior to removal 887 long
Eliminate data between: [(4253171.,), (4351815.,)] (HHMMSSMSS)
   Remove SATNAV0001A.tdf Data
   Length of dataset prior to removal 857 long
Eliminate data between: [(4408035.,), (4506597.,)] (HHMMSSMSS)
   Remove SATNAV0001A.tdf Data
   Length of dataset prior to removal 827 long
Eliminate data between: [(4520759.,), (4619406.,)] (HHMMSSMSS)
   Remove SATNAV0001A.tdf Data
   Length of dataset prior to removal 797 long
Eliminate data between: [(4709846.,), (4808520.,)] (HHMMSSMSS)
   Remove SATNAV0001A.tdf Data
   Length of dataset prior to removal 767 long
Eliminate data between: [(4826766.,), (4925424.,)] (HHMMSSMSS)
   Remove SATNAV0001A.tdf Data
   Length of dataset prior to removal 737 long
Eliminate data between: [(5301871.,), (5400535.,)] (HHMMSSMSS)
   Remove SATNAV0001A.tdf Data
   Length of dataset prior to removal 707 long
Eliminate data between: [(5414587.,), (5513237.,)] (HHMMSSMSS)
   Remove SATNAV0001A.tdf Data
   Length of dataset prior to removal 677 long
Eliminate data between: [(5634092.,), (5732647.,)] (HHMMSSMSS)
   Remove SATNAV0001A.tdf Data
   Length of dataset prior to removal 647 long
Data end   617 long, a loss of 65%
Eliminate data between: [(104532.,), (616074.,)] (HHMMSSMSS)
   Remove SATPYR.tdf Data
   Length of dataset prior to removal 263 long
Eliminate data between: [(2113664.,), (2452010.,)] (HHMMSSMSS)
   Remove SATPYR.tdf Data
   Length of dataset prior to removal 235 long
Eliminate data between: [(104532.,), (203201.,)] (HHMMSSMSS)
   Remove SATPYR.tdf Data
   Length of dataset prior to removal 218 long
Eliminate data between: [(618114.,), (716770.,)] (HHMMSSMSS)
   Remove SATPYR.tdf Data
   Length of dataset prior to removal 218 long
Eliminate data between: [(730818.,), (829586.,)] (HHMMSSMSS)
   Remove SATPYR.tdf Data
   Length of dataset prior to removal 213 long
Eliminate data between: [(843634.,), (942291.,)] (HHMMSSMSS)
   Remove SATPYR.tdf Data
   Length of dataset prior to removal 208 long
Eliminate data between: [(1006506.,), (1105185.,)] (HHMMSSMSS)
   Remove SATPYR.tdf Data
   Length of dataset prior to removal 203 long
Eliminate data between: [(1119356.,), (1218016.,)] (HHMMSSMSS)
   Remove SATPYR.tdf Data
   Length of dataset prior to removal 198 long
Eliminate data between: [(1242194.,), (1340854.,)] (HHMMSSMSS)
   Remove SATPYR.tdf Data
   Length of dataset prior to removal 193 long
Eliminate data between: [(1614500.,), (1713173.,)] (HHMMSSMSS)
   Remove SATPYR.tdf Data
   Length of dataset prior to removal 188 long
Eliminate data between: [(1729282.,), (1827948.,)] (HHMMSSMSS)
   Remove SATPYR.tdf Data
   Length of dataset prior to removal 183 long
Eliminate data between: [(1846081.,), (1944744.,)] (HHMMSSMSS)
   Remove SATPYR.tdf Data
   Length of dataset prior to removal 178 long
Eliminate data between: [(2000832.,), (2059494.,)] (HHMMSSMSS)
   Remove SATPYR.tdf Data
   Length of dataset prior to removal 173 long
Eliminate data between: [(2113664.,), (2212313.,)] (HHMMSSMSS)
   Remove SATPYR.tdf Data
   Length of dataset prior to removal 168 long
Eliminate data between: [(2236548.,), (2335248.,)] (HHMMSSMSS)
   Remove SATPYR.tdf Data
   Length of dataset prior to removal 168 long
Eliminate data between: [(2454050.,), (2552728.,)] (HHMMSSMSS)
   Remove SATPYR.tdf Data
   Length of dataset prior to removal 168 long
Eliminate data between: [(2608815.,), (2707459.,)] (HHMMSSMSS)
   Remove SATPYR.tdf Data
   Length of dataset prior to removal 163 long
Eliminate data between: [(2721631.,), (2820278.,)] (HHMMSSMSS)
   Remove SATPYR.tdf Data
   Length of dataset prior to removal 158 long
Eliminate data between: [(2836366.,), (2935027.,)] (HHMMSSMSS)
   Remove SATPYR.tdf Data
   Length of dataset prior to removal 153 long
Eliminate data between: [(2949190.,), (3047851.,)] (HHMMSSMSS)
   Remove SATPYR.tdf Data
   Length of dataset prior to removal 148 long
Eliminate data between: [(3101932.,), (3200578.,)] (HHMMSSMSS)
   Remove SATPYR.tdf Data
   Length of dataset prior to removal 143 long
Eliminate data between: [(3214750.,), (3313384.,)] (HHMMSSMSS)
   Remove SATPYR.tdf Data
   Length of dataset prior to removal 138 long
Eliminate data between: [(3538935.,), (3637611.,)] (HHMMSSMSS)
   Remove SATPYR.tdf Data
   Length of dataset prior to removal 133 long
Eliminate data between: [(3738205.,), (3836833.,)] (HHMMSSMSS)
   Remove SATPYR.tdf Data
   Length of dataset prior to removal 128 long
Eliminate data between: [(3853043.,), (3951693.,)] (HHMMSSMSS)
   Remove SATPYR.tdf Data
   Length of dataset prior to removal 123 long
Eliminate data between: [(4009461.,), (4108130.,)] (HHMMSSMSS)
   Remove SATPYR.tdf Data
   Length of dataset prior to removal 118 long
Eliminate data between: [(4122170.,), (4220842.,)] (HHMMSSMSS)
   Remove SATPYR.tdf Data
   Length of dataset prior to removal 113 long
Eliminate data between: [(4253171.,), (4351815.,)] (HHMMSSMSS)
   Remove SATPYR.tdf Data
   Length of dataset prior to removal 108 long
Eliminate data between: [(4408035.,), (4506597.,)] (HHMMSSMSS)
   Remove SATPYR.tdf Data
   Length of dataset prior to removal 103 long
Eliminate data between: [(4520759.,), (4619406.,)] (HHMMSSMSS)
   Remove SATPYR.tdf Data
   Length of dataset prior to removal 98 long
Eliminate data between: [(4709846.,), (4808520.,)] (HHMMSSMSS)
   Remove SATPYR.tdf Data
   Length of dataset prior to removal 98 long
Eliminate data between: [(4826766.,), (4925424.,)] (HHMMSSMSS)
   Remove SATPYR.tdf Data
   Length of dataset prior to removal 93 long
Eliminate data between: [(5301871.,), (5400535.,)] (HHMMSSMSS)
   Remove SATPYR.tdf Data
   Length of dataset prior to removal 88 long
Eliminate data between: [(5414587.,), (5513237.,)] (HHMMSSMSS)
   Remove SATPYR.tdf Data
   Length of dataset prior to removal 83 long
Eliminate data between: [(5634092.,), (5732647.,)] (HHMMSSMSS)
   Remove SATPYR.tdf Data
   Length of dataset prior to removal 78 long
Data end   73 long, a loss of 72%
LT has fewest records - interpolating to LT
Interpolate Data ES
Interpolate Data LI
Interpolate Data LT
Interpolate GPS Data
Interpolate SATNAV Data
L2s file produced: /Users/daurin/Projects_Supplemental/HyperPACE/Field_Data/Processed/KORUS/L2s/1614300_L2s.hdf
