ProcessL2s: /Users/daurin/Projects_Supplemental/HyperPACE/Field_Data/Processed/KORUS/L2/1614100_L2.hdf
   Flag data from TT2: (2739459.,) to (2741379.,)(HHMMSSMSS)
   Flag data from TT2: (2751491.,) to (2751491.,)(HHMMSSMSS)
   Flag data from TT2: (2757529.,) to (2757529.,)(HHMMSSMSS)
   Flag data from TT2: (2801636.,) to (2801636.,)(HHMMSSMSS)
   Flag data from TT2: (2807676.,) to (2807676.,)(HHMMSSMSS)
   Flag data from TT2: (2813715.,) to (2813715.,)(HHMMSSMSS)
   Flag data from TT2: (2829904.,) to (2829904.,)(HHMMSSMSS)
   Flag data from TT2: (2835951.,) to (2835951.,)(HHMMSSMSS)
   Flag data from TT2: (2845989.,) to (2845989.,)(HHMMSSMSS)
   Flag data from TT2: (2852169.,) to (2852169.,)(HHMMSSMSS)
   Flag data from TT2: (2902205.,) to (2902205.,)(HHMMSSMSS)
   Flag data from TT2: (2908264.,) to (2908264.,)(HHMMSSMSS)
   Flag data from TT2: (2924488.,) to (2924488.,)(HHMMSSMSS)
   Flag data from TT2: (2940577.,) to (2940577.,)(HHMMSSMSS)
   Flag data from TT2: (3013020.,) to (3013020.,)(HHMMSSMSS)
   Flag data from TT2: (3019065.,) to (3019065.,)(HHMMSSMSS)
   Flag data from TT2: (3035157.,) to (3035157.,)(HHMMSSMSS)
   Flag data from TT2: (3041201.,) to (3041201.,)(HHMMSSMSS)
   Flag data from TT2: (3051255.,) to (3051255.,)(HHMMSSMSS)
   Flag data from TT2: (3057420.,) to (3057420.,)(HHMMSSMSS)
   Flag data from TT2: (3113518.,) to (3113518.,)(HHMMSSMSS)
   Flag data from TT2: (3129742.,) to (3129742.,)(HHMMSSMSS)
   Flag data from TT2: (3324688.,) to (3324688.,)(HHMMSSMSS)
   Flag data from TT2: (3334791.,) to (3731386.,)(HHMMSSMSS)
Percentage of SATNAV data out of Solar Azimuth bounds: 78%
Filtering file for bad Absolute Rotator Angle
Percentage of SATNAV data out of Absolute Rotator bounds: 0%
Filtering file for Rotator Delay
   Flag data from TT2: (2745459.,) to (2844051.,)(HHMMSSMSS)
   Flag data from TT2: (3344872.,) to (3443541.,)(HHMMSSMSS)
   Flag data from TT2: (4245489.,) to (4344011.,)(HHMMSSMSS)
Percentage of SATNAV data out of Rotator Delay bounds: 12%
Eliminate combined filtered data from datasets.__________________________________
Eliminate data between: [(2739459.,), (2741379.,)] (HHMMSSMSS)
   Remove GPS Data
   Length of dataset prior to removal 840 long
Eliminate data between: [(2751491.,), (2751491.,)] (HHMMSSMSS)
   Length of dataset prior to removal 839 long
Eliminate data between: [(2757529.,), (2757529.,)] (HHMMSSMSS)
   Length of dataset prior to removal 839 long
Eliminate data between: [(2801636.,), (2801636.,)] (HHMMSSMSS)
   Length of dataset prior to removal 839 long
Eliminate data between: [(2807676.,), (2807676.,)] (HHMMSSMSS)
   Length of dataset prior to removal 839 long
Eliminate data between: [(2813715.,), (2813715.,)] (HHMMSSMSS)
   Length of dataset prior to removal 839 long
Eliminate data between: [(2829904.,), (2829904.,)] (HHMMSSMSS)
   Length of dataset prior to removal 839 long
Eliminate data between: [(2835951.,), (2835951.,)] (HHMMSSMSS)
   Length of dataset prior to removal 839 long
Eliminate data between: [(2845989.,), (2845989.,)] (HHMMSSMSS)
   Length of dataset prior to removal 839 long
Eliminate data between: [(2852169.,), (2852169.,)] (HHMMSSMSS)
   Length of dataset prior to removal 839 long
Eliminate data between: [(2902205.,), (2902205.,)] (HHMMSSMSS)
   Length of dataset prior to removal 839 long
Eliminate data between: [(2908264.,), (2908264.,)] (HHMMSSMSS)
   Length of dataset prior to removal 839 long
Eliminate data between: [(2924488.,), (2924488.,)] (HHMMSSMSS)
   Length of dataset prior to removal 839 long
Eliminate data between: [(2940577.,), (2940577.,)] (HHMMSSMSS)
   Length of dataset prior to removal 839 long
Eliminate data between: [(3013020.,), (3013020.,)] (HHMMSSMSS)
   Length of dataset prior to removal 839 long
Eliminate data between: [(3019065.,), (3019065.,)] (HHMMSSMSS)
   Length of dataset prior to removal 839 long
Eliminate data between: [(3035157.,), (3035157.,)] (HHMMSSMSS)
   Length of dataset prior to removal 839 long
Eliminate data between: [(3041201.,), (3041201.,)] (HHMMSSMSS)
   Length of dataset prior to removal 839 long
Eliminate data between: [(3051255.,), (3051255.,)] (HHMMSSMSS)
   Length of dataset prior to removal 839 long
Eliminate data between: [(3057420.,), (3057420.,)] (HHMMSSMSS)
   Length of dataset prior to removal 839 long
Eliminate data between: [(3113518.,), (3113518.,)] (HHMMSSMSS)
   Length of dataset prior to removal 839 long
Eliminate data between: [(3129742.,), (3129742.,)] (HHMMSSMSS)
   Length of dataset prior to removal 839 long
Eliminate data between: [(3324688.,), (3324688.,)] (HHMMSSMSS)
   Length of dataset prior to removal 839 long
Eliminate data between: [(3334791.,), (3731386.,)] (HHMMSSMSS)
   Length of dataset prior to removal 839 long
Eliminate data between: [(2745459.,), (2844051.,)] (HHMMSSMSS)
   Length of dataset prior to removal 722 long
Eliminate data between: [(3344872.,), (3443541.,)] (HHMMSSMSS)
   Length of dataset prior to removal 692 long
Eliminate data between: [(4245489.,), (4344011.,)] (HHMMSSMSS)
   Length of dataset prior to removal 692 long
Data end   663 long, a loss of 21%
Eliminate data between: [(2739459.,), (2741379.,)] (HHMMSSMSS)
   Remove HSE488B.cal Data
   Length of dataset prior to removal 1866 long
Eliminate data between: [(2751491.,), (2751491.,)] (HHMMSSMSS)
   Remove HSE488B.cal Data
   Length of dataset prior to removal 1866 long
Eliminate data between: [(2757529.,), (2757529.,)] (HHMMSSMSS)
   Remove HSE488B.cal Data
   Length of dataset prior to removal 1866 long
Eliminate data between: [(2801636.,), (2801636.,)] (HHMMSSMSS)
   Remove HSE488B.cal Data
   Length of dataset prior to removal 1866 long
Eliminate data between: [(2807676.,), (2807676.,)] (HHMMSSMSS)
   Remove HSE488B.cal Data
   Length of dataset prior to removal 1866 long
Eliminate data between: [(2813715.,), (2813715.,)] (HHMMSSMSS)
   Remove HSE488B.cal Data
   Length of dataset prior to removal 1866 long
Eliminate data between: [(2829904.,), (2829904.,)] (HHMMSSMSS)
   Remove HSE488B.cal Data
   Length of dataset prior to removal 1866 long
Eliminate data between: [(2835951.,), (2835951.,)] (HHMMSSMSS)
   Remove HSE488B.cal Data
   Length of dataset prior to removal 1866 long
Eliminate data between: [(2845989.,), (2845989.,)] (HHMMSSMSS)
   Remove HSE488B.cal Data
   Length of dataset prior to removal 1866 long
Eliminate data between: [(2852169.,), (2852169.,)] (HHMMSSMSS)
   Remove HSE488B.cal Data
   Length of dataset prior to removal 1866 long
Eliminate data between: [(2902205.,), (2902205.,)] (HHMMSSMSS)
   Remove HSE488B.cal Data
   Length of dataset prior to removal 1866 long
Eliminate data between: [(2908264.,), (2908264.,)] (HHMMSSMSS)
   Remove HSE488B.cal Data
   Length of dataset prior to removal 1866 long
Eliminate data between: [(2924488.,), (2924488.,)] (HHMMSSMSS)
   Remove HSE488B.cal Data
   Length of dataset prior to removal 1866 long
Eliminate data between: [(2940577.,), (2940577.,)] (HHMMSSMSS)
   Remove HSE488B.cal Data
   Length of dataset prior to removal 1866 long
Eliminate data between: [(3013020.,), (3013020.,)] (HHMMSSMSS)
   Remove HSE488B.cal Data
   Length of dataset prior to removal 1866 long
Eliminate data between: [(3019065.,), (3019065.,)] (HHMMSSMSS)
   Remove HSE488B.cal Data
   Length of dataset prior to removal 1866 long
Eliminate data between: [(3035157.,), (3035157.,)] (HHMMSSMSS)
   Remove HSE488B.cal Data
   Length of dataset prior to removal 1866 long
Eliminate data between: [(3041201.,), (3041201.,)] (HHMMSSMSS)
   Remove HSE488B.cal Data
   Length of dataset prior to removal 1866 long
Eliminate data between: [(3051255.,), (3051255.,)] (HHMMSSMSS)
   Remove HSE488B.cal Data
   Length of dataset prior to removal 1866 long
Eliminate data between: [(3057420.,), (3057420.,)] (HHMMSSMSS)
   Remove HSE488B.cal Data
   Length of dataset prior to removal 1866 long
Eliminate data between: [(3113518.,), (3113518.,)] (HHMMSSMSS)
   Remove HSE488B.cal Data
   Length of dataset prior to removal 1866 long
Eliminate data between: [(3129742.,), (3129742.,)] (HHMMSSMSS)
   Remove HSE488B.cal Data
   Length of dataset prior to removal 1866 long
Eliminate data between: [(3324688.,), (3324688.,)] (HHMMSSMSS)
   Remove HSE488B.cal Data
   Length of dataset prior to removal 1866 long
Eliminate data between: [(3334791.,), (3731386.,)] (HHMMSSMSS)
   Remove HSE488B.cal Data
   Length of dataset prior to removal 1866 long
Eliminate data between: [(2745459.,), (2844051.,)] (HHMMSSMSS)
   Remove HSE488B.cal Data
   Length of dataset prior to removal 1593 long
Eliminate data between: [(3344872.,), (3443541.,)] (HHMMSSMSS)
   Remove HSE488B.cal Data
   Length of dataset prior to removal 1537 long
Eliminate data between: [(4245489.,), (4344011.,)] (HHMMSSMSS)
   Remove HSE488B.cal Data
   Length of dataset prior to removal 1537 long
Data end   1466 long, a loss of 21%
Eliminate data between: [(2739459.,), (2741379.,)] (HHMMSSMSS)
   Remove HSL385B.cal Data
   Length of dataset prior to removal 2125 long
Eliminate data between: [(2751491.,), (2751491.,)] (HHMMSSMSS)
   Remove HSL385B.cal Data
   Length of dataset prior to removal 2125 long
Eliminate data between: [(2757529.,), (2757529.,)] (HHMMSSMSS)
   Remove HSL385B.cal Data
   Length of dataset prior to removal 2125 long
Eliminate data between: [(2801636.,), (2801636.,)] (HHMMSSMSS)
   Remove HSL385B.cal Data
   Length of dataset prior to removal 2124 long
Eliminate data between: [(2807676.,), (2807676.,)] (HHMMSSMSS)
   Remove HSL385B.cal Data
   Length of dataset prior to removal 2124 long
Eliminate data between: [(2813715.,), (2813715.,)] (HHMMSSMSS)
   Remove HSL385B.cal Data
   Length of dataset prior to removal 2124 long
Eliminate data between: [(2829904.,), (2829904.,)] (HHMMSSMSS)
   Remove HSL385B.cal Data
   Length of dataset prior to removal 2124 long
Eliminate data between: [(2835951.,), (2835951.,)] (HHMMSSMSS)
   Remove HSL385B.cal Data
   Length of dataset prior to removal 2124 long
Eliminate data between: [(2845989.,), (2845989.,)] (HHMMSSMSS)
   Remove HSL385B.cal Data
   Length of dataset prior to removal 2124 long
Eliminate data between: [(2852169.,), (2852169.,)] (HHMMSSMSS)
   Remove HSL385B.cal Data
   Length of dataset prior to removal 2124 long
Eliminate data between: [(2902205.,), (2902205.,)] (HHMMSSMSS)
   Remove HSL385B.cal Data
   Length of dataset prior to removal 2124 long
Eliminate data between: [(2908264.,), (2908264.,)] (HHMMSSMSS)
   Remove HSL385B.cal Data
   Length of dataset prior to removal 2124 long
Eliminate data between: [(2924488.,), (2924488.,)] (HHMMSSMSS)
   Remove HSL385B.cal Data
   Length of dataset prior to removal 2123 long
Eliminate data between: [(2940577.,), (2940577.,)] (HHMMSSMSS)
   Remove HSL385B.cal Data
   Length of dataset prior to removal 2123 long
Eliminate data between: [(3013020.,), (3013020.,)] (HHMMSSMSS)
   Remove HSL385B.cal Data
   Length of dataset prior to removal 2123 long
Eliminate data between: [(3019065.,), (3019065.,)] (HHMMSSMSS)
   Remove HSL385B.cal Data
   Length of dataset prior to removal 2123 long
Eliminate data between: [(3035157.,), (3035157.,)] (HHMMSSMSS)
   Remove HSL385B.cal Data
   Length of dataset prior to removal 2123 long
Eliminate data between: [(3041201.,), (3041201.,)] (HHMMSSMSS)
   Remove HSL385B.cal Data
   Length of dataset prior to removal 2123 long
Eliminate data between: [(3051255.,), (3051255.,)] (HHMMSSMSS)
   Remove HSL385B.cal Data
   Length of dataset prior to removal 2123 long
Eliminate data between: [(3057420.,), (3057420.,)] (HHMMSSMSS)
   Remove HSL385B.cal Data
   Length of dataset prior to removal 2123 long
Eliminate data between: [(3113518.,), (3113518.,)] (HHMMSSMSS)
   Remove HSL385B.cal Data
   Length of dataset prior to removal 2123 long
Eliminate data between: [(3129742.,), (3129742.,)] (HHMMSSMSS)
   Remove HSL385B.cal Data
   Length of dataset prior to removal 2123 long
Eliminate data between: [(3324688.,), (3324688.,)] (HHMMSSMSS)
   Remove HSL385B.cal Data
   Length of dataset prior to removal 2123 long
Eliminate data between: [(3334791.,), (3731386.,)] (HHMMSSMSS)
   Remove HSL385B.cal Data
   Length of dataset prior to removal 2123 long
Eliminate data between: [(2745459.,), (2844051.,)] (HHMMSSMSS)
   Remove HSL385B.cal Data
   Length of dataset prior to removal 1817 long
Eliminate data between: [(3344872.,), (3443541.,)] (HHMMSSMSS)
   Remove HSL385B.cal Data
   Length of dataset prior to removal 1737 long
Eliminate data between: [(4245489.,), (4344011.,)] (HHMMSSMSS)
   Remove HSL385B.cal Data
   Length of dataset prior to removal 1737 long
Data end   1666 long, a loss of 22%
Eliminate data between: [(2739459.,), (2741379.,)] (HHMMSSMSS)
   Remove HSL386B.cal Data
   Length of dataset prior to removal 946 long
Eliminate data between: [(2751491.,), (2751491.,)] (HHMMSSMSS)
   Remove HSL386B.cal Data
   Length of dataset prior to removal 946 long
Eliminate data between: [(2757529.,), (2757529.,)] (HHMMSSMSS)
   Remove HSL386B.cal Data
   Length of dataset prior to removal 946 long
Eliminate data between: [(2801636.,), (2801636.,)] (HHMMSSMSS)
   Remove HSL386B.cal Data
   Length of dataset prior to removal 946 long
Eliminate data between: [(2807676.,), (2807676.,)] (HHMMSSMSS)
   Remove HSL386B.cal Data
   Length of dataset prior to removal 946 long
Eliminate data between: [(2813715.,), (2813715.,)] (HHMMSSMSS)
   Remove HSL386B.cal Data
   Length of dataset prior to removal 946 long
Eliminate data between: [(2829904.,), (2829904.,)] (HHMMSSMSS)
   Remove HSL386B.cal Data
   Length of dataset prior to removal 946 long
Eliminate data between: [(2835951.,), (2835951.,)] (HHMMSSMSS)
   Remove HSL386B.cal Data
   Length of dataset prior to removal 946 long
Eliminate data between: [(2845989.,), (2845989.,)] (HHMMSSMSS)
   Remove HSL386B.cal Data
   Length of dataset prior to removal 946 long
Eliminate data between: [(2852169.,), (2852169.,)] (HHMMSSMSS)
   Remove HSL386B.cal Data
   Length of dataset prior to removal 946 long
Eliminate data between: [(2902205.,), (2902205.,)] (HHMMSSMSS)
   Remove HSL386B.cal Data
   Length of dataset prior to removal 946 long
Eliminate data between: [(2908264.,), (2908264.,)] (HHMMSSMSS)
   Remove HSL386B.cal Data
   Length of dataset prior to removal 946 long
Eliminate data between: [(2924488.,), (2924488.,)] (HHMMSSMSS)
   Remove HSL386B.cal Data
   Length of dataset prior to removal 946 long
Eliminate data between: [(2940577.,), (2940577.,)] (HHMMSSMSS)
   Remove HSL386B.cal Data
   Length of dataset prior to removal 946 long
Eliminate data between: [(3013020.,), (3013020.,)] (HHMMSSMSS)
   Remove HSL386B.cal Data
   Length of dataset prior to removal 946 long
Eliminate data between: [(3019065.,), (3019065.,)] (HHMMSSMSS)
   Remove HSL386B.cal Data
   Length of dataset prior to removal 946 long
Eliminate data between: [(3035157.,), (3035157.,)] (HHMMSSMSS)
   Remove HSL386B.cal Data
   Length of dataset prior to removal 946 long
Eliminate data between: [(3041201.,), (3041201.,)] (HHMMSSMSS)
   Remove HSL386B.cal Data
   Length of dataset prior to removal 946 long
Eliminate data between: [(3051255.,), (3051255.,)] (HHMMSSMSS)
   Remove HSL386B.cal Data
   Length of dataset prior to removal 946 long
Eliminate data between: [(3057420.,), (3057420.,)] (HHMMSSMSS)
   Remove HSL386B.cal Data
   Length of dataset prior to removal 946 long
Eliminate data between: [(3113518.,), (3113518.,)] (HHMMSSMSS)
   Remove HSL386B.cal Data
   Length of dataset prior to removal 946 long
Eliminate data between: [(3129742.,), (3129742.,)] (HHMMSSMSS)
   Remove HSL386B.cal Data
   Length of dataset prior to removal 946 long
Eliminate data between: [(3324688.,), (3324688.,)] (HHMMSSMSS)
   Remove HSL386B.cal Data
   Length of dataset prior to removal 946 long
Eliminate data between: [(3334791.,), (3731386.,)] (HHMMSSMSS)
   Remove HSL386B.cal Data
   Length of dataset prior to removal 946 long
Eliminate data between: [(2745459.,), (2844051.,)] (HHMMSSMSS)
   Remove HSL386B.cal Data
   Length of dataset prior to removal 798 long
Eliminate data between: [(3344872.,), (3443541.,)] (HHMMSSMSS)
   Remove HSL386B.cal Data
   Length of dataset prior to removal 777 long
Eliminate data between: [(4245489.,), (4344011.,)] (HHMMSSMSS)
   Remove HSL386B.cal Data
   Length of dataset prior to removal 777 long
Data end   740 long, a loss of 22%
Eliminate data between: [(2739459.,), (2741379.,)] (HHMMSSMSS)
   Remove SATNAV0001A.tdf Data
   Length of dataset prior to removal 842 long
Eliminate data between: [(2751491.,), (2751491.,)] (HHMMSSMSS)
   Remove SATNAV0001A.tdf Data
   Length of dataset prior to removal 840 long
Eliminate data between: [(2757529.,), (2757529.,)] (HHMMSSMSS)
   Remove SATNAV0001A.tdf Data
   Length of dataset prior to removal 839 long
Eliminate data between: [(2801636.,), (2801636.,)] (HHMMSSMSS)
   Remove SATNAV0001A.tdf Data
   Length of dataset prior to removal 838 long
Eliminate data between: [(2807676.,), (2807676.,)] (HHMMSSMSS)
   Remove SATNAV0001A.tdf Data
   Length of dataset prior to removal 837 long
Eliminate data between: [(2813715.,), (2813715.,)] (HHMMSSMSS)
   Remove SATNAV0001A.tdf Data
   Length of dataset prior to removal 836 long
Eliminate data between: [(2829904.,), (2829904.,)] (HHMMSSMSS)
   Remove SATNAV0001A.tdf Data
   Length of dataset prior to removal 835 long
Eliminate data between: [(2835951.,), (2835951.,)] (HHMMSSMSS)
   Remove SATNAV0001A.tdf Data
   Length of dataset prior to removal 834 long
Eliminate data between: [(2845989.,), (2845989.,)] (HHMMSSMSS)
   Remove SATNAV0001A.tdf Data
   Length of dataset prior to removal 833 long
Eliminate data between: [(2852169.,), (2852169.,)] (HHMMSSMSS)
   Remove SATNAV0001A.tdf Data
   Length of dataset prior to removal 832 long
Eliminate data between: [(2902205.,), (2902205.,)] (HHMMSSMSS)
   Remove SATNAV0001A.tdf Data
   Length of dataset prior to removal 831 long
Eliminate data between: [(2908264.,), (2908264.,)] (HHMMSSMSS)
   Remove SATNAV0001A.tdf Data
   Length of dataset prior to removal 830 long
Eliminate data between: [(2924488.,), (2924488.,)] (HHMMSSMSS)
   Remove SATNAV0001A.tdf Data
   Length of dataset prior to removal 829 long
Eliminate data between: [(2940577.,), (2940577.,)] (HHMMSSMSS)
   Remove SATNAV0001A.tdf Data
   Length of dataset prior to removal 828 long
Eliminate data between: [(3013020.,), (3013020.,)] (HHMMSSMSS)
   Remove SATNAV0001A.tdf Data
   Length of dataset prior to removal 827 long
Eliminate data between: [(3019065.,), (3019065.,)] (HHMMSSMSS)
   Remove SATNAV0001A.tdf Data
   Length of dataset prior to removal 826 long
Eliminate data between: [(3035157.,), (3035157.,)] (HHMMSSMSS)
   Remove SATNAV0001A.tdf Data
   Length of dataset prior to removal 825 long
Eliminate data between: [(3041201.,), (3041201.,)] (HHMMSSMSS)
   Remove SATNAV0001A.tdf Data
   Length of dataset prior to removal 824 long
Eliminate data between: [(3051255.,), (3051255.,)] (HHMMSSMSS)
   Remove SATNAV0001A.tdf Data
   Length of dataset prior to removal 823 long
Eliminate data between: [(3057420.,), (3057420.,)] (HHMMSSMSS)
   Remove SATNAV0001A.tdf Data
   Length of dataset prior to removal 822 long
Eliminate data between: [(3113518.,), (3113518.,)] (HHMMSSMSS)
   Remove SATNAV0001A.tdf Data
   Length of dataset prior to removal 821 long
Eliminate data between: [(3129742.,), (3129742.,)] (HHMMSSMSS)
   Remove SATNAV0001A.tdf Data
   Length of dataset prior to removal 820 long
Eliminate data between: [(3324688.,), (3324688.,)] (HHMMSSMSS)
   Remove SATNAV0001A.tdf Data
   Length of dataset prior to removal 819 long
Eliminate data between: [(3334791.,), (3731386.,)] (HHMMSSMSS)
   Remove SATNAV0001A.tdf Data
   Length of dataset prior to removal 818 long
Eliminate data between: [(2745459.,), (2844051.,)] (HHMMSSMSS)
   Remove SATNAV0001A.tdf Data
   Length of dataset prior to removal 700 long
Eliminate data between: [(3344872.,), (3443541.,)] (HHMMSSMSS)
   Remove SATNAV0001A.tdf Data
   Length of dataset prior to removal 677 long
Eliminate data between: [(4245489.,), (4344011.,)] (HHMMSSMSS)
   Remove SATNAV0001A.tdf Data
   Length of dataset prior to removal 677 long
Data end   647 long, a loss of 23%
Eliminate data between: [(2739459.,), (2741379.,)] (HHMMSSMSS)
   Remove SATPYR.tdf Data
   Length of dataset prior to removal 151 long
Eliminate data between: [(2751491.,), (2751491.,)] (HHMMSSMSS)
   Remove SATPYR.tdf Data
   Length of dataset prior to removal 151 long
Eliminate data between: [(2757529.,), (2757529.,)] (HHMMSSMSS)
   Remove SATPYR.tdf Data
   Length of dataset prior to removal 151 long
Eliminate data between: [(2801636.,), (2801636.,)] (HHMMSSMSS)
   Remove SATPYR.tdf Data
   Length of dataset prior to removal 151 long
Eliminate data between: [(2807676.,), (2807676.,)] (HHMMSSMSS)
   Remove SATPYR.tdf Data
   Length of dataset prior to removal 151 long
Eliminate data between: [(2813715.,), (2813715.,)] (HHMMSSMSS)
   Remove SATPYR.tdf Data
   Length of dataset prior to removal 151 long
Eliminate data between: [(2829904.,), (2829904.,)] (HHMMSSMSS)
   Remove SATPYR.tdf Data
   Length of dataset prior to removal 151 long
Eliminate data between: [(2835951.,), (2835951.,)] (HHMMSSMSS)
   Remove SATPYR.tdf Data
   Length of dataset prior to removal 151 long
Eliminate data between: [(2845989.,), (2845989.,)] (HHMMSSMSS)
   Remove SATPYR.tdf Data
   Length of dataset prior to removal 151 long
Eliminate data between: [(2852169.,), (2852169.,)] (HHMMSSMSS)
   Remove SATPYR.tdf Data
   Length of dataset prior to removal 151 long
Eliminate data between: [(2902205.,), (2902205.,)] (HHMMSSMSS)
   Remove SATPYR.tdf Data
   Length of dataset prior to removal 151 long
Eliminate data between: [(2908264.,), (2908264.,)] (HHMMSSMSS)
   Remove SATPYR.tdf Data
   Length of dataset prior to removal 151 long
Eliminate data between: [(2924488.,), (2924488.,)] (HHMMSSMSS)
   Remove SATPYR.tdf Data
   Length of dataset prior to removal 151 long
Eliminate data between: [(2940577.,), (2940577.,)] (HHMMSSMSS)
   Remove SATPYR.tdf Data
   Length of dataset prior to removal 151 long
Eliminate data between: [(3013020.,), (3013020.,)] (HHMMSSMSS)
   Remove SATPYR.tdf Data
   Length of dataset prior to removal 151 long
Eliminate data between: [(3019065.,), (3019065.,)] (HHMMSSMSS)
   Remove SATPYR.tdf Data
   Length of dataset prior to removal 151 long
Eliminate data between: [(3035157.,), (3035157.,)] (HHMMSSMSS)
   Remove SATPYR.tdf Data
   Length of dataset prior to removal 151 long
Eliminate data between: [(3041201.,), (3041201.,)] (HHMMSSMSS)
   Remove SATPYR.tdf Data
   Length of dataset prior to removal 151 long
Eliminate data between: [(3051255.,), (3051255.,)] (HHMMSSMSS)
   Remove SATPYR.tdf Data
   Length of dataset prior to removal 151 long
Eliminate data between: [(3057420.,), (3057420.,)] (HHMMSSMSS)
   Remove SATPYR.tdf Data
   Length of dataset prior to removal 151 long
Eliminate data between: [(3113518.,), (3113518.,)] (HHMMSSMSS)
   Remove SATPYR.tdf Data
   Length of dataset prior to removal 151 long
Eliminate data between: [(3129742.,), (3129742.,)] (HHMMSSMSS)
   Remove SATPYR.tdf Data
   Length of dataset prior to removal 151 long
Eliminate data between: [(3324688.,), (3324688.,)] (HHMMSSMSS)
   Remove SATPYR.tdf Data
   Length of dataset prior to removal 151 long
Eliminate data between: [(3334791.,), (3731386.,)] (HHMMSSMSS)
   Remove SATPYR.tdf Data
   Length of dataset prior to removal 151 long
Eliminate data between: [(2745459.,), (2844051.,)] (HHMMSSMSS)
   Remove SATPYR.tdf Data
   Length of dataset prior to removal 130 long
Eliminate data between: [(3344872.,), (3443541.,)] (HHMMSSMSS)
   Remove SATPYR.tdf Data
   Length of dataset prior to removal 125 long
Eliminate data between: [(4245489.,), (4344011.,)] (HHMMSSMSS)
   Remove SATPYR.tdf Data
   Length of dataset prior to removal 125 long
Data end   120 long, a loss of 21%
LT has fewest records - interpolating to LT
Interpolate Data ES
Interpolate Data LI
Interpolate Data LT
Interpolate GPS Data
Interpolate SATNAV Data
L2s file produced: /Users/daurin/Projects_Supplemental/HyperPACE/Field_Data/Processed/KORUS/L2s/1614100_L2s.hdf
