ProcessL2s: /Users/daurin/Projects_Supplemental/HyperPACE/Field_Data/Processed/KORUS/L2/1614301_L2.hdf
   Flag data from TT2: (10000286.,) to (11006992.,)(HHMMSSMSS)
   Flag data from TT2: (11010995.,) to (11010995.,)(HHMMSSMSS)
   Flag data from TT2: (11015122.,) to (11015122.,)(HHMMSSMSS)
   Flag data from TT2: (11025237.,) to (11139990.,)(HHMMSSMSS)
   Flag data from TT2: (11144103.,) to (11144103.,)(HHMMSSMSS)
   Flag data from TT2: (11148109.,) to (12206990.,)(HHMMSSMSS)
   Flag data from TT2: (12210994.,) to (12210994.,)(HHMMSSMSS)
   Flag data from TT2: (12215132.,) to (12215132.,)(HHMMSSMSS)
   Flag data from TT2: (12219144.,) to (12219144.,)(HHMMSSMSS)
   Flag data from TT2: (12223165.,) to (12235294.,)(HHMMSSMSS)
   Flag data from TT2: (12239419.,) to (12245480.,)(HHMMSSMSS)
   Flag data from TT2: (12251541.,) to (12251541.,)(HHMMSSMSS)
   Flag data from TT2: (12257596.,) to (12257596.,)(HHMMSSMSS)
   Flag data from TT2: (12301597.,) to (12301597.,)(HHMMSSMSS)
   Flag data from TT2: (12307664.,) to (12307664.,)(HHMMSSMSS)
   Flag data from TT2: (12313730.,) to (12313730.,)(HHMMSSMSS)
   Flag data from TT2: (12317855.,) to (12317855.,)(HHMMSSMSS)
   Flag data from TT2: (12321859.,) to (12321859.,)(HHMMSSMSS)
   Flag data from TT2: (12327912.,) to (12327912.,)(HHMMSSMSS)
   Flag data from TT2: (12331930.,) to (12331930.,)(HHMMSSMSS)
   Flag data from TT2: (12354230.,) to (12354230.,)(HHMMSSMSS)
   Flag data from TT2: (12358354.,) to (12358354.,)(HHMMSSMSS)
   Flag data from TT2: (12402372.,) to (12402372.,)(HHMMSSMSS)
   Flag data from TT2: (12430651.,) to (12517166.,)(HHMMSSMSS)
   Flag data from TT2: (12521157.,) to (12553635.,)(HHMMSSMSS)
   Flag data from TT2: (12557642.,) to (12621916.,)(HHMMSSMSS)
   Flag data from TT2: (12625924.,) to (12629921.,)(HHMMSSMSS)
   Flag data from TT2: (12634042.,) to (12634042.,)(HHMMSSMSS)
   Flag data from TT2: (12638044.,) to (12638044.,)(HHMMSSMSS)
   Flag data from TT2: (12642168.,) to (12642168.,)(HHMMSSMSS)
   Flag data from TT2: (12646170.,) to (12646170.,)(HHMMSSMSS)
   Flag data from TT2: (12654296.,) to (12654296.,)(HHMMSSMSS)
   Flag data from TT2: (12658295.,) to (12658295.,)(HHMMSSMSS)
   Flag data from TT2: (12702288.,) to (12702288.,)(HHMMSSMSS)
   Flag data from TT2: (12706414.,) to (12706414.,)(HHMMSSMSS)
   Flag data from TT2: (12710413.,) to (12710413.,)(HHMMSSMSS)
   Flag data from TT2: (12821146.,) to (13229876.,)(HHMMSSMSS)
   Flag data from TT2: (13233958.,) to (13425185.,)(HHMMSSMSS)
   Flag data from TT2: (13429180.,) to (13429180.,)(HHMMSSMSS)
   Flag data from TT2: (13433186.,) to (13439250.,)(HHMMSSMSS)
   Flag data from TT2: (13443390.,) to (13443390.,)(HHMMSSMSS)
   Flag data from TT2: (13447397.,) to (13447397.,)(HHMMSSMSS)
   Flag data from TT2: (13451401.,) to (13451401.,)(HHMMSSMSS)
   Flag data from TT2: (13455538.,) to (13519775.,)(HHMMSSMSS)
   Flag data from TT2: (13523773.,) to (13523773.,)(HHMMSSMSS)
   Flag data from TT2: (13527777.,) to (13527777.,)(HHMMSSMSS)
   Flag data from TT2: (13531897.,) to (13531897.,)(HHMMSSMSS)
   Flag data from TT2: (13535903.,) to (13535903.,)(HHMMSSMSS)
   Flag data from TT2: (13548025.,) to (13548025.,)(HHMMSSMSS)
   Flag data from TT2: (13552146.,) to (13552146.,)(HHMMSSMSS)
   Flag data from TT2: (13831730.,) to (13854028.,)(HHMMSSMSS)
   Flag data from TT2: (13858019.,) to (13858019.,)(HHMMSSMSS)
   Flag data from TT2: (13902134.,) to (13902134.,)(HHMMSSMSS)
   Flag data from TT2: (13946484.,) to (14445812.,)(HHMMSSMSS)
   Flag data from TT2: (15028698.,) to (15758000.,)(HHMMSSMSS)
Percentage of SATNAV data out of Solar Azimuth bounds: 75%
Filtering file for bad Absolute Rotator Angle
   Flag data from TT2: (14224226.,) to (14520012.,)(HHMMSSMSS)
   Flag data from TT2: (15036738.,) to (15832319.,)(HHMMSSMSS)
Percentage of SATNAV data out of Absolute Rotator bounds: 18%
Filtering file for Rotator Delay
   Flag data from TT2: (10248140.,) to (10346780.,)(HHMMSSMSS)
   Flag data from TT2: (10646789.,) to (10745465.,)(HHMMSSMSS)
   Flag data from TT2: (11031237.,) to (11129902.,)(HHMMSSMSS)
   Flag data from TT2: (11443953.,) to (11542732.,)(HHMMSSMSS)
   Flag data from TT2: (12436651.,) to (12535430.,)(HHMMSSMSS)
   Flag data from TT2: (12829186.,) to (12927839.,)(HHMMSSMSS)
   Flag data from TT2: (13123168.,) to (13221806.,)(HHMMSSMSS)
   Flag data from TT2: (13239958.,) to (13338606.,)(HHMMSSMSS)
   Flag data from TT2: (13725016.,) to (13823688.,)(HHMMSSMSS)
   Flag data from TT2: (13839890.,) to (13938442.,)(HHMMSSMSS)
   Flag data from TT2: (13954644.,) to (14053279.,)(HHMMSSMSS)
   Flag data from TT2: (14109366.,) to (14208139.,)(HHMMSSMSS)
   Flag data from TT2: (14224226.,) to (14322898.,)(HHMMSSMSS)
   Flag data from TT2: (14337075.,) to (14435713.,)(HHMMSSMSS)
   Flag data from TT2: (14522052.,) to (14620614.,)(HHMMSSMSS)
   Flag data from TT2: (15036738.,) to (15135391.,)(HHMMSSMSS)
   Flag data from TT2: (15834239.,) to (15932801.,)(HHMMSSMSS)
Percentage of SATNAV data out of Rotator Delay bounds: 29%
Eliminate combined filtered data from datasets.__________________________________
Eliminate data between: [(10000286.,), (11006992.,)] (HHMMSSMSS)
   Remove GPS Data
   Length of dataset prior to removal 1787 long
Eliminate data between: [(11010995.,), (11010995.,)] (HHMMSSMSS)
   Length of dataset prior to removal 1486 long
Eliminate data between: [(11015122.,), (11015122.,)] (HHMMSSMSS)
   Length of dataset prior to removal 1486 long
Eliminate data between: [(11025237.,), (11139990.,)] (HHMMSSMSS)
   Length of dataset prior to removal 1486 long
Eliminate data between: [(11144103.,), (11144103.,)] (HHMMSSMSS)
   Length of dataset prior to removal 1449 long
Eliminate data between: [(11148109.,), (12206990.,)] (HHMMSSMSS)
   Length of dataset prior to removal 1449 long
Eliminate data between: [(12210994.,), (12210994.,)] (HHMMSSMSS)
   Length of dataset prior to removal 1141 long
Eliminate data between: [(12215132.,), (12215132.,)] (HHMMSSMSS)
   Length of dataset prior to removal 1141 long
Eliminate data between: [(12219144.,), (12219144.,)] (HHMMSSMSS)
   Length of dataset prior to removal 1141 long
Eliminate data between: [(12223165.,), (12235294.,)] (HHMMSSMSS)
   Length of dataset prior to removal 1141 long
Eliminate data between: [(12239419.,), (12245480.,)] (HHMMSSMSS)
   Length of dataset prior to removal 1135 long
Eliminate data between: [(12251541.,), (12251541.,)] (HHMMSSMSS)
   Length of dataset prior to removal 1132 long
Eliminate data between: [(12257596.,), (12257596.,)] (HHMMSSMSS)
   Length of dataset prior to removal 1132 long
Eliminate data between: [(12301597.,), (12301597.,)] (HHMMSSMSS)
   Length of dataset prior to removal 1132 long
Eliminate data between: [(12307664.,), (12307664.,)] (HHMMSSMSS)
   Length of dataset prior to removal 1132 long
Eliminate data between: [(12313730.,), (12313730.,)] (HHMMSSMSS)
   Length of dataset prior to removal 1132 long
Eliminate data between: [(12317855.,), (12317855.,)] (HHMMSSMSS)
   Length of dataset prior to removal 1132 long
Eliminate data between: [(12321859.,), (12321859.,)] (HHMMSSMSS)
   Length of dataset prior to removal 1132 long
Eliminate data between: [(12327912.,), (12327912.,)] (HHMMSSMSS)
   Length of dataset prior to removal 1132 long
Eliminate data between: [(12331930.,), (12331930.,)] (HHMMSSMSS)
   Length of dataset prior to removal 1132 long
Eliminate data between: [(12354230.,), (12354230.,)] (HHMMSSMSS)
   Length of dataset prior to removal 1132 long
Eliminate data between: [(12358354.,), (12358354.,)] (HHMMSSMSS)
   Length of dataset prior to removal 1132 long
Eliminate data between: [(12402372.,), (12402372.,)] (HHMMSSMSS)
   Length of dataset prior to removal 1132 long
Eliminate data between: [(12430651.,), (12517166.,)] (HHMMSSMSS)
   Length of dataset prior to removal 1132 long
Eliminate data between: [(12521157.,), (12553635.,)] (HHMMSSMSS)
   Length of dataset prior to removal 1109 long
Eliminate data between: [(12557642.,), (12621916.,)] (HHMMSSMSS)
   Length of dataset prior to removal 1093 long
Eliminate data between: [(12625924.,), (12629921.,)] (HHMMSSMSS)
   Length of dataset prior to removal 1081 long
Eliminate data between: [(12634042.,), (12634042.,)] (HHMMSSMSS)
   Length of dataset prior to removal 1079 long
Eliminate data between: [(12638044.,), (12638044.,)] (HHMMSSMSS)
   Length of dataset prior to removal 1079 long
Eliminate data between: [(12642168.,), (12642168.,)] (HHMMSSMSS)
   Length of dataset prior to removal 1079 long
Eliminate data between: [(12646170.,), (12646170.,)] (HHMMSSMSS)
   Length of dataset prior to removal 1079 long
Eliminate data between: [(12654296.,), (12654296.,)] (HHMMSSMSS)
   Length of dataset prior to removal 1079 long
Eliminate data between: [(12658295.,), (12658295.,)] (HHMMSSMSS)
   Length of dataset prior to removal 1079 long
Eliminate data between: [(12702288.,), (12702288.,)] (HHMMSSMSS)
   Length of dataset prior to removal 1079 long
Eliminate data between: [(12706414.,), (12706414.,)] (HHMMSSMSS)
   Length of dataset prior to removal 1079 long
Eliminate data between: [(12710413.,), (12710413.,)] (HHMMSSMSS)
   Length of dataset prior to removal 1079 long
Eliminate data between: [(12821146.,), (13229876.,)] (HHMMSSMSS)
   Length of dataset prior to removal 1079 long
Eliminate data between: [(13233958.,), (13425185.,)] (HHMMSSMSS)
   Length of dataset prior to removal 955 long
Eliminate data between: [(13429180.,), (13429180.,)] (HHMMSSMSS)
   Length of dataset prior to removal 900 long
Eliminate data between: [(13433186.,), (13439250.,)] (HHMMSSMSS)
   Length of dataset prior to removal 900 long
Eliminate data between: [(13443390.,), (13443390.,)] (HHMMSSMSS)
   Length of dataset prior to removal 897 long
Eliminate data between: [(13447397.,), (13447397.,)] (HHMMSSMSS)
   Length of dataset prior to removal 897 long
Eliminate data between: [(13451401.,), (13451401.,)] (HHMMSSMSS)
   Length of dataset prior to removal 897 long
Eliminate data between: [(13455538.,), (13519775.,)] (HHMMSSMSS)
   Length of dataset prior to removal 897 long
Eliminate data between: [(13523773.,), (13523773.,)] (HHMMSSMSS)
   Length of dataset prior to removal 885 long
Eliminate data between: [(13527777.,), (13527777.,)] (HHMMSSMSS)
   Length of dataset prior to removal 885 long
Eliminate data between: [(13531897.,), (13531897.,)] (HHMMSSMSS)
   Length of dataset prior to removal 885 long
Eliminate data between: [(13535903.,), (13535903.,)] (HHMMSSMSS)
   Length of dataset prior to removal 885 long
Eliminate data between: [(13548025.,), (13548025.,)] (HHMMSSMSS)
   Length of dataset prior to removal 885 long
Eliminate data between: [(13552146.,), (13552146.,)] (HHMMSSMSS)
   Length of dataset prior to removal 885 long
Eliminate data between: [(13831730.,), (13854028.,)] (HHMMSSMSS)
   Length of dataset prior to removal 885 long
Eliminate data between: [(13858019.,), (13858019.,)] (HHMMSSMSS)
   Length of dataset prior to removal 874 long
Eliminate data between: [(13902134.,), (13902134.,)] (HHMMSSMSS)
   Length of dataset prior to removal 874 long
Eliminate data between: [(13946484.,), (14445812.,)] (HHMMSSMSS)
   Length of dataset prior to removal 874 long
Eliminate data between: [(15028698.,), (15758000.,)] (HHMMSSMSS)
   Length of dataset prior to removal 726 long
Eliminate data between: [(14224226.,), (14520012.,)] (HHMMSSMSS)
   Length of dataset prior to removal 503 long
Eliminate data between: [(15036738.,), (15832319.,)] (HHMMSSMSS)
   Length of dataset prior to removal 486 long
Eliminate data between: [(10248140.,), (10346780.,)] (HHMMSSMSS)
   Length of dataset prior to removal 469 long
Eliminate data between: [(10646789.,), (10745465.,)] (HHMMSSMSS)
   Length of dataset prior to removal 469 long
Eliminate data between: [(11031237.,), (11129902.,)] (HHMMSSMSS)
   Length of dataset prior to removal 469 long
Eliminate data between: [(11443953.,), (11542732.,)] (HHMMSSMSS)
   Length of dataset prior to removal 469 long
Eliminate data between: [(12436651.,), (12535430.,)] (HHMMSSMSS)
   Length of dataset prior to removal 469 long
Eliminate data between: [(12829186.,), (12927839.,)] (HHMMSSMSS)
   Length of dataset prior to removal 467 long
Eliminate data between: [(13123168.,), (13221806.,)] (HHMMSSMSS)
   Length of dataset prior to removal 467 long
Eliminate data between: [(13239958.,), (13338606.,)] (HHMMSSMSS)
   Length of dataset prior to removal 467 long
Eliminate data between: [(13725016.,), (13823688.,)] (HHMMSSMSS)
   Length of dataset prior to removal 467 long
Eliminate data between: [(13839890.,), (13938442.,)] (HHMMSSMSS)
   Length of dataset prior to removal 438 long
Eliminate data between: [(13954644.,), (14053279.,)] (HHMMSSMSS)
   Length of dataset prior to removal 415 long
Eliminate data between: [(14109366.,), (14208139.,)] (HHMMSSMSS)
   Length of dataset prior to removal 415 long
Eliminate data between: [(14224226.,), (14322898.,)] (HHMMSSMSS)
   Length of dataset prior to removal 415 long
Eliminate data between: [(14337075.,), (14435713.,)] (HHMMSSMSS)
   Length of dataset prior to removal 415 long
Eliminate data between: [(14522052.,), (14620614.,)] (HHMMSSMSS)
   Length of dataset prior to removal 415 long
Eliminate data between: [(15036738.,), (15135391.,)] (HHMMSSMSS)
   Length of dataset prior to removal 386 long
Eliminate data between: [(15834239.,), (15932801.,)] (HHMMSSMSS)
   Length of dataset prior to removal 386 long
Data end   357 long, a loss of 80%
Eliminate data between: [(10000286.,), (11006992.,)] (HHMMSSMSS)
   Remove HSE488B.cal Data
   Length of dataset prior to removal 3339 long
Eliminate data between: [(11010995.,), (11010995.,)] (HHMMSSMSS)
   Remove HSE488B.cal Data
   Length of dataset prior to removal 2662 long
Eliminate data between: [(11015122.,), (11015122.,)] (HHMMSSMSS)
   Remove HSE488B.cal Data
   Length of dataset prior to removal 2662 long
Eliminate data between: [(11025237.,), (11139990.,)] (HHMMSSMSS)
   Remove HSE488B.cal Data
   Length of dataset prior to removal 2662 long
Eliminate data between: [(11144103.,), (11144103.,)] (HHMMSSMSS)
   Remove HSE488B.cal Data
   Length of dataset prior to removal 2583 long
Eliminate data between: [(11148109.,), (12206990.,)] (HHMMSSMSS)
   Remove HSE488B.cal Data
   Length of dataset prior to removal 2583 long
Eliminate data between: [(12210994.,), (12210994.,)] (HHMMSSMSS)
   Remove HSE488B.cal Data
   Length of dataset prior to removal 1908 long
Eliminate data between: [(12215132.,), (12215132.,)] (HHMMSSMSS)
   Remove HSE488B.cal Data
   Length of dataset prior to removal 1908 long
Eliminate data between: [(12219144.,), (12219144.,)] (HHMMSSMSS)
   Remove HSE488B.cal Data
   Length of dataset prior to removal 1908 long
Eliminate data between: [(12223165.,), (12235294.,)] (HHMMSSMSS)
   Remove HSE488B.cal Data
   Length of dataset prior to removal 1908 long
Eliminate data between: [(12239419.,), (12245480.,)] (HHMMSSMSS)
   Remove HSE488B.cal Data
   Length of dataset prior to removal 1892 long
Eliminate data between: [(12251541.,), (12251541.,)] (HHMMSSMSS)
   Remove HSE488B.cal Data
   Length of dataset prior to removal 1886 long
Eliminate data between: [(12257596.,), (12257596.,)] (HHMMSSMSS)
   Remove HSE488B.cal Data
   Length of dataset prior to removal 1886 long
Eliminate data between: [(12301597.,), (12301597.,)] (HHMMSSMSS)
   Remove HSE488B.cal Data
   Length of dataset prior to removal 1886 long
Eliminate data between: [(12307664.,), (12307664.,)] (HHMMSSMSS)
   Remove HSE488B.cal Data
   Length of dataset prior to removal 1886 long
Eliminate data between: [(12313730.,), (12313730.,)] (HHMMSSMSS)
   Remove HSE488B.cal Data
   Length of dataset prior to removal 1886 long
Eliminate data between: [(12317855.,), (12317855.,)] (HHMMSSMSS)
   Remove HSE488B.cal Data
   Length of dataset prior to removal 1886 long
Eliminate data between: [(12321859.,), (12321859.,)] (HHMMSSMSS)
   Remove HSE488B.cal Data
   Length of dataset prior to removal 1886 long
Eliminate data between: [(12327912.,), (12327912.,)] (HHMMSSMSS)
   Remove HSE488B.cal Data
   Length of dataset prior to removal 1886 long
Eliminate data between: [(12331930.,), (12331930.,)] (HHMMSSMSS)
   Remove HSE488B.cal Data
   Length of dataset prior to removal 1886 long
Eliminate data between: [(12354230.,), (12354230.,)] (HHMMSSMSS)
   Remove HSE488B.cal Data
   Length of dataset prior to removal 1886 long
Eliminate data between: [(12358354.,), (12358354.,)] (HHMMSSMSS)
   Remove HSE488B.cal Data
   Length of dataset prior to removal 1886 long
Eliminate data between: [(12402372.,), (12402372.,)] (HHMMSSMSS)
   Remove HSE488B.cal Data
   Length of dataset prior to removal 1886 long
Eliminate data between: [(12430651.,), (12517166.,)] (HHMMSSMSS)
   Remove HSE488B.cal Data
   Length of dataset prior to removal 1886 long
Eliminate data between: [(12521157.,), (12553635.,)] (HHMMSSMSS)
   Remove HSE488B.cal Data
   Length of dataset prior to removal 1837 long
Eliminate data between: [(12557642.,), (12621916.,)] (HHMMSSMSS)
   Remove HSE488B.cal Data
   Length of dataset prior to removal 1802 long
Eliminate data between: [(12625924.,), (12629921.,)] (HHMMSSMSS)
   Remove HSE488B.cal Data
   Length of dataset prior to removal 1775 long
Eliminate data between: [(12634042.,), (12634042.,)] (HHMMSSMSS)
   Remove HSE488B.cal Data
   Length of dataset prior to removal 1772 long
Eliminate data between: [(12638044.,), (12638044.,)] (HHMMSSMSS)
   Remove HSE488B.cal Data
   Length of dataset prior to removal 1772 long
Eliminate data between: [(12642168.,), (12642168.,)] (HHMMSSMSS)
   Remove HSE488B.cal Data
   Length of dataset prior to removal 1772 long
Eliminate data between: [(12646170.,), (12646170.,)] (HHMMSSMSS)
   Remove HSE488B.cal Data
   Length of dataset prior to removal 1772 long
Eliminate data between: [(12654296.,), (12654296.,)] (HHMMSSMSS)
   Remove HSE488B.cal Data
   Length of dataset prior to removal 1772 long
Eliminate data between: [(12658295.,), (12658295.,)] (HHMMSSMSS)
   Remove HSE488B.cal Data
   Length of dataset prior to removal 1772 long
Eliminate data between: [(12702288.,), (12702288.,)] (HHMMSSMSS)
   Remove HSE488B.cal Data
   Length of dataset prior to removal 1772 long
Eliminate data between: [(12706414.,), (12706414.,)] (HHMMSSMSS)
   Remove HSE488B.cal Data
   Length of dataset prior to removal 1772 long
Eliminate data between: [(12710413.,), (12710413.,)] (HHMMSSMSS)
   Remove HSE488B.cal Data
   Length of dataset prior to removal 1772 long
Eliminate data between: [(12821146.,), (13229876.,)] (HHMMSSMSS)
   Remove HSE488B.cal Data
   Length of dataset prior to removal 1772 long
Eliminate data between: [(13233958.,), (13425185.,)] (HHMMSSMSS)
   Remove HSE488B.cal Data
   Length of dataset prior to removal 1533 long
Eliminate data between: [(13429180.,), (13429180.,)] (HHMMSSMSS)
   Remove HSE488B.cal Data
   Length of dataset prior to removal 1415 long
Eliminate data between: [(13433186.,), (13439250.,)] (HHMMSSMSS)
   Remove HSE488B.cal Data
   Length of dataset prior to removal 1415 long
Eliminate data between: [(13443390.,), (13443390.,)] (HHMMSSMSS)
   Remove HSE488B.cal Data
   Length of dataset prior to removal 1408 long
Eliminate data between: [(13447397.,), (13447397.,)] (HHMMSSMSS)
   Remove HSE488B.cal Data
   Length of dataset prior to removal 1408 long
Eliminate data between: [(13451401.,), (13451401.,)] (HHMMSSMSS)
   Remove HSE488B.cal Data
   Length of dataset prior to removal 1408 long
Eliminate data between: [(13455538.,), (13519775.,)] (HHMMSSMSS)
   Remove HSE488B.cal Data
   Length of dataset prior to removal 1408 long
Eliminate data between: [(13523773.,), (13523773.,)] (HHMMSSMSS)
   Remove HSE488B.cal Data
   Length of dataset prior to removal 1382 long
Eliminate data between: [(13527777.,), (13527777.,)] (HHMMSSMSS)
   Remove HSE488B.cal Data
   Length of dataset prior to removal 1382 long
Eliminate data between: [(13531897.,), (13531897.,)] (HHMMSSMSS)
   Remove HSE488B.cal Data
   Length of dataset prior to removal 1382 long
Eliminate data between: [(13535903.,), (13535903.,)] (HHMMSSMSS)
   Remove HSE488B.cal Data
   Length of dataset prior to removal 1382 long
Eliminate data between: [(13548025.,), (13548025.,)] (HHMMSSMSS)
   Remove HSE488B.cal Data
   Length of dataset prior to removal 1382 long
Eliminate data between: [(13552146.,), (13552146.,)] (HHMMSSMSS)
   Remove HSE488B.cal Data
   Length of dataset prior to removal 1382 long
Eliminate data between: [(13831730.,), (13854028.,)] (HHMMSSMSS)
   Remove HSE488B.cal Data
   Length of dataset prior to removal 1382 long
Eliminate data between: [(13858019.,), (13858019.,)] (HHMMSSMSS)
   Remove HSE488B.cal Data
   Length of dataset prior to removal 1366 long
Eliminate data between: [(13902134.,), (13902134.,)] (HHMMSSMSS)
   Remove HSE488B.cal Data
   Length of dataset prior to removal 1366 long
Eliminate data between: [(13946484.,), (14445812.,)] (HHMMSSMSS)
   Remove HSE488B.cal Data
   Length of dataset prior to removal 1366 long
Eliminate data between: [(15028698.,), (15758000.,)] (HHMMSSMSS)
   Remove HSE488B.cal Data
   Length of dataset prior to removal 1091 long
Eliminate data between: [(14224226.,), (14520012.,)] (HHMMSSMSS)
   Remove HSE488B.cal Data
   Length of dataset prior to removal 559 long
Eliminate data between: [(15036738.,), (15832319.,)] (HHMMSSMSS)
   Remove HSE488B.cal Data
   Length of dataset prior to removal 559 long
Eliminate data between: [(10248140.,), (10346780.,)] (HHMMSSMSS)
   Remove HSE488B.cal Data
   Length of dataset prior to removal 559 long
Eliminate data between: [(10646789.,), (10745465.,)] (HHMMSSMSS)
   Remove HSE488B.cal Data
   Length of dataset prior to removal 559 long
Eliminate data between: [(11031237.,), (11129902.,)] (HHMMSSMSS)
   Remove HSE488B.cal Data
   Length of dataset prior to removal 559 long
Eliminate data between: [(11443953.,), (11542732.,)] (HHMMSSMSS)
   Remove HSE488B.cal Data
   Length of dataset prior to removal 559 long
Eliminate data between: [(12436651.,), (12535430.,)] (HHMMSSMSS)
   Remove HSE488B.cal Data
   Length of dataset prior to removal 559 long
Eliminate data between: [(12829186.,), (12927839.,)] (HHMMSSMSS)
   Remove HSE488B.cal Data
   Length of dataset prior to removal 554 long
Eliminate data between: [(13123168.,), (13221806.,)] (HHMMSSMSS)
   Remove HSE488B.cal Data
   Length of dataset prior to removal 554 long
Eliminate data between: [(13239958.,), (13338606.,)] (HHMMSSMSS)
   Remove HSE488B.cal Data
   Length of dataset prior to removal 554 long
Eliminate data between: [(13725016.,), (13823688.,)] (HHMMSSMSS)
   Remove HSE488B.cal Data
   Length of dataset prior to removal 554 long
Eliminate data between: [(13839890.,), (13938442.,)] (HHMMSSMSS)
   Remove HSE488B.cal Data
   Length of dataset prior to removal 487 long
Eliminate data between: [(13954644.,), (14053279.,)] (HHMMSSMSS)
   Remove HSE488B.cal Data
   Length of dataset prior to removal 433 long
Eliminate data between: [(14109366.,), (14208139.,)] (HHMMSSMSS)
   Remove HSE488B.cal Data
   Length of dataset prior to removal 433 long
Eliminate data between: [(14224226.,), (14322898.,)] (HHMMSSMSS)
   Remove HSE488B.cal Data
   Length of dataset prior to removal 433 long
Eliminate data between: [(14337075.,), (14435713.,)] (HHMMSSMSS)
   Remove HSE488B.cal Data
   Length of dataset prior to removal 433 long
Eliminate data between: [(14522052.,), (14620614.,)] (HHMMSSMSS)
   Remove HSE488B.cal Data
   Length of dataset prior to removal 433 long
Eliminate data between: [(15036738.,), (15135391.,)] (HHMMSSMSS)
   Remove HSE488B.cal Data
   Length of dataset prior to removal 433 long
Eliminate data between: [(15834239.,), (15932801.,)] (HHMMSSMSS)
   Remove HSE488B.cal Data
   Length of dataset prior to removal 433 long
Data end   433 long, a loss of 87%
Eliminate data between: [(10000286.,), (11006992.,)] (HHMMSSMSS)
   Remove HSL385B.cal Data
   Length of dataset prior to removal 3801 long
Eliminate data between: [(11010995.,), (11010995.,)] (HHMMSSMSS)
   Remove HSL385B.cal Data
   Length of dataset prior to removal 3054 long
Eliminate data between: [(11015122.,), (11015122.,)] (HHMMSSMSS)
   Remove HSL385B.cal Data
   Length of dataset prior to removal 3054 long
Eliminate data between: [(11025237.,), (11139990.,)] (HHMMSSMSS)
   Remove HSL385B.cal Data
   Length of dataset prior to removal 3054 long
Eliminate data between: [(11144103.,), (11144103.,)] (HHMMSSMSS)
   Remove HSL385B.cal Data
   Length of dataset prior to removal 2965 long
Eliminate data between: [(11148109.,), (12206990.,)] (HHMMSSMSS)
   Remove HSL385B.cal Data
   Length of dataset prior to removal 2965 long
Eliminate data between: [(12210994.,), (12210994.,)] (HHMMSSMSS)
   Remove HSL385B.cal Data
   Length of dataset prior to removal 2169 long
Eliminate data between: [(12215132.,), (12215132.,)] (HHMMSSMSS)
   Remove HSL385B.cal Data
   Length of dataset prior to removal 2169 long
Eliminate data between: [(12219144.,), (12219144.,)] (HHMMSSMSS)
   Remove HSL385B.cal Data
   Length of dataset prior to removal 2169 long
Eliminate data between: [(12223165.,), (12235294.,)] (HHMMSSMSS)
   Remove HSL385B.cal Data
   Length of dataset prior to removal 2169 long
Eliminate data between: [(12239419.,), (12245480.,)] (HHMMSSMSS)
   Remove HSL385B.cal Data
   Length of dataset prior to removal 2154 long
Eliminate data between: [(12251541.,), (12251541.,)] (HHMMSSMSS)
   Remove HSL385B.cal Data
   Length of dataset prior to removal 2146 long
Eliminate data between: [(12257596.,), (12257596.,)] (HHMMSSMSS)
   Remove HSL385B.cal Data
   Length of dataset prior to removal 2146 long
Eliminate data between: [(12301597.,), (12301597.,)] (HHMMSSMSS)
   Remove HSL385B.cal Data
   Length of dataset prior to removal 2146 long
Eliminate data between: [(12307664.,), (12307664.,)] (HHMMSSMSS)
   Remove HSL385B.cal Data
   Length of dataset prior to removal 2146 long
Eliminate data between: [(12313730.,), (12313730.,)] (HHMMSSMSS)
   Remove HSL385B.cal Data
   Length of dataset prior to removal 2146 long
Eliminate data between: [(12317855.,), (12317855.,)] (HHMMSSMSS)
   Remove HSL385B.cal Data
   Length of dataset prior to removal 2146 long
Eliminate data between: [(12321859.,), (12321859.,)] (HHMMSSMSS)
   Remove HSL385B.cal Data
   Length of dataset prior to removal 2146 long
Eliminate data between: [(12327912.,), (12327912.,)] (HHMMSSMSS)
   Remove HSL385B.cal Data
   Length of dataset prior to removal 2146 long
Eliminate data between: [(12331930.,), (12331930.,)] (HHMMSSMSS)
   Remove HSL385B.cal Data
   Length of dataset prior to removal 2146 long
Eliminate data between: [(12354230.,), (12354230.,)] (HHMMSSMSS)
   Remove HSL385B.cal Data
   Length of dataset prior to removal 2146 long
Eliminate data between: [(12358354.,), (12358354.,)] (HHMMSSMSS)
   Remove HSL385B.cal Data
   Length of dataset prior to removal 2146 long
Eliminate data between: [(12402372.,), (12402372.,)] (HHMMSSMSS)
   Remove HSL385B.cal Data
   Length of dataset prior to removal 2146 long
Eliminate data between: [(12430651.,), (12517166.,)] (HHMMSSMSS)
   Remove HSL385B.cal Data
   Length of dataset prior to removal 2146 long
Eliminate data between: [(12521157.,), (12553635.,)] (HHMMSSMSS)
   Remove HSL385B.cal Data
   Length of dataset prior to removal 2094 long
Eliminate data between: [(12557642.,), (12621916.,)] (HHMMSSMSS)
   Remove HSL385B.cal Data
   Length of dataset prior to removal 2049 long
Eliminate data between: [(12625924.,), (12629921.,)] (HHMMSSMSS)
   Remove HSL385B.cal Data
   Length of dataset prior to removal 2015 long
Eliminate data between: [(12634042.,), (12634042.,)] (HHMMSSMSS)
   Remove HSL385B.cal Data
   Length of dataset prior to removal 2008 long
Eliminate data between: [(12638044.,), (12638044.,)] (HHMMSSMSS)
   Remove HSL385B.cal Data
   Length of dataset prior to removal 2008 long
Eliminate data between: [(12642168.,), (12642168.,)] (HHMMSSMSS)
   Remove HSL385B.cal Data
   Length of dataset prior to removal 2008 long
Eliminate data between: [(12646170.,), (12646170.,)] (HHMMSSMSS)
   Remove HSL385B.cal Data
   Length of dataset prior to removal 2008 long
Eliminate data between: [(12654296.,), (12654296.,)] (HHMMSSMSS)
   Remove HSL385B.cal Data
   Length of dataset prior to removal 2008 long
Eliminate data between: [(12658295.,), (12658295.,)] (HHMMSSMSS)
   Remove HSL385B.cal Data
   Length of dataset prior to removal 2008 long
Eliminate data between: [(12702288.,), (12702288.,)] (HHMMSSMSS)
   Remove HSL385B.cal Data
   Length of dataset prior to removal 2008 long
Eliminate data between: [(12706414.,), (12706414.,)] (HHMMSSMSS)
   Remove HSL385B.cal Data
   Length of dataset prior to removal 2008 long
Eliminate data between: [(12710413.,), (12710413.,)] (HHMMSSMSS)
   Remove HSL385B.cal Data
   Length of dataset prior to removal 2008 long
Eliminate data between: [(12821146.,), (13229876.,)] (HHMMSSMSS)
   Remove HSL385B.cal Data
   Length of dataset prior to removal 2008 long
Eliminate data between: [(13233958.,), (13425185.,)] (HHMMSSMSS)
   Remove HSL385B.cal Data
   Length of dataset prior to removal 1724 long
Eliminate data between: [(13429180.,), (13429180.,)] (HHMMSSMSS)
   Remove HSL385B.cal Data
   Length of dataset prior to removal 1585 long
Eliminate data between: [(13433186.,), (13439250.,)] (HHMMSSMSS)
   Remove HSL385B.cal Data
   Length of dataset prior to removal 1585 long
Eliminate data between: [(13443390.,), (13443390.,)] (HHMMSSMSS)
   Remove HSL385B.cal Data
   Length of dataset prior to removal 1578 long
Eliminate data between: [(13447397.,), (13447397.,)] (HHMMSSMSS)
   Remove HSL385B.cal Data
   Length of dataset prior to removal 1578 long
Eliminate data between: [(13451401.,), (13451401.,)] (HHMMSSMSS)
   Remove HSL385B.cal Data
   Length of dataset prior to removal 1578 long
Eliminate data between: [(13455538.,), (13519775.,)] (HHMMSSMSS)
   Remove HSL385B.cal Data
   Length of dataset prior to removal 1578 long
Eliminate data between: [(13523773.,), (13523773.,)] (HHMMSSMSS)
   Remove HSL385B.cal Data
   Length of dataset prior to removal 1544 long
Eliminate data between: [(13527777.,), (13527777.,)] (HHMMSSMSS)
   Remove HSL385B.cal Data
   Length of dataset prior to removal 1544 long
Eliminate data between: [(13531897.,), (13531897.,)] (HHMMSSMSS)
   Remove HSL385B.cal Data
   Length of dataset prior to removal 1544 long
Eliminate data between: [(13535903.,), (13535903.,)] (HHMMSSMSS)
   Remove HSL385B.cal Data
   Length of dataset prior to removal 1544 long
Eliminate data between: [(13548025.,), (13548025.,)] (HHMMSSMSS)
   Remove HSL385B.cal Data
   Length of dataset prior to removal 1544 long
Eliminate data between: [(13552146.,), (13552146.,)] (HHMMSSMSS)
   Remove HSL385B.cal Data
   Length of dataset prior to removal 1544 long
Eliminate data between: [(13831730.,), (13854028.,)] (HHMMSSMSS)
   Remove HSL385B.cal Data
   Length of dataset prior to removal 1544 long
Eliminate data between: [(13858019.,), (13858019.,)] (HHMMSSMSS)
   Remove HSL385B.cal Data
   Length of dataset prior to removal 1529 long
Eliminate data between: [(13902134.,), (13902134.,)] (HHMMSSMSS)
   Remove HSL385B.cal Data
   Length of dataset prior to removal 1529 long
Eliminate data between: [(13946484.,), (14445812.,)] (HHMMSSMSS)
   Remove HSL385B.cal Data
   Length of dataset prior to removal 1529 long
Eliminate data between: [(15028698.,), (15758000.,)] (HHMMSSMSS)
   Remove HSL385B.cal Data
   Length of dataset prior to removal 1218 long
Eliminate data between: [(14224226.,), (14520012.,)] (HHMMSSMSS)
   Remove HSL385B.cal Data
   Length of dataset prior to removal 627 long
Eliminate data between: [(15036738.,), (15832319.,)] (HHMMSSMSS)
   Remove HSL385B.cal Data
   Length of dataset prior to removal 627 long
Eliminate data between: [(10248140.,), (10346780.,)] (HHMMSSMSS)
   Remove HSL385B.cal Data
   Length of dataset prior to removal 627 long
Eliminate data between: [(10646789.,), (10745465.,)] (HHMMSSMSS)
   Remove HSL385B.cal Data
   Length of dataset prior to removal 627 long
Eliminate data between: [(11031237.,), (11129902.,)] (HHMMSSMSS)
   Remove HSL385B.cal Data
   Length of dataset prior to removal 627 long
Eliminate data between: [(11443953.,), (11542732.,)] (HHMMSSMSS)
   Remove HSL385B.cal Data
   Length of dataset prior to removal 627 long
Eliminate data between: [(12436651.,), (12535430.,)] (HHMMSSMSS)
   Remove HSL385B.cal Data
   Length of dataset prior to removal 627 long
Eliminate data between: [(12829186.,), (12927839.,)] (HHMMSSMSS)
   Remove HSL385B.cal Data
   Length of dataset prior to removal 624 long
Eliminate data between: [(13123168.,), (13221806.,)] (HHMMSSMSS)
   Remove HSL385B.cal Data
   Length of dataset prior to removal 624 long
Eliminate data between: [(13239958.,), (13338606.,)] (HHMMSSMSS)
   Remove HSL385B.cal Data
   Length of dataset prior to removal 624 long
Eliminate data between: [(13725016.,), (13823688.,)] (HHMMSSMSS)
   Remove HSL385B.cal Data
   Length of dataset prior to removal 624 long
Eliminate data between: [(13839890.,), (13938442.,)] (HHMMSSMSS)
   Remove HSL385B.cal Data
   Length of dataset prior to removal 546 long
Eliminate data between: [(13954644.,), (14053279.,)] (HHMMSSMSS)
   Remove HSL385B.cal Data
   Length of dataset prior to removal 489 long
Eliminate data between: [(14109366.,), (14208139.,)] (HHMMSSMSS)
   Remove HSL385B.cal Data
   Length of dataset prior to removal 489 long
Eliminate data between: [(14224226.,), (14322898.,)] (HHMMSSMSS)
   Remove HSL385B.cal Data
   Length of dataset prior to removal 489 long
Eliminate data between: [(14337075.,), (14435713.,)] (HHMMSSMSS)
   Remove HSL385B.cal Data
   Length of dataset prior to removal 489 long
Eliminate data between: [(14522052.,), (14620614.,)] (HHMMSSMSS)
   Remove HSL385B.cal Data
   Length of dataset prior to removal 489 long
Eliminate data between: [(15036738.,), (15135391.,)] (HHMMSSMSS)
   Remove HSL385B.cal Data
   Length of dataset prior to removal 489 long
Eliminate data between: [(15834239.,), (15932801.,)] (HHMMSSMSS)
   Remove HSL385B.cal Data
   Length of dataset prior to removal 489 long
Data end   489 long, a loss of 87%
Eliminate data between: [(10000286.,), (11006992.,)] (HHMMSSMSS)
   Remove HSL386B.cal Data
   Length of dataset prior to removal 2034 long
Eliminate data between: [(11010995.,), (11010995.,)] (HHMMSSMSS)
   Remove HSL386B.cal Data
   Length of dataset prior to removal 1668 long
Eliminate data between: [(11015122.,), (11015122.,)] (HHMMSSMSS)
   Remove HSL386B.cal Data
   Length of dataset prior to removal 1668 long
Eliminate data between: [(11025237.,), (11139990.,)] (HHMMSSMSS)
   Remove HSL386B.cal Data
   Length of dataset prior to removal 1668 long
Eliminate data between: [(11144103.,), (11144103.,)] (HHMMSSMSS)
   Remove HSL386B.cal Data
   Length of dataset prior to removal 1624 long
Eliminate data between: [(11148109.,), (12206990.,)] (HHMMSSMSS)
   Remove HSL386B.cal Data
   Length of dataset prior to removal 1624 long
Eliminate data between: [(12210994.,), (12210994.,)] (HHMMSSMSS)
   Remove HSL386B.cal Data
   Length of dataset prior to removal 1234 long
Eliminate data between: [(12215132.,), (12215132.,)] (HHMMSSMSS)
   Remove HSL386B.cal Data
   Length of dataset prior to removal 1234 long
Eliminate data between: [(12219144.,), (12219144.,)] (HHMMSSMSS)
   Remove HSL386B.cal Data
   Length of dataset prior to removal 1234 long
Eliminate data between: [(12223165.,), (12235294.,)] (HHMMSSMSS)
   Remove HSL386B.cal Data
   Length of dataset prior to removal 1234 long
Eliminate data between: [(12239419.,), (12245480.,)] (HHMMSSMSS)
   Remove HSL386B.cal Data
   Length of dataset prior to removal 1226 long
Eliminate data between: [(12251541.,), (12251541.,)] (HHMMSSMSS)
   Remove HSL386B.cal Data
   Length of dataset prior to removal 1223 long
Eliminate data between: [(12257596.,), (12257596.,)] (HHMMSSMSS)
   Remove HSL386B.cal Data
   Length of dataset prior to removal 1223 long
Eliminate data between: [(12301597.,), (12301597.,)] (HHMMSSMSS)
   Remove HSL386B.cal Data
   Length of dataset prior to removal 1223 long
Eliminate data between: [(12307664.,), (12307664.,)] (HHMMSSMSS)
   Remove HSL386B.cal Data
   Length of dataset prior to removal 1223 long
Eliminate data between: [(12313730.,), (12313730.,)] (HHMMSSMSS)
   Remove HSL386B.cal Data
   Length of dataset prior to removal 1223 long
Eliminate data between: [(12317855.,), (12317855.,)] (HHMMSSMSS)
   Remove HSL386B.cal Data
   Length of dataset prior to removal 1223 long
Eliminate data between: [(12321859.,), (12321859.,)] (HHMMSSMSS)
   Remove HSL386B.cal Data
   Length of dataset prior to removal 1223 long
Eliminate data between: [(12327912.,), (12327912.,)] (HHMMSSMSS)
   Remove HSL386B.cal Data
   Length of dataset prior to removal 1223 long
Eliminate data between: [(12331930.,), (12331930.,)] (HHMMSSMSS)
   Remove HSL386B.cal Data
   Length of dataset prior to removal 1223 long
Eliminate data between: [(12354230.,), (12354230.,)] (HHMMSSMSS)
   Remove HSL386B.cal Data
   Length of dataset prior to removal 1223 long
Eliminate data between: [(12358354.,), (12358354.,)] (HHMMSSMSS)
   Remove HSL386B.cal Data
   Length of dataset prior to removal 1223 long
Eliminate data between: [(12402372.,), (12402372.,)] (HHMMSSMSS)
   Remove HSL386B.cal Data
   Length of dataset prior to removal 1223 long
Eliminate data between: [(12430651.,), (12517166.,)] (HHMMSSMSS)
   Remove HSL386B.cal Data
   Length of dataset prior to removal 1223 long
Eliminate data between: [(12521157.,), (12553635.,)] (HHMMSSMSS)
   Remove HSL386B.cal Data
   Length of dataset prior to removal 1197 long
Eliminate data between: [(12557642.,), (12621916.,)] (HHMMSSMSS)
   Remove HSL386B.cal Data
   Length of dataset prior to removal 1177 long
Eliminate data between: [(12625924.,), (12629921.,)] (HHMMSSMSS)
   Remove HSL386B.cal Data
   Length of dataset prior to removal 1162 long
Eliminate data between: [(12634042.,), (12634042.,)] (HHMMSSMSS)
   Remove HSL386B.cal Data
   Length of dataset prior to removal 1160 long
Eliminate data between: [(12638044.,), (12638044.,)] (HHMMSSMSS)
   Remove HSL386B.cal Data
   Length of dataset prior to removal 1160 long
Eliminate data between: [(12642168.,), (12642168.,)] (HHMMSSMSS)
   Remove HSL386B.cal Data
   Length of dataset prior to removal 1160 long
Eliminate data between: [(12646170.,), (12646170.,)] (HHMMSSMSS)
   Remove HSL386B.cal Data
   Length of dataset prior to removal 1160 long
Eliminate data between: [(12654296.,), (12654296.,)] (HHMMSSMSS)
   Remove HSL386B.cal Data
   Length of dataset prior to removal 1160 long
Eliminate data between: [(12658295.,), (12658295.,)] (HHMMSSMSS)
   Remove HSL386B.cal Data
   Length of dataset prior to removal 1160 long
Eliminate data between: [(12702288.,), (12702288.,)] (HHMMSSMSS)
   Remove HSL386B.cal Data
   Length of dataset prior to removal 1160 long
Eliminate data between: [(12706414.,), (12706414.,)] (HHMMSSMSS)
   Remove HSL386B.cal Data
   Length of dataset prior to removal 1160 long
Eliminate data between: [(12710413.,), (12710413.,)] (HHMMSSMSS)
   Remove HSL386B.cal Data
   Length of dataset prior to removal 1160 long
Eliminate data between: [(12821146.,), (13229876.,)] (HHMMSSMSS)
   Remove HSL386B.cal Data
   Length of dataset prior to removal 1160 long
Eliminate data between: [(13233958.,), (13425185.,)] (HHMMSSMSS)
   Remove HSL386B.cal Data
   Length of dataset prior to removal 1030 long
Eliminate data between: [(13429180.,), (13429180.,)] (HHMMSSMSS)
   Remove HSL386B.cal Data
   Length of dataset prior to removal 963 long
Eliminate data between: [(13433186.,), (13439250.,)] (HHMMSSMSS)
   Remove HSL386B.cal Data
   Length of dataset prior to removal 963 long
Eliminate data between: [(13443390.,), (13443390.,)] (HHMMSSMSS)
   Remove HSL386B.cal Data
   Length of dataset prior to removal 958 long
Eliminate data between: [(13447397.,), (13447397.,)] (HHMMSSMSS)
   Remove HSL386B.cal Data
   Length of dataset prior to removal 958 long
Eliminate data between: [(13451401.,), (13451401.,)] (HHMMSSMSS)
   Remove HSL386B.cal Data
   Length of dataset prior to removal 958 long
Eliminate data between: [(13455538.,), (13519775.,)] (HHMMSSMSS)
   Remove HSL386B.cal Data
   Length of dataset prior to removal 958 long
Eliminate data between: [(13523773.,), (13523773.,)] (HHMMSSMSS)
   Remove HSL386B.cal Data
   Length of dataset prior to removal 944 long
Eliminate data between: [(13527777.,), (13527777.,)] (HHMMSSMSS)
   Remove HSL386B.cal Data
   Length of dataset prior to removal 944 long
Eliminate data between: [(13531897.,), (13531897.,)] (HHMMSSMSS)
   Remove HSL386B.cal Data
   Length of dataset prior to removal 944 long
Eliminate data between: [(13535903.,), (13535903.,)] (HHMMSSMSS)
   Remove HSL386B.cal Data
   Length of dataset prior to removal 944 long
Eliminate data between: [(13548025.,), (13548025.,)] (HHMMSSMSS)
   Remove HSL386B.cal Data
   Length of dataset prior to removal 944 long
Eliminate data between: [(13552146.,), (13552146.,)] (HHMMSSMSS)
   Remove HSL386B.cal Data
   Length of dataset prior to removal 944 long
Eliminate data between: [(13831730.,), (13854028.,)] (HHMMSSMSS)
   Remove HSL386B.cal Data
   Length of dataset prior to removal 944 long
Eliminate data between: [(13858019.,), (13858019.,)] (HHMMSSMSS)
   Remove HSL386B.cal Data
   Length of dataset prior to removal 935 long
Eliminate data between: [(13902134.,), (13902134.,)] (HHMMSSMSS)
   Remove HSL386B.cal Data
   Length of dataset prior to removal 935 long
Eliminate data between: [(13946484.,), (14445812.,)] (HHMMSSMSS)
   Remove HSL386B.cal Data
   Length of dataset prior to removal 935 long
Eliminate data between: [(15028698.,), (15758000.,)] (HHMMSSMSS)
   Remove HSL386B.cal Data
   Length of dataset prior to removal 776 long
Eliminate data between: [(14224226.,), (14520012.,)] (HHMMSSMSS)
   Remove HSL386B.cal Data
   Length of dataset prior to removal 304 long
Eliminate data between: [(15036738.,), (15832319.,)] (HHMMSSMSS)
   Remove HSL386B.cal Data
   Length of dataset prior to removal 304 long
Eliminate data between: [(10248140.,), (10346780.,)] (HHMMSSMSS)
   Remove HSL386B.cal Data
   Length of dataset prior to removal 304 long
Eliminate data between: [(10646789.,), (10745465.,)] (HHMMSSMSS)
   Remove HSL386B.cal Data
   Length of dataset prior to removal 304 long
Eliminate data between: [(11031237.,), (11129902.,)] (HHMMSSMSS)
   Remove HSL386B.cal Data
   Length of dataset prior to removal 304 long
Eliminate data between: [(11443953.,), (11542732.,)] (HHMMSSMSS)
   Remove HSL386B.cal Data
   Length of dataset prior to removal 304 long
Eliminate data between: [(12436651.,), (12535430.,)] (HHMMSSMSS)
   Remove HSL386B.cal Data
   Length of dataset prior to removal 304 long
Eliminate data between: [(12829186.,), (12927839.,)] (HHMMSSMSS)
   Remove HSL386B.cal Data
   Length of dataset prior to removal 301 long
Eliminate data between: [(13123168.,), (13221806.,)] (HHMMSSMSS)
   Remove HSL386B.cal Data
   Length of dataset prior to removal 301 long
Eliminate data between: [(13239958.,), (13338606.,)] (HHMMSSMSS)
   Remove HSL386B.cal Data
   Length of dataset prior to removal 301 long
Eliminate data between: [(13725016.,), (13823688.,)] (HHMMSSMSS)
   Remove HSL386B.cal Data
   Length of dataset prior to removal 301 long
Eliminate data between: [(13839890.,), (13938442.,)] (HHMMSSMSS)
   Remove HSL386B.cal Data
   Length of dataset prior to removal 266 long
Eliminate data between: [(13954644.,), (14053279.,)] (HHMMSSMSS)
   Remove HSL386B.cal Data
   Length of dataset prior to removal 240 long
Eliminate data between: [(14109366.,), (14208139.,)] (HHMMSSMSS)
   Remove HSL386B.cal Data
   Length of dataset prior to removal 240 long
Eliminate data between: [(14224226.,), (14322898.,)] (HHMMSSMSS)
   Remove HSL386B.cal Data
   Length of dataset prior to removal 240 long
Eliminate data between: [(14337075.,), (14435713.,)] (HHMMSSMSS)
   Remove HSL386B.cal Data
   Length of dataset prior to removal 240 long
Eliminate data between: [(14522052.,), (14620614.,)] (HHMMSSMSS)
   Remove HSL386B.cal Data
   Length of dataset prior to removal 240 long
Eliminate data between: [(15036738.,), (15135391.,)] (HHMMSSMSS)
   Remove HSL386B.cal Data
   Length of dataset prior to removal 240 long
Eliminate data between: [(15834239.,), (15932801.,)] (HHMMSSMSS)
   Remove HSL386B.cal Data
   Length of dataset prior to removal 240 long
Data end   240 long, a loss of 88%
Eliminate data between: [(10000286.,), (11006992.,)] (HHMMSSMSS)
   Remove SATNAV0001A.tdf Data
   Length of dataset prior to removal 1780 long
Eliminate data between: [(11010995.,), (11010995.,)] (HHMMSSMSS)
   Remove SATNAV0001A.tdf Data
   Length of dataset prior to removal 1479 long
Eliminate data between: [(11015122.,), (11015122.,)] (HHMMSSMSS)
   Remove SATNAV0001A.tdf Data
   Length of dataset prior to removal 1478 long
Eliminate data between: [(11025237.,), (11139990.,)] (HHMMSSMSS)
   Remove SATNAV0001A.tdf Data
   Length of dataset prior to removal 1477 long
Eliminate data between: [(11144103.,), (11144103.,)] (HHMMSSMSS)
   Remove SATNAV0001A.tdf Data
   Length of dataset prior to removal 1439 long
Eliminate data between: [(11148109.,), (12206990.,)] (HHMMSSMSS)
   Remove SATNAV0001A.tdf Data
   Length of dataset prior to removal 1438 long
Eliminate data between: [(12210994.,), (12210994.,)] (HHMMSSMSS)
   Remove SATNAV0001A.tdf Data
   Length of dataset prior to removal 1131 long
Eliminate data between: [(12215132.,), (12215132.,)] (HHMMSSMSS)
   Remove SATNAV0001A.tdf Data
   Length of dataset prior to removal 1130 long
Eliminate data between: [(12219144.,), (12219144.,)] (HHMMSSMSS)
   Remove SATNAV0001A.tdf Data
   Length of dataset prior to removal 1129 long
Eliminate data between: [(12223165.,), (12235294.,)] (HHMMSSMSS)
   Remove SATNAV0001A.tdf Data
   Length of dataset prior to removal 1128 long
Eliminate data between: [(12239419.,), (12245480.,)] (HHMMSSMSS)
   Remove SATNAV0001A.tdf Data
   Length of dataset prior to removal 1121 long
Eliminate data between: [(12251541.,), (12251541.,)] (HHMMSSMSS)
   Remove SATNAV0001A.tdf Data
   Length of dataset prior to removal 1117 long
Eliminate data between: [(12257596.,), (12257596.,)] (HHMMSSMSS)
   Remove SATNAV0001A.tdf Data
   Length of dataset prior to removal 1116 long
Eliminate data between: [(12301597.,), (12301597.,)] (HHMMSSMSS)
   Remove SATNAV0001A.tdf Data
   Length of dataset prior to removal 1115 long
Eliminate data between: [(12307664.,), (12307664.,)] (HHMMSSMSS)
   Remove SATNAV0001A.tdf Data
   Length of dataset prior to removal 1114 long
Eliminate data between: [(12313730.,), (12313730.,)] (HHMMSSMSS)
   Remove SATNAV0001A.tdf Data
   Length of dataset prior to removal 1113 long
Eliminate data between: [(12317855.,), (12317855.,)] (HHMMSSMSS)
   Remove SATNAV0001A.tdf Data
   Length of dataset prior to removal 1112 long
Eliminate data between: [(12321859.,), (12321859.,)] (HHMMSSMSS)
   Remove SATNAV0001A.tdf Data
   Length of dataset prior to removal 1111 long
Eliminate data between: [(12327912.,), (12327912.,)] (HHMMSSMSS)
   Remove SATNAV0001A.tdf Data
   Length of dataset prior to removal 1110 long
Eliminate data between: [(12331930.,), (12331930.,)] (HHMMSSMSS)
   Remove SATNAV0001A.tdf Data
   Length of dataset prior to removal 1109 long
Eliminate data between: [(12354230.,), (12354230.,)] (HHMMSSMSS)
   Remove SATNAV0001A.tdf Data
   Length of dataset prior to removal 1108 long
Eliminate data between: [(12358354.,), (12358354.,)] (HHMMSSMSS)
   Remove SATNAV0001A.tdf Data
   Length of dataset prior to removal 1107 long
Eliminate data between: [(12402372.,), (12402372.,)] (HHMMSSMSS)
   Remove SATNAV0001A.tdf Data
   Length of dataset prior to removal 1106 long
Eliminate data between: [(12430651.,), (12517166.,)] (HHMMSSMSS)
   Remove SATNAV0001A.tdf Data
   Length of dataset prior to removal 1105 long
Eliminate data between: [(12521157.,), (12553635.,)] (HHMMSSMSS)
   Remove SATNAV0001A.tdf Data
   Length of dataset prior to removal 1081 long
Eliminate data between: [(12557642.,), (12621916.,)] (HHMMSSMSS)
   Remove SATNAV0001A.tdf Data
   Length of dataset prior to removal 1064 long
Eliminate data between: [(12625924.,), (12629921.,)] (HHMMSSMSS)
   Remove SATNAV0001A.tdf Data
   Length of dataset prior to removal 1051 long
Eliminate data between: [(12634042.,), (12634042.,)] (HHMMSSMSS)
   Remove SATNAV0001A.tdf Data
   Length of dataset prior to removal 1048 long
Eliminate data between: [(12638044.,), (12638044.,)] (HHMMSSMSS)
   Remove SATNAV0001A.tdf Data
   Length of dataset prior to removal 1047 long
Eliminate data between: [(12642168.,), (12642168.,)] (HHMMSSMSS)
   Remove SATNAV0001A.tdf Data
   Length of dataset prior to removal 1046 long
Eliminate data between: [(12646170.,), (12646170.,)] (HHMMSSMSS)
   Remove SATNAV0001A.tdf Data
   Length of dataset prior to removal 1045 long
Eliminate data between: [(12654296.,), (12654296.,)] (HHMMSSMSS)
   Remove SATNAV0001A.tdf Data
   Length of dataset prior to removal 1044 long
Eliminate data between: [(12658295.,), (12658295.,)] (HHMMSSMSS)
   Remove SATNAV0001A.tdf Data
   Length of dataset prior to removal 1043 long
Eliminate data between: [(12702288.,), (12702288.,)] (HHMMSSMSS)
   Remove SATNAV0001A.tdf Data
   Length of dataset prior to removal 1042 long
Eliminate data between: [(12706414.,), (12706414.,)] (HHMMSSMSS)
   Remove SATNAV0001A.tdf Data
   Length of dataset prior to removal 1041 long
Eliminate data between: [(12710413.,), (12710413.,)] (HHMMSSMSS)
   Remove SATNAV0001A.tdf Data
   Length of dataset prior to removal 1040 long
Eliminate data between: [(12821146.,), (13229876.,)] (HHMMSSMSS)
   Remove SATNAV0001A.tdf Data
   Length of dataset prior to removal 1039 long
Eliminate data between: [(13233958.,), (13425185.,)] (HHMMSSMSS)
   Remove SATNAV0001A.tdf Data
   Length of dataset prior to removal 915 long
Eliminate data between: [(13429180.,), (13429180.,)] (HHMMSSMSS)
   Remove SATNAV0001A.tdf Data
   Length of dataset prior to removal 859 long
Eliminate data between: [(13433186.,), (13439250.,)] (HHMMSSMSS)
   Remove SATNAV0001A.tdf Data
   Length of dataset prior to removal 858 long
Eliminate data between: [(13443390.,), (13443390.,)] (HHMMSSMSS)
   Remove SATNAV0001A.tdf Data
   Length of dataset prior to removal 854 long
Eliminate data between: [(13447397.,), (13447397.,)] (HHMMSSMSS)
   Remove SATNAV0001A.tdf Data
   Length of dataset prior to removal 853 long
Eliminate data between: [(13451401.,), (13451401.,)] (HHMMSSMSS)
   Remove SATNAV0001A.tdf Data
   Length of dataset prior to removal 852 long
Eliminate data between: [(13455538.,), (13519775.,)] (HHMMSSMSS)
   Remove SATNAV0001A.tdf Data
   Length of dataset prior to removal 851 long
Eliminate data between: [(13523773.,), (13523773.,)] (HHMMSSMSS)
   Remove SATNAV0001A.tdf Data
   Length of dataset prior to removal 838 long
Eliminate data between: [(13527777.,), (13527777.,)] (HHMMSSMSS)
   Remove SATNAV0001A.tdf Data
   Length of dataset prior to removal 837 long
Eliminate data between: [(13531897.,), (13531897.,)] (HHMMSSMSS)
   Remove SATNAV0001A.tdf Data
   Length of dataset prior to removal 836 long
Eliminate data between: [(13535903.,), (13535903.,)] (HHMMSSMSS)
   Remove SATNAV0001A.tdf Data
   Length of dataset prior to removal 835 long
Eliminate data between: [(13548025.,), (13548025.,)] (HHMMSSMSS)
   Remove SATNAV0001A.tdf Data
   Length of dataset prior to removal 834 long
Eliminate data between: [(13552146.,), (13552146.,)] (HHMMSSMSS)
   Remove SATNAV0001A.tdf Data
   Length of dataset prior to removal 833 long
Eliminate data between: [(13831730.,), (13854028.,)] (HHMMSSMSS)
   Remove SATNAV0001A.tdf Data
   Length of dataset prior to removal 832 long
Eliminate data between: [(13858019.,), (13858019.,)] (HHMMSSMSS)
   Remove SATNAV0001A.tdf Data
   Length of dataset prior to removal 820 long
Eliminate data between: [(13902134.,), (13902134.,)] (HHMMSSMSS)
   Remove SATNAV0001A.tdf Data
   Length of dataset prior to removal 819 long
Eliminate data between: [(13946484.,), (14445812.,)] (HHMMSSMSS)
   Remove SATNAV0001A.tdf Data
   Length of dataset prior to removal 818 long
Eliminate data between: [(15028698.,), (15758000.,)] (HHMMSSMSS)
   Remove SATNAV0001A.tdf Data
   Length of dataset prior to removal 669 long
Eliminate data between: [(14224226.,), (14520012.,)] (HHMMSSMSS)
   Remove SATNAV0001A.tdf Data
   Length of dataset prior to removal 446 long
Eliminate data between: [(15036738.,), (15832319.,)] (HHMMSSMSS)
   Remove SATNAV0001A.tdf Data
   Length of dataset prior to removal 429 long
Eliminate data between: [(10248140.,), (10346780.,)] (HHMMSSMSS)
   Remove SATNAV0001A.tdf Data
   Length of dataset prior to removal 412 long
Eliminate data between: [(10646789.,), (10745465.,)] (HHMMSSMSS)
   Remove SATNAV0001A.tdf Data
   Length of dataset prior to removal 412 long
Eliminate data between: [(11031237.,), (11129902.,)] (HHMMSSMSS)
   Remove SATNAV0001A.tdf Data
   Length of dataset prior to removal 412 long
Eliminate data between: [(11443953.,), (11542732.,)] (HHMMSSMSS)
   Remove SATNAV0001A.tdf Data
   Length of dataset prior to removal 412 long
Eliminate data between: [(12436651.,), (12535430.,)] (HHMMSSMSS)
   Remove SATNAV0001A.tdf Data
   Length of dataset prior to removal 412 long
Eliminate data between: [(12829186.,), (12927839.,)] (HHMMSSMSS)
   Remove SATNAV0001A.tdf Data
   Length of dataset prior to removal 411 long
Eliminate data between: [(13123168.,), (13221806.,)] (HHMMSSMSS)
   Remove SATNAV0001A.tdf Data
   Length of dataset prior to removal 411 long
Eliminate data between: [(13239958.,), (13338606.,)] (HHMMSSMSS)
   Remove SATNAV0001A.tdf Data
   Length of dataset prior to removal 411 long
Eliminate data between: [(13725016.,), (13823688.,)] (HHMMSSMSS)
   Remove SATNAV0001A.tdf Data
   Length of dataset prior to removal 411 long
Eliminate data between: [(13839890.,), (13938442.,)] (HHMMSSMSS)
   Remove SATNAV0001A.tdf Data
   Length of dataset prior to removal 381 long
Eliminate data between: [(13954644.,), (14053279.,)] (HHMMSSMSS)
   Remove SATNAV0001A.tdf Data
   Length of dataset prior to removal 361 long
Eliminate data between: [(14109366.,), (14208139.,)] (HHMMSSMSS)
   Remove SATNAV0001A.tdf Data
   Length of dataset prior to removal 361 long
Eliminate data between: [(14224226.,), (14322898.,)] (HHMMSSMSS)
   Remove SATNAV0001A.tdf Data
   Length of dataset prior to removal 361 long
Eliminate data between: [(14337075.,), (14435713.,)] (HHMMSSMSS)
   Remove SATNAV0001A.tdf Data
   Length of dataset prior to removal 361 long
Eliminate data between: [(14522052.,), (14620614.,)] (HHMMSSMSS)
   Remove SATNAV0001A.tdf Data
   Length of dataset prior to removal 361 long
Eliminate data between: [(15036738.,), (15135391.,)] (HHMMSSMSS)
   Remove SATNAV0001A.tdf Data
   Length of dataset prior to removal 331 long
Eliminate data between: [(15834239.,), (15932801.,)] (HHMMSSMSS)
   Remove SATNAV0001A.tdf Data
   Length of dataset prior to removal 331 long
Data end   301 long, a loss of 83%
Eliminate data between: [(10000286.,), (11006992.,)] (HHMMSSMSS)
   Remove SATPYR.tdf Data
   Length of dataset prior to removal 208 long
Eliminate data between: [(11010995.,), (11010995.,)] (HHMMSSMSS)
   Remove SATPYR.tdf Data
   Length of dataset prior to removal 153 long
Eliminate data between: [(11015122.,), (11015122.,)] (HHMMSSMSS)
   Remove SATPYR.tdf Data
   Length of dataset prior to removal 153 long
Eliminate data between: [(11025237.,), (11139990.,)] (HHMMSSMSS)
   Remove SATPYR.tdf Data
   Length of dataset prior to removal 153 long
Eliminate data between: [(11144103.,), (11144103.,)] (HHMMSSMSS)
   Remove SATPYR.tdf Data
   Length of dataset prior to removal 147 long
Eliminate data between: [(11148109.,), (12206990.,)] (HHMMSSMSS)
   Remove SATPYR.tdf Data
   Length of dataset prior to removal 147 long
Eliminate data between: [(12210994.,), (12210994.,)] (HHMMSSMSS)
   Remove SATPYR.tdf Data
   Length of dataset prior to removal 90 long
Eliminate data between: [(12215132.,), (12215132.,)] (HHMMSSMSS)
   Remove SATPYR.tdf Data
   Length of dataset prior to removal 90 long
Eliminate data between: [(12219144.,), (12219144.,)] (HHMMSSMSS)
   Remove SATPYR.tdf Data
   Length of dataset prior to removal 90 long
Eliminate data between: [(12223165.,), (12235294.,)] (HHMMSSMSS)
   Remove SATPYR.tdf Data
   Length of dataset prior to removal 90 long
Eliminate data between: [(12239419.,), (12245480.,)] (HHMMSSMSS)
   Remove SATPYR.tdf Data
   Length of dataset prior to removal 89 long
Eliminate data between: [(12251541.,), (12251541.,)] (HHMMSSMSS)
   Remove SATPYR.tdf Data
   Length of dataset prior to removal 89 long
Eliminate data between: [(12257596.,), (12257596.,)] (HHMMSSMSS)
   Remove SATPYR.tdf Data
   Length of dataset prior to removal 89 long
Eliminate data between: [(12301597.,), (12301597.,)] (HHMMSSMSS)
   Remove SATPYR.tdf Data
   Length of dataset prior to removal 89 long
Eliminate data between: [(12307664.,), (12307664.,)] (HHMMSSMSS)
   Remove SATPYR.tdf Data
   Length of dataset prior to removal 89 long
Eliminate data between: [(12313730.,), (12313730.,)] (HHMMSSMSS)
   Remove SATPYR.tdf Data
   Length of dataset prior to removal 89 long
Eliminate data between: [(12317855.,), (12317855.,)] (HHMMSSMSS)
   Remove SATPYR.tdf Data
   Length of dataset prior to removal 89 long
Eliminate data between: [(12321859.,), (12321859.,)] (HHMMSSMSS)
   Remove SATPYR.tdf Data
   Length of dataset prior to removal 89 long
Eliminate data between: [(12327912.,), (12327912.,)] (HHMMSSMSS)
   Remove SATPYR.tdf Data
   Length of dataset prior to removal 89 long
Eliminate data between: [(12331930.,), (12331930.,)] (HHMMSSMSS)
   Remove SATPYR.tdf Data
   Length of dataset prior to removal 89 long
Eliminate data between: [(12354230.,), (12354230.,)] (HHMMSSMSS)
   Remove SATPYR.tdf Data
   Length of dataset prior to removal 89 long
Eliminate data between: [(12358354.,), (12358354.,)] (HHMMSSMSS)
   Remove SATPYR.tdf Data
   Length of dataset prior to removal 89 long
Eliminate data between: [(12402372.,), (12402372.,)] (HHMMSSMSS)
   Remove SATPYR.tdf Data
   Length of dataset prior to removal 89 long
Eliminate data between: [(12430651.,), (12517166.,)] (HHMMSSMSS)
   Remove SATPYR.tdf Data
   Length of dataset prior to removal 89 long
Eliminate data between: [(12521157.,), (12553635.,)] (HHMMSSMSS)
   Remove SATPYR.tdf Data
   Length of dataset prior to removal 86 long
Eliminate data between: [(12557642.,), (12621916.,)] (HHMMSSMSS)
   Remove SATPYR.tdf Data
   Length of dataset prior to removal 83 long
Eliminate data between: [(12625924.,), (12629921.,)] (HHMMSSMSS)
   Remove SATPYR.tdf Data
   Length of dataset prior to removal 80 long
Eliminate data between: [(12634042.,), (12634042.,)] (HHMMSSMSS)
   Remove SATPYR.tdf Data
   Length of dataset prior to removal 80 long
Eliminate data between: [(12638044.,), (12638044.,)] (HHMMSSMSS)
   Remove SATPYR.tdf Data
   Length of dataset prior to removal 80 long
Eliminate data between: [(12642168.,), (12642168.,)] (HHMMSSMSS)
   Remove SATPYR.tdf Data
   Length of dataset prior to removal 80 long
Eliminate data between: [(12646170.,), (12646170.,)] (HHMMSSMSS)
   Remove SATPYR.tdf Data
   Length of dataset prior to removal 80 long
Eliminate data between: [(12654296.,), (12654296.,)] (HHMMSSMSS)
   Remove SATPYR.tdf Data
   Length of dataset prior to removal 80 long
Eliminate data between: [(12658295.,), (12658295.,)] (HHMMSSMSS)
   Remove SATPYR.tdf Data
   Length of dataset prior to removal 80 long
Eliminate data between: [(12702288.,), (12702288.,)] (HHMMSSMSS)
   Remove SATPYR.tdf Data
   Length of dataset prior to removal 80 long
Eliminate data between: [(12706414.,), (12706414.,)] (HHMMSSMSS)
   Remove SATPYR.tdf Data
   Length of dataset prior to removal 80 long
Eliminate data between: [(12710413.,), (12710413.,)] (HHMMSSMSS)
   Remove SATPYR.tdf Data
   Length of dataset prior to removal 80 long
Eliminate data between: [(12821146.,), (13229876.,)] (HHMMSSMSS)
   Remove SATPYR.tdf Data
   Length of dataset prior to removal 80 long
Eliminate data between: [(13233958.,), (13425185.,)] (HHMMSSMSS)
   Remove SATPYR.tdf Data
   Length of dataset prior to removal 75 long
Eliminate data between: [(13429180.,), (13429180.,)] (HHMMSSMSS)
   Remove SATPYR.tdf Data
   Length of dataset prior to removal 65 long
Eliminate data between: [(13433186.,), (13439250.,)] (HHMMSSMSS)
   Remove SATPYR.tdf Data
   Length of dataset prior to removal 65 long
Eliminate data between: [(13443390.,), (13443390.,)] (HHMMSSMSS)
   Remove SATPYR.tdf Data
   Length of dataset prior to removal 64 long
Eliminate data between: [(13447397.,), (13447397.,)] (HHMMSSMSS)
   Remove SATPYR.tdf Data
   Length of dataset prior to removal 64 long
Eliminate data between: [(13451401.,), (13451401.,)] (HHMMSSMSS)
   Remove SATPYR.tdf Data
   Length of dataset prior to removal 64 long
Eliminate data between: [(13455538.,), (13519775.,)] (HHMMSSMSS)
   Remove SATPYR.tdf Data
   Length of dataset prior to removal 64 long
Eliminate data between: [(13523773.,), (13523773.,)] (HHMMSSMSS)
   Remove SATPYR.tdf Data
   Length of dataset prior to removal 61 long
Eliminate data between: [(13527777.,), (13527777.,)] (HHMMSSMSS)
   Remove SATPYR.tdf Data
   Length of dataset prior to removal 61 long
Eliminate data between: [(13531897.,), (13531897.,)] (HHMMSSMSS)
   Remove SATPYR.tdf Data
   Length of dataset prior to removal 61 long
Eliminate data between: [(13535903.,), (13535903.,)] (HHMMSSMSS)
   Remove SATPYR.tdf Data
   Length of dataset prior to removal 61 long
Eliminate data between: [(13548025.,), (13548025.,)] (HHMMSSMSS)
   Remove SATPYR.tdf Data
   Length of dataset prior to removal 61 long
Eliminate data between: [(13552146.,), (13552146.,)] (HHMMSSMSS)
   Remove SATPYR.tdf Data
   Length of dataset prior to removal 61 long
Eliminate data between: [(13831730.,), (13854028.,)] (HHMMSSMSS)
   Remove SATPYR.tdf Data
   Length of dataset prior to removal 61 long
Eliminate data between: [(13858019.,), (13858019.,)] (HHMMSSMSS)
   Remove SATPYR.tdf Data
   Length of dataset prior to removal 60 long
Eliminate data between: [(13902134.,), (13902134.,)] (HHMMSSMSS)
   Remove SATPYR.tdf Data
   Length of dataset prior to removal 60 long
Eliminate data between: [(13946484.,), (14445812.,)] (HHMMSSMSS)
   Remove SATPYR.tdf Data
   Length of dataset prior to removal 60 long
Eliminate data between: [(15028698.,), (15758000.,)] (HHMMSSMSS)
   Remove SATPYR.tdf Data
   Length of dataset prior to removal 45 long
Eliminate data between: [(14224226.,), (14520012.,)] (HHMMSSMSS)
   Remove SATPYR.tdf Data
   Length of dataset prior to removal 45 long
Eliminate data between: [(15036738.,), (15832319.,)] (HHMMSSMSS)
   Remove SATPYR.tdf Data
   Length of dataset prior to removal 45 long
Eliminate data between: [(10248140.,), (10346780.,)] (HHMMSSMSS)
   Remove SATPYR.tdf Data
   Length of dataset prior to removal 45 long
Eliminate data between: [(10646789.,), (10745465.,)] (HHMMSSMSS)
   Remove SATPYR.tdf Data
   Length of dataset prior to removal 45 long
Eliminate data between: [(11031237.,), (11129902.,)] (HHMMSSMSS)
   Remove SATPYR.tdf Data
   Length of dataset prior to removal 45 long
Eliminate data between: [(11443953.,), (11542732.,)] (HHMMSSMSS)
   Remove SATPYR.tdf Data
   Length of dataset prior to removal 45 long
Eliminate data between: [(12436651.,), (12535430.,)] (HHMMSSMSS)
   Remove SATPYR.tdf Data
   Length of dataset prior to removal 45 long
Eliminate data between: [(12829186.,), (12927839.,)] (HHMMSSMSS)
   Remove SATPYR.tdf Data
   Length of dataset prior to removal 44 long
Eliminate data between: [(13123168.,), (13221806.,)] (HHMMSSMSS)
   Remove SATPYR.tdf Data
   Length of dataset prior to removal 44 long
Eliminate data between: [(13239958.,), (13338606.,)] (HHMMSSMSS)
   Remove SATPYR.tdf Data
   Length of dataset prior to removal 44 long
Eliminate data between: [(13725016.,), (13823688.,)] (HHMMSSMSS)
   Remove SATPYR.tdf Data
   Length of dataset prior to removal 44 long
Eliminate data between: [(13839890.,), (13938442.,)] (HHMMSSMSS)
   Remove SATPYR.tdf Data
   Length of dataset prior to removal 39 long
Eliminate data between: [(13954644.,), (14053279.,)] (HHMMSSMSS)
   Remove SATPYR.tdf Data
   Length of dataset prior to removal 35 long
Eliminate data between: [(14109366.,), (14208139.,)] (HHMMSSMSS)
   Remove SATPYR.tdf Data
   Length of dataset prior to removal 35 long
Eliminate data between: [(14224226.,), (14322898.,)] (HHMMSSMSS)
   Remove SATPYR.tdf Data
   Length of dataset prior to removal 35 long
Eliminate data between: [(14337075.,), (14435713.,)] (HHMMSSMSS)
   Remove SATPYR.tdf Data
   Length of dataset prior to removal 35 long
Eliminate data between: [(14522052.,), (14620614.,)] (HHMMSSMSS)
   Remove SATPYR.tdf Data
   Length of dataset prior to removal 35 long
Eliminate data between: [(15036738.,), (15135391.,)] (HHMMSSMSS)
   Remove SATPYR.tdf Data
   Length of dataset prior to removal 35 long
Eliminate data between: [(15834239.,), (15932801.,)] (HHMMSSMSS)
   Remove SATPYR.tdf Data
   Length of dataset prior to removal 35 long
Data end   35 long, a loss of 83%
LT has fewest records - interpolating to LT
Interpolate Data ES
Interpolate Data LI
Interpolate Data LT
Interpolate GPS Data
Interpolate SATNAV Data
L2s file produced: /Users/daurin/Projects_Supplemental/HyperPACE/Field_Data/Processed/KORUS/L2s/1614301_L2s.hdf
