ProcessL2s: /Users/daurin/Projects_Supplemental/HyperPACE/Field_Data/Processed/KORUS/L2/1614123_L2.hdf
   Flag data from TT2: (2.25959671e+08,) to (2.3343538e+08,)(HHMMSSMSS)
   Flag data from TT2: (2.3354201e+08,) to (2.34040965e+08,)(HHMMSSMSS)
   Flag data from TT2: (2.34044952e+08,) to (2.34044952e+08,)(HHMMSSMSS)
   Flag data from TT2: (2.34049072e+08,) to (2.34049072e+08,)(HHMMSSMSS)
   Flag data from TT2: (2.34105208e+08,) to (2.34224028e+08,)(HHMMSSMSS)
Percentage of SATNAV data out of Solar Azimuth bounds: 68%
Filtering file for bad Absolute Rotator Angle
   Flag data from TT2: (2.34115289e+08,) to (2.3425835e+08,)(HHMMSSMSS)
Percentage of SATNAV data out of Absolute Rotator bounds: 3%
Filtering file for Rotator Delay
   Flag data from TT2: (2.3343334e+08,) to (2.33531923e+08,)(HHMMSSMSS)
   Flag data from TT2: (2.3354813e+08,) to (2.33646708e+08,)(HHMMSSMSS)
   Flag data from TT2: (2.33702915e+08,) to (2.33801486e+08,)(HHMMSSMSS)
   Flag data from TT2: (2.33843884e+08,) to (2.33942327e+08,)(HHMMSSMSS)
   Flag data from TT2: (2.33958528e+08,) to (2.34057166e+08,)(HHMMSSMSS)
   Flag data from TT2: (2.34115289e+08,) to (2.34213934e+08,)(HHMMSSMSS)
   Flag data from TT2: (2.3430039e+08,) to (2.34358832e+08,)(HHMMSSMSS)
Percentage of SATNAV data out of Rotator Delay bounds: 12%
Eliminate combined filtered data from datasets.__________________________________
Eliminate data between: [(2.25959671e+08,), (2.3343538e+08,)] (HHMMSSMSS)
   Remove GPS Data
   Length of dataset prior to removal 1785 long
Eliminate data between: [(2.3354201e+08,), (2.34040965e+08,)] (HHMMSSMSS)
   Length of dataset prior to removal 754 long
Eliminate data between: [(2.34044952e+08,), (2.34044952e+08,)] (HHMMSSMSS)
   Length of dataset prior to removal 607 long
Eliminate data between: [(2.34049072e+08,), (2.34049072e+08,)] (HHMMSSMSS)
   Length of dataset prior to removal 607 long
Eliminate data between: [(2.34105208e+08,), (2.34224028e+08,)] (HHMMSSMSS)
   Length of dataset prior to removal 607 long
Eliminate data between: [(2.34115289e+08,), (2.3425835e+08,)] (HHMMSSMSS)
   Length of dataset prior to removal 568 long
Eliminate data between: [(2.3343334e+08,), (2.33531923e+08,)] (HHMMSSMSS)
   Length of dataset prior to removal 551 long
Eliminate data between: [(2.3354813e+08,), (2.33646708e+08,)] (HHMMSSMSS)
   Length of dataset prior to removal 524 long
Eliminate data between: [(2.33702915e+08,), (2.33801486e+08,)] (HHMMSSMSS)
   Length of dataset prior to removal 524 long
Eliminate data between: [(2.33843884e+08,), (2.33942327e+08,)] (HHMMSSMSS)
   Length of dataset prior to removal 524 long
Eliminate data between: [(2.33958528e+08,), (2.34057166e+08,)] (HHMMSSMSS)
   Length of dataset prior to removal 524 long
Eliminate data between: [(2.34115289e+08,), (2.34213934e+08,)] (HHMMSSMSS)
   Length of dataset prior to removal 515 long
Eliminate data between: [(2.3430039e+08,), (2.34358832e+08,)] (HHMMSSMSS)
   Length of dataset prior to removal 515 long
Data end   487 long, a loss of 73%
Eliminate data between: [(2.25959671e+08,), (2.3343538e+08,)] (HHMMSSMSS)
   Remove HSE488B.cal Data
   Length of dataset prior to removal 345 long
Eliminate data between: [(2.3354201e+08,), (2.34040965e+08,)] (HHMMSSMSS)
   Remove HSE488B.cal Data
   Length of dataset prior to removal 345 long
Eliminate data between: [(2.34044952e+08,), (2.34044952e+08,)] (HHMMSSMSS)
   Remove HSE488B.cal Data
   Length of dataset prior to removal 151 long
Eliminate data between: [(2.34049072e+08,), (2.34049072e+08,)] (HHMMSSMSS)
   Remove HSE488B.cal Data
   Length of dataset prior to removal 151 long
Eliminate data between: [(2.34105208e+08,), (2.34224028e+08,)] (HHMMSSMSS)
   Remove HSE488B.cal Data
   Length of dataset prior to removal 151 long
Eliminate data between: [(2.34115289e+08,), (2.3425835e+08,)] (HHMMSSMSS)
   Remove HSE488B.cal Data
   Length of dataset prior to removal 86 long
Eliminate data between: [(2.3343334e+08,), (2.33531923e+08,)] (HHMMSSMSS)
   Remove HSE488B.cal Data
   Length of dataset prior to removal 86 long
Eliminate data between: [(2.3354813e+08,), (2.33646708e+08,)] (HHMMSSMSS)
   Remove HSE488B.cal Data
   Length of dataset prior to removal 24 long
Eliminate data between: [(2.33702915e+08,), (2.33801486e+08,)] (HHMMSSMSS)
   Remove HSE488B.cal Data
   Length of dataset prior to removal 24 long
Eliminate data between: [(2.33843884e+08,), (2.33942327e+08,)] (HHMMSSMSS)
   Remove HSE488B.cal Data
   Length of dataset prior to removal 24 long
Eliminate data between: [(2.33958528e+08,), (2.34057166e+08,)] (HHMMSSMSS)
   Remove HSE488B.cal Data
   Length of dataset prior to removal 24 long
Eliminate data between: [(2.34115289e+08,), (2.34213934e+08,)] (HHMMSSMSS)
   Remove HSE488B.cal Data
   Length of dataset prior to removal 2 long
Eliminate data between: [(2.3430039e+08,), (2.34358832e+08,)] (HHMMSSMSS)
   Remove HSE488B.cal Data
   Length of dataset prior to removal 2 long
Data end   2 long, a loss of 99%
Eliminate data between: [(2.25959671e+08,), (2.3343538e+08,)] (HHMMSSMSS)
   Remove HSL385B.cal Data
   Length of dataset prior to removal 368 long
Eliminate data between: [(2.3354201e+08,), (2.34040965e+08,)] (HHMMSSMSS)
   Remove HSL385B.cal Data
   Length of dataset prior to removal 368 long
Eliminate data between: [(2.34044952e+08,), (2.34044952e+08,)] (HHMMSSMSS)
   Remove HSL385B.cal Data
   Length of dataset prior to removal 168 long
Eliminate data between: [(2.34049072e+08,), (2.34049072e+08,)] (HHMMSSMSS)
   Remove HSL385B.cal Data
   Length of dataset prior to removal 168 long
Eliminate data between: [(2.34105208e+08,), (2.34224028e+08,)] (HHMMSSMSS)
   Remove HSL385B.cal Data
   Length of dataset prior to removal 168 long
Eliminate data between: [(2.34115289e+08,), (2.3425835e+08,)] (HHMMSSMSS)
   Remove HSL385B.cal Data
   Length of dataset prior to removal 97 long
Eliminate data between: [(2.3343334e+08,), (2.33531923e+08,)] (HHMMSSMSS)
   Remove HSL385B.cal Data
   Length of dataset prior to removal 97 long
Eliminate data between: [(2.3354813e+08,), (2.33646708e+08,)] (HHMMSSMSS)
   Remove HSL385B.cal Data
   Length of dataset prior to removal 20 long
Eliminate data between: [(2.33702915e+08,), (2.33801486e+08,)] (HHMMSSMSS)
   Remove HSL385B.cal Data
   Length of dataset prior to removal 20 long
Eliminate data between: [(2.33843884e+08,), (2.33942327e+08,)] (HHMMSSMSS)
   Remove HSL385B.cal Data
   Length of dataset prior to removal 20 long
Eliminate data between: [(2.33958528e+08,), (2.34057166e+08,)] (HHMMSSMSS)
   Remove HSL385B.cal Data
   Length of dataset prior to removal 20 long
Eliminate data between: [(2.34115289e+08,), (2.34213934e+08,)] (HHMMSSMSS)
   Remove HSL385B.cal Data
   Length of dataset prior to removal 1 long
Eliminate data between: [(2.3430039e+08,), (2.34358832e+08,)] (HHMMSSMSS)
   Remove HSL385B.cal Data
   Length of dataset prior to removal 1 long
Data end   1 long, a loss of 100%
Eliminate data between: [(2.25959671e+08,), (2.3343538e+08,)] (HHMMSSMSS)
   Remove HSL386B.cal Data
   Length of dataset prior to removal 110 long
Eliminate data between: [(2.3354201e+08,), (2.34040965e+08,)] (HHMMSSMSS)
   Remove HSL386B.cal Data
   Length of dataset prior to removal 110 long
Eliminate data between: [(2.34044952e+08,), (2.34044952e+08,)] (HHMMSSMSS)
   Remove HSL386B.cal Data
   Length of dataset prior to removal 58 long
Eliminate data between: [(2.34049072e+08,), (2.34049072e+08,)] (HHMMSSMSS)
   Remove HSL386B.cal Data
   Length of dataset prior to removal 58 long
Eliminate data between: [(2.34105208e+08,), (2.34224028e+08,)] (HHMMSSMSS)
   Remove HSL386B.cal Data
   Length of dataset prior to removal 58 long
Eliminate data between: [(2.34115289e+08,), (2.3425835e+08,)] (HHMMSSMSS)
   Remove HSL386B.cal Data
   Length of dataset prior to removal 21 long
Eliminate data between: [(2.3343334e+08,), (2.33531923e+08,)] (HHMMSSMSS)
   Remove HSL386B.cal Data
   Length of dataset prior to removal 21 long
Eliminate data between: [(2.3354813e+08,), (2.33646708e+08,)] (HHMMSSMSS)
   Remove HSL386B.cal Data
   Length of dataset prior to removal 3 long
Eliminate data between: [(2.33702915e+08,), (2.33801486e+08,)] (HHMMSSMSS)
   Remove HSL386B.cal Data
   Length of dataset prior to removal 3 long
Eliminate data between: [(2.33843884e+08,), (2.33942327e+08,)] (HHMMSSMSS)
   Remove HSL386B.cal Data
   Length of dataset prior to removal 3 long
Eliminate data between: [(2.33958528e+08,), (2.34057166e+08,)] (HHMMSSMSS)
   Remove HSL386B.cal Data
   Length of dataset prior to removal 3 long
Eliminate data between: [(2.34115289e+08,), (2.34213934e+08,)] (HHMMSSMSS)
   Remove HSL386B.cal Data
   Length of dataset prior to removal 0 long
Eliminate data between: [(2.3430039e+08,), (2.34358832e+08,)] (HHMMSSMSS)
   Remove HSL386B.cal Data
   Length of dataset prior to removal 0 long
Data end   0 long, a loss of 100%
Eliminate data between: [(2.25959671e+08,), (2.3343538e+08,)] (HHMMSSMSS)
   Remove SATNAV0001A.tdf Data
   Length of dataset prior to removal 1784 long
Eliminate data between: [(2.3354201e+08,), (2.34040965e+08,)] (HHMMSSMSS)
   Remove SATNAV0001A.tdf Data
   Length of dataset prior to removal 754 long
Eliminate data between: [(2.34044952e+08,), (2.34044952e+08,)] (HHMMSSMSS)
   Remove SATNAV0001A.tdf Data
   Length of dataset prior to removal 605 long
Eliminate data between: [(2.34049072e+08,), (2.34049072e+08,)] (HHMMSSMSS)
   Remove SATNAV0001A.tdf Data
   Length of dataset prior to removal 604 long
Eliminate data between: [(2.34105208e+08,), (2.34224028e+08,)] (HHMMSSMSS)
   Remove SATNAV0001A.tdf Data
   Length of dataset prior to removal 603 long
Eliminate data between: [(2.34115289e+08,), (2.3425835e+08,)] (HHMMSSMSS)
   Remove SATNAV0001A.tdf Data
   Length of dataset prior to removal 563 long
Eliminate data between: [(2.3343334e+08,), (2.33531923e+08,)] (HHMMSSMSS)
   Remove SATNAV0001A.tdf Data
   Length of dataset prior to removal 546 long
Eliminate data between: [(2.3354813e+08,), (2.33646708e+08,)] (HHMMSSMSS)
   Remove SATNAV0001A.tdf Data
   Length of dataset prior to removal 518 long
Eliminate data between: [(2.33702915e+08,), (2.33801486e+08,)] (HHMMSSMSS)
   Remove SATNAV0001A.tdf Data
   Length of dataset prior to removal 518 long
Eliminate data between: [(2.33843884e+08,), (2.33942327e+08,)] (HHMMSSMSS)
   Remove SATNAV0001A.tdf Data
   Length of dataset prior to removal 518 long
Eliminate data between: [(2.33958528e+08,), (2.34057166e+08,)] (HHMMSSMSS)
   Remove SATNAV0001A.tdf Data
   Length of dataset prior to removal 518 long
Eliminate data between: [(2.34115289e+08,), (2.34213934e+08,)] (HHMMSSMSS)
   Remove SATNAV0001A.tdf Data
   Length of dataset prior to removal 512 long
Eliminate data between: [(2.3430039e+08,), (2.34358832e+08,)] (HHMMSSMSS)
   Remove SATNAV0001A.tdf Data
   Length of dataset prior to removal 512 long
Data end   482 long, a loss of 73%
Eliminate data between: [(2.25959671e+08,), (2.3343538e+08,)] (HHMMSSMSS)
   Remove SATPYR.tdf Data
   Length of dataset prior to removal 25 long
Eliminate data between: [(2.3354201e+08,), (2.34040965e+08,)] (HHMMSSMSS)
   Remove SATPYR.tdf Data
   Length of dataset prior to removal 25 long
Eliminate data between: [(2.34044952e+08,), (2.34044952e+08,)] (HHMMSSMSS)
   Remove SATPYR.tdf Data
   Length of dataset prior to removal 11 long
Eliminate data between: [(2.34049072e+08,), (2.34049072e+08,)] (HHMMSSMSS)
   Remove SATPYR.tdf Data
   Length of dataset prior to removal 11 long
Eliminate data between: [(2.34105208e+08,), (2.34224028e+08,)] (HHMMSSMSS)
   Remove SATPYR.tdf Data
   Length of dataset prior to removal 11 long
Eliminate data between: [(2.34115289e+08,), (2.3425835e+08,)] (HHMMSSMSS)
   Remove SATPYR.tdf Data
   Length of dataset prior to removal 6 long
Eliminate data between: [(2.3343334e+08,), (2.33531923e+08,)] (HHMMSSMSS)
   Remove SATPYR.tdf Data
   Length of dataset prior to removal 6 long
Eliminate data between: [(2.3354813e+08,), (2.33646708e+08,)] (HHMMSSMSS)
   Remove SATPYR.tdf Data
   Length of dataset prior to removal 1 long
Eliminate data between: [(2.33702915e+08,), (2.33801486e+08,)] (HHMMSSMSS)
   Remove SATPYR.tdf Data
   Length of dataset prior to removal 1 long
Eliminate data between: [(2.33843884e+08,), (2.33942327e+08,)] (HHMMSSMSS)
   Remove SATPYR.tdf Data
   Length of dataset prior to removal 1 long
Eliminate data between: [(2.33958528e+08,), (2.34057166e+08,)] (HHMMSSMSS)
   Remove SATPYR.tdf Data
   Length of dataset prior to removal 1 long
Eliminate data between: [(2.34115289e+08,), (2.34213934e+08,)] (HHMMSSMSS)
   Remove SATPYR.tdf Data
   Length of dataset prior to removal 0 long
Eliminate data between: [(2.3430039e+08,), (2.34358832e+08,)] (HHMMSSMSS)
   Remove SATPYR.tdf Data
   Length of dataset prior to removal 0 long
Data end   0 long, a loss of 100%
L2 processing failed. Nothing to output.
