ProcessL2s: /Users/daurin/Projects_Supplemental/HyperPACE/Field_Data/Processed/KORUS/L2/1614104_L2.hdf
   Flag data from TT2: (35959980.,) to (40329753.,)(HHMMSSMSS)
   Flag data from TT2: (40958001.,) to (42244538.,)(HHMMSSMSS)
   Flag data from TT2: (42612845.,) to (42755689.,)(HHMMSSMSS)
   Flag data from TT2: (42916532.,) to (43057457.,)(HHMMSSMSS)
   Flag data from TT2: (44945832.,) to (44945832.,)(HHMMSSMSS)
Percentage of SATNAV data out of Solar Azimuth bounds: 33%
Filtering file for bad Absolute Rotator Angle
   Flag data from TT2: (42254618.,) to (42645125.,)(HHMMSSMSS)
   Flag data from TT2: (42805769.,) to (42948813.,)(HHMMSSMSS)
   Flag data from TT2: (43109576.,) to (43222291.,)(HHMMSSMSS)
Percentage of SATNAV data out of Absolute Rotator bounds: 11%
Filtering file for Rotator Delay
   Flag data from TT2: (40339834.,) to (40438482.,)(HHMMSSMSS)
   Flag data from TT2: (40545147.,) to (40643824.,)(HHMMSSMSS)
   Flag data from TT2: (40700044.,) to (40758668.,)(HHMMSSMSS)
   Flag data from TT2: (40935770.,) to (41034311.,)(HHMMSSMSS)
   Flag data from TT2: (41116681.,) to (41215243.,)(HHMMSSMSS)
   Flag data from TT2: (42254618.,) to (42353360.,)(HHMMSSMSS)
   Flag data from TT2: (42647166.,) to (42745608.,)(HHMMSSMSS)
   Flag data from TT2: (42805769.,) to (42904402.,)(HHMMSSMSS)
   Flag data from TT2: (42950852.,) to (43049416.,)(HHMMSSMSS)
   Flag data from TT2: (43109576.,) to (43208217.,)(HHMMSSMSS)
   Flag data from TT2: (43224332.,) to (43322961.,)(HHMMSSMSS)
   Flag data from TT2: (44152700.,) to (44251358.,)(HHMMSSMSS)
   Flag data from TT2: (44845128.,) to (44943774.,)(HHMMSSMSS)
   Flag data from TT2: (44959992.,) to (45058637.,)(HHMMSSMSS)
   Flag data from TT2: (45155227.,) to (45253762.,)(HHMMSSMSS)
   Flag data from TT2: (45730854.,) to (45829492.,)(HHMMSSMSS)
Percentage of SATNAV data out of Rotator Delay bounds: 27%
Eliminate combined filtered data from datasets.__________________________________
Eliminate data between: [(35959980.,), (40329753.,)] (HHMMSSMSS)
   Remove GPS Data
   Length of dataset prior to removal 1789 long
Eliminate data between: [(40958001.,), (42244538.,)] (HHMMSSMSS)
   Length of dataset prior to removal 1685 long
Eliminate data between: [(42612845.,), (42755689.,)] (HHMMSSMSS)
   Length of dataset prior to removal 1305 long
Eliminate data between: [(42916532.,), (43057457.,)] (HHMMSSMSS)
   Length of dataset prior to removal 1254 long
Eliminate data between: [(44945832.,), (44945832.,)] (HHMMSSMSS)
   Length of dataset prior to removal 1203 long
Eliminate data between: [(42254618.,), (42645125.,)] (HHMMSSMSS)
   Length of dataset prior to removal 1203 long
Eliminate data between: [(42805769.,), (42948813.,)] (HHMMSSMSS)
   Length of dataset prior to removal 1104 long
Eliminate data between: [(43109576.,), (43222291.,)] (HHMMSSMSS)
   Length of dataset prior to removal 1069 long
Eliminate data between: [(40339834.,), (40438482.,)] (HHMMSSMSS)
   Length of dataset prior to removal 1032 long
Eliminate data between: [(40545147.,), (40643824.,)] (HHMMSSMSS)
   Length of dataset prior to removal 1002 long
Eliminate data between: [(40700044.,), (40758668.,)] (HHMMSSMSS)
   Length of dataset prior to removal 974 long
Eliminate data between: [(40935770.,), (41034311.,)] (HHMMSSMSS)
   Length of dataset prior to removal 946 long
Eliminate data between: [(41116681.,), (41215243.,)] (HHMMSSMSS)
   Length of dataset prior to removal 934 long
Eliminate data between: [(42254618.,), (42353360.,)] (HHMMSSMSS)
   Length of dataset prior to removal 934 long
Eliminate data between: [(42647166.,), (42745608.,)] (HHMMSSMSS)
   Length of dataset prior to removal 934 long
Eliminate data between: [(42805769.,), (42904402.,)] (HHMMSSMSS)
   Length of dataset prior to removal 934 long
Eliminate data between: [(42950852.,), (43049416.,)] (HHMMSSMSS)
   Length of dataset prior to removal 934 long
Eliminate data between: [(43109576.,), (43208217.,)] (HHMMSSMSS)
   Length of dataset prior to removal 934 long
Eliminate data between: [(43224332.,), (43322961.,)] (HHMMSSMSS)
   Length of dataset prior to removal 934 long
Eliminate data between: [(44152700.,), (44251358.,)] (HHMMSSMSS)
   Length of dataset prior to removal 906 long
Eliminate data between: [(44845128.,), (44943774.,)] (HHMMSSMSS)
   Length of dataset prior to removal 876 long
Eliminate data between: [(44959992.,), (45058637.,)] (HHMMSSMSS)
   Length of dataset prior to removal 848 long
Eliminate data between: [(45155227.,), (45253762.,)] (HHMMSSMSS)
   Length of dataset prior to removal 819 long
Eliminate data between: [(45730854.,), (45829492.,)] (HHMMSSMSS)
   Length of dataset prior to removal 791 long
Data end   761 long, a loss of 57%
Eliminate data between: [(35959980.,), (40329753.,)] (HHMMSSMSS)
   Remove HSE488B.cal Data
   Length of dataset prior to removal 2563 long
Eliminate data between: [(40958001.,), (42244538.,)] (HHMMSSMSS)
   Remove HSE488B.cal Data
   Length of dataset prior to removal 2563 long
Eliminate data between: [(42612845.,), (42755689.,)] (HHMMSSMSS)
   Remove HSE488B.cal Data
   Length of dataset prior to removal 2521 long
Eliminate data between: [(42916532.,), (43057457.,)] (HHMMSSMSS)
   Remove HSE488B.cal Data
   Length of dataset prior to removal 2521 long
Eliminate data between: [(44945832.,), (44945832.,)] (HHMMSSMSS)
   Remove HSE488B.cal Data
   Length of dataset prior to removal 2521 long
Eliminate data between: [(42254618.,), (42645125.,)] (HHMMSSMSS)
   Remove HSE488B.cal Data
   Length of dataset prior to removal 2521 long
Eliminate data between: [(42805769.,), (42948813.,)] (HHMMSSMSS)
   Remove HSE488B.cal Data
   Length of dataset prior to removal 2312 long
Eliminate data between: [(43109576.,), (43222291.,)] (HHMMSSMSS)
   Remove HSE488B.cal Data
   Length of dataset prior to removal 2241 long
Eliminate data between: [(40339834.,), (40438482.,)] (HHMMSSMSS)
   Remove HSE488B.cal Data
   Length of dataset prior to removal 2175 long
Eliminate data between: [(40545147.,), (40643824.,)] (HHMMSSMSS)
   Remove HSE488B.cal Data
   Length of dataset prior to removal 2117 long
Eliminate data between: [(40700044.,), (40758668.,)] (HHMMSSMSS)
   Remove HSE488B.cal Data
   Length of dataset prior to removal 2049 long
Eliminate data between: [(40935770.,), (41034311.,)] (HHMMSSMSS)
   Remove HSE488B.cal Data
   Length of dataset prior to removal 1981 long
Eliminate data between: [(41116681.,), (41215243.,)] (HHMMSSMSS)
   Remove HSE488B.cal Data
   Length of dataset prior to removal 1957 long
Eliminate data between: [(42254618.,), (42353360.,)] (HHMMSSMSS)
   Remove HSE488B.cal Data
   Length of dataset prior to removal 1957 long
Eliminate data between: [(42647166.,), (42745608.,)] (HHMMSSMSS)
   Remove HSE488B.cal Data
   Length of dataset prior to removal 1957 long
Eliminate data between: [(42805769.,), (42904402.,)] (HHMMSSMSS)
   Remove HSE488B.cal Data
   Length of dataset prior to removal 1957 long
Eliminate data between: [(42950852.,), (43049416.,)] (HHMMSSMSS)
   Remove HSE488B.cal Data
   Length of dataset prior to removal 1957 long
Eliminate data between: [(43109576.,), (43208217.,)] (HHMMSSMSS)
   Remove HSE488B.cal Data
   Length of dataset prior to removal 1957 long
Eliminate data between: [(43224332.,), (43322961.,)] (HHMMSSMSS)
   Remove HSE488B.cal Data
   Length of dataset prior to removal 1957 long
Eliminate data between: [(44152700.,), (44251358.,)] (HHMMSSMSS)
   Remove HSE488B.cal Data
   Length of dataset prior to removal 1894 long
Eliminate data between: [(44845128.,), (44943774.,)] (HHMMSSMSS)
   Remove HSE488B.cal Data
   Length of dataset prior to removal 1829 long
Eliminate data between: [(44959992.,), (45058637.,)] (HHMMSSMSS)
   Remove HSE488B.cal Data
   Length of dataset prior to removal 1757 long
Eliminate data between: [(45155227.,), (45253762.,)] (HHMMSSMSS)
   Remove HSE488B.cal Data
   Length of dataset prior to removal 1687 long
Eliminate data between: [(45730854.,), (45829492.,)] (HHMMSSMSS)
   Remove HSE488B.cal Data
   Length of dataset prior to removal 1621 long
Data end   1562 long, a loss of 39%
Eliminate data between: [(35959980.,), (40329753.,)] (HHMMSSMSS)
   Remove HSL385B.cal Data
   Length of dataset prior to removal 2905 long
Eliminate data between: [(40958001.,), (42244538.,)] (HHMMSSMSS)
   Remove HSL385B.cal Data
   Length of dataset prior to removal 2905 long
Eliminate data between: [(42612845.,), (42755689.,)] (HHMMSSMSS)
   Remove HSL385B.cal Data
   Length of dataset prior to removal 2855 long
Eliminate data between: [(42916532.,), (43057457.,)] (HHMMSSMSS)
   Remove HSL385B.cal Data
   Length of dataset prior to removal 2855 long
Eliminate data between: [(44945832.,), (44945832.,)] (HHMMSSMSS)
   Remove HSL385B.cal Data
   Length of dataset prior to removal 2855 long
Eliminate data between: [(42254618.,), (42645125.,)] (HHMMSSMSS)
   Remove HSL385B.cal Data
   Length of dataset prior to removal 2855 long
Eliminate data between: [(42805769.,), (42948813.,)] (HHMMSSMSS)
   Remove HSL385B.cal Data
   Length of dataset prior to removal 2609 long
Eliminate data between: [(43109576.,), (43222291.,)] (HHMMSSMSS)
   Remove HSL385B.cal Data
   Length of dataset prior to removal 2533 long
Eliminate data between: [(40339834.,), (40438482.,)] (HHMMSSMSS)
   Remove HSL385B.cal Data
   Length of dataset prior to removal 2459 long
Eliminate data between: [(40545147.,), (40643824.,)] (HHMMSSMSS)
   Remove HSL385B.cal Data
   Length of dataset prior to removal 2385 long
Eliminate data between: [(40700044.,), (40758668.,)] (HHMMSSMSS)
   Remove HSL385B.cal Data
   Length of dataset prior to removal 2310 long
Eliminate data between: [(40935770.,), (41034311.,)] (HHMMSSMSS)
   Remove HSL385B.cal Data
   Length of dataset prior to removal 2233 long
Eliminate data between: [(41116681.,), (41215243.,)] (HHMMSSMSS)
   Remove HSL385B.cal Data
   Length of dataset prior to removal 2205 long
Eliminate data between: [(42254618.,), (42353360.,)] (HHMMSSMSS)
   Remove HSL385B.cal Data
   Length of dataset prior to removal 2205 long
Eliminate data between: [(42647166.,), (42745608.,)] (HHMMSSMSS)
   Remove HSL385B.cal Data
   Length of dataset prior to removal 2205 long
Eliminate data between: [(42805769.,), (42904402.,)] (HHMMSSMSS)
   Remove HSL385B.cal Data
   Length of dataset prior to removal 2205 long
Eliminate data between: [(42950852.,), (43049416.,)] (HHMMSSMSS)
   Remove HSL385B.cal Data
   Length of dataset prior to removal 2205 long
Eliminate data between: [(43109576.,), (43208217.,)] (HHMMSSMSS)
   Remove HSL385B.cal Data
   Length of dataset prior to removal 2205 long
Eliminate data between: [(43224332.,), (43322961.,)] (HHMMSSMSS)
   Remove HSL385B.cal Data
   Length of dataset prior to removal 2205 long
Eliminate data between: [(44152700.,), (44251358.,)] (HHMMSSMSS)
   Remove HSL385B.cal Data
   Length of dataset prior to removal 2131 long
Eliminate data between: [(44845128.,), (44943774.,)] (HHMMSSMSS)
   Remove HSL385B.cal Data
   Length of dataset prior to removal 2050 long
Eliminate data between: [(44959992.,), (45058637.,)] (HHMMSSMSS)
   Remove HSL385B.cal Data
   Length of dataset prior to removal 1983 long
Eliminate data between: [(45155227.,), (45253762.,)] (HHMMSSMSS)
   Remove HSL385B.cal Data
   Length of dataset prior to removal 1912 long
Eliminate data between: [(45730854.,), (45829492.,)] (HHMMSSMSS)
   Remove HSL385B.cal Data
   Length of dataset prior to removal 1837 long
Data end   1760 long, a loss of 39%
Eliminate data between: [(35959980.,), (40329753.,)] (HHMMSSMSS)
   Remove HSL386B.cal Data
   Length of dataset prior to removal 1397 long
Eliminate data between: [(40958001.,), (42244538.,)] (HHMMSSMSS)
   Remove HSL386B.cal Data
   Length of dataset prior to removal 1397 long
Eliminate data between: [(42612845.,), (42755689.,)] (HHMMSSMSS)
   Remove HSL386B.cal Data
   Length of dataset prior to removal 1375 long
Eliminate data between: [(42916532.,), (43057457.,)] (HHMMSSMSS)
   Remove HSL386B.cal Data
   Length of dataset prior to removal 1375 long
Eliminate data between: [(44945832.,), (44945832.,)] (HHMMSSMSS)
   Remove HSL386B.cal Data
   Length of dataset prior to removal 1375 long
Eliminate data between: [(42254618.,), (42645125.,)] (HHMMSSMSS)
   Remove HSL386B.cal Data
   Length of dataset prior to removal 1375 long
Eliminate data between: [(42805769.,), (42948813.,)] (HHMMSSMSS)
   Remove HSL386B.cal Data
   Length of dataset prior to removal 1257 long
Eliminate data between: [(43109576.,), (43222291.,)] (HHMMSSMSS)
   Remove HSL386B.cal Data
   Length of dataset prior to removal 1220 long
Eliminate data between: [(40339834.,), (40438482.,)] (HHMMSSMSS)
   Remove HSL386B.cal Data
   Length of dataset prior to removal 1185 long
Eliminate data between: [(40545147.,), (40643824.,)] (HHMMSSMSS)
   Remove HSL386B.cal Data
   Length of dataset prior to removal 1149 long
Eliminate data between: [(40700044.,), (40758668.,)] (HHMMSSMSS)
   Remove HSL386B.cal Data
   Length of dataset prior to removal 1115 long
Eliminate data between: [(40935770.,), (41034311.,)] (HHMMSSMSS)
   Remove HSL386B.cal Data
   Length of dataset prior to removal 1079 long
Eliminate data between: [(41116681.,), (41215243.,)] (HHMMSSMSS)
   Remove HSL386B.cal Data
   Length of dataset prior to removal 1065 long
Eliminate data between: [(42254618.,), (42353360.,)] (HHMMSSMSS)
   Remove HSL386B.cal Data
   Length of dataset prior to removal 1065 long
Eliminate data between: [(42647166.,), (42745608.,)] (HHMMSSMSS)
   Remove HSL386B.cal Data
   Length of dataset prior to removal 1065 long
Eliminate data between: [(42805769.,), (42904402.,)] (HHMMSSMSS)
   Remove HSL386B.cal Data
   Length of dataset prior to removal 1065 long
Eliminate data between: [(42950852.,), (43049416.,)] (HHMMSSMSS)
   Remove HSL386B.cal Data
   Length of dataset prior to removal 1065 long
Eliminate data between: [(43109576.,), (43208217.,)] (HHMMSSMSS)
   Remove HSL386B.cal Data
   Length of dataset prior to removal 1065 long
Eliminate data between: [(43224332.,), (43322961.,)] (HHMMSSMSS)
   Remove HSL386B.cal Data
   Length of dataset prior to removal 1065 long
Eliminate data between: [(44152700.,), (44251358.,)] (HHMMSSMSS)
   Remove HSL386B.cal Data
   Length of dataset prior to removal 1029 long
Eliminate data between: [(44845128.,), (44943774.,)] (HHMMSSMSS)
   Remove HSL386B.cal Data
   Length of dataset prior to removal 995 long
Eliminate data between: [(44959992.,), (45058637.,)] (HHMMSSMSS)
   Remove HSL386B.cal Data
   Length of dataset prior to removal 960 long
Eliminate data between: [(45155227.,), (45253762.,)] (HHMMSSMSS)
   Remove HSL386B.cal Data
   Length of dataset prior to removal 923 long
Eliminate data between: [(45730854.,), (45829492.,)] (HHMMSSMSS)
   Remove HSL386B.cal Data
   Length of dataset prior to removal 887 long
Data end   851 long, a loss of 39%
Eliminate data between: [(35959980.,), (40329753.,)] (HHMMSSMSS)
   Remove SATNAV0001A.tdf Data
   Length of dataset prior to removal 1782 long
Eliminate data between: [(40958001.,), (42244538.,)] (HHMMSSMSS)
   Remove SATNAV0001A.tdf Data
   Length of dataset prior to removal 1677 long
Eliminate data between: [(42612845.,), (42755689.,)] (HHMMSSMSS)
   Remove SATNAV0001A.tdf Data
   Length of dataset prior to removal 1296 long
Eliminate data between: [(42916532.,), (43057457.,)] (HHMMSSMSS)
   Remove SATNAV0001A.tdf Data
   Length of dataset prior to removal 1244 long
Eliminate data between: [(44945832.,), (44945832.,)] (HHMMSSMSS)
   Remove SATNAV0001A.tdf Data
   Length of dataset prior to removal 1193 long
Eliminate data between: [(42254618.,), (42645125.,)] (HHMMSSMSS)
   Remove SATNAV0001A.tdf Data
   Length of dataset prior to removal 1192 long
Eliminate data between: [(42805769.,), (42948813.,)] (HHMMSSMSS)
   Remove SATNAV0001A.tdf Data
   Length of dataset prior to removal 1094 long
Eliminate data between: [(43109576.,), (43222291.,)] (HHMMSSMSS)
   Remove SATNAV0001A.tdf Data
   Length of dataset prior to removal 1059 long
Eliminate data between: [(40339834.,), (40438482.,)] (HHMMSSMSS)
   Remove SATNAV0001A.tdf Data
   Length of dataset prior to removal 1022 long
Eliminate data between: [(40545147.,), (40643824.,)] (HHMMSSMSS)
   Remove SATNAV0001A.tdf Data
   Length of dataset prior to removal 992 long
Eliminate data between: [(40700044.,), (40758668.,)] (HHMMSSMSS)
   Remove SATNAV0001A.tdf Data
   Length of dataset prior to removal 962 long
Eliminate data between: [(40935770.,), (41034311.,)] (HHMMSSMSS)
   Remove SATNAV0001A.tdf Data
   Length of dataset prior to removal 932 long
Eliminate data between: [(41116681.,), (41215243.,)] (HHMMSSMSS)
   Remove SATNAV0001A.tdf Data
   Length of dataset prior to removal 921 long
Eliminate data between: [(42254618.,), (42353360.,)] (HHMMSSMSS)
   Remove SATNAV0001A.tdf Data
   Length of dataset prior to removal 921 long
Eliminate data between: [(42647166.,), (42745608.,)] (HHMMSSMSS)
   Remove SATNAV0001A.tdf Data
   Length of dataset prior to removal 921 long
Eliminate data between: [(42805769.,), (42904402.,)] (HHMMSSMSS)
   Remove SATNAV0001A.tdf Data
   Length of dataset prior to removal 921 long
Eliminate data between: [(42950852.,), (43049416.,)] (HHMMSSMSS)
   Remove SATNAV0001A.tdf Data
   Length of dataset prior to removal 921 long
Eliminate data between: [(43109576.,), (43208217.,)] (HHMMSSMSS)
   Remove SATNAV0001A.tdf Data
   Length of dataset prior to removal 921 long
Eliminate data between: [(43224332.,), (43322961.,)] (HHMMSSMSS)
   Remove SATNAV0001A.tdf Data
   Length of dataset prior to removal 921 long
Eliminate data between: [(44152700.,), (44251358.,)] (HHMMSSMSS)
   Remove SATNAV0001A.tdf Data
   Length of dataset prior to removal 891 long
Eliminate data between: [(44845128.,), (44943774.,)] (HHMMSSMSS)
   Remove SATNAV0001A.tdf Data
   Length of dataset prior to removal 861 long
Eliminate data between: [(44959992.,), (45058637.,)] (HHMMSSMSS)
   Remove SATNAV0001A.tdf Data
   Length of dataset prior to removal 831 long
Eliminate data between: [(45155227.,), (45253762.,)] (HHMMSSMSS)
   Remove SATNAV0001A.tdf Data
   Length of dataset prior to removal 801 long
Eliminate data between: [(45730854.,), (45829492.,)] (HHMMSSMSS)
   Remove SATNAV0001A.tdf Data
   Length of dataset prior to removal 771 long
Data end   741 long, a loss of 58%
Eliminate data between: [(35959980.,), (40329753.,)] (HHMMSSMSS)
   Remove SATPYR.tdf Data
   Length of dataset prior to removal 197 long
Eliminate data between: [(40958001.,), (42244538.,)] (HHMMSSMSS)
   Remove SATPYR.tdf Data
   Length of dataset prior to removal 197 long
Eliminate data between: [(42612845.,), (42755689.,)] (HHMMSSMSS)
   Remove SATPYR.tdf Data
   Length of dataset prior to removal 194 long
Eliminate data between: [(42916532.,), (43057457.,)] (HHMMSSMSS)
   Remove SATPYR.tdf Data
   Length of dataset prior to removal 194 long
Eliminate data between: [(44945832.,), (44945832.,)] (HHMMSSMSS)
   Remove SATPYR.tdf Data
   Length of dataset prior to removal 194 long
Eliminate data between: [(42254618.,), (42645125.,)] (HHMMSSMSS)
   Remove SATPYR.tdf Data
   Length of dataset prior to removal 194 long
Eliminate data between: [(42805769.,), (42948813.,)] (HHMMSSMSS)
   Remove SATPYR.tdf Data
   Length of dataset prior to removal 177 long
Eliminate data between: [(43109576.,), (43222291.,)] (HHMMSSMSS)
   Remove SATPYR.tdf Data
   Length of dataset prior to removal 177 long
Eliminate data between: [(40339834.,), (40438482.,)] (HHMMSSMSS)
   Remove SATPYR.tdf Data
   Length of dataset prior to removal 177 long
Eliminate data between: [(40545147.,), (40643824.,)] (HHMMSSMSS)
   Remove SATPYR.tdf Data
   Length of dataset prior to removal 172 long
Eliminate data between: [(40700044.,), (40758668.,)] (HHMMSSMSS)
   Remove SATPYR.tdf Data
   Length of dataset prior to removal 167 long
Eliminate data between: [(40935770.,), (41034311.,)] (HHMMSSMSS)
   Remove SATPYR.tdf Data
   Length of dataset prior to removal 162 long
Eliminate data between: [(41116681.,), (41215243.,)] (HHMMSSMSS)
   Remove SATPYR.tdf Data
   Length of dataset prior to removal 160 long
Eliminate data between: [(42254618.,), (42353360.,)] (HHMMSSMSS)
   Remove SATPYR.tdf Data
   Length of dataset prior to removal 160 long
Eliminate data between: [(42647166.,), (42745608.,)] (HHMMSSMSS)
   Remove SATPYR.tdf Data
   Length of dataset prior to removal 160 long
Eliminate data between: [(42805769.,), (42904402.,)] (HHMMSSMSS)
   Remove SATPYR.tdf Data
   Length of dataset prior to removal 160 long
Eliminate data between: [(42950852.,), (43049416.,)] (HHMMSSMSS)
   Remove SATPYR.tdf Data
   Length of dataset prior to removal 160 long
Eliminate data between: [(43109576.,), (43208217.,)] (HHMMSSMSS)
   Remove SATPYR.tdf Data
   Length of dataset prior to removal 160 long
Eliminate data between: [(43224332.,), (43322961.,)] (HHMMSSMSS)
   Remove SATPYR.tdf Data
   Length of dataset prior to removal 160 long
Eliminate data between: [(44152700.,), (44251358.,)] (HHMMSSMSS)
   Remove SATPYR.tdf Data
   Length of dataset prior to removal 155 long
Eliminate data between: [(44845128.,), (44943774.,)] (HHMMSSMSS)
   Remove SATPYR.tdf Data
   Length of dataset prior to removal 150 long
Eliminate data between: [(44959992.,), (45058637.,)] (HHMMSSMSS)
   Remove SATPYR.tdf Data
   Length of dataset prior to removal 145 long
Eliminate data between: [(45155227.,), (45253762.,)] (HHMMSSMSS)
   Remove SATPYR.tdf Data
   Length of dataset prior to removal 140 long
Eliminate data between: [(45730854.,), (45829492.,)] (HHMMSSMSS)
   Remove SATPYR.tdf Data
   Length of dataset prior to removal 135 long
Data end   130 long, a loss of 34%
LT has fewest records - interpolating to LT
Interpolate Data ES
Interpolate Data LI
Interpolate Data LT
Interpolate GPS Data
Interpolate SATNAV Data
L2s file produced: /Users/daurin/Projects_Supplemental/HyperPACE/Field_Data/Processed/KORUS/L2s/1614104_L2s.hdf
