ProcessL2s: /Users/daurin/Projects_Supplemental/HyperPACE/Field_Data/Processed/KORUS/L2/1614405_L2.hdf
   Flag data from TT2: (50000145.,) to (53936379.,)(HHMMSSMSS)
   Flag data from TT2: (54018673.,) to (54119384.,)(HHMMSSMSS)
   Flag data from TT2: (54127424.,) to (54131503.,)(HHMMSSMSS)
   Flag data from TT2: (54137530.,) to (54137530.,)(HHMMSSMSS)
   Flag data from TT2: (54141642.,) to (54147696.,)(HHMMSSMSS)
   Flag data from TT2: (54151681.,) to (54159796.,)(HHMMSSMSS)
   Flag data from TT2: (54203791.,) to (54216015.,)(HHMMSSMSS)
   Flag data from TT2: (54220019.,) to (54220019.,)(HHMMSSMSS)
   Flag data from TT2: (54224129.,) to (54224129.,)(HHMMSSMSS)
   Flag data from TT2: (54230175.,) to (54234170.,)(HHMMSSMSS)
   Flag data from TT2: (54240238.,) to (54240238.,)(HHMMSSMSS)
   Flag data from TT2: (54246314.,) to (54246314.,)(HHMMSSMSS)
   Flag data from TT2: (54252384.,) to (54252384.,)(HHMMSSMSS)
   Flag data from TT2: (54258458.,) to (54258458.,)(HHMMSSMSS)
   Flag data from TT2: (54302469.,) to (54302469.,)(HHMMSSMSS)
   Flag data from TT2: (54306605.,) to (54306605.,)(HHMMSSMSS)
   Flag data from TT2: (54312674.,) to (54312674.,)(HHMMSSMSS)
   Flag data from TT2: (54316685.,) to (54320691.,)(HHMMSSMSS)
   Flag data from TT2: (54326758.,) to (54326758.,)(HHMMSSMSS)
   Flag data from TT2: (54344963.,) to (54344963.,)(HHMMSSMSS)
   Flag data from TT2: (54353109.,) to (54353109.,)(HHMMSSMSS)
   Flag data from TT2: (54401137.,) to (54407202.,)(HHMMSSMSS)
   Flag data from TT2: (54429550.,) to (54429550.,)(HHMMSSMSS)
   Flag data from TT2: (54437556.,) to (54437556.,)(HHMMSSMSS)
   Flag data from TT2: (54449671.,) to (54449671.,)(HHMMSSMSS)
   Flag data from TT2: (54453804.,) to (54455745.,)(HHMMSSMSS)
   Flag data from TT2: (54459867.,) to (54459867.,)(HHMMSSMSS)
   Flag data from TT2: (54526118.,) to (54526118.,)(HHMMSSMSS)
Percentage of SATNAV data out of Solar Azimuth bounds: 93%
Filtering file for bad Absolute Rotator Angle
   Flag data from TT2: (54131503.,) to (54709071.,)(HHMMSSMSS)
Percentage of SATNAV data out of Absolute Rotator bounds: 9%
Filtering file for Rotator Delay
   Flag data from TT2: (54012643.,) to (54111334.,)(HHMMSSMSS)
   Flag data from TT2: (54131503.,) to (54230175.,)(HHMMSSMSS)
   Flag data from TT2: (54711111.,) to (54809672.,)(HHMMSSMSS)
Percentage of SATNAV data out of Rotator Delay bounds: 5%
Eliminate combined filtered data from datasets.__________________________________
Eliminate data between: [(50000145.,), (53936379.,)] (HHMMSSMSS)
   Remove GPS Data
   Length of dataset prior to removal 1789 long
Eliminate data between: [(54018673.,), (54119384.,)] (HHMMSSMSS)
   Length of dataset prior to removal 610 long
Eliminate data between: [(54127424.,), (54131503.,)] (HHMMSSMSS)
   Length of dataset prior to removal 580 long
Eliminate data between: [(54137530.,), (54137530.,)] (HHMMSSMSS)
   Length of dataset prior to removal 578 long
Eliminate data between: [(54141642.,), (54147696.,)] (HHMMSSMSS)
   Length of dataset prior to removal 578 long
Eliminate data between: [(54151681.,), (54159796.,)] (HHMMSSMSS)
   Length of dataset prior to removal 575 long
Eliminate data between: [(54203791.,), (54216015.,)] (HHMMSSMSS)
   Length of dataset prior to removal 571 long
Eliminate data between: [(54220019.,), (54220019.,)] (HHMMSSMSS)
   Length of dataset prior to removal 564 long
Eliminate data between: [(54224129.,), (54224129.,)] (HHMMSSMSS)
   Length of dataset prior to removal 564 long
Eliminate data between: [(54230175.,), (54234170.,)] (HHMMSSMSS)
   Length of dataset prior to removal 564 long
Eliminate data between: [(54240238.,), (54240238.,)] (HHMMSSMSS)
   Length of dataset prior to removal 563 long
Eliminate data between: [(54246314.,), (54246314.,)] (HHMMSSMSS)
   Length of dataset prior to removal 563 long
Eliminate data between: [(54252384.,), (54252384.,)] (HHMMSSMSS)
   Length of dataset prior to removal 563 long
Eliminate data between: [(54258458.,), (54258458.,)] (HHMMSSMSS)
   Length of dataset prior to removal 563 long
Eliminate data between: [(54302469.,), (54302469.,)] (HHMMSSMSS)
   Length of dataset prior to removal 563 long
Eliminate data between: [(54306605.,), (54306605.,)] (HHMMSSMSS)
   Length of dataset prior to removal 563 long
Eliminate data between: [(54312674.,), (54312674.,)] (HHMMSSMSS)
   Length of dataset prior to removal 563 long
Eliminate data between: [(54316685.,), (54320691.,)] (HHMMSSMSS)
   Length of dataset prior to removal 563 long
Eliminate data between: [(54326758.,), (54326758.,)] (HHMMSSMSS)
   Length of dataset prior to removal 561 long
Eliminate data between: [(54344963.,), (54344963.,)] (HHMMSSMSS)
   Length of dataset prior to removal 561 long
Eliminate data between: [(54353109.,), (54353109.,)] (HHMMSSMSS)
   Length of dataset prior to removal 561 long
Eliminate data between: [(54401137.,), (54407202.,)] (HHMMSSMSS)
   Length of dataset prior to removal 561 long
Eliminate data between: [(54429550.,), (54429550.,)] (HHMMSSMSS)
   Length of dataset prior to removal 559 long
Eliminate data between: [(54437556.,), (54437556.,)] (HHMMSSMSS)
   Length of dataset prior to removal 559 long
Eliminate data between: [(54449671.,), (54449671.,)] (HHMMSSMSS)
   Length of dataset prior to removal 559 long
Eliminate data between: [(54453804.,), (54455745.,)] (HHMMSSMSS)
   Length of dataset prior to removal 559 long
Eliminate data between: [(54459867.,), (54459867.,)] (HHMMSSMSS)
   Length of dataset prior to removal 558 long
Eliminate data between: [(54526118.,), (54526118.,)] (HHMMSSMSS)
   Length of dataset prior to removal 558 long
Eliminate data between: [(54131503.,), (54709071.,)] (HHMMSSMSS)
   Length of dataset prior to removal 558 long
Eliminate data between: [(54012643.,), (54111334.,)] (HHMMSSMSS)
   Length of dataset prior to removal 409 long
Eliminate data between: [(54131503.,), (54230175.,)] (HHMMSSMSS)
   Length of dataset prior to removal 406 long
Eliminate data between: [(54711111.,), (54809672.,)] (HHMMSSMSS)
   Length of dataset prior to removal 406 long
Data end   378 long, a loss of 79%
Eliminate data between: [(50000145.,), (53936379.,)] (HHMMSSMSS)
   Remove HSE488B.cal Data
   Length of dataset prior to removal 440 long
Eliminate data between: [(54018673.,), (54119384.,)] (HHMMSSMSS)
   Remove HSE488B.cal Data
   Length of dataset prior to removal 440 long
Eliminate data between: [(54127424.,), (54131503.,)] (HHMMSSMSS)
   Remove HSE488B.cal Data
   Length of dataset prior to removal 370 long
Eliminate data between: [(54137530.,), (54137530.,)] (HHMMSSMSS)
   Remove HSE488B.cal Data
   Length of dataset prior to removal 370 long
Eliminate data between: [(54141642.,), (54147696.,)] (HHMMSSMSS)
   Remove HSE488B.cal Data
   Length of dataset prior to removal 370 long
Eliminate data between: [(54151681.,), (54159796.,)] (HHMMSSMSS)
   Remove HSE488B.cal Data
   Length of dataset prior to removal 362 long
Eliminate data between: [(54203791.,), (54216015.,)] (HHMMSSMSS)
   Remove HSE488B.cal Data
   Length of dataset prior to removal 351 long
Eliminate data between: [(54220019.,), (54220019.,)] (HHMMSSMSS)
   Remove HSE488B.cal Data
   Length of dataset prior to removal 335 long
Eliminate data between: [(54224129.,), (54224129.,)] (HHMMSSMSS)
   Remove HSE488B.cal Data
   Length of dataset prior to removal 335 long
Eliminate data between: [(54230175.,), (54234170.,)] (HHMMSSMSS)
   Remove HSE488B.cal Data
   Length of dataset prior to removal 335 long
Eliminate data between: [(54240238.,), (54240238.,)] (HHMMSSMSS)
   Remove HSE488B.cal Data
   Length of dataset prior to removal 331 long
Eliminate data between: [(54246314.,), (54246314.,)] (HHMMSSMSS)
   Remove HSE488B.cal Data
   Length of dataset prior to removal 331 long
Eliminate data between: [(54252384.,), (54252384.,)] (HHMMSSMSS)
   Remove HSE488B.cal Data
   Length of dataset prior to removal 331 long
Eliminate data between: [(54258458.,), (54258458.,)] (HHMMSSMSS)
   Remove HSE488B.cal Data
   Length of dataset prior to removal 331 long
Eliminate data between: [(54302469.,), (54302469.,)] (HHMMSSMSS)
   Remove HSE488B.cal Data
   Length of dataset prior to removal 330 long
Eliminate data between: [(54306605.,), (54306605.,)] (HHMMSSMSS)
   Remove HSE488B.cal Data
   Length of dataset prior to removal 330 long
Eliminate data between: [(54312674.,), (54312674.,)] (HHMMSSMSS)
   Remove HSE488B.cal Data
   Length of dataset prior to removal 330 long
Eliminate data between: [(54316685.,), (54320691.,)] (HHMMSSMSS)
   Remove HSE488B.cal Data
   Length of dataset prior to removal 330 long
Eliminate data between: [(54326758.,), (54326758.,)] (HHMMSSMSS)
   Remove HSE488B.cal Data
   Length of dataset prior to removal 324 long
Eliminate data between: [(54344963.,), (54344963.,)] (HHMMSSMSS)
   Remove HSE488B.cal Data
   Length of dataset prior to removal 324 long
Eliminate data between: [(54353109.,), (54353109.,)] (HHMMSSMSS)
   Remove HSE488B.cal Data
   Length of dataset prior to removal 324 long
Eliminate data between: [(54401137.,), (54407202.,)] (HHMMSSMSS)
   Remove HSE488B.cal Data
   Length of dataset prior to removal 324 long
Eliminate data between: [(54429550.,), (54429550.,)] (HHMMSSMSS)
   Remove HSE488B.cal Data
   Length of dataset prior to removal 317 long
Eliminate data between: [(54437556.,), (54437556.,)] (HHMMSSMSS)
   Remove HSE488B.cal Data
   Length of dataset prior to removal 317 long
Eliminate data between: [(54449671.,), (54449671.,)] (HHMMSSMSS)
   Remove HSE488B.cal Data
   Length of dataset prior to removal 317 long
Eliminate data between: [(54453804.,), (54455745.,)] (HHMMSSMSS)
   Remove HSE488B.cal Data
   Length of dataset prior to removal 317 long
Eliminate data between: [(54459867.,), (54459867.,)] (HHMMSSMSS)
   Remove HSE488B.cal Data
   Length of dataset prior to removal 313 long
Eliminate data between: [(54526118.,), (54526118.,)] (HHMMSSMSS)
   Remove HSE488B.cal Data
   Length of dataset prior to removal 313 long
Eliminate data between: [(54131503.,), (54709071.,)] (HHMMSSMSS)
   Remove HSE488B.cal Data
   Length of dataset prior to removal 313 long
Eliminate data between: [(54012643.,), (54111334.,)] (HHMMSSMSS)
   Remove HSE488B.cal Data
   Length of dataset prior to removal 3 long
Eliminate data between: [(54131503.,), (54230175.,)] (HHMMSSMSS)
   Remove HSE488B.cal Data
   Length of dataset prior to removal 0 long
Eliminate data between: [(54711111.,), (54809672.,)] (HHMMSSMSS)
   Remove HSE488B.cal Data
   Length of dataset prior to removal 0 long
Data end   0 long, a loss of 100%
Eliminate data between: [(50000145.,), (53936379.,)] (HHMMSSMSS)
   Remove HSL385B.cal Data
   Length of dataset prior to removal 439 long
Eliminate data between: [(54018673.,), (54119384.,)] (HHMMSSMSS)
   Remove HSL385B.cal Data
   Length of dataset prior to removal 439 long
Eliminate data between: [(54127424.,), (54131503.,)] (HHMMSSMSS)
   Remove HSL385B.cal Data
   Length of dataset prior to removal 371 long
Eliminate data between: [(54137530.,), (54137530.,)] (HHMMSSMSS)
   Remove HSL385B.cal Data
   Length of dataset prior to removal 371 long
Eliminate data between: [(54141642.,), (54147696.,)] (HHMMSSMSS)
   Remove HSL385B.cal Data
   Length of dataset prior to removal 371 long
Eliminate data between: [(54151681.,), (54159796.,)] (HHMMSSMSS)
   Remove HSL385B.cal Data
   Length of dataset prior to removal 363 long
Eliminate data between: [(54203791.,), (54216015.,)] (HHMMSSMSS)
   Remove HSL385B.cal Data
   Length of dataset prior to removal 352 long
Eliminate data between: [(54220019.,), (54220019.,)] (HHMMSSMSS)
   Remove HSL385B.cal Data
   Length of dataset prior to removal 337 long
Eliminate data between: [(54224129.,), (54224129.,)] (HHMMSSMSS)
   Remove HSL385B.cal Data
   Length of dataset prior to removal 337 long
Eliminate data between: [(54230175.,), (54234170.,)] (HHMMSSMSS)
   Remove HSL385B.cal Data
   Length of dataset prior to removal 337 long
Eliminate data between: [(54240238.,), (54240238.,)] (HHMMSSMSS)
   Remove HSL385B.cal Data
   Length of dataset prior to removal 331 long
Eliminate data between: [(54246314.,), (54246314.,)] (HHMMSSMSS)
   Remove HSL385B.cal Data
   Length of dataset prior to removal 331 long
Eliminate data between: [(54252384.,), (54252384.,)] (HHMMSSMSS)
   Remove HSL385B.cal Data
   Length of dataset prior to removal 331 long
Eliminate data between: [(54258458.,), (54258458.,)] (HHMMSSMSS)
   Remove HSL385B.cal Data
   Length of dataset prior to removal 331 long
Eliminate data between: [(54302469.,), (54302469.,)] (HHMMSSMSS)
   Remove HSL385B.cal Data
   Length of dataset prior to removal 331 long
Eliminate data between: [(54306605.,), (54306605.,)] (HHMMSSMSS)
   Remove HSL385B.cal Data
   Length of dataset prior to removal 331 long
Eliminate data between: [(54312674.,), (54312674.,)] (HHMMSSMSS)
   Remove HSL385B.cal Data
   Length of dataset prior to removal 331 long
Eliminate data between: [(54316685.,), (54320691.,)] (HHMMSSMSS)
   Remove HSL385B.cal Data
   Length of dataset prior to removal 331 long
Eliminate data between: [(54326758.,), (54326758.,)] (HHMMSSMSS)
   Remove HSL385B.cal Data
   Length of dataset prior to removal 328 long
Eliminate data between: [(54344963.,), (54344963.,)] (HHMMSSMSS)
   Remove HSL385B.cal Data
   Length of dataset prior to removal 328 long
Eliminate data between: [(54353109.,), (54353109.,)] (HHMMSSMSS)
   Remove HSL385B.cal Data
   Length of dataset prior to removal 328 long
Eliminate data between: [(54401137.,), (54407202.,)] (HHMMSSMSS)
   Remove HSL385B.cal Data
   Length of dataset prior to removal 328 long
Eliminate data between: [(54429550.,), (54429550.,)] (HHMMSSMSS)
   Remove HSL385B.cal Data
   Length of dataset prior to removal 319 long
Eliminate data between: [(54437556.,), (54437556.,)] (HHMMSSMSS)
   Remove HSL385B.cal Data
   Length of dataset prior to removal 319 long
Eliminate data between: [(54449671.,), (54449671.,)] (HHMMSSMSS)
   Remove HSL385B.cal Data
   Length of dataset prior to removal 319 long
Eliminate data between: [(54453804.,), (54455745.,)] (HHMMSSMSS)
   Remove HSL385B.cal Data
   Length of dataset prior to removal 319 long
Eliminate data between: [(54459867.,), (54459867.,)] (HHMMSSMSS)
   Remove HSL385B.cal Data
   Length of dataset prior to removal 316 long
Eliminate data between: [(54526118.,), (54526118.,)] (HHMMSSMSS)
   Remove HSL385B.cal Data
   Length of dataset prior to removal 316 long
Eliminate data between: [(54131503.,), (54709071.,)] (HHMMSSMSS)
   Remove HSL385B.cal Data
   Length of dataset prior to removal 316 long
Eliminate data between: [(54012643.,), (54111334.,)] (HHMMSSMSS)
   Remove HSL385B.cal Data
   Length of dataset prior to removal 3 long
Eliminate data between: [(54131503.,), (54230175.,)] (HHMMSSMSS)
   Remove HSL385B.cal Data
   Length of dataset prior to removal 0 long
Eliminate data between: [(54711111.,), (54809672.,)] (HHMMSSMSS)
   Remove HSL385B.cal Data
   Length of dataset prior to removal 0 long
Data end   0 long, a loss of 100%
Eliminate data between: [(50000145.,), (53936379.,)] (HHMMSSMSS)
   Remove HSL386B.cal Data
   Length of dataset prior to removal 234 long
Eliminate data between: [(54018673.,), (54119384.,)] (HHMMSSMSS)
   Remove HSL386B.cal Data
   Length of dataset prior to removal 234 long
Eliminate data between: [(54127424.,), (54131503.,)] (HHMMSSMSS)
   Remove HSL386B.cal Data
   Length of dataset prior to removal 194 long
Eliminate data between: [(54137530.,), (54137530.,)] (HHMMSSMSS)
   Remove HSL386B.cal Data
   Length of dataset prior to removal 194 long
Eliminate data between: [(54141642.,), (54147696.,)] (HHMMSSMSS)
   Remove HSL386B.cal Data
   Length of dataset prior to removal 194 long
Eliminate data between: [(54151681.,), (54159796.,)] (HHMMSSMSS)
   Remove HSL386B.cal Data
   Length of dataset prior to removal 190 long
Eliminate data between: [(54203791.,), (54216015.,)] (HHMMSSMSS)
   Remove HSL386B.cal Data
   Length of dataset prior to removal 184 long
Eliminate data between: [(54220019.,), (54220019.,)] (HHMMSSMSS)
   Remove HSL386B.cal Data
   Length of dataset prior to removal 175 long
Eliminate data between: [(54224129.,), (54224129.,)] (HHMMSSMSS)
   Remove HSL386B.cal Data
   Length of dataset prior to removal 175 long
Eliminate data between: [(54230175.,), (54234170.,)] (HHMMSSMSS)
   Remove HSL386B.cal Data
   Length of dataset prior to removal 175 long
Eliminate data between: [(54240238.,), (54240238.,)] (HHMMSSMSS)
   Remove HSL386B.cal Data
   Length of dataset prior to removal 173 long
Eliminate data between: [(54246314.,), (54246314.,)] (HHMMSSMSS)
   Remove HSL386B.cal Data
   Length of dataset prior to removal 173 long
Eliminate data between: [(54252384.,), (54252384.,)] (HHMMSSMSS)
   Remove HSL386B.cal Data
   Length of dataset prior to removal 173 long
Eliminate data between: [(54258458.,), (54258458.,)] (HHMMSSMSS)
   Remove HSL386B.cal Data
   Length of dataset prior to removal 173 long
Eliminate data between: [(54302469.,), (54302469.,)] (HHMMSSMSS)
   Remove HSL386B.cal Data
   Length of dataset prior to removal 173 long
Eliminate data between: [(54306605.,), (54306605.,)] (HHMMSSMSS)
   Remove HSL386B.cal Data
   Length of dataset prior to removal 173 long
Eliminate data between: [(54312674.,), (54312674.,)] (HHMMSSMSS)
   Remove HSL386B.cal Data
   Length of dataset prior to removal 173 long
Eliminate data between: [(54316685.,), (54320691.,)] (HHMMSSMSS)
   Remove HSL386B.cal Data
   Length of dataset prior to removal 173 long
Eliminate data between: [(54326758.,), (54326758.,)] (HHMMSSMSS)
   Remove HSL386B.cal Data
   Length of dataset prior to removal 170 long
Eliminate data between: [(54344963.,), (54344963.,)] (HHMMSSMSS)
   Remove HSL386B.cal Data
   Length of dataset prior to removal 170 long
Eliminate data between: [(54353109.,), (54353109.,)] (HHMMSSMSS)
   Remove HSL386B.cal Data
   Length of dataset prior to removal 170 long
Eliminate data between: [(54401137.,), (54407202.,)] (HHMMSSMSS)
   Remove HSL386B.cal Data
   Length of dataset prior to removal 170 long
Eliminate data between: [(54429550.,), (54429550.,)] (HHMMSSMSS)
   Remove HSL386B.cal Data
   Length of dataset prior to removal 166 long
Eliminate data between: [(54437556.,), (54437556.,)] (HHMMSSMSS)
   Remove HSL386B.cal Data
   Length of dataset prior to removal 166 long
Eliminate data between: [(54449671.,), (54449671.,)] (HHMMSSMSS)
   Remove HSL386B.cal Data
   Length of dataset prior to removal 166 long
Eliminate data between: [(54453804.,), (54455745.,)] (HHMMSSMSS)
   Remove HSL386B.cal Data
   Length of dataset prior to removal 166 long
Eliminate data between: [(54459867.,), (54459867.,)] (HHMMSSMSS)
   Remove HSL386B.cal Data
   Length of dataset prior to removal 165 long
Eliminate data between: [(54526118.,), (54526118.,)] (HHMMSSMSS)
   Remove HSL386B.cal Data
   Length of dataset prior to removal 165 long
Eliminate data between: [(54131503.,), (54709071.,)] (HHMMSSMSS)
   Remove HSL386B.cal Data
   Length of dataset prior to removal 165 long
Eliminate data between: [(54012643.,), (54111334.,)] (HHMMSSMSS)
   Remove HSL386B.cal Data
   Length of dataset prior to removal 2 long
Eliminate data between: [(54131503.,), (54230175.,)] (HHMMSSMSS)
   Remove HSL386B.cal Data
   Length of dataset prior to removal 0 long
Eliminate data between: [(54711111.,), (54809672.,)] (HHMMSSMSS)
   Remove HSL386B.cal Data
   Length of dataset prior to removal 0 long
Data end   0 long, a loss of 100%
Eliminate data between: [(50000145.,), (53936379.,)] (HHMMSSMSS)
   Remove SATNAV0001A.tdf Data
   Length of dataset prior to removal 1784 long
Eliminate data between: [(54018673.,), (54119384.,)] (HHMMSSMSS)
   Remove SATNAV0001A.tdf Data
   Length of dataset prior to removal 605 long
Eliminate data between: [(54127424.,), (54131503.,)] (HHMMSSMSS)
   Remove SATNAV0001A.tdf Data
   Length of dataset prior to removal 574 long
Eliminate data between: [(54137530.,), (54137530.,)] (HHMMSSMSS)
   Remove SATNAV0001A.tdf Data
   Length of dataset prior to removal 571 long
Eliminate data between: [(54141642.,), (54147696.,)] (HHMMSSMSS)
   Remove SATNAV0001A.tdf Data
   Length of dataset prior to removal 570 long
Eliminate data between: [(54151681.,), (54159796.,)] (HHMMSSMSS)
   Remove SATNAV0001A.tdf Data
   Length of dataset prior to removal 566 long
Eliminate data between: [(54203791.,), (54216015.,)] (HHMMSSMSS)
   Remove SATNAV0001A.tdf Data
   Length of dataset prior to removal 561 long
Eliminate data between: [(54220019.,), (54220019.,)] (HHMMSSMSS)
   Remove SATNAV0001A.tdf Data
   Length of dataset prior to removal 554 long
Eliminate data between: [(54224129.,), (54224129.,)] (HHMMSSMSS)
   Remove SATNAV0001A.tdf Data
   Length of dataset prior to removal 553 long
Eliminate data between: [(54230175.,), (54234170.,)] (HHMMSSMSS)
   Remove SATNAV0001A.tdf Data
   Length of dataset prior to removal 552 long
Eliminate data between: [(54240238.,), (54240238.,)] (HHMMSSMSS)
   Remove SATNAV0001A.tdf Data
   Length of dataset prior to removal 549 long
Eliminate data between: [(54246314.,), (54246314.,)] (HHMMSSMSS)
   Remove SATNAV0001A.tdf Data
   Length of dataset prior to removal 548 long
Eliminate data between: [(54252384.,), (54252384.,)] (HHMMSSMSS)
   Remove SATNAV0001A.tdf Data
   Length of dataset prior to removal 547 long
Eliminate data between: [(54258458.,), (54258458.,)] (HHMMSSMSS)
   Remove SATNAV0001A.tdf Data
   Length of dataset prior to removal 546 long
Eliminate data between: [(54302469.,), (54302469.,)] (HHMMSSMSS)
   Remove SATNAV0001A.tdf Data
   Length of dataset prior to removal 545 long
Eliminate data between: [(54306605.,), (54306605.,)] (HHMMSSMSS)
   Remove SATNAV0001A.tdf Data
   Length of dataset prior to removal 544 long
Eliminate data between: [(54312674.,), (54312674.,)] (HHMMSSMSS)
   Remove SATNAV0001A.tdf Data
   Length of dataset prior to removal 543 long
Eliminate data between: [(54316685.,), (54320691.,)] (HHMMSSMSS)
   Remove SATNAV0001A.tdf Data
   Length of dataset prior to removal 542 long
Eliminate data between: [(54326758.,), (54326758.,)] (HHMMSSMSS)
   Remove SATNAV0001A.tdf Data
   Length of dataset prior to removal 539 long
Eliminate data between: [(54344963.,), (54344963.,)] (HHMMSSMSS)
   Remove SATNAV0001A.tdf Data
   Length of dataset prior to removal 538 long
Eliminate data between: [(54353109.,), (54353109.,)] (HHMMSSMSS)
   Remove SATNAV0001A.tdf Data
   Length of dataset prior to removal 537 long
Eliminate data between: [(54401137.,), (54407202.,)] (HHMMSSMSS)
   Remove SATNAV0001A.tdf Data
   Length of dataset prior to removal 536 long
Eliminate data between: [(54429550.,), (54429550.,)] (HHMMSSMSS)
   Remove SATNAV0001A.tdf Data
   Length of dataset prior to removal 532 long
Eliminate data between: [(54437556.,), (54437556.,)] (HHMMSSMSS)
   Remove SATNAV0001A.tdf Data
   Length of dataset prior to removal 531 long
Eliminate data between: [(54449671.,), (54449671.,)] (HHMMSSMSS)
   Remove SATNAV0001A.tdf Data
   Length of dataset prior to removal 530 long
Eliminate data between: [(54453804.,), (54455745.,)] (HHMMSSMSS)
   Remove SATNAV0001A.tdf Data
   Length of dataset prior to removal 529 long
Eliminate data between: [(54459867.,), (54459867.,)] (HHMMSSMSS)
   Remove SATNAV0001A.tdf Data
   Length of dataset prior to removal 527 long
Eliminate data between: [(54526118.,), (54526118.,)] (HHMMSSMSS)
   Remove SATNAV0001A.tdf Data
   Length of dataset prior to removal 526 long
Eliminate data between: [(54131503.,), (54709071.,)] (HHMMSSMSS)
   Remove SATNAV0001A.tdf Data
   Length of dataset prior to removal 525 long
Eliminate data between: [(54012643.,), (54111334.,)] (HHMMSSMSS)
   Remove SATNAV0001A.tdf Data
   Length of dataset prior to removal 404 long
Eliminate data between: [(54131503.,), (54230175.,)] (HHMMSSMSS)
   Remove SATNAV0001A.tdf Data
   Length of dataset prior to removal 401 long
Eliminate data between: [(54711111.,), (54809672.,)] (HHMMSSMSS)
   Remove SATNAV0001A.tdf Data
   Length of dataset prior to removal 401 long
Data end   371 long, a loss of 79%
Eliminate data between: [(50000145.,), (53936379.,)] (HHMMSSMSS)
   Remove SATPYR.tdf Data
   Length of dataset prior to removal 33 long
Eliminate data between: [(54018673.,), (54119384.,)] (HHMMSSMSS)
   Remove SATPYR.tdf Data
   Length of dataset prior to removal 33 long
Eliminate data between: [(54127424.,), (54131503.,)] (HHMMSSMSS)
   Remove SATPYR.tdf Data
   Length of dataset prior to removal 28 long
Eliminate data between: [(54137530.,), (54137530.,)] (HHMMSSMSS)
   Remove SATPYR.tdf Data
   Length of dataset prior to removal 28 long
Eliminate data between: [(54141642.,), (54147696.,)] (HHMMSSMSS)
   Remove SATPYR.tdf Data
   Length of dataset prior to removal 28 long
Eliminate data between: [(54151681.,), (54159796.,)] (HHMMSSMSS)
   Remove SATPYR.tdf Data
   Length of dataset prior to removal 27 long
Eliminate data between: [(54203791.,), (54216015.,)] (HHMMSSMSS)
   Remove SATPYR.tdf Data
   Length of dataset prior to removal 26 long
Eliminate data between: [(54220019.,), (54220019.,)] (HHMMSSMSS)
   Remove SATPYR.tdf Data
   Length of dataset prior to removal 25 long
Eliminate data between: [(54224129.,), (54224129.,)] (HHMMSSMSS)
   Remove SATPYR.tdf Data
   Length of dataset prior to removal 25 long
Eliminate data between: [(54230175.,), (54234170.,)] (HHMMSSMSS)
   Remove SATPYR.tdf Data
   Length of dataset prior to removal 25 long
Eliminate data between: [(54240238.,), (54240238.,)] (HHMMSSMSS)
   Remove SATPYR.tdf Data
   Length of dataset prior to removal 25 long
Eliminate data between: [(54246314.,), (54246314.,)] (HHMMSSMSS)
   Remove SATPYR.tdf Data
   Length of dataset prior to removal 25 long
Eliminate data between: [(54252384.,), (54252384.,)] (HHMMSSMSS)
   Remove SATPYR.tdf Data
   Length of dataset prior to removal 25 long
Eliminate data between: [(54258458.,), (54258458.,)] (HHMMSSMSS)
   Remove SATPYR.tdf Data
   Length of dataset prior to removal 25 long
Eliminate data between: [(54302469.,), (54302469.,)] (HHMMSSMSS)
   Remove SATPYR.tdf Data
   Length of dataset prior to removal 25 long
Eliminate data between: [(54306605.,), (54306605.,)] (HHMMSSMSS)
   Remove SATPYR.tdf Data
   Length of dataset prior to removal 25 long
Eliminate data between: [(54312674.,), (54312674.,)] (HHMMSSMSS)
   Remove SATPYR.tdf Data
   Length of dataset prior to removal 25 long
Eliminate data between: [(54316685.,), (54320691.,)] (HHMMSSMSS)
   Remove SATPYR.tdf Data
   Length of dataset prior to removal 25 long
Eliminate data between: [(54326758.,), (54326758.,)] (HHMMSSMSS)
   Remove SATPYR.tdf Data
   Length of dataset prior to removal 25 long
Eliminate data between: [(54344963.,), (54344963.,)] (HHMMSSMSS)
   Remove SATPYR.tdf Data
   Length of dataset prior to removal 25 long
Eliminate data between: [(54353109.,), (54353109.,)] (HHMMSSMSS)
   Remove SATPYR.tdf Data
   Length of dataset prior to removal 25 long
Eliminate data between: [(54401137.,), (54407202.,)] (HHMMSSMSS)
   Remove SATPYR.tdf Data
   Length of dataset prior to removal 25 long
Eliminate data between: [(54429550.,), (54429550.,)] (HHMMSSMSS)
   Remove SATPYR.tdf Data
   Length of dataset prior to removal 25 long
Eliminate data between: [(54437556.,), (54437556.,)] (HHMMSSMSS)
   Remove SATPYR.tdf Data
   Length of dataset prior to removal 25 long
Eliminate data between: [(54449671.,), (54449671.,)] (HHMMSSMSS)
   Remove SATPYR.tdf Data
   Length of dataset prior to removal 25 long
Eliminate data between: [(54453804.,), (54455745.,)] (HHMMSSMSS)
   Remove SATPYR.tdf Data
   Length of dataset prior to removal 25 long
Eliminate data between: [(54459867.,), (54459867.,)] (HHMMSSMSS)
   Remove SATPYR.tdf Data
   Length of dataset prior to removal 25 long
Eliminate data between: [(54526118.,), (54526118.,)] (HHMMSSMSS)
   Remove SATPYR.tdf Data
   Length of dataset prior to removal 25 long
Eliminate data between: [(54131503.,), (54709071.,)] (HHMMSSMSS)
   Remove SATPYR.tdf Data
   Length of dataset prior to removal 25 long
Eliminate data between: [(54012643.,), (54111334.,)] (HHMMSSMSS)
   Remove SATPYR.tdf Data
   Length of dataset prior to removal 0 long
Eliminate data between: [(54131503.,), (54230175.,)] (HHMMSSMSS)
   Remove SATPYR.tdf Data
   Length of dataset prior to removal 0 long
Eliminate data between: [(54711111.,), (54809672.,)] (HHMMSSMSS)
   Remove SATPYR.tdf Data
   Length of dataset prior to removal 0 long
Data end   0 long, a loss of 100%
L2 processing failed. Nothing to output.
