ProcessL2s: /Users/daurin/Projects_Supplemental/HyperPACE/Field_Data/Processed/KORUS/L2/1614200_L2.hdf
   Flag data from TT2: (3545294.,) to (3702103.,)(HHMMSSMSS)
Percentage of SATNAV data out of Solar Azimuth bounds: 18%
Filtering file for bad Absolute Rotator Angle
   Flag data from TT2: (3553334.,) to (3736305.,)(HHMMSSMSS)
   Flag data from TT2: (5021981.,) to (5138785.,)(HHMMSSMSS)
Percentage of SATNAV data out of Absolute Rotator bounds: 5%
Filtering file for Rotator Delay
   Flag data from TT2: (3553334.,) to (3652005.,)(HHMMSSMSS)
   Flag data from TT2: (3738345.,) to (3836905.,)(HHMMSSMSS)
   Flag data from TT2: (5021981.,) to (5120628.,)(HHMMSSMSS)
   Flag data from TT2: (5140825.,) to (5239454.,)(HHMMSSMSS)
   Flag data from TT2: (5338055.,) to (5436718.,)(HHMMSSMSS)
Percentage of SATNAV data out of Rotator Delay bounds: 8%
Eliminate combined filtered data from datasets.__________________________________
Eliminate data between: [(3545294.,), (3702103.,)] (HHMMSSMSS)
   Remove GPS Data
   Length of dataset prior to removal 1786 long
Eliminate data between: [(3553334.,), (3736305.,)] (HHMMSSMSS)
   Length of dataset prior to removal 1748 long
Eliminate data between: [(5021981.,), (5138785.,)] (HHMMSSMSS)
   Length of dataset prior to removal 1731 long
Eliminate data between: [(3553334.,), (3652005.,)] (HHMMSSMSS)
   Length of dataset prior to removal 1693 long
Eliminate data between: [(3738345.,), (3836905.,)] (HHMMSSMSS)
   Length of dataset prior to removal 1693 long
Eliminate data between: [(5021981.,), (5120628.,)] (HHMMSSMSS)
   Length of dataset prior to removal 1665 long
Eliminate data between: [(5140825.,), (5239454.,)] (HHMMSSMSS)
   Length of dataset prior to removal 1665 long
Eliminate data between: [(5338055.,), (5436718.,)] (HHMMSSMSS)
   Length of dataset prior to removal 1636 long
Data end   1607 long, a loss of 10%
Eliminate data between: [(3545294.,), (3702103.,)] (HHMMSSMSS)
   Remove HSE488B.cal Data
   Length of dataset prior to removal 701 long
Eliminate data between: [(3553334.,), (3736305.,)] (HHMMSSMSS)
   Remove HSE488B.cal Data
   Length of dataset prior to removal 636 long
Eliminate data between: [(5021981.,), (5138785.,)] (HHMMSSMSS)
   Remove HSE488B.cal Data
   Length of dataset prior to removal 636 long
Eliminate data between: [(3553334.,), (3652005.,)] (HHMMSSMSS)
   Remove HSE488B.cal Data
   Length of dataset prior to removal 566 long
Eliminate data between: [(3738345.,), (3836905.,)] (HHMMSSMSS)
   Remove HSE488B.cal Data
   Length of dataset prior to removal 566 long
Eliminate data between: [(5021981.,), (5120628.,)] (HHMMSSMSS)
   Remove HSE488B.cal Data
   Length of dataset prior to removal 566 long
Eliminate data between: [(5140825.,), (5239454.,)] (HHMMSSMSS)
   Remove HSE488B.cal Data
   Length of dataset prior to removal 566 long
Eliminate data between: [(5338055.,), (5436718.,)] (HHMMSSMSS)
   Remove HSE488B.cal Data
   Length of dataset prior to removal 499 long
Data end   424 long, a loss of 40%
Eliminate data between: [(3545294.,), (3702103.,)] (HHMMSSMSS)
   Remove HSL385B.cal Data
   Length of dataset prior to removal 771 long
Eliminate data between: [(3553334.,), (3736305.,)] (HHMMSSMSS)
   Remove HSL385B.cal Data
   Length of dataset prior to removal 695 long
Eliminate data between: [(5021981.,), (5138785.,)] (HHMMSSMSS)
   Remove HSL385B.cal Data
   Length of dataset prior to removal 695 long
Eliminate data between: [(3553334.,), (3652005.,)] (HHMMSSMSS)
   Remove HSL385B.cal Data
   Length of dataset prior to removal 622 long
Eliminate data between: [(3738345.,), (3836905.,)] (HHMMSSMSS)
   Remove HSL385B.cal Data
   Length of dataset prior to removal 622 long
Eliminate data between: [(5021981.,), (5120628.,)] (HHMMSSMSS)
   Remove HSL385B.cal Data
   Length of dataset prior to removal 622 long
Eliminate data between: [(5140825.,), (5239454.,)] (HHMMSSMSS)
   Remove HSL385B.cal Data
   Length of dataset prior to removal 622 long
Eliminate data between: [(5338055.,), (5436718.,)] (HHMMSSMSS)
   Remove HSL385B.cal Data
   Length of dataset prior to removal 548 long
Data end   475 long, a loss of 38%
Eliminate data between: [(3545294.,), (3702103.,)] (HHMMSSMSS)
   Remove HSL386B.cal Data
   Length of dataset prior to removal 290 long
Eliminate data between: [(3553334.,), (3736305.,)] (HHMMSSMSS)
   Remove HSL386B.cal Data
   Length of dataset prior to removal 255 long
Eliminate data between: [(5021981.,), (5138785.,)] (HHMMSSMSS)
   Remove HSL386B.cal Data
   Length of dataset prior to removal 255 long
Eliminate data between: [(3553334.,), (3652005.,)] (HHMMSSMSS)
   Remove HSL386B.cal Data
   Length of dataset prior to removal 221 long
Eliminate data between: [(3738345.,), (3836905.,)] (HHMMSSMSS)
   Remove HSL386B.cal Data
   Length of dataset prior to removal 221 long
Eliminate data between: [(5021981.,), (5120628.,)] (HHMMSSMSS)
   Remove HSL386B.cal Data
   Length of dataset prior to removal 221 long
Eliminate data between: [(5140825.,), (5239454.,)] (HHMMSSMSS)
   Remove HSL386B.cal Data
   Length of dataset prior to removal 221 long
Eliminate data between: [(5338055.,), (5436718.,)] (HHMMSSMSS)
   Remove HSL386B.cal Data
   Length of dataset prior to removal 187 long
Data end   149 long, a loss of 49%
Eliminate data between: [(3545294.,), (3702103.,)] (HHMMSSMSS)
   Remove SATNAV0001A.tdf Data
   Length of dataset prior to removal 1784 long
Eliminate data between: [(3553334.,), (3736305.,)] (HHMMSSMSS)
   Remove SATNAV0001A.tdf Data
   Length of dataset prior to removal 1745 long
Eliminate data between: [(5021981.,), (5138785.,)] (HHMMSSMSS)
   Remove SATNAV0001A.tdf Data
   Length of dataset prior to removal 1728 long
Eliminate data between: [(3553334.,), (3652005.,)] (HHMMSSMSS)
   Remove SATNAV0001A.tdf Data
   Length of dataset prior to removal 1689 long
Eliminate data between: [(3738345.,), (3836905.,)] (HHMMSSMSS)
   Remove SATNAV0001A.tdf Data
   Length of dataset prior to removal 1689 long
Eliminate data between: [(5021981.,), (5120628.,)] (HHMMSSMSS)
   Remove SATNAV0001A.tdf Data
   Length of dataset prior to removal 1659 long
Eliminate data between: [(5140825.,), (5239454.,)] (HHMMSSMSS)
   Remove SATNAV0001A.tdf Data
   Length of dataset prior to removal 1659 long
Eliminate data between: [(5338055.,), (5436718.,)] (HHMMSSMSS)
   Remove SATNAV0001A.tdf Data
   Length of dataset prior to removal 1629 long
Data end   1599 long, a loss of 10%
Eliminate data between: [(3545294.,), (3702103.,)] (HHMMSSMSS)
   Remove SATPYR.tdf Data
   Length of dataset prior to removal 55 long
Eliminate data between: [(3553334.,), (3736305.,)] (HHMMSSMSS)
   Remove SATPYR.tdf Data
   Length of dataset prior to removal 50 long
Eliminate data between: [(5021981.,), (5138785.,)] (HHMMSSMSS)
   Remove SATPYR.tdf Data
   Length of dataset prior to removal 50 long
Eliminate data between: [(3553334.,), (3652005.,)] (HHMMSSMSS)
   Remove SATPYR.tdf Data
   Length of dataset prior to removal 45 long
Eliminate data between: [(3738345.,), (3836905.,)] (HHMMSSMSS)
   Remove SATPYR.tdf Data
   Length of dataset prior to removal 45 long
Eliminate data between: [(5021981.,), (5120628.,)] (HHMMSSMSS)
   Remove SATPYR.tdf Data
   Length of dataset prior to removal 45 long
Eliminate data between: [(5140825.,), (5239454.,)] (HHMMSSMSS)
   Remove SATPYR.tdf Data
   Length of dataset prior to removal 45 long
Eliminate data between: [(5338055.,), (5436718.,)] (HHMMSSMSS)
   Remove SATPYR.tdf Data
   Length of dataset prior to removal 40 long
Data end   35 long, a loss of 36%
LT has fewest records - interpolating to LT
Interpolate Data ES
Interpolate Data LI
Interpolate Data LT
Interpolate GPS Data
Interpolate SATNAV Data
L2s file produced: /Users/daurin/Projects_Supplemental/HyperPACE/Field_Data/Processed/KORUS/L2s/1614200_L2s.hdf
