ProcessL2s: /Users/daurin/Projects_Supplemental/HyperPACE/Field_Data/Processed/KORUS/L2/1614108_L2.hdf
   Flag data from TT2: (75952443.,) to (80631891.,)(HHMMSSMSS)
   Flag data from TT2: (80718250.,) to (80824981.,)(HHMMSSMSS)
   Flag data from TT2: (80949761.,) to (80959962.,)(HHMMSSMSS)
   Flag data from TT2: (81231408.,) to (81231408.,)(HHMMSSMSS)
   Flag data from TT2: (81352301.,) to (81535145.,)(HHMMSSMSS)
   Flag data from TT2: (81923455.,) to (84428314.,)(HHMMSSMSS)
Percentage of SATNAV data out of Solar Azimuth bounds: 82%
Filtering file for bad Absolute Rotator Angle
   Flag data from TT2: (81814767.,) to (81955735.,)(HHMMSSMSS)
   Flag data from TT2: (84438396.,) to (84621405.,)(HHMMSSMSS)
Percentage of SATNAV data out of Absolute Rotator bounds: 6%
Filtering file for Rotator Delay
   Flag data from TT2: (80716209.,) to (80814883.,)(HHMMSSMSS)
   Flag data from TT2: (80835061.,) to (80933649.,)(HHMMSSMSS)
   Flag data from TT2: (81010042.,) to (81108620.,)(HHMMSSMSS)
   Flag data from TT2: (81124713.,) to (81223423.,)(HHMMSSMSS)
   Flag data from TT2: (81243530.,) to (81342216.,)(HHMMSSMSS)
   Flag data from TT2: (81424582.,) to (81523023.,)(HHMMSSMSS)
   Flag data from TT2: (81545225.,) to (81643857.,)(HHMMSSMSS)
   Flag data from TT2: (81659977.,) to (81758563.,)(HHMMSSMSS)
   Flag data from TT2: (81814767.,) to (81913351.,)(HHMMSSMSS)
   Flag data from TT2: (81957774.,) to (82056216.,)(HHMMSSMSS)
   Flag data from TT2: (84438396.,) to (84536974.,)(HHMMSSMSS)
   Flag data from TT2: (84623445.,) to (84721887.,)(HHMMSSMSS)
Percentage of SATNAV data out of Rotator Delay bounds: 20%
Eliminate combined filtered data from datasets.__________________________________
Eliminate data between: [(75952443.,), (80631891.,)] (HHMMSSMSS)
   Remove GPS Data
   Length of dataset prior to removal 1789 long
Eliminate data between: [(80718250.,), (80824981.,)] (HHMMSSMSS)
   Length of dataset prior to removal 1592 long
Eliminate data between: [(80949761.,), (80959962.,)] (HHMMSSMSS)
   Length of dataset prior to removal 1559 long
Eliminate data between: [(81231408.,), (81231408.,)] (HHMMSSMSS)
   Length of dataset prior to removal 1554 long
Eliminate data between: [(81352301.,), (81535145.,)] (HHMMSSMSS)
   Length of dataset prior to removal 1554 long
Eliminate data between: [(81923455.,), (84428314.,)] (HHMMSSMSS)
   Length of dataset prior to removal 1503 long
Eliminate data between: [(81814767.,), (81955735.,)] (HHMMSSMSS)
   Length of dataset prior to removal 756 long
Eliminate data between: [(84438396.,), (84621405.,)] (HHMMSSMSS)
   Length of dataset prior to removal 721 long
Eliminate data between: [(80716209.,), (80814883.,)] (HHMMSSMSS)
   Length of dataset prior to removal 670 long
Eliminate data between: [(80835061.,), (80933649.,)] (HHMMSSMSS)
   Length of dataset prior to removal 669 long
Eliminate data between: [(81010042.,), (81108620.,)] (HHMMSSMSS)
   Length of dataset prior to removal 641 long
Eliminate data between: [(81124713.,), (81223423.,)] (HHMMSSMSS)
   Length of dataset prior to removal 613 long
Eliminate data between: [(81243530.,), (81342216.,)] (HHMMSSMSS)
   Length of dataset prior to removal 583 long
Eliminate data between: [(81424582.,), (81523023.,)] (HHMMSSMSS)
   Length of dataset prior to removal 553 long
Eliminate data between: [(81545225.,), (81643857.,)] (HHMMSSMSS)
   Length of dataset prior to removal 553 long
Eliminate data between: [(81659977.,), (81758563.,)] (HHMMSSMSS)
   Length of dataset prior to removal 525 long
Eliminate data between: [(81814767.,), (81913351.,)] (HHMMSSMSS)
   Length of dataset prior to removal 496 long
Eliminate data between: [(81957774.,), (82056216.,)] (HHMMSSMSS)
   Length of dataset prior to removal 496 long
Eliminate data between: [(84438396.,), (84536974.,)] (HHMMSSMSS)
   Length of dataset prior to removal 496 long
Eliminate data between: [(84623445.,), (84721887.,)] (HHMMSSMSS)
   Length of dataset prior to removal 496 long
Data end   468 long, a loss of 74%
Eliminate data between: [(75952443.,), (80631891.,)] (HHMMSSMSS)
   Remove HSE488B.cal Data
   Length of dataset prior to removal 500 long
Eliminate data between: [(80718250.,), (80824981.,)] (HHMMSSMSS)
   Remove HSE488B.cal Data
   Length of dataset prior to removal 500 long
Eliminate data between: [(80949761.,), (80959962.,)] (HHMMSSMSS)
   Remove HSE488B.cal Data
   Length of dataset prior to removal 445 long
Eliminate data between: [(81231408.,), (81231408.,)] (HHMMSSMSS)
   Remove HSE488B.cal Data
   Length of dataset prior to removal 445 long
Eliminate data between: [(81352301.,), (81535145.,)] (HHMMSSMSS)
   Remove HSE488B.cal Data
   Length of dataset prior to removal 445 long
Eliminate data between: [(81923455.,), (84428314.,)] (HHMMSSMSS)
   Remove HSE488B.cal Data
   Length of dataset prior to removal 445 long
Eliminate data between: [(81814767.,), (81955735.,)] (HHMMSSMSS)
   Remove HSE488B.cal Data
   Length of dataset prior to removal 445 long
Eliminate data between: [(84438396.,), (84621405.,)] (HHMMSSMSS)
   Remove HSE488B.cal Data
   Length of dataset prior to removal 394 long
Eliminate data between: [(80716209.,), (80814883.,)] (HHMMSSMSS)
   Remove HSE488B.cal Data
   Length of dataset prior to removal 340 long
Eliminate data between: [(80835061.,), (80933649.,)] (HHMMSSMSS)
   Remove HSE488B.cal Data
   Length of dataset prior to removal 340 long
Eliminate data between: [(81010042.,), (81108620.,)] (HHMMSSMSS)
   Remove HSE488B.cal Data
   Length of dataset prior to removal 283 long
Eliminate data between: [(81124713.,), (81223423.,)] (HHMMSSMSS)
   Remove HSE488B.cal Data
   Length of dataset prior to removal 228 long
Eliminate data between: [(81243530.,), (81342216.,)] (HHMMSSMSS)
   Remove HSE488B.cal Data
   Length of dataset prior to removal 175 long
Eliminate data between: [(81424582.,), (81523023.,)] (HHMMSSMSS)
   Remove HSE488B.cal Data
   Length of dataset prior to removal 119 long
Eliminate data between: [(81545225.,), (81643857.,)] (HHMMSSMSS)
   Remove HSE488B.cal Data
   Length of dataset prior to removal 119 long
Eliminate data between: [(81659977.,), (81758563.,)] (HHMMSSMSS)
   Remove HSE488B.cal Data
   Length of dataset prior to removal 66 long
Eliminate data between: [(81814767.,), (81913351.,)] (HHMMSSMSS)
   Remove HSE488B.cal Data
   Length of dataset prior to removal 12 long
Eliminate data between: [(81957774.,), (82056216.,)] (HHMMSSMSS)
   Remove HSE488B.cal Data
   Length of dataset prior to removal 12 long
Eliminate data between: [(84438396.,), (84536974.,)] (HHMMSSMSS)
   Remove HSE488B.cal Data
   Length of dataset prior to removal 12 long
Eliminate data between: [(84623445.,), (84721887.,)] (HHMMSSMSS)
   Remove HSE488B.cal Data
   Length of dataset prior to removal 12 long
Data end   12 long, a loss of 98%
Eliminate data between: [(75952443.,), (80631891.,)] (HHMMSSMSS)
   Remove HSL385B.cal Data
   Length of dataset prior to removal 728 long
Eliminate data between: [(80718250.,), (80824981.,)] (HHMMSSMSS)
   Remove HSL385B.cal Data
   Length of dataset prior to removal 728 long
Eliminate data between: [(80949761.,), (80959962.,)] (HHMMSSMSS)
   Remove HSL385B.cal Data
   Length of dataset prior to removal 647 long
Eliminate data between: [(81231408.,), (81231408.,)] (HHMMSSMSS)
   Remove HSL385B.cal Data
   Length of dataset prior to removal 647 long
Eliminate data between: [(81352301.,), (81535145.,)] (HHMMSSMSS)
   Remove HSL385B.cal Data
   Length of dataset prior to removal 647 long
Eliminate data between: [(81923455.,), (84428314.,)] (HHMMSSMSS)
   Remove HSL385B.cal Data
   Length of dataset prior to removal 647 long
Eliminate data between: [(81814767.,), (81955735.,)] (HHMMSSMSS)
   Remove HSL385B.cal Data
   Length of dataset prior to removal 647 long
Eliminate data between: [(84438396.,), (84621405.,)] (HHMMSSMSS)
   Remove HSL385B.cal Data
   Length of dataset prior to removal 570 long
Eliminate data between: [(80716209.,), (80814883.,)] (HHMMSSMSS)
   Remove HSL385B.cal Data
   Length of dataset prior to removal 488 long
Eliminate data between: [(80835061.,), (80933649.,)] (HHMMSSMSS)
   Remove HSL385B.cal Data
   Length of dataset prior to removal 488 long
Eliminate data between: [(81010042.,), (81108620.,)] (HHMMSSMSS)
   Remove HSL385B.cal Data
   Length of dataset prior to removal 405 long
Eliminate data between: [(81124713.,), (81223423.,)] (HHMMSSMSS)
   Remove HSL385B.cal Data
   Length of dataset prior to removal 323 long
Eliminate data between: [(81243530.,), (81342216.,)] (HHMMSSMSS)
   Remove HSL385B.cal Data
   Length of dataset prior to removal 244 long
Eliminate data between: [(81424582.,), (81523023.,)] (HHMMSSMSS)
   Remove HSL385B.cal Data
   Length of dataset prior to removal 169 long
Eliminate data between: [(81545225.,), (81643857.,)] (HHMMSSMSS)
   Remove HSL385B.cal Data
   Length of dataset prior to removal 169 long
Eliminate data between: [(81659977.,), (81758563.,)] (HHMMSSMSS)
   Remove HSL385B.cal Data
   Length of dataset prior to removal 88 long
Eliminate data between: [(81814767.,), (81913351.,)] (HHMMSSMSS)
   Remove HSL385B.cal Data
   Length of dataset prior to removal 10 long
Eliminate data between: [(81957774.,), (82056216.,)] (HHMMSSMSS)
   Remove HSL385B.cal Data
   Length of dataset prior to removal 10 long
Eliminate data between: [(84438396.,), (84536974.,)] (HHMMSSMSS)
   Remove HSL385B.cal Data
   Length of dataset prior to removal 10 long
Eliminate data between: [(84623445.,), (84721887.,)] (HHMMSSMSS)
   Remove HSL385B.cal Data
   Length of dataset prior to removal 10 long
Data end   10 long, a loss of 99%
Eliminate data between: [(75952443.,), (80631891.,)] (HHMMSSMSS)
   Remove HSL386B.cal Data
   Length of dataset prior to removal 169 long
Eliminate data between: [(80718250.,), (80824981.,)] (HHMMSSMSS)
   Remove HSL386B.cal Data
   Length of dataset prior to removal 169 long
Eliminate data between: [(80949761.,), (80959962.,)] (HHMMSSMSS)
   Remove HSL386B.cal Data
   Length of dataset prior to removal 152 long
Eliminate data between: [(81231408.,), (81231408.,)] (HHMMSSMSS)
   Remove HSL386B.cal Data
   Length of dataset prior to removal 152 long
Eliminate data between: [(81352301.,), (81535145.,)] (HHMMSSMSS)
   Remove HSL386B.cal Data
   Length of dataset prior to removal 152 long
Eliminate data between: [(81923455.,), (84428314.,)] (HHMMSSMSS)
   Remove HSL386B.cal Data
   Length of dataset prior to removal 152 long
Eliminate data between: [(81814767.,), (81955735.,)] (HHMMSSMSS)
   Remove HSL386B.cal Data
   Length of dataset prior to removal 152 long
Eliminate data between: [(84438396.,), (84621405.,)] (HHMMSSMSS)
   Remove HSL386B.cal Data
   Length of dataset prior to removal 133 long
Eliminate data between: [(80716209.,), (80814883.,)] (HHMMSSMSS)
   Remove HSL386B.cal Data
   Length of dataset prior to removal 114 long
Eliminate data between: [(80835061.,), (80933649.,)] (HHMMSSMSS)
   Remove HSL386B.cal Data
   Length of dataset prior to removal 114 long
Eliminate data between: [(81010042.,), (81108620.,)] (HHMMSSMSS)
   Remove HSL386B.cal Data
   Length of dataset prior to removal 95 long
Eliminate data between: [(81124713.,), (81223423.,)] (HHMMSSMSS)
   Remove HSL386B.cal Data
   Length of dataset prior to removal 76 long
Eliminate data between: [(81243530.,), (81342216.,)] (HHMMSSMSS)
   Remove HSL386B.cal Data
   Length of dataset prior to removal 55 long
Eliminate data between: [(81424582.,), (81523023.,)] (HHMMSSMSS)
   Remove HSL386B.cal Data
   Length of dataset prior to removal 36 long
Eliminate data between: [(81545225.,), (81643857.,)] (HHMMSSMSS)
   Remove HSL386B.cal Data
   Length of dataset prior to removal 36 long
Eliminate data between: [(81659977.,), (81758563.,)] (HHMMSSMSS)
   Remove HSL386B.cal Data
   Length of dataset prior to removal 18 long
Eliminate data between: [(81814767.,), (81913351.,)] (HHMMSSMSS)
   Remove HSL386B.cal Data
   Length of dataset prior to removal 0 long
Eliminate data between: [(81957774.,), (82056216.,)] (HHMMSSMSS)
   Remove HSL386B.cal Data
   Length of dataset prior to removal 0 long
Eliminate data between: [(84438396.,), (84536974.,)] (HHMMSSMSS)
   Remove HSL386B.cal Data
   Length of dataset prior to removal 0 long
Eliminate data between: [(84623445.,), (84721887.,)] (HHMMSSMSS)
   Remove HSL386B.cal Data
   Length of dataset prior to removal 0 long
Data end   0 long, a loss of 100%
Eliminate data between: [(75952443.,), (80631891.,)] (HHMMSSMSS)
   Remove SATNAV0001A.tdf Data
   Length of dataset prior to removal 1788 long
Eliminate data between: [(80718250.,), (80824981.,)] (HHMMSSMSS)
   Remove SATNAV0001A.tdf Data
   Length of dataset prior to removal 1589 long
Eliminate data between: [(80949761.,), (80959962.,)] (HHMMSSMSS)
   Remove SATNAV0001A.tdf Data
   Length of dataset prior to removal 1555 long
Eliminate data between: [(81231408.,), (81231408.,)] (HHMMSSMSS)
   Remove SATNAV0001A.tdf Data
   Length of dataset prior to removal 1549 long
Eliminate data between: [(81352301.,), (81535145.,)] (HHMMSSMSS)
   Remove SATNAV0001A.tdf Data
   Length of dataset prior to removal 1548 long
Eliminate data between: [(81923455.,), (84428314.,)] (HHMMSSMSS)
   Remove SATNAV0001A.tdf Data
   Length of dataset prior to removal 1496 long
Eliminate data between: [(81814767.,), (81955735.,)] (HHMMSSMSS)
   Remove SATNAV0001A.tdf Data
   Length of dataset prior to removal 749 long
Eliminate data between: [(84438396.,), (84621405.,)] (HHMMSSMSS)
   Remove SATNAV0001A.tdf Data
   Length of dataset prior to removal 715 long
Eliminate data between: [(80716209.,), (80814883.,)] (HHMMSSMSS)
   Remove SATNAV0001A.tdf Data
   Length of dataset prior to removal 663 long
Eliminate data between: [(80835061.,), (80933649.,)] (HHMMSSMSS)
   Remove SATNAV0001A.tdf Data
   Length of dataset prior to removal 662 long
Eliminate data between: [(81010042.,), (81108620.,)] (HHMMSSMSS)
   Remove SATNAV0001A.tdf Data
   Length of dataset prior to removal 632 long
Eliminate data between: [(81124713.,), (81223423.,)] (HHMMSSMSS)
   Remove SATNAV0001A.tdf Data
   Length of dataset prior to removal 602 long
Eliminate data between: [(81243530.,), (81342216.,)] (HHMMSSMSS)
   Remove SATNAV0001A.tdf Data
   Length of dataset prior to removal 572 long
Eliminate data between: [(81424582.,), (81523023.,)] (HHMMSSMSS)
   Remove SATNAV0001A.tdf Data
   Length of dataset prior to removal 542 long
Eliminate data between: [(81545225.,), (81643857.,)] (HHMMSSMSS)
   Remove SATNAV0001A.tdf Data
   Length of dataset prior to removal 542 long
Eliminate data between: [(81659977.,), (81758563.,)] (HHMMSSMSS)
   Remove SATNAV0001A.tdf Data
   Length of dataset prior to removal 512 long
Eliminate data between: [(81814767.,), (81913351.,)] (HHMMSSMSS)
   Remove SATNAV0001A.tdf Data
   Length of dataset prior to removal 482 long
Eliminate data between: [(81957774.,), (82056216.,)] (HHMMSSMSS)
   Remove SATNAV0001A.tdf Data
   Length of dataset prior to removal 482 long
Eliminate data between: [(84438396.,), (84536974.,)] (HHMMSSMSS)
   Remove SATNAV0001A.tdf Data
   Length of dataset prior to removal 482 long
Eliminate data between: [(84623445.,), (84721887.,)] (HHMMSSMSS)
   Remove SATNAV0001A.tdf Data
   Length of dataset prior to removal 482 long
Data end   452 long, a loss of 75%
Eliminate data between: [(75952443.,), (80631891.,)] (HHMMSSMSS)
   Remove SATPYR.tdf Data
   Length of dataset prior to removal 41 long
Eliminate data between: [(80718250.,), (80824981.,)] (HHMMSSMSS)
   Remove SATPYR.tdf Data
   Length of dataset prior to removal 41 long
Eliminate data between: [(80949761.,), (80959962.,)] (HHMMSSMSS)
   Remove SATPYR.tdf Data
   Length of dataset prior to removal 36 long
Eliminate data between: [(81231408.,), (81231408.,)] (HHMMSSMSS)
   Remove SATPYR.tdf Data
   Length of dataset prior to removal 36 long
Eliminate data between: [(81352301.,), (81535145.,)] (HHMMSSMSS)
   Remove SATPYR.tdf Data
   Length of dataset prior to removal 36 long
Eliminate data between: [(81923455.,), (84428314.,)] (HHMMSSMSS)
   Remove SATPYR.tdf Data
   Length of dataset prior to removal 36 long
Eliminate data between: [(81814767.,), (81955735.,)] (HHMMSSMSS)
   Remove SATPYR.tdf Data
   Length of dataset prior to removal 36 long
Eliminate data between: [(84438396.,), (84621405.,)] (HHMMSSMSS)
   Remove SATPYR.tdf Data
   Length of dataset prior to removal 31 long
Eliminate data between: [(80716209.,), (80814883.,)] (HHMMSSMSS)
   Remove SATPYR.tdf Data
   Length of dataset prior to removal 26 long
Eliminate data between: [(80835061.,), (80933649.,)] (HHMMSSMSS)
   Remove SATPYR.tdf Data
   Length of dataset prior to removal 26 long
Eliminate data between: [(81010042.,), (81108620.,)] (HHMMSSMSS)
   Remove SATPYR.tdf Data
   Length of dataset prior to removal 21 long
Eliminate data between: [(81124713.,), (81223423.,)] (HHMMSSMSS)
   Remove SATPYR.tdf Data
   Length of dataset prior to removal 16 long
Eliminate data between: [(81243530.,), (81342216.,)] (HHMMSSMSS)
   Remove SATPYR.tdf Data
   Length of dataset prior to removal 11 long
Eliminate data between: [(81424582.,), (81523023.,)] (HHMMSSMSS)
   Remove SATPYR.tdf Data
   Length of dataset prior to removal 11 long
Eliminate data between: [(81545225.,), (81643857.,)] (HHMMSSMSS)
   Remove SATPYR.tdf Data
   Length of dataset prior to removal 11 long
Eliminate data between: [(81659977.,), (81758563.,)] (HHMMSSMSS)
   Remove SATPYR.tdf Data
   Length of dataset prior to removal 6 long
Eliminate data between: [(81814767.,), (81913351.,)] (HHMMSSMSS)
   Remove SATPYR.tdf Data
   Length of dataset prior to removal 1 long
Eliminate data between: [(81957774.,), (82056216.,)] (HHMMSSMSS)
   Remove SATPYR.tdf Data
   Length of dataset prior to removal 1 long
Eliminate data between: [(84438396.,), (84536974.,)] (HHMMSSMSS)
   Remove SATPYR.tdf Data
   Length of dataset prior to removal 1 long
Eliminate data between: [(84623445.,), (84721887.,)] (HHMMSSMSS)
   Remove SATPYR.tdf Data
   Length of dataset prior to removal 1 long
Data end   1 long, a loss of 98%
L2 processing failed. Nothing to output.
