ProcessL2s: /Users/daurin/Projects_Supplemental/HyperPACE/Field_Data/Processed/KORUS/L2/1614305_L2.hdf
   Flag data from TT2: (51104191.,) to (51114391.,)(HHMMSSMSS)
Percentage of SATNAV data out of Solar Azimuth bounds: 0%
Filtering file for bad Absolute Rotator Angle
Percentage of SATNAV data out of Absolute Rotator bounds: 0%
Filtering file for Rotator Delay
   Flag data from TT2: (50007189.,) to (50105875.,)(HHMMSSMSS)
   Flag data from TT2: (50124000.,) to (50222668.,)(HHMMSSMSS)
   Flag data from TT2: (50236840.,) to (50335492.,)(HHMMSSMSS)
   Flag data from TT2: (50353623.,) to (50452163.,)(HHMMSSMSS)
   Flag data from TT2: (50810410.,) to (50909081.,)(HHMMSSMSS)
   Flag data from TT2: (50931239.,) to (51029891.,)(HHMMSSMSS)
   Flag data from TT2: (51124471.,) to (51222985.,)(HHMMSSMSS)
   Flag data from TT2: (51251315.,) to (51349991.,)(HHMMSSMSS)
   Flag data from TT2: (51653984.,) to (51752658.,)(HHMMSSMSS)
   Flag data from TT2: (51806712.,) to (51905476.,)(HHMMSSMSS)
   Flag data from TT2: (51921584.,) to (52020237.,)(HHMMSSMSS)
   Flag data from TT2: (52036319.,) to (52134993.,)(HHMMSSMSS)
   Flag data from TT2: (52221563.,) to (52320212.,)(HHMMSSMSS)
   Flag data from TT2: (52537672.,) to (52636462.,)(HHMMSSMSS)
   Flag data from TT2: (52700671.,) to (52759307.,)(HHMMSSMSS)
   Flag data from TT2: (52926263.,) to (53024922.,)(HHMMSSMSS)
   Flag data from TT2: (53133666.,) to (53232226.,)(HHMMSSMSS)
   Flag data from TT2: (53330909.,) to (53429576.,)(HHMMSSMSS)
   Flag data from TT2: (53606622.,) to (53705162.,)(HHMMSSMSS)
   Flag data from TT2: (53739552.,) to (53838208.,)(HHMMSSMSS)
   Flag data from TT2: (53852388.,) to (53951039.,)(HHMMSSMSS)
   Flag data from TT2: (54005088.,) to (54103744.,)(HHMMSSMSS)
   Flag data from TT2: (54136035.,) to (54234683.,)(HHMMSSMSS)
   Flag data from TT2: (54520493.,) to (54619149.,)(HHMMSSMSS)
   Flag data from TT2: (54816462.,) to (54915111.,)(HHMMSSMSS)
Percentage of SATNAV data out of Rotator Delay bounds: 42%
Eliminate combined filtered data from datasets.__________________________________
Eliminate data between: [(51104191.,), (51114391.,)] (HHMMSSMSS)
   Remove GPS Data
   Length of dataset prior to removal 1788 long
Eliminate data between: [(50007189.,), (50105875.,)] (HHMMSSMSS)
   Length of dataset prior to removal 1783 long
Eliminate data between: [(50124000.,), (50222668.,)] (HHMMSSMSS)
   Length of dataset prior to removal 1754 long
Eliminate data between: [(50236840.,), (50335492.,)] (HHMMSSMSS)
   Length of dataset prior to removal 1725 long
Eliminate data between: [(50353623.,), (50452163.,)] (HHMMSSMSS)
   Length of dataset prior to removal 1696 long
Eliminate data between: [(50810410.,), (50909081.,)] (HHMMSSMSS)
   Length of dataset prior to removal 1667 long
Eliminate data between: [(50931239.,), (51029891.,)] (HHMMSSMSS)
   Length of dataset prior to removal 1638 long
Eliminate data between: [(51124471.,), (51222985.,)] (HHMMSSMSS)
   Length of dataset prior to removal 1609 long
Eliminate data between: [(51251315.,), (51349991.,)] (HHMMSSMSS)
   Length of dataset prior to removal 1580 long
Eliminate data between: [(51653984.,), (51752658.,)] (HHMMSSMSS)
   Length of dataset prior to removal 1551 long
Eliminate data between: [(51806712.,), (51905476.,)] (HHMMSSMSS)
   Length of dataset prior to removal 1522 long
Eliminate data between: [(51921584.,), (52020237.,)] (HHMMSSMSS)
   Length of dataset prior to removal 1493 long
Eliminate data between: [(52036319.,), (52134993.,)] (HHMMSSMSS)
   Length of dataset prior to removal 1464 long
Eliminate data between: [(52221563.,), (52320212.,)] (HHMMSSMSS)
   Length of dataset prior to removal 1435 long
Eliminate data between: [(52537672.,), (52636462.,)] (HHMMSSMSS)
   Length of dataset prior to removal 1405 long
Eliminate data between: [(52700671.,), (52759307.,)] (HHMMSSMSS)
   Length of dataset prior to removal 1376 long
Eliminate data between: [(52926263.,), (53024922.,)] (HHMMSSMSS)
   Length of dataset prior to removal 1347 long
Eliminate data between: [(53133666.,), (53232226.,)] (HHMMSSMSS)
   Length of dataset prior to removal 1318 long
Eliminate data between: [(53330909.,), (53429576.,)] (HHMMSSMSS)
   Length of dataset prior to removal 1289 long
Eliminate data between: [(53606622.,), (53705162.,)] (HHMMSSMSS)
   Length of dataset prior to removal 1260 long
Eliminate data between: [(53739552.,), (53838208.,)] (HHMMSSMSS)
   Length of dataset prior to removal 1231 long
Eliminate data between: [(53852388.,), (53951039.,)] (HHMMSSMSS)
   Length of dataset prior to removal 1202 long
Eliminate data between: [(54005088.,), (54103744.,)] (HHMMSSMSS)
   Length of dataset prior to removal 1173 long
Eliminate data between: [(54136035.,), (54234683.,)] (HHMMSSMSS)
   Length of dataset prior to removal 1144 long
Eliminate data between: [(54520493.,), (54619149.,)] (HHMMSSMSS)
   Length of dataset prior to removal 1115 long
Eliminate data between: [(54816462.,), (54915111.,)] (HHMMSSMSS)
   Length of dataset prior to removal 1086 long
Data end   1057 long, a loss of 41%
Eliminate data between: [(51104191.,), (51114391.,)] (HHMMSSMSS)
   Remove HSE488B.cal Data
   Length of dataset prior to removal 3665 long
Eliminate data between: [(50007189.,), (50105875.,)] (HHMMSSMSS)
   Remove HSE488B.cal Data
   Length of dataset prior to removal 3665 long
Eliminate data between: [(50124000.,), (50222668.,)] (HHMMSSMSS)
   Remove HSE488B.cal Data
   Length of dataset prior to removal 3596 long
Eliminate data between: [(50236840.,), (50335492.,)] (HHMMSSMSS)
   Remove HSE488B.cal Data
   Length of dataset prior to removal 3530 long
Eliminate data between: [(50353623.,), (50452163.,)] (HHMMSSMSS)
   Remove HSE488B.cal Data
   Length of dataset prior to removal 3465 long
Eliminate data between: [(50810410.,), (50909081.,)] (HHMMSSMSS)
   Remove HSE488B.cal Data
   Length of dataset prior to removal 3400 long
Eliminate data between: [(50931239.,), (51029891.,)] (HHMMSSMSS)
   Remove HSE488B.cal Data
   Length of dataset prior to removal 3334 long
Eliminate data between: [(51124471.,), (51222985.,)] (HHMMSSMSS)
   Remove HSE488B.cal Data
   Length of dataset prior to removal 3273 long
Eliminate data between: [(51251315.,), (51349991.,)] (HHMMSSMSS)
   Remove HSE488B.cal Data
   Length of dataset prior to removal 3209 long
Eliminate data between: [(51653984.,), (51752658.,)] (HHMMSSMSS)
   Remove HSE488B.cal Data
   Length of dataset prior to removal 3145 long
Eliminate data between: [(51806712.,), (51905476.,)] (HHMMSSMSS)
   Remove HSE488B.cal Data
   Length of dataset prior to removal 3075 long
Eliminate data between: [(51921584.,), (52020237.,)] (HHMMSSMSS)
   Remove HSE488B.cal Data
   Length of dataset prior to removal 3007 long
Eliminate data between: [(52036319.,), (52134993.,)] (HHMMSSMSS)
   Remove HSE488B.cal Data
   Length of dataset prior to removal 2935 long
Eliminate data between: [(52221563.,), (52320212.,)] (HHMMSSMSS)
   Remove HSE488B.cal Data
   Length of dataset prior to removal 2870 long
Eliminate data between: [(52537672.,), (52636462.,)] (HHMMSSMSS)
   Remove HSE488B.cal Data
   Length of dataset prior to removal 2797 long
Eliminate data between: [(52700671.,), (52759307.,)] (HHMMSSMSS)
   Remove HSE488B.cal Data
   Length of dataset prior to removal 2731 long
Eliminate data between: [(52926263.,), (53024922.,)] (HHMMSSMSS)
   Remove HSE488B.cal Data
   Length of dataset prior to removal 2669 long
Eliminate data between: [(53133666.,), (53232226.,)] (HHMMSSMSS)
   Remove HSE488B.cal Data
   Length of dataset prior to removal 2605 long
Eliminate data between: [(53330909.,), (53429576.,)] (HHMMSSMSS)
   Remove HSE488B.cal Data
   Length of dataset prior to removal 2537 long
Eliminate data between: [(53606622.,), (53705162.,)] (HHMMSSMSS)
   Remove HSE488B.cal Data
   Length of dataset prior to removal 2470 long
Eliminate data between: [(53739552.,), (53838208.,)] (HHMMSSMSS)
   Remove HSE488B.cal Data
   Length of dataset prior to removal 2401 long
Eliminate data between: [(53852388.,), (53951039.,)] (HHMMSSMSS)
   Remove HSE488B.cal Data
   Length of dataset prior to removal 2331 long
Eliminate data between: [(54005088.,), (54103744.,)] (HHMMSSMSS)
   Remove HSE488B.cal Data
   Length of dataset prior to removal 2267 long
Eliminate data between: [(54136035.,), (54234683.,)] (HHMMSSMSS)
   Remove HSE488B.cal Data
   Length of dataset prior to removal 2195 long
Eliminate data between: [(54520493.,), (54619149.,)] (HHMMSSMSS)
   Remove HSE488B.cal Data
   Length of dataset prior to removal 2123 long
Eliminate data between: [(54816462.,), (54915111.,)] (HHMMSSMSS)
   Remove HSE488B.cal Data
   Length of dataset prior to removal 2058 long
Data end   1993 long, a loss of 46%
Eliminate data between: [(51104191.,), (51114391.,)] (HHMMSSMSS)
   Remove HSL385B.cal Data
   Length of dataset prior to removal 4131 long
Eliminate data between: [(50007189.,), (50105875.,)] (HHMMSSMSS)
   Remove HSL385B.cal Data
   Length of dataset prior to removal 4131 long
Eliminate data between: [(50124000.,), (50222668.,)] (HHMMSSMSS)
   Remove HSL385B.cal Data
   Length of dataset prior to removal 4058 long
Eliminate data between: [(50236840.,), (50335492.,)] (HHMMSSMSS)
   Remove HSL385B.cal Data
   Length of dataset prior to removal 3982 long
Eliminate data between: [(50353623.,), (50452163.,)] (HHMMSSMSS)
   Remove HSL385B.cal Data
   Length of dataset prior to removal 3904 long
Eliminate data between: [(50810410.,), (50909081.,)] (HHMMSSMSS)
   Remove HSL385B.cal Data
   Length of dataset prior to removal 3830 long
Eliminate data between: [(50931239.,), (51029891.,)] (HHMMSSMSS)
   Remove HSL385B.cal Data
   Length of dataset prior to removal 3754 long
Eliminate data between: [(51124471.,), (51222985.,)] (HHMMSSMSS)
   Remove HSL385B.cal Data
   Length of dataset prior to removal 3676 long
Eliminate data between: [(51251315.,), (51349991.,)] (HHMMSSMSS)
   Remove HSL385B.cal Data
   Length of dataset prior to removal 3601 long
Eliminate data between: [(51653984.,), (51752658.,)] (HHMMSSMSS)
   Remove HSL385B.cal Data
   Length of dataset prior to removal 3528 long
Eliminate data between: [(51806712.,), (51905476.,)] (HHMMSSMSS)
   Remove HSL385B.cal Data
   Length of dataset prior to removal 3455 long
Eliminate data between: [(51921584.,), (52020237.,)] (HHMMSSMSS)
   Remove HSL385B.cal Data
   Length of dataset prior to removal 3382 long
Eliminate data between: [(52036319.,), (52134993.,)] (HHMMSSMSS)
   Remove HSL385B.cal Data
   Length of dataset prior to removal 3307 long
Eliminate data between: [(52221563.,), (52320212.,)] (HHMMSSMSS)
   Remove HSL385B.cal Data
   Length of dataset prior to removal 3231 long
Eliminate data between: [(52537672.,), (52636462.,)] (HHMMSSMSS)
   Remove HSL385B.cal Data
   Length of dataset prior to removal 3157 long
Eliminate data between: [(52700671.,), (52759307.,)] (HHMMSSMSS)
   Remove HSL385B.cal Data
   Length of dataset prior to removal 3084 long
Eliminate data between: [(52926263.,), (53024922.,)] (HHMMSSMSS)
   Remove HSL385B.cal Data
   Length of dataset prior to removal 3008 long
Eliminate data between: [(53133666.,), (53232226.,)] (HHMMSSMSS)
   Remove HSL385B.cal Data
   Length of dataset prior to removal 2930 long
Eliminate data between: [(53330909.,), (53429576.,)] (HHMMSSMSS)
   Remove HSL385B.cal Data
   Length of dataset prior to removal 2852 long
Eliminate data between: [(53606622.,), (53705162.,)] (HHMMSSMSS)
   Remove HSL385B.cal Data
   Length of dataset prior to removal 2775 long
Eliminate data between: [(53739552.,), (53838208.,)] (HHMMSSMSS)
   Remove HSL385B.cal Data
   Length of dataset prior to removal 2702 long
Eliminate data between: [(53852388.,), (53951039.,)] (HHMMSSMSS)
   Remove HSL385B.cal Data
   Length of dataset prior to removal 2631 long
Eliminate data between: [(54005088.,), (54103744.,)] (HHMMSSMSS)
   Remove HSL385B.cal Data
   Length of dataset prior to removal 2553 long
Eliminate data between: [(54136035.,), (54234683.,)] (HHMMSSMSS)
   Remove HSL385B.cal Data
   Length of dataset prior to removal 2479 long
Eliminate data between: [(54520493.,), (54619149.,)] (HHMMSSMSS)
   Remove HSL385B.cal Data
   Length of dataset prior to removal 2407 long
Eliminate data between: [(54816462.,), (54915111.,)] (HHMMSSMSS)
   Remove HSL385B.cal Data
   Length of dataset prior to removal 2332 long
Data end   2256 long, a loss of 45%
Eliminate data between: [(51104191.,), (51114391.,)] (HHMMSSMSS)
   Remove HSL386B.cal Data
   Length of dataset prior to removal 1988 long
Eliminate data between: [(50007189.,), (50105875.,)] (HHMMSSMSS)
   Remove HSL386B.cal Data
   Length of dataset prior to removal 1988 long
Eliminate data between: [(50124000.,), (50222668.,)] (HHMMSSMSS)
   Remove HSL386B.cal Data
   Length of dataset prior to removal 1954 long
Eliminate data between: [(50236840.,), (50335492.,)] (HHMMSSMSS)
   Remove HSL386B.cal Data
   Length of dataset prior to removal 1919 long
Eliminate data between: [(50353623.,), (50452163.,)] (HHMMSSMSS)
   Remove HSL386B.cal Data
   Length of dataset prior to removal 1885 long
Eliminate data between: [(50810410.,), (50909081.,)] (HHMMSSMSS)
   Remove HSL386B.cal Data
   Length of dataset prior to removal 1851 long
Eliminate data between: [(50931239.,), (51029891.,)] (HHMMSSMSS)
   Remove HSL386B.cal Data
   Length of dataset prior to removal 1814 long
Eliminate data between: [(51124471.,), (51222985.,)] (HHMMSSMSS)
   Remove HSL386B.cal Data
   Length of dataset prior to removal 1777 long
Eliminate data between: [(51251315.,), (51349991.,)] (HHMMSSMSS)
   Remove HSL386B.cal Data
   Length of dataset prior to removal 1739 long
Eliminate data between: [(51653984.,), (51752658.,)] (HHMMSSMSS)
   Remove HSL386B.cal Data
   Length of dataset prior to removal 1702 long
Eliminate data between: [(51806712.,), (51905476.,)] (HHMMSSMSS)
   Remove HSL386B.cal Data
   Length of dataset prior to removal 1667 long
Eliminate data between: [(51921584.,), (52020237.,)] (HHMMSSMSS)
   Remove HSL386B.cal Data
   Length of dataset prior to removal 1632 long
Eliminate data between: [(52036319.,), (52134993.,)] (HHMMSSMSS)
   Remove HSL386B.cal Data
   Length of dataset prior to removal 1596 long
Eliminate data between: [(52221563.,), (52320212.,)] (HHMMSSMSS)
   Remove HSL386B.cal Data
   Length of dataset prior to removal 1559 long
Eliminate data between: [(52537672.,), (52636462.,)] (HHMMSSMSS)
   Remove HSL386B.cal Data
   Length of dataset prior to removal 1520 long
Eliminate data between: [(52700671.,), (52759307.,)] (HHMMSSMSS)
   Remove HSL386B.cal Data
   Length of dataset prior to removal 1484 long
Eliminate data between: [(52926263.,), (53024922.,)] (HHMMSSMSS)
   Remove HSL386B.cal Data
   Length of dataset prior to removal 1447 long
Eliminate data between: [(53133666.,), (53232226.,)] (HHMMSSMSS)
   Remove HSL386B.cal Data
   Length of dataset prior to removal 1409 long
Eliminate data between: [(53330909.,), (53429576.,)] (HHMMSSMSS)
   Remove HSL386B.cal Data
   Length of dataset prior to removal 1371 long
Eliminate data between: [(53606622.,), (53705162.,)] (HHMMSSMSS)
   Remove HSL386B.cal Data
   Length of dataset prior to removal 1335 long
Eliminate data between: [(53739552.,), (53838208.,)] (HHMMSSMSS)
   Remove HSL386B.cal Data
   Length of dataset prior to removal 1298 long
Eliminate data between: [(53852388.,), (53951039.,)] (HHMMSSMSS)
   Remove HSL386B.cal Data
   Length of dataset prior to removal 1263 long
Eliminate data between: [(54005088.,), (54103744.,)] (HHMMSSMSS)
   Remove HSL386B.cal Data
   Length of dataset prior to removal 1228 long
Eliminate data between: [(54136035.,), (54234683.,)] (HHMMSSMSS)
   Remove HSL386B.cal Data
   Length of dataset prior to removal 1191 long
Eliminate data between: [(54520493.,), (54619149.,)] (HHMMSSMSS)
   Remove HSL386B.cal Data
   Length of dataset prior to removal 1154 long
Eliminate data between: [(54816462.,), (54915111.,)] (HHMMSSMSS)
   Remove HSL386B.cal Data
   Length of dataset prior to removal 1118 long
Data end   1080 long, a loss of 46%
Eliminate data between: [(51104191.,), (51114391.,)] (HHMMSSMSS)
   Remove SATNAV0001A.tdf Data
   Length of dataset prior to removal 1783 long
Eliminate data between: [(50007189.,), (50105875.,)] (HHMMSSMSS)
   Remove SATNAV0001A.tdf Data
   Length of dataset prior to removal 1777 long
Eliminate data between: [(50124000.,), (50222668.,)] (HHMMSSMSS)
   Remove SATNAV0001A.tdf Data
   Length of dataset prior to removal 1747 long
Eliminate data between: [(50236840.,), (50335492.,)] (HHMMSSMSS)
   Remove SATNAV0001A.tdf Data
   Length of dataset prior to removal 1717 long
Eliminate data between: [(50353623.,), (50452163.,)] (HHMMSSMSS)
   Remove SATNAV0001A.tdf Data
   Length of dataset prior to removal 1687 long
Eliminate data between: [(50810410.,), (50909081.,)] (HHMMSSMSS)
   Remove SATNAV0001A.tdf Data
   Length of dataset prior to removal 1657 long
Eliminate data between: [(50931239.,), (51029891.,)] (HHMMSSMSS)
   Remove SATNAV0001A.tdf Data
   Length of dataset prior to removal 1627 long
Eliminate data between: [(51124471.,), (51222985.,)] (HHMMSSMSS)
   Remove SATNAV0001A.tdf Data
   Length of dataset prior to removal 1597 long
Eliminate data between: [(51251315.,), (51349991.,)] (HHMMSSMSS)
   Remove SATNAV0001A.tdf Data
   Length of dataset prior to removal 1567 long
Eliminate data between: [(51653984.,), (51752658.,)] (HHMMSSMSS)
   Remove SATNAV0001A.tdf Data
   Length of dataset prior to removal 1537 long
Eliminate data between: [(51806712.,), (51905476.,)] (HHMMSSMSS)
   Remove SATNAV0001A.tdf Data
   Length of dataset prior to removal 1507 long
Eliminate data between: [(51921584.,), (52020237.,)] (HHMMSSMSS)
   Remove SATNAV0001A.tdf Data
   Length of dataset prior to removal 1477 long
Eliminate data between: [(52036319.,), (52134993.,)] (HHMMSSMSS)
   Remove SATNAV0001A.tdf Data
   Length of dataset prior to removal 1447 long
Eliminate data between: [(52221563.,), (52320212.,)] (HHMMSSMSS)
   Remove SATNAV0001A.tdf Data
   Length of dataset prior to removal 1417 long
Eliminate data between: [(52537672.,), (52636462.,)] (HHMMSSMSS)
   Remove SATNAV0001A.tdf Data
   Length of dataset prior to removal 1387 long
Eliminate data between: [(52700671.,), (52759307.,)] (HHMMSSMSS)
   Remove SATNAV0001A.tdf Data
   Length of dataset prior to removal 1357 long
Eliminate data between: [(52926263.,), (53024922.,)] (HHMMSSMSS)
   Remove SATNAV0001A.tdf Data
   Length of dataset prior to removal 1327 long
Eliminate data between: [(53133666.,), (53232226.,)] (HHMMSSMSS)
   Remove SATNAV0001A.tdf Data
   Length of dataset prior to removal 1297 long
Eliminate data between: [(53330909.,), (53429576.,)] (HHMMSSMSS)
   Remove SATNAV0001A.tdf Data
   Length of dataset prior to removal 1267 long
Eliminate data between: [(53606622.,), (53705162.,)] (HHMMSSMSS)
   Remove SATNAV0001A.tdf Data
   Length of dataset prior to removal 1237 long
Eliminate data between: [(53739552.,), (53838208.,)] (HHMMSSMSS)
   Remove SATNAV0001A.tdf Data
   Length of dataset prior to removal 1207 long
Eliminate data between: [(53852388.,), (53951039.,)] (HHMMSSMSS)
   Remove SATNAV0001A.tdf Data
   Length of dataset prior to removal 1177 long
Eliminate data between: [(54005088.,), (54103744.,)] (HHMMSSMSS)
   Remove SATNAV0001A.tdf Data
   Length of dataset prior to removal 1147 long
Eliminate data between: [(54136035.,), (54234683.,)] (HHMMSSMSS)
   Remove SATNAV0001A.tdf Data
   Length of dataset prior to removal 1117 long
Eliminate data between: [(54520493.,), (54619149.,)] (HHMMSSMSS)
   Remove SATNAV0001A.tdf Data
   Length of dataset prior to removal 1087 long
Eliminate data between: [(54816462.,), (54915111.,)] (HHMMSSMSS)
   Remove SATNAV0001A.tdf Data
   Length of dataset prior to removal 1057 long
Data end   1027 long, a loss of 42%
Eliminate data between: [(51104191.,), (51114391.,)] (HHMMSSMSS)
   Remove SATPYR.tdf Data
   Length of dataset prior to removal 285 long
Eliminate data between: [(50007189.,), (50105875.,)] (HHMMSSMSS)
   Remove SATPYR.tdf Data
   Length of dataset prior to removal 285 long
Eliminate data between: [(50124000.,), (50222668.,)] (HHMMSSMSS)
   Remove SATPYR.tdf Data
   Length of dataset prior to removal 280 long
Eliminate data between: [(50236840.,), (50335492.,)] (HHMMSSMSS)
   Remove SATPYR.tdf Data
   Length of dataset prior to removal 275 long
Eliminate data between: [(50353623.,), (50452163.,)] (HHMMSSMSS)
   Remove SATPYR.tdf Data
   Length of dataset prior to removal 270 long
Eliminate data between: [(50810410.,), (50909081.,)] (HHMMSSMSS)
   Remove SATPYR.tdf Data
   Length of dataset prior to removal 265 long
Eliminate data between: [(50931239.,), (51029891.,)] (HHMMSSMSS)
   Remove SATPYR.tdf Data
   Length of dataset prior to removal 260 long
Eliminate data between: [(51124471.,), (51222985.,)] (HHMMSSMSS)
   Remove SATPYR.tdf Data
   Length of dataset prior to removal 255 long
Eliminate data between: [(51251315.,), (51349991.,)] (HHMMSSMSS)
   Remove SATPYR.tdf Data
   Length of dataset prior to removal 250 long
Eliminate data between: [(51653984.,), (51752658.,)] (HHMMSSMSS)
   Remove SATPYR.tdf Data
   Length of dataset prior to removal 245 long
Eliminate data between: [(51806712.,), (51905476.,)] (HHMMSSMSS)
   Remove SATPYR.tdf Data
   Length of dataset prior to removal 240 long
Eliminate data between: [(51921584.,), (52020237.,)] (HHMMSSMSS)
   Remove SATPYR.tdf Data
   Length of dataset prior to removal 240 long
Eliminate data between: [(52036319.,), (52134993.,)] (HHMMSSMSS)
   Remove SATPYR.tdf Data
   Length of dataset prior to removal 235 long
Eliminate data between: [(52221563.,), (52320212.,)] (HHMMSSMSS)
   Remove SATPYR.tdf Data
   Length of dataset prior to removal 230 long
Eliminate data between: [(52537672.,), (52636462.,)] (HHMMSSMSS)
   Remove SATPYR.tdf Data
   Length of dataset prior to removal 225 long
Eliminate data between: [(52700671.,), (52759307.,)] (HHMMSSMSS)
   Remove SATPYR.tdf Data
   Length of dataset prior to removal 220 long
Eliminate data between: [(52926263.,), (53024922.,)] (HHMMSSMSS)
   Remove SATPYR.tdf Data
   Length of dataset prior to removal 215 long
Eliminate data between: [(53133666.,), (53232226.,)] (HHMMSSMSS)
   Remove SATPYR.tdf Data
   Length of dataset prior to removal 210 long
Eliminate data between: [(53330909.,), (53429576.,)] (HHMMSSMSS)
   Remove SATPYR.tdf Data
   Length of dataset prior to removal 205 long
Eliminate data between: [(53606622.,), (53705162.,)] (HHMMSSMSS)
   Remove SATPYR.tdf Data
   Length of dataset prior to removal 200 long
Eliminate data between: [(53739552.,), (53838208.,)] (HHMMSSMSS)
   Remove SATPYR.tdf Data
   Length of dataset prior to removal 195 long
Eliminate data between: [(53852388.,), (53951039.,)] (HHMMSSMSS)
   Remove SATPYR.tdf Data
   Length of dataset prior to removal 190 long
Eliminate data between: [(54005088.,), (54103744.,)] (HHMMSSMSS)
   Remove SATPYR.tdf Data
   Length of dataset prior to removal 185 long
Eliminate data between: [(54136035.,), (54234683.,)] (HHMMSSMSS)
   Remove SATPYR.tdf Data
   Length of dataset prior to removal 180 long
Eliminate data between: [(54520493.,), (54619149.,)] (HHMMSSMSS)
   Remove SATPYR.tdf Data
   Length of dataset prior to removal 175 long
Eliminate data between: [(54816462.,), (54915111.,)] (HHMMSSMSS)
   Remove SATPYR.tdf Data
   Length of dataset prior to removal 170 long
Data end   165 long, a loss of 42%
LT has fewest records - interpolating to LT
Interpolate Data ES
Interpolate Data LI
Interpolate Data LT
Interpolate GPS Data
Interpolate SATNAV Data
L2s file produced: /Users/daurin/Projects_Supplemental/HyperPACE/Field_Data/Processed/KORUS/L2s/1614305_L2s.hdf
