ProcessL2s: /Users/daurin/Projects_Supplemental/HyperPACE/Field_Data/Processed/KORUS/L2/1614323_L2.hdf
Percentage of SATNAV data out of Solar Azimuth bounds: 100%
Filtering file for bad Absolute Rotator Angle
Percentage of SATNAV data out of Absolute Rotator bounds: 0%
Filtering file for Rotator Delay
   Flag data from TT2: (2.32438564e+08,) to (2.32537176e+08,)(HHMMSSMSS)
   Flag data from TT2: (2.32619553e+08,) to (2.32718115e+08,)(HHMMSSMSS)
   Flag data from TT2: (2.32736238e+08,) to (2.3283481e+08,)(HHMMSSMSS)
   Flag data from TT2: (2.33025919e+08,) to (2.33124362e+08,)(HHMMSSMSS)
   Flag data from TT2: (2.33421945e+08,) to (2.33520559e+08,)(HHMMSSMSS)
   Flag data from TT2: (2.33600884e+08,) to (2.33659447e+08,)(HHMMSSMSS)
Percentage of SATNAV data out of Rotator Delay bounds: 10%
Eliminate combined filtered data from datasets.__________________________________
Eliminate data between: [(2.32438564e+08,), (2.32537176e+08,)] (HHMMSSMSS)
   Remove GPS Data
   Length of dataset prior to removal 1784 long
Eliminate data between: [(2.32619553e+08,), (2.32718115e+08,)] (HHMMSSMSS)
   Length of dataset prior to removal 1755 long
Eliminate data between: [(2.32736238e+08,), (2.3283481e+08,)] (HHMMSSMSS)
   Length of dataset prior to removal 1726 long
Eliminate data between: [(2.33025919e+08,), (2.33124362e+08,)] (HHMMSSMSS)
   Length of dataset prior to removal 1697 long
Eliminate data between: [(2.33421945e+08,), (2.33520559e+08,)] (HHMMSSMSS)
   Length of dataset prior to removal 1668 long
Eliminate data between: [(2.33600884e+08,), (2.33659447e+08,)] (HHMMSSMSS)
   Length of dataset prior to removal 1639 long
Data end   1610 long, a loss of 10%
Eliminate data between: [(2.32438564e+08,), (2.32537176e+08,)] (HHMMSSMSS)
   Remove HSE488B.cal Data
   Length of dataset prior to removal 307 long
Eliminate data between: [(2.32619553e+08,), (2.32718115e+08,)] (HHMMSSMSS)
   Remove HSE488B.cal Data
   Length of dataset prior to removal 240 long
Eliminate data between: [(2.32736238e+08,), (2.3283481e+08,)] (HHMMSSMSS)
   Remove HSE488B.cal Data
   Length of dataset prior to removal 240 long
Eliminate data between: [(2.33025919e+08,), (2.33124362e+08,)] (HHMMSSMSS)
   Remove HSE488B.cal Data
   Length of dataset prior to removal 164 long
Eliminate data between: [(2.33421945e+08,), (2.33520559e+08,)] (HHMMSSMSS)
   Remove HSE488B.cal Data
   Length of dataset prior to removal 164 long
Eliminate data between: [(2.33600884e+08,), (2.33659447e+08,)] (HHMMSSMSS)
   Remove HSE488B.cal Data
   Length of dataset prior to removal 91 long
Data end   91 long, a loss of 70%
Eliminate data between: [(2.32438564e+08,), (2.32537176e+08,)] (HHMMSSMSS)
   Remove HSL385B.cal Data
   Length of dataset prior to removal 306 long
Eliminate data between: [(2.32619553e+08,), (2.32718115e+08,)] (HHMMSSMSS)
   Remove HSL385B.cal Data
   Length of dataset prior to removal 232 long
Eliminate data between: [(2.32736238e+08,), (2.3283481e+08,)] (HHMMSSMSS)
   Remove HSL385B.cal Data
   Length of dataset prior to removal 232 long
Eliminate data between: [(2.33025919e+08,), (2.33124362e+08,)] (HHMMSSMSS)
   Remove HSL385B.cal Data
   Length of dataset prior to removal 163 long
Eliminate data between: [(2.33421945e+08,), (2.33520559e+08,)] (HHMMSSMSS)
   Remove HSL385B.cal Data
   Length of dataset prior to removal 163 long
Eliminate data between: [(2.33600884e+08,), (2.33659447e+08,)] (HHMMSSMSS)
   Remove HSL385B.cal Data
   Length of dataset prior to removal 95 long
Data end   95 long, a loss of 69%
Eliminate data between: [(2.32438564e+08,), (2.32537176e+08,)] (HHMMSSMSS)
   Remove HSL386B.cal Data
   Length of dataset prior to removal 82 long
Eliminate data between: [(2.32619553e+08,), (2.32718115e+08,)] (HHMMSSMSS)
   Remove HSL386B.cal Data
   Length of dataset prior to removal 65 long
Eliminate data between: [(2.32736238e+08,), (2.3283481e+08,)] (HHMMSSMSS)
   Remove HSL386B.cal Data
   Length of dataset prior to removal 65 long
Eliminate data between: [(2.33025919e+08,), (2.33124362e+08,)] (HHMMSSMSS)
   Remove HSL386B.cal Data
   Length of dataset prior to removal 43 long
Eliminate data between: [(2.33421945e+08,), (2.33520559e+08,)] (HHMMSSMSS)
   Remove HSL386B.cal Data
   Length of dataset prior to removal 43 long
Eliminate data between: [(2.33600884e+08,), (2.33659447e+08,)] (HHMMSSMSS)
   Remove HSL386B.cal Data
   Length of dataset prior to removal 23 long
Data end   23 long, a loss of 72%
Eliminate data between: [(2.32438564e+08,), (2.32537176e+08,)] (HHMMSSMSS)
   Remove SATNAV0001A.tdf Data
   Length of dataset prior to removal 1784 long
Eliminate data between: [(2.32619553e+08,), (2.32718115e+08,)] (HHMMSSMSS)
   Remove SATNAV0001A.tdf Data
   Length of dataset prior to removal 1754 long
Eliminate data between: [(2.32736238e+08,), (2.3283481e+08,)] (HHMMSSMSS)
   Remove SATNAV0001A.tdf Data
   Length of dataset prior to removal 1724 long
Eliminate data between: [(2.33025919e+08,), (2.33124362e+08,)] (HHMMSSMSS)
   Remove SATNAV0001A.tdf Data
   Length of dataset prior to removal 1694 long
Eliminate data between: [(2.33421945e+08,), (2.33520559e+08,)] (HHMMSSMSS)
   Remove SATNAV0001A.tdf Data
   Length of dataset prior to removal 1664 long
Eliminate data between: [(2.33600884e+08,), (2.33659447e+08,)] (HHMMSSMSS)
   Remove SATNAV0001A.tdf Data
   Length of dataset prior to removal 1634 long
Data end   1604 long, a loss of 10%
Eliminate data between: [(2.32438564e+08,), (2.32537176e+08,)] (HHMMSSMSS)
   Remove SATPYR.tdf Data
   Length of dataset prior to removal 22 long
Eliminate data between: [(2.32619553e+08,), (2.32718115e+08,)] (HHMMSSMSS)
   Remove SATPYR.tdf Data
   Length of dataset prior to removal 17 long
Eliminate data between: [(2.32736238e+08,), (2.3283481e+08,)] (HHMMSSMSS)
   Remove SATPYR.tdf Data
   Length of dataset prior to removal 17 long
Eliminate data between: [(2.33025919e+08,), (2.33124362e+08,)] (HHMMSSMSS)
   Remove SATPYR.tdf Data
   Length of dataset prior to removal 12 long
Eliminate data between: [(2.33421945e+08,), (2.33520559e+08,)] (HHMMSSMSS)
   Remove SATPYR.tdf Data
   Length of dataset prior to removal 12 long
Eliminate data between: [(2.33600884e+08,), (2.33659447e+08,)] (HHMMSSMSS)
   Remove SATPYR.tdf Data
   Length of dataset prior to removal 7 long
Data end   7 long, a loss of 68%
LT has fewest records - interpolating to LT
Interpolate Data ES
Interpolate Data LI
Interpolate Data LT
Interpolate GPS Data
Interpolate SATNAV Data
L2s file produced: /Users/daurin/Projects_Supplemental/HyperPACE/Field_Data/Processed/KORUS/L2s/1614323_L2s.hdf
