ProcessL2s: /Users/daurin/Projects_Supplemental/HyperPACE/Field_Data/Processed/KORUS/L2/1614302_L2.hdf
   Flag data from TT2: (20821281.,) to (22335403.,)(HHMMSSMSS)
   Flag data from TT2: (22613018.,) to (22840456.,)(HHMMSSMSS)
   Flag data from TT2: (22934938.,) to (22934938.,)(HHMMSSMSS)
   Flag data from TT2: (22945019.,) to (22945019.,)(HHMMSSMSS)
   Flag data from TT2: (22951139.,) to (22951139.,)(HHMMSSMSS)
   Flag data from TT2: (22955099.,) to (23142006.,)(HHMMSSMSS)
   Flag data from TT2: (23146091.,) to (23152098.,)(HHMMSSMSS)
   Flag data from TT2: (23156185.,) to (23202192.,)(HHMMSSMSS)
   Flag data from TT2: (23206276.,) to (23208318.,)(HHMMSSMSS)
   Flag data from TT2: (23511764.,) to (23943002.,)(HHMMSSMSS)
   Flag data from TT2: (24011203.,) to (24011203.,)(HHMMSSMSS)
   Flag data from TT2: (24015283.,) to (24015283.,)(HHMMSSMSS)
Percentage of SATNAV data out of Solar Azimuth bounds: 74%
Filtering file for bad Absolute Rotator Angle
   Flag data from TT2: (20829321.,) to (20946105.,)(HHMMSSMSS)
   Flag data from TT2: (22735862.,) to (22916818.,)(HHMMSSMSS)
   Flag data from TT2: (23519924.,) to (24019243.,)(HHMMSSMSS)
Percentage of SATNAV data out of Absolute Rotator bounds: 13%
Filtering file for Rotator Delay
   Flag data from TT2: (20829321.,) to (20927982.,)(HHMMSSMSS)
   Flag data from TT2: (20948146.,) to (21046878.,)(HHMMSSMSS)
   Flag data from TT2: (21127210.,) to (21225652.,)(HHMMSSMSS)
   Flag data from TT2: (22347522.,) to (22446155.,)(HHMMSSMSS)
   Flag data from TT2: (22504277.,) to (22602936.,)(HHMMSSMSS)
   Flag data from TT2: (22621058.,) to (22719659.,)(HHMMSSMSS)
   Flag data from TT2: (22735862.,) to (22834452.,)(HHMMSSMSS)
   Flag data from TT2: (22918858.,) to (23017299.,)(HHMMSSMSS)
   Flag data from TT2: (23519924.,) to (23618610.,)(HHMMSSMSS)
   Flag data from TT2: (24021282.,) to (24119844.,)(HHMMSSMSS)
Percentage of SATNAV data out of Rotator Delay bounds: 17%
Eliminate combined filtered data from datasets.__________________________________
Eliminate data between: [(20821281.,), (22335403.,)] (HHMMSSMSS)
   Remove GPS Data
   Length of dataset prior to removal 1786 long
Eliminate data between: [(22613018.,), (22840456.,)] (HHMMSSMSS)
   Length of dataset prior to removal 1332 long
Eliminate data between: [(22934938.,), (22934938.,)] (HHMMSSMSS)
   Length of dataset prior to removal 1259 long
Eliminate data between: [(22945019.,), (22945019.,)] (HHMMSSMSS)
   Length of dataset prior to removal 1259 long
Eliminate data between: [(22951139.,), (22951139.,)] (HHMMSSMSS)
   Length of dataset prior to removal 1259 long
Eliminate data between: [(22955099.,), (23142006.,)] (HHMMSSMSS)
   Length of dataset prior to removal 1259 long
Eliminate data between: [(23146091.,), (23152098.,)] (HHMMSSMSS)
   Length of dataset prior to removal 1206 long
Eliminate data between: [(23156185.,), (23202192.,)] (HHMMSSMSS)
   Length of dataset prior to removal 1203 long
Eliminate data between: [(23206276.,), (23208318.,)] (HHMMSSMSS)
   Length of dataset prior to removal 1200 long
Eliminate data between: [(23511764.,), (23943002.,)] (HHMMSSMSS)
   Length of dataset prior to removal 1199 long
Eliminate data between: [(24011203.,), (24011203.,)] (HHMMSSMSS)
   Length of dataset prior to removal 1065 long
Eliminate data between: [(24015283.,), (24015283.,)] (HHMMSSMSS)
   Length of dataset prior to removal 1065 long
Eliminate data between: [(20829321.,), (20946105.,)] (HHMMSSMSS)
   Length of dataset prior to removal 1065 long
Eliminate data between: [(22735862.,), (22916818.,)] (HHMMSSMSS)
   Length of dataset prior to removal 1065 long
Eliminate data between: [(23519924.,), (24019243.,)] (HHMMSSMSS)
   Length of dataset prior to removal 1047 long
Eliminate data between: [(20829321.,), (20927982.,)] (HHMMSSMSS)
   Length of dataset prior to removal 1029 long
Eliminate data between: [(20948146.,), (21046878.,)] (HHMMSSMSS)
   Length of dataset prior to removal 1029 long
Eliminate data between: [(21127210.,), (21225652.,)] (HHMMSSMSS)
   Length of dataset prior to removal 1029 long
Eliminate data between: [(22347522.,), (22446155.,)] (HHMMSSMSS)
   Length of dataset prior to removal 1029 long
Eliminate data between: [(22504277.,), (22602936.,)] (HHMMSSMSS)
   Length of dataset prior to removal 1000 long
Eliminate data between: [(22621058.,), (22719659.,)] (HHMMSSMSS)
   Length of dataset prior to removal 971 long
Eliminate data between: [(22735862.,), (22834452.,)] (HHMMSSMSS)
   Length of dataset prior to removal 971 long
Eliminate data between: [(22918858.,), (23017299.,)] (HHMMSSMSS)
   Length of dataset prior to removal 971 long
Eliminate data between: [(23519924.,), (23618610.,)] (HHMMSSMSS)
   Length of dataset prior to removal 953 long
Eliminate data between: [(24021282.,), (24119844.,)] (HHMMSSMSS)
   Length of dataset prior to removal 953 long
Data end   924 long, a loss of 48%
Eliminate data between: [(20821281.,), (22335403.,)] (HHMMSSMSS)
   Remove HSE488B.cal Data
   Length of dataset prior to removal 748 long
Eliminate data between: [(22613018.,), (22840456.,)] (HHMMSSMSS)
   Remove HSE488B.cal Data
   Length of dataset prior to removal 606 long
Eliminate data between: [(22934938.,), (22934938.,)] (HHMMSSMSS)
   Remove HSE488B.cal Data
   Length of dataset prior to removal 459 long
Eliminate data between: [(22945019.,), (22945019.,)] (HHMMSSMSS)
   Remove HSE488B.cal Data
   Length of dataset prior to removal 459 long
Eliminate data between: [(22951139.,), (22951139.,)] (HHMMSSMSS)
   Remove HSE488B.cal Data
   Length of dataset prior to removal 459 long
Eliminate data between: [(22955099.,), (23142006.,)] (HHMMSSMSS)
   Remove HSE488B.cal Data
   Length of dataset prior to removal 459 long
Eliminate data between: [(23146091.,), (23152098.,)] (HHMMSSMSS)
   Remove HSE488B.cal Data
   Length of dataset prior to removal 459 long
Eliminate data between: [(23156185.,), (23202192.,)] (HHMMSSMSS)
   Remove HSE488B.cal Data
   Length of dataset prior to removal 459 long
Eliminate data between: [(23206276.,), (23208318.,)] (HHMMSSMSS)
   Remove HSE488B.cal Data
   Length of dataset prior to removal 459 long
Eliminate data between: [(23511764.,), (23943002.,)] (HHMMSSMSS)
   Remove HSE488B.cal Data
   Length of dataset prior to removal 459 long
Eliminate data between: [(24011203.,), (24011203.,)] (HHMMSSMSS)
   Remove HSE488B.cal Data
   Length of dataset prior to removal 133 long
Eliminate data between: [(24015283.,), (24015283.,)] (HHMMSSMSS)
   Remove HSE488B.cal Data
   Length of dataset prior to removal 133 long
Eliminate data between: [(20829321.,), (20946105.,)] (HHMMSSMSS)
   Remove HSE488B.cal Data
   Length of dataset prior to removal 133 long
Eliminate data between: [(22735862.,), (22916818.,)] (HHMMSSMSS)
   Remove HSE488B.cal Data
   Length of dataset prior to removal 133 long
Eliminate data between: [(23519924.,), (24019243.,)] (HHMMSSMSS)
   Remove HSE488B.cal Data
   Length of dataset prior to removal 133 long
Eliminate data between: [(20829321.,), (20927982.,)] (HHMMSSMSS)
   Remove HSE488B.cal Data
   Length of dataset prior to removal 133 long
Eliminate data between: [(20948146.,), (21046878.,)] (HHMMSSMSS)
   Remove HSE488B.cal Data
   Length of dataset prior to removal 133 long
Eliminate data between: [(21127210.,), (21225652.,)] (HHMMSSMSS)
   Remove HSE488B.cal Data
   Length of dataset prior to removal 133 long
Eliminate data between: [(22347522.,), (22446155.,)] (HHMMSSMSS)
   Remove HSE488B.cal Data
   Length of dataset prior to removal 133 long
Eliminate data between: [(22504277.,), (22602936.,)] (HHMMSSMSS)
   Remove HSE488B.cal Data
   Length of dataset prior to removal 69 long
Eliminate data between: [(22621058.,), (22719659.,)] (HHMMSSMSS)
   Remove HSE488B.cal Data
   Length of dataset prior to removal 0 long
Eliminate data between: [(22735862.,), (22834452.,)] (HHMMSSMSS)
   Remove HSE488B.cal Data
   Length of dataset prior to removal 0 long
Eliminate data between: [(22918858.,), (23017299.,)] (HHMMSSMSS)
   Remove HSE488B.cal Data
   Length of dataset prior to removal 0 long
Eliminate data between: [(23519924.,), (23618610.,)] (HHMMSSMSS)
   Remove HSE488B.cal Data
   Length of dataset prior to removal 0 long
Eliminate data between: [(24021282.,), (24119844.,)] (HHMMSSMSS)
   Remove HSE488B.cal Data
   Length of dataset prior to removal 0 long
Data end   0 long, a loss of 100%
Eliminate data between: [(20821281.,), (22335403.,)] (HHMMSSMSS)
   Remove HSL385B.cal Data
   Length of dataset prior to removal 793 long
Eliminate data between: [(22613018.,), (22840456.,)] (HHMMSSMSS)
   Remove HSL385B.cal Data
   Length of dataset prior to removal 653 long
Eliminate data between: [(22934938.,), (22934938.,)] (HHMMSSMSS)
   Remove HSL385B.cal Data
   Length of dataset prior to removal 496 long
Eliminate data between: [(22945019.,), (22945019.,)] (HHMMSSMSS)
   Remove HSL385B.cal Data
   Length of dataset prior to removal 496 long
Eliminate data between: [(22951139.,), (22951139.,)] (HHMMSSMSS)
   Remove HSL385B.cal Data
   Length of dataset prior to removal 496 long
Eliminate data between: [(22955099.,), (23142006.,)] (HHMMSSMSS)
   Remove HSL385B.cal Data
   Length of dataset prior to removal 496 long
Eliminate data between: [(23146091.,), (23152098.,)] (HHMMSSMSS)
   Remove HSL385B.cal Data
   Length of dataset prior to removal 496 long
Eliminate data between: [(23156185.,), (23202192.,)] (HHMMSSMSS)
   Remove HSL385B.cal Data
   Length of dataset prior to removal 496 long
Eliminate data between: [(23206276.,), (23208318.,)] (HHMMSSMSS)
   Remove HSL385B.cal Data
   Length of dataset prior to removal 496 long
Eliminate data between: [(23511764.,), (23943002.,)] (HHMMSSMSS)
   Remove HSL385B.cal Data
   Length of dataset prior to removal 496 long
Eliminate data between: [(24011203.,), (24011203.,)] (HHMMSSMSS)
   Remove HSL385B.cal Data
   Length of dataset prior to removal 148 long
Eliminate data between: [(24015283.,), (24015283.,)] (HHMMSSMSS)
   Remove HSL385B.cal Data
   Length of dataset prior to removal 148 long
Eliminate data between: [(20829321.,), (20946105.,)] (HHMMSSMSS)
   Remove HSL385B.cal Data
   Length of dataset prior to removal 148 long
Eliminate data between: [(22735862.,), (22916818.,)] (HHMMSSMSS)
   Remove HSL385B.cal Data
   Length of dataset prior to removal 148 long
Eliminate data between: [(23519924.,), (24019243.,)] (HHMMSSMSS)
   Remove HSL385B.cal Data
   Length of dataset prior to removal 148 long
Eliminate data between: [(20829321.,), (20927982.,)] (HHMMSSMSS)
   Remove HSL385B.cal Data
   Length of dataset prior to removal 148 long
Eliminate data between: [(20948146.,), (21046878.,)] (HHMMSSMSS)
   Remove HSL385B.cal Data
   Length of dataset prior to removal 148 long
Eliminate data between: [(21127210.,), (21225652.,)] (HHMMSSMSS)
   Remove HSL385B.cal Data
   Length of dataset prior to removal 148 long
Eliminate data between: [(22347522.,), (22446155.,)] (HHMMSSMSS)
   Remove HSL385B.cal Data
   Length of dataset prior to removal 148 long
Eliminate data between: [(22504277.,), (22602936.,)] (HHMMSSMSS)
   Remove HSL385B.cal Data
   Length of dataset prior to removal 74 long
Eliminate data between: [(22621058.,), (22719659.,)] (HHMMSSMSS)
   Remove HSL385B.cal Data
   Length of dataset prior to removal 0 long
Eliminate data between: [(22735862.,), (22834452.,)] (HHMMSSMSS)
   Remove HSL385B.cal Data
   Length of dataset prior to removal 0 long
Eliminate data between: [(22918858.,), (23017299.,)] (HHMMSSMSS)
   Remove HSL385B.cal Data
   Length of dataset prior to removal 0 long
Eliminate data between: [(23519924.,), (23618610.,)] (HHMMSSMSS)
   Remove HSL385B.cal Data
   Length of dataset prior to removal 0 long
Eliminate data between: [(24021282.,), (24119844.,)] (HHMMSSMSS)
   Remove HSL385B.cal Data
   Length of dataset prior to removal 0 long
Data end   0 long, a loss of 100%
Eliminate data between: [(20821281.,), (22335403.,)] (HHMMSSMSS)
   Remove HSL386B.cal Data
   Length of dataset prior to removal 561 long
Eliminate data between: [(22613018.,), (22840456.,)] (HHMMSSMSS)
   Remove HSL386B.cal Data
   Length of dataset prior to removal 447 long
Eliminate data between: [(22934938.,), (22934938.,)] (HHMMSSMSS)
   Remove HSL386B.cal Data
   Length of dataset prior to removal 350 long
Eliminate data between: [(22945019.,), (22945019.,)] (HHMMSSMSS)
   Remove HSL386B.cal Data
   Length of dataset prior to removal 350 long
Eliminate data between: [(22951139.,), (22951139.,)] (HHMMSSMSS)
   Remove HSL386B.cal Data
   Length of dataset prior to removal 350 long
Eliminate data between: [(22955099.,), (23142006.,)] (HHMMSSMSS)
   Remove HSL386B.cal Data
   Length of dataset prior to removal 350 long
Eliminate data between: [(23146091.,), (23152098.,)] (HHMMSSMSS)
   Remove HSL386B.cal Data
   Length of dataset prior to removal 350 long
Eliminate data between: [(23156185.,), (23202192.,)] (HHMMSSMSS)
   Remove HSL386B.cal Data
   Length of dataset prior to removal 350 long
Eliminate data between: [(23206276.,), (23208318.,)] (HHMMSSMSS)
   Remove HSL386B.cal Data
   Length of dataset prior to removal 350 long
Eliminate data between: [(23511764.,), (23943002.,)] (HHMMSSMSS)
   Remove HSL386B.cal Data
   Length of dataset prior to removal 350 long
Eliminate data between: [(24011203.,), (24011203.,)] (HHMMSSMSS)
   Remove HSL386B.cal Data
   Length of dataset prior to removal 69 long
Eliminate data between: [(24015283.,), (24015283.,)] (HHMMSSMSS)
   Remove HSL386B.cal Data
   Length of dataset prior to removal 69 long
Eliminate data between: [(20829321.,), (20946105.,)] (HHMMSSMSS)
   Remove HSL386B.cal Data
   Length of dataset prior to removal 69 long
Eliminate data between: [(22735862.,), (22916818.,)] (HHMMSSMSS)
   Remove HSL386B.cal Data
   Length of dataset prior to removal 69 long
Eliminate data between: [(23519924.,), (24019243.,)] (HHMMSSMSS)
   Remove HSL386B.cal Data
   Length of dataset prior to removal 69 long
Eliminate data between: [(20829321.,), (20927982.,)] (HHMMSSMSS)
   Remove HSL386B.cal Data
   Length of dataset prior to removal 69 long
Eliminate data between: [(20948146.,), (21046878.,)] (HHMMSSMSS)
   Remove HSL386B.cal Data
   Length of dataset prior to removal 69 long
Eliminate data between: [(21127210.,), (21225652.,)] (HHMMSSMSS)
   Remove HSL386B.cal Data
   Length of dataset prior to removal 69 long
Eliminate data between: [(22347522.,), (22446155.,)] (HHMMSSMSS)
   Remove HSL386B.cal Data
   Length of dataset prior to removal 69 long
Eliminate data between: [(22504277.,), (22602936.,)] (HHMMSSMSS)
   Remove HSL386B.cal Data
   Length of dataset prior to removal 34 long
Eliminate data between: [(22621058.,), (22719659.,)] (HHMMSSMSS)
   Remove HSL386B.cal Data
   Length of dataset prior to removal 0 long
Eliminate data between: [(22735862.,), (22834452.,)] (HHMMSSMSS)
   Remove HSL386B.cal Data
   Length of dataset prior to removal 0 long
Eliminate data between: [(22918858.,), (23017299.,)] (HHMMSSMSS)
   Remove HSL386B.cal Data
   Length of dataset prior to removal 0 long
Eliminate data between: [(23519924.,), (23618610.,)] (HHMMSSMSS)
   Remove HSL386B.cal Data
   Length of dataset prior to removal 0 long
Eliminate data between: [(24021282.,), (24119844.,)] (HHMMSSMSS)
   Remove HSL386B.cal Data
   Length of dataset prior to removal 0 long
Data end   0 long, a loss of 100%
Eliminate data between: [(20821281.,), (22335403.,)] (HHMMSSMSS)
   Remove SATNAV0001A.tdf Data
   Length of dataset prior to removal 1784 long
Eliminate data between: [(22613018.,), (22840456.,)] (HHMMSSMSS)
   Remove SATNAV0001A.tdf Data
   Length of dataset prior to removal 1330 long
Eliminate data between: [(22934938.,), (22934938.,)] (HHMMSSMSS)
   Remove SATNAV0001A.tdf Data
   Length of dataset prior to removal 1256 long
Eliminate data between: [(22945019.,), (22945019.,)] (HHMMSSMSS)
   Remove SATNAV0001A.tdf Data
   Length of dataset prior to removal 1255 long
Eliminate data between: [(22951139.,), (22951139.,)] (HHMMSSMSS)
   Remove SATNAV0001A.tdf Data
   Length of dataset prior to removal 1254 long
Eliminate data between: [(22955099.,), (23142006.,)] (HHMMSSMSS)
   Remove SATNAV0001A.tdf Data
   Length of dataset prior to removal 1253 long
Eliminate data between: [(23146091.,), (23152098.,)] (HHMMSSMSS)
   Remove SATNAV0001A.tdf Data
   Length of dataset prior to removal 1199 long
Eliminate data between: [(23156185.,), (23202192.,)] (HHMMSSMSS)
   Remove SATNAV0001A.tdf Data
   Length of dataset prior to removal 1195 long
Eliminate data between: [(23206276.,), (23208318.,)] (HHMMSSMSS)
   Remove SATNAV0001A.tdf Data
   Length of dataset prior to removal 1191 long
Eliminate data between: [(23511764.,), (23943002.,)] (HHMMSSMSS)
   Remove SATNAV0001A.tdf Data
   Length of dataset prior to removal 1189 long
Eliminate data between: [(24011203.,), (24011203.,)] (HHMMSSMSS)
   Remove SATNAV0001A.tdf Data
   Length of dataset prior to removal 1054 long
Eliminate data between: [(24015283.,), (24015283.,)] (HHMMSSMSS)
   Remove SATNAV0001A.tdf Data
   Length of dataset prior to removal 1053 long
Eliminate data between: [(20829321.,), (20946105.,)] (HHMMSSMSS)
   Remove SATNAV0001A.tdf Data
   Length of dataset prior to removal 1052 long
Eliminate data between: [(22735862.,), (22916818.,)] (HHMMSSMSS)
   Remove SATNAV0001A.tdf Data
   Length of dataset prior to removal 1052 long
Eliminate data between: [(23519924.,), (24019243.,)] (HHMMSSMSS)
   Remove SATNAV0001A.tdf Data
   Length of dataset prior to removal 1034 long
Eliminate data between: [(20829321.,), (20927982.,)] (HHMMSSMSS)
   Remove SATNAV0001A.tdf Data
   Length of dataset prior to removal 1018 long
Eliminate data between: [(20948146.,), (21046878.,)] (HHMMSSMSS)
   Remove SATNAV0001A.tdf Data
   Length of dataset prior to removal 1018 long
Eliminate data between: [(21127210.,), (21225652.,)] (HHMMSSMSS)
   Remove SATNAV0001A.tdf Data
   Length of dataset prior to removal 1018 long
Eliminate data between: [(22347522.,), (22446155.,)] (HHMMSSMSS)
   Remove SATNAV0001A.tdf Data
   Length of dataset prior to removal 1018 long
Eliminate data between: [(22504277.,), (22602936.,)] (HHMMSSMSS)
   Remove SATNAV0001A.tdf Data
   Length of dataset prior to removal 988 long
Eliminate data between: [(22621058.,), (22719659.,)] (HHMMSSMSS)
   Remove SATNAV0001A.tdf Data
   Length of dataset prior to removal 958 long
Eliminate data between: [(22735862.,), (22834452.,)] (HHMMSSMSS)
   Remove SATNAV0001A.tdf Data
   Length of dataset prior to removal 958 long
Eliminate data between: [(22918858.,), (23017299.,)] (HHMMSSMSS)
   Remove SATNAV0001A.tdf Data
   Length of dataset prior to removal 958 long
Eliminate data between: [(23519924.,), (23618610.,)] (HHMMSSMSS)
   Remove SATNAV0001A.tdf Data
   Length of dataset prior to removal 943 long
Eliminate data between: [(24021282.,), (24119844.,)] (HHMMSSMSS)
   Remove SATNAV0001A.tdf Data
   Length of dataset prior to removal 943 long
Data end   913 long, a loss of 49%
Eliminate data between: [(20821281.,), (22335403.,)] (HHMMSSMSS)
   Remove SATPYR.tdf Data
   Length of dataset prior to removal 49 long
Eliminate data between: [(22613018.,), (22840456.,)] (HHMMSSMSS)
   Remove SATPYR.tdf Data
   Length of dataset prior to removal 39 long
Eliminate data between: [(22934938.,), (22934938.,)] (HHMMSSMSS)
   Remove SATPYR.tdf Data
   Length of dataset prior to removal 34 long
Eliminate data between: [(22945019.,), (22945019.,)] (HHMMSSMSS)
   Remove SATPYR.tdf Data
   Length of dataset prior to removal 34 long
Eliminate data between: [(22951139.,), (22951139.,)] (HHMMSSMSS)
   Remove SATPYR.tdf Data
   Length of dataset prior to removal 34 long
Eliminate data between: [(22955099.,), (23142006.,)] (HHMMSSMSS)
   Remove SATPYR.tdf Data
   Length of dataset prior to removal 34 long
Eliminate data between: [(23146091.,), (23152098.,)] (HHMMSSMSS)
   Remove SATPYR.tdf Data
   Length of dataset prior to removal 34 long
Eliminate data between: [(23156185.,), (23202192.,)] (HHMMSSMSS)
   Remove SATPYR.tdf Data
   Length of dataset prior to removal 34 long
Eliminate data between: [(23206276.,), (23208318.,)] (HHMMSSMSS)
   Remove SATPYR.tdf Data
   Length of dataset prior to removal 34 long
Eliminate data between: [(23511764.,), (23943002.,)] (HHMMSSMSS)
   Remove SATPYR.tdf Data
   Length of dataset prior to removal 34 long
Eliminate data between: [(24011203.,), (24011203.,)] (HHMMSSMSS)
   Remove SATPYR.tdf Data
   Length of dataset prior to removal 10 long
Eliminate data between: [(24015283.,), (24015283.,)] (HHMMSSMSS)
   Remove SATPYR.tdf Data
   Length of dataset prior to removal 10 long
Eliminate data between: [(20829321.,), (20946105.,)] (HHMMSSMSS)
   Remove SATPYR.tdf Data
   Length of dataset prior to removal 10 long
Eliminate data between: [(22735862.,), (22916818.,)] (HHMMSSMSS)
   Remove SATPYR.tdf Data
   Length of dataset prior to removal 10 long
Eliminate data between: [(23519924.,), (24019243.,)] (HHMMSSMSS)
   Remove SATPYR.tdf Data
   Length of dataset prior to removal 10 long
Eliminate data between: [(20829321.,), (20927982.,)] (HHMMSSMSS)
   Remove SATPYR.tdf Data
   Length of dataset prior to removal 10 long
Eliminate data between: [(20948146.,), (21046878.,)] (HHMMSSMSS)
   Remove SATPYR.tdf Data
   Length of dataset prior to removal 10 long
Eliminate data between: [(21127210.,), (21225652.,)] (HHMMSSMSS)
   Remove SATPYR.tdf Data
   Length of dataset prior to removal 10 long
Eliminate data between: [(22347522.,), (22446155.,)] (HHMMSSMSS)
   Remove SATPYR.tdf Data
   Length of dataset prior to removal 10 long
Eliminate data between: [(22504277.,), (22602936.,)] (HHMMSSMSS)
   Remove SATPYR.tdf Data
   Length of dataset prior to removal 5 long
Eliminate data between: [(22621058.,), (22719659.,)] (HHMMSSMSS)
   Remove SATPYR.tdf Data
   Length of dataset prior to removal 0 long
Eliminate data between: [(22735862.,), (22834452.,)] (HHMMSSMSS)
   Remove SATPYR.tdf Data
   Length of dataset prior to removal 0 long
Eliminate data between: [(22918858.,), (23017299.,)] (HHMMSSMSS)
   Remove SATPYR.tdf Data
   Length of dataset prior to removal 0 long
Eliminate data between: [(23519924.,), (23618610.,)] (HHMMSSMSS)
   Remove SATPYR.tdf Data
   Length of dataset prior to removal 0 long
Eliminate data between: [(24021282.,), (24119844.,)] (HHMMSSMSS)
   Remove SATPYR.tdf Data
   Length of dataset prior to removal 0 long
Data end   0 long, a loss of 100%
L2 processing failed. Nothing to output.
