ProcessL2s: /Users/daurin/Projects_Supplemental/HyperPACE/Field_Data/Processed/KORUS/L2/1615800_L2.hdf
Percentage of SATNAV data out of Solar Azimuth bounds: 100%
Filtering file for bad Absolute Rotator Angle
Percentage of SATNAV data out of Absolute Rotator bounds: 0%
Filtering file for Rotator Delay
   Flag data from TT2: (154037.,) to (252614.,)(HHMMSSMSS)
Percentage of SATNAV data out of Rotator Delay bounds: 4%
Eliminate combined filtered data from datasets.__________________________________
Eliminate data between: [(154037.,), (252614.,)] (HHMMSSMSS)
   Remove GPS Data
   Length of dataset prior to removal 767 long
Data end   739 long, a loss of 4%
Eliminate data between: [(154037.,), (252614.,)] (HHMMSSMSS)
   Remove HSE488B.cal Data
   Length of dataset prior to removal 2090 long
Data end   2034 long, a loss of 3%
Eliminate data between: [(154037.,), (252614.,)] (HHMMSSMSS)
   Remove HSL385B.cal Data
   Length of dataset prior to removal 1684 long
Data end   1603 long, a loss of 5%
Eliminate data between: [(154037.,), (252614.,)] (HHMMSSMSS)
   Remove HSL386B.cal Data
   Length of dataset prior to removal 549 long
Data end   528 long, a loss of 4%
Eliminate data between: [(154037.,), (252614.,)] (HHMMSSMSS)
   Remove SATNAV0001A.tdf Data
   Length of dataset prior to removal 767 long
Data end   737 long, a loss of 4%
Eliminate data between: [(154037.,), (252614.,)] (HHMMSSMSS)
   Remove SATPYR.tdf Data
   Length of dataset prior to removal 145 long
Data end   140 long, a loss of 3%
LT has fewest records - interpolating to LT
Interpolate Data ES
Interpolate Data LI
Interpolate Data LT
Interpolate GPS Data
Interpolate SATNAV Data
L2s file produced: /Users/daurin/Projects_Supplemental/HyperPACE/Field_Data/Processed/KORUS/L2s/1615800_L2s.hdf
